[2025-02-14T23:36:45.570+0000] {processor.py:186} INFO - Started process (PID=74) to work on /home/airflow/.local/lib/python3.12/site-packages/airflow/example_dags/example_nested_branch_dag.py
[2025-02-14T23:36:45.571+0000] {processor.py:914} INFO - Processing file /home/airflow/.local/lib/python3.12/site-packages/airflow/example_dags/example_nested_branch_dag.py for tasks to queue
[2025-02-14T23:36:45.575+0000] {logging_mixin.py:190} INFO - [2025-02-14T23:36:45.574+0000] {dagbag.py:588} INFO - Filling up the DagBag from /home/airflow/.local/lib/python3.12/site-packages/airflow/example_dags/example_nested_branch_dag.py
[2025-02-14T23:36:45.585+0000] {processor.py:925} INFO - DAG(s) 'example_nested_branch_dag' retrieved from /home/airflow/.local/lib/python3.12/site-packages/airflow/example_dags/example_nested_branch_dag.py
[2025-02-14T23:36:45.610+0000] {logging_mixin.py:190} INFO - [2025-02-14T23:36:45.610+0000] {dag.py:3239} INFO - Sync 1 DAGs
[2025-02-14T23:36:45.630+0000] {logging_mixin.py:190} INFO - [2025-02-14T23:36:45.630+0000] {dag.py:4180} INFO - Setting next_dagrun for example_nested_branch_dag to 2025-02-13 00:00:00+00:00, run_after=2025-02-14 00:00:00+00:00
[2025-02-14T23:36:45.646+0000] {processor.py:208} INFO - Processing /home/airflow/.local/lib/python3.12/site-packages/airflow/example_dags/example_nested_branch_dag.py took 0.098 seconds
[2025-02-14T23:37:16.284+0000] {processor.py:186} INFO - Started process (PID=137) to work on /home/airflow/.local/lib/python3.12/site-packages/airflow/example_dags/example_nested_branch_dag.py
[2025-02-14T23:37:16.285+0000] {processor.py:914} INFO - Processing file /home/airflow/.local/lib/python3.12/site-packages/airflow/example_dags/example_nested_branch_dag.py for tasks to queue
[2025-02-14T23:37:16.286+0000] {logging_mixin.py:190} INFO - [2025-02-14T23:37:16.286+0000] {dagbag.py:588} INFO - Filling up the DagBag from /home/airflow/.local/lib/python3.12/site-packages/airflow/example_dags/example_nested_branch_dag.py
[2025-02-14T23:37:16.294+0000] {processor.py:925} INFO - DAG(s) 'example_nested_branch_dag' retrieved from /home/airflow/.local/lib/python3.12/site-packages/airflow/example_dags/example_nested_branch_dag.py
[2025-02-14T23:37:16.314+0000] {logging_mixin.py:190} INFO - [2025-02-14T23:37:16.314+0000] {dag.py:3239} INFO - Sync 1 DAGs
[2025-02-14T23:37:16.328+0000] {logging_mixin.py:190} INFO - [2025-02-14T23:37:16.328+0000] {dag.py:4180} INFO - Setting next_dagrun for example_nested_branch_dag to 2025-02-13 00:00:00+00:00, run_after=2025-02-14 00:00:00+00:00
[2025-02-14T23:37:16.339+0000] {processor.py:208} INFO - Processing /home/airflow/.local/lib/python3.12/site-packages/airflow/example_dags/example_nested_branch_dag.py took 0.059 seconds
[2025-02-14T23:37:47.064+0000] {processor.py:186} INFO - Started process (PID=200) to work on /home/airflow/.local/lib/python3.12/site-packages/airflow/example_dags/example_nested_branch_dag.py
[2025-02-14T23:37:47.066+0000] {processor.py:914} INFO - Processing file /home/airflow/.local/lib/python3.12/site-packages/airflow/example_dags/example_nested_branch_dag.py for tasks to queue
[2025-02-14T23:37:47.068+0000] {logging_mixin.py:190} INFO - [2025-02-14T23:37:47.068+0000] {dagbag.py:588} INFO - Filling up the DagBag from /home/airflow/.local/lib/python3.12/site-packages/airflow/example_dags/example_nested_branch_dag.py
[2025-02-14T23:37:47.078+0000] {processor.py:925} INFO - DAG(s) 'example_nested_branch_dag' retrieved from /home/airflow/.local/lib/python3.12/site-packages/airflow/example_dags/example_nested_branch_dag.py
[2025-02-14T23:37:47.094+0000] {logging_mixin.py:190} INFO - [2025-02-14T23:37:47.093+0000] {dag.py:3239} INFO - Sync 1 DAGs
[2025-02-14T23:37:47.110+0000] {logging_mixin.py:190} INFO - [2025-02-14T23:37:47.110+0000] {dag.py:4180} INFO - Setting next_dagrun for example_nested_branch_dag to 2025-02-13 00:00:00+00:00, run_after=2025-02-14 00:00:00+00:00
[2025-02-14T23:37:47.120+0000] {processor.py:208} INFO - Processing /home/airflow/.local/lib/python3.12/site-packages/airflow/example_dags/example_nested_branch_dag.py took 0.061 seconds
[2025-02-14T23:38:17.513+0000] {processor.py:186} INFO - Started process (PID=262) to work on /home/airflow/.local/lib/python3.12/site-packages/airflow/example_dags/example_nested_branch_dag.py
[2025-02-14T23:38:17.514+0000] {processor.py:914} INFO - Processing file /home/airflow/.local/lib/python3.12/site-packages/airflow/example_dags/example_nested_branch_dag.py for tasks to queue
[2025-02-14T23:38:17.516+0000] {logging_mixin.py:190} INFO - [2025-02-14T23:38:17.515+0000] {dagbag.py:588} INFO - Filling up the DagBag from /home/airflow/.local/lib/python3.12/site-packages/airflow/example_dags/example_nested_branch_dag.py
[2025-02-14T23:38:17.523+0000] {processor.py:925} INFO - DAG(s) 'example_nested_branch_dag' retrieved from /home/airflow/.local/lib/python3.12/site-packages/airflow/example_dags/example_nested_branch_dag.py
[2025-02-14T23:38:17.540+0000] {logging_mixin.py:190} INFO - [2025-02-14T23:38:17.539+0000] {dag.py:3239} INFO - Sync 1 DAGs
[2025-02-14T23:38:17.557+0000] {logging_mixin.py:190} INFO - [2025-02-14T23:38:17.557+0000] {dag.py:4180} INFO - Setting next_dagrun for example_nested_branch_dag to 2025-02-13 00:00:00+00:00, run_after=2025-02-14 00:00:00+00:00
[2025-02-14T23:38:17.573+0000] {processor.py:208} INFO - Processing /home/airflow/.local/lib/python3.12/site-packages/airflow/example_dags/example_nested_branch_dag.py took 0.065 seconds
[2025-02-14T23:38:48.278+0000] {processor.py:186} INFO - Started process (PID=331) to work on /home/airflow/.local/lib/python3.12/site-packages/airflow/example_dags/example_nested_branch_dag.py
[2025-02-14T23:38:48.279+0000] {processor.py:914} INFO - Processing file /home/airflow/.local/lib/python3.12/site-packages/airflow/example_dags/example_nested_branch_dag.py for tasks to queue
[2025-02-14T23:38:48.281+0000] {logging_mixin.py:190} INFO - [2025-02-14T23:38:48.280+0000] {dagbag.py:588} INFO - Filling up the DagBag from /home/airflow/.local/lib/python3.12/site-packages/airflow/example_dags/example_nested_branch_dag.py
[2025-02-14T23:38:48.288+0000] {processor.py:925} INFO - DAG(s) 'example_nested_branch_dag' retrieved from /home/airflow/.local/lib/python3.12/site-packages/airflow/example_dags/example_nested_branch_dag.py
[2025-02-14T23:38:48.306+0000] {logging_mixin.py:190} INFO - [2025-02-14T23:38:48.306+0000] {dag.py:3239} INFO - Sync 1 DAGs
[2025-02-14T23:38:48.321+0000] {logging_mixin.py:190} INFO - [2025-02-14T23:38:48.321+0000] {dag.py:4180} INFO - Setting next_dagrun for example_nested_branch_dag to 2025-02-13 00:00:00+00:00, run_after=2025-02-14 00:00:00+00:00
[2025-02-14T23:38:48.334+0000] {processor.py:208} INFO - Processing /home/airflow/.local/lib/python3.12/site-packages/airflow/example_dags/example_nested_branch_dag.py took 0.060 seconds
[2025-02-14T23:39:18.561+0000] {processor.py:186} INFO - Started process (PID=394) to work on /home/airflow/.local/lib/python3.12/site-packages/airflow/example_dags/example_nested_branch_dag.py
[2025-02-14T23:39:18.561+0000] {processor.py:914} INFO - Processing file /home/airflow/.local/lib/python3.12/site-packages/airflow/example_dags/example_nested_branch_dag.py for tasks to queue
[2025-02-14T23:39:18.563+0000] {logging_mixin.py:190} INFO - [2025-02-14T23:39:18.563+0000] {dagbag.py:588} INFO - Filling up the DagBag from /home/airflow/.local/lib/python3.12/site-packages/airflow/example_dags/example_nested_branch_dag.py
[2025-02-14T23:39:18.572+0000] {processor.py:925} INFO - DAG(s) 'example_nested_branch_dag' retrieved from /home/airflow/.local/lib/python3.12/site-packages/airflow/example_dags/example_nested_branch_dag.py
[2025-02-14T23:39:18.587+0000] {logging_mixin.py:190} INFO - [2025-02-14T23:39:18.587+0000] {dag.py:3239} INFO - Sync 1 DAGs
[2025-02-14T23:39:18.603+0000] {logging_mixin.py:190} INFO - [2025-02-14T23:39:18.603+0000] {dag.py:4180} INFO - Setting next_dagrun for example_nested_branch_dag to 2025-02-13 00:00:00+00:00, run_after=2025-02-14 00:00:00+00:00
[2025-02-14T23:39:18.615+0000] {processor.py:208} INFO - Processing /home/airflow/.local/lib/python3.12/site-packages/airflow/example_dags/example_nested_branch_dag.py took 0.059 seconds
[2025-02-14T23:39:48.850+0000] {processor.py:186} INFO - Started process (PID=457) to work on /home/airflow/.local/lib/python3.12/site-packages/airflow/example_dags/example_nested_branch_dag.py
[2025-02-14T23:39:48.852+0000] {processor.py:914} INFO - Processing file /home/airflow/.local/lib/python3.12/site-packages/airflow/example_dags/example_nested_branch_dag.py for tasks to queue
[2025-02-14T23:39:48.855+0000] {logging_mixin.py:190} INFO - [2025-02-14T23:39:48.854+0000] {dagbag.py:588} INFO - Filling up the DagBag from /home/airflow/.local/lib/python3.12/site-packages/airflow/example_dags/example_nested_branch_dag.py
[2025-02-14T23:39:48.864+0000] {processor.py:925} INFO - DAG(s) 'example_nested_branch_dag' retrieved from /home/airflow/.local/lib/python3.12/site-packages/airflow/example_dags/example_nested_branch_dag.py
[2025-02-14T23:39:48.879+0000] {logging_mixin.py:190} INFO - [2025-02-14T23:39:48.879+0000] {dag.py:3239} INFO - Sync 1 DAGs
[2025-02-14T23:39:48.893+0000] {logging_mixin.py:190} INFO - [2025-02-14T23:39:48.893+0000] {dag.py:4180} INFO - Setting next_dagrun for example_nested_branch_dag to 2025-02-13 00:00:00+00:00, run_after=2025-02-14 00:00:00+00:00
[2025-02-14T23:39:48.906+0000] {processor.py:208} INFO - Processing /home/airflow/.local/lib/python3.12/site-packages/airflow/example_dags/example_nested_branch_dag.py took 0.060 seconds
[2025-02-14T23:40:19.509+0000] {processor.py:186} INFO - Started process (PID=520) to work on /home/airflow/.local/lib/python3.12/site-packages/airflow/example_dags/example_nested_branch_dag.py
[2025-02-14T23:40:19.510+0000] {processor.py:914} INFO - Processing file /home/airflow/.local/lib/python3.12/site-packages/airflow/example_dags/example_nested_branch_dag.py for tasks to queue
[2025-02-14T23:40:19.516+0000] {logging_mixin.py:190} INFO - [2025-02-14T23:40:19.513+0000] {dagbag.py:588} INFO - Filling up the DagBag from /home/airflow/.local/lib/python3.12/site-packages/airflow/example_dags/example_nested_branch_dag.py
[2025-02-14T23:40:19.530+0000] {processor.py:925} INFO - DAG(s) 'example_nested_branch_dag' retrieved from /home/airflow/.local/lib/python3.12/site-packages/airflow/example_dags/example_nested_branch_dag.py
[2025-02-14T23:40:19.552+0000] {logging_mixin.py:190} INFO - [2025-02-14T23:40:19.552+0000] {dag.py:3239} INFO - Sync 1 DAGs
[2025-02-14T23:40:19.571+0000] {logging_mixin.py:190} INFO - [2025-02-14T23:40:19.571+0000] {dag.py:4180} INFO - Setting next_dagrun for example_nested_branch_dag to 2025-02-13 00:00:00+00:00, run_after=2025-02-14 00:00:00+00:00
[2025-02-14T23:40:19.585+0000] {processor.py:208} INFO - Processing /home/airflow/.local/lib/python3.12/site-packages/airflow/example_dags/example_nested_branch_dag.py took 0.081 seconds
[2025-02-14T23:40:50.247+0000] {processor.py:186} INFO - Started process (PID=583) to work on /home/airflow/.local/lib/python3.12/site-packages/airflow/example_dags/example_nested_branch_dag.py
[2025-02-14T23:40:50.249+0000] {processor.py:914} INFO - Processing file /home/airflow/.local/lib/python3.12/site-packages/airflow/example_dags/example_nested_branch_dag.py for tasks to queue
[2025-02-14T23:40:50.251+0000] {logging_mixin.py:190} INFO - [2025-02-14T23:40:50.250+0000] {dagbag.py:588} INFO - Filling up the DagBag from /home/airflow/.local/lib/python3.12/site-packages/airflow/example_dags/example_nested_branch_dag.py
[2025-02-14T23:40:50.259+0000] {processor.py:925} INFO - DAG(s) 'example_nested_branch_dag' retrieved from /home/airflow/.local/lib/python3.12/site-packages/airflow/example_dags/example_nested_branch_dag.py
[2025-02-14T23:40:50.276+0000] {logging_mixin.py:190} INFO - [2025-02-14T23:40:50.276+0000] {dag.py:3239} INFO - Sync 1 DAGs
[2025-02-14T23:40:50.294+0000] {logging_mixin.py:190} INFO - [2025-02-14T23:40:50.294+0000] {dag.py:4180} INFO - Setting next_dagrun for example_nested_branch_dag to 2025-02-13 00:00:00+00:00, run_after=2025-02-14 00:00:00+00:00
[2025-02-14T23:40:50.305+0000] {processor.py:208} INFO - Processing /home/airflow/.local/lib/python3.12/site-packages/airflow/example_dags/example_nested_branch_dag.py took 0.062 seconds
[2025-02-14T23:41:21.176+0000] {processor.py:186} INFO - Started process (PID=646) to work on /home/airflow/.local/lib/python3.12/site-packages/airflow/example_dags/example_nested_branch_dag.py
[2025-02-14T23:41:21.177+0000] {processor.py:914} INFO - Processing file /home/airflow/.local/lib/python3.12/site-packages/airflow/example_dags/example_nested_branch_dag.py for tasks to queue
[2025-02-14T23:41:21.180+0000] {logging_mixin.py:190} INFO - [2025-02-14T23:41:21.180+0000] {dagbag.py:588} INFO - Filling up the DagBag from /home/airflow/.local/lib/python3.12/site-packages/airflow/example_dags/example_nested_branch_dag.py
[2025-02-14T23:41:21.188+0000] {processor.py:925} INFO - DAG(s) 'example_nested_branch_dag' retrieved from /home/airflow/.local/lib/python3.12/site-packages/airflow/example_dags/example_nested_branch_dag.py
[2025-02-14T23:41:21.206+0000] {logging_mixin.py:190} INFO - [2025-02-14T23:41:21.205+0000] {dag.py:3239} INFO - Sync 1 DAGs
[2025-02-14T23:41:21.219+0000] {logging_mixin.py:190} INFO - [2025-02-14T23:41:21.219+0000] {dag.py:4180} INFO - Setting next_dagrun for example_nested_branch_dag to 2025-02-13 00:00:00+00:00, run_after=2025-02-14 00:00:00+00:00
[2025-02-14T23:41:21.232+0000] {processor.py:208} INFO - Processing /home/airflow/.local/lib/python3.12/site-packages/airflow/example_dags/example_nested_branch_dag.py took 0.059 seconds
[2025-02-14T23:41:51.997+0000] {processor.py:186} INFO - Started process (PID=709) to work on /home/airflow/.local/lib/python3.12/site-packages/airflow/example_dags/example_nested_branch_dag.py
[2025-02-14T23:41:51.997+0000] {processor.py:914} INFO - Processing file /home/airflow/.local/lib/python3.12/site-packages/airflow/example_dags/example_nested_branch_dag.py for tasks to queue
[2025-02-14T23:41:51.999+0000] {logging_mixin.py:190} INFO - [2025-02-14T23:41:51.999+0000] {dagbag.py:588} INFO - Filling up the DagBag from /home/airflow/.local/lib/python3.12/site-packages/airflow/example_dags/example_nested_branch_dag.py
[2025-02-14T23:41:52.006+0000] {processor.py:925} INFO - DAG(s) 'example_nested_branch_dag' retrieved from /home/airflow/.local/lib/python3.12/site-packages/airflow/example_dags/example_nested_branch_dag.py
[2025-02-14T23:41:52.022+0000] {logging_mixin.py:190} INFO - [2025-02-14T23:41:52.022+0000] {dag.py:3239} INFO - Sync 1 DAGs
[2025-02-14T23:41:52.040+0000] {logging_mixin.py:190} INFO - [2025-02-14T23:41:52.040+0000] {dag.py:4180} INFO - Setting next_dagrun for example_nested_branch_dag to 2025-02-13 00:00:00+00:00, run_after=2025-02-14 00:00:00+00:00
[2025-02-14T23:41:52.053+0000] {processor.py:208} INFO - Processing /home/airflow/.local/lib/python3.12/site-packages/airflow/example_dags/example_nested_branch_dag.py took 0.060 seconds
[2025-02-14T23:42:22.318+0000] {processor.py:186} INFO - Started process (PID=772) to work on /home/airflow/.local/lib/python3.12/site-packages/airflow/example_dags/example_nested_branch_dag.py
[2025-02-14T23:42:22.319+0000] {processor.py:914} INFO - Processing file /home/airflow/.local/lib/python3.12/site-packages/airflow/example_dags/example_nested_branch_dag.py for tasks to queue
[2025-02-14T23:42:22.322+0000] {logging_mixin.py:190} INFO - [2025-02-14T23:42:22.322+0000] {dagbag.py:588} INFO - Filling up the DagBag from /home/airflow/.local/lib/python3.12/site-packages/airflow/example_dags/example_nested_branch_dag.py
[2025-02-14T23:42:22.332+0000] {processor.py:925} INFO - DAG(s) 'example_nested_branch_dag' retrieved from /home/airflow/.local/lib/python3.12/site-packages/airflow/example_dags/example_nested_branch_dag.py
[2025-02-14T23:42:22.350+0000] {logging_mixin.py:190} INFO - [2025-02-14T23:42:22.350+0000] {dag.py:3239} INFO - Sync 1 DAGs
[2025-02-14T23:42:22.369+0000] {logging_mixin.py:190} INFO - [2025-02-14T23:42:22.369+0000] {dag.py:4180} INFO - Setting next_dagrun for example_nested_branch_dag to 2025-02-13 00:00:00+00:00, run_after=2025-02-14 00:00:00+00:00
[2025-02-14T23:42:22.380+0000] {processor.py:208} INFO - Processing /home/airflow/.local/lib/python3.12/site-packages/airflow/example_dags/example_nested_branch_dag.py took 0.067 seconds
[2025-02-14T23:42:53.162+0000] {processor.py:186} INFO - Started process (PID=835) to work on /home/airflow/.local/lib/python3.12/site-packages/airflow/example_dags/example_nested_branch_dag.py
[2025-02-14T23:42:53.162+0000] {processor.py:914} INFO - Processing file /home/airflow/.local/lib/python3.12/site-packages/airflow/example_dags/example_nested_branch_dag.py for tasks to queue
[2025-02-14T23:42:53.165+0000] {logging_mixin.py:190} INFO - [2025-02-14T23:42:53.165+0000] {dagbag.py:588} INFO - Filling up the DagBag from /home/airflow/.local/lib/python3.12/site-packages/airflow/example_dags/example_nested_branch_dag.py
[2025-02-14T23:42:53.175+0000] {processor.py:925} INFO - DAG(s) 'example_nested_branch_dag' retrieved from /home/airflow/.local/lib/python3.12/site-packages/airflow/example_dags/example_nested_branch_dag.py
[2025-02-14T23:42:53.191+0000] {logging_mixin.py:190} INFO - [2025-02-14T23:42:53.191+0000] {dag.py:3239} INFO - Sync 1 DAGs
[2025-02-14T23:42:53.210+0000] {logging_mixin.py:190} INFO - [2025-02-14T23:42:53.209+0000] {dag.py:4180} INFO - Setting next_dagrun for example_nested_branch_dag to 2025-02-13 00:00:00+00:00, run_after=2025-02-14 00:00:00+00:00
[2025-02-14T23:42:53.221+0000] {processor.py:208} INFO - Processing /home/airflow/.local/lib/python3.12/site-packages/airflow/example_dags/example_nested_branch_dag.py took 0.064 seconds
[2025-02-14T23:43:24.036+0000] {processor.py:186} INFO - Started process (PID=898) to work on /home/airflow/.local/lib/python3.12/site-packages/airflow/example_dags/example_nested_branch_dag.py
[2025-02-14T23:43:24.036+0000] {processor.py:914} INFO - Processing file /home/airflow/.local/lib/python3.12/site-packages/airflow/example_dags/example_nested_branch_dag.py for tasks to queue
[2025-02-14T23:43:24.038+0000] {logging_mixin.py:190} INFO - [2025-02-14T23:43:24.038+0000] {dagbag.py:588} INFO - Filling up the DagBag from /home/airflow/.local/lib/python3.12/site-packages/airflow/example_dags/example_nested_branch_dag.py
[2025-02-14T23:43:24.046+0000] {processor.py:925} INFO - DAG(s) 'example_nested_branch_dag' retrieved from /home/airflow/.local/lib/python3.12/site-packages/airflow/example_dags/example_nested_branch_dag.py
[2025-02-14T23:43:24.061+0000] {logging_mixin.py:190} INFO - [2025-02-14T23:43:24.061+0000] {dag.py:3239} INFO - Sync 1 DAGs
[2025-02-14T23:43:24.076+0000] {logging_mixin.py:190} INFO - [2025-02-14T23:43:24.075+0000] {dag.py:4180} INFO - Setting next_dagrun for example_nested_branch_dag to 2025-02-13 00:00:00+00:00, run_after=2025-02-14 00:00:00+00:00
[2025-02-14T23:43:24.087+0000] {processor.py:208} INFO - Processing /home/airflow/.local/lib/python3.12/site-packages/airflow/example_dags/example_nested_branch_dag.py took 0.055 seconds
[2025-02-14T23:43:54.591+0000] {processor.py:186} INFO - Started process (PID=961) to work on /home/airflow/.local/lib/python3.12/site-packages/airflow/example_dags/example_nested_branch_dag.py
[2025-02-14T23:43:54.594+0000] {processor.py:914} INFO - Processing file /home/airflow/.local/lib/python3.12/site-packages/airflow/example_dags/example_nested_branch_dag.py for tasks to queue
[2025-02-14T23:43:54.596+0000] {logging_mixin.py:190} INFO - [2025-02-14T23:43:54.596+0000] {dagbag.py:588} INFO - Filling up the DagBag from /home/airflow/.local/lib/python3.12/site-packages/airflow/example_dags/example_nested_branch_dag.py
[2025-02-14T23:43:54.603+0000] {processor.py:925} INFO - DAG(s) 'example_nested_branch_dag' retrieved from /home/airflow/.local/lib/python3.12/site-packages/airflow/example_dags/example_nested_branch_dag.py
[2025-02-14T23:43:54.619+0000] {logging_mixin.py:190} INFO - [2025-02-14T23:43:54.617+0000] {dag.py:3239} INFO - Sync 1 DAGs
[2025-02-14T23:43:54.633+0000] {logging_mixin.py:190} INFO - [2025-02-14T23:43:54.633+0000] {dag.py:4180} INFO - Setting next_dagrun for example_nested_branch_dag to 2025-02-13 00:00:00+00:00, run_after=2025-02-14 00:00:00+00:00
[2025-02-14T23:43:54.643+0000] {processor.py:208} INFO - Processing /home/airflow/.local/lib/python3.12/site-packages/airflow/example_dags/example_nested_branch_dag.py took 0.055 seconds
[2025-02-14T23:44:25.312+0000] {processor.py:186} INFO - Started process (PID=1023) to work on /home/airflow/.local/lib/python3.12/site-packages/airflow/example_dags/example_nested_branch_dag.py
[2025-02-14T23:44:25.312+0000] {processor.py:914} INFO - Processing file /home/airflow/.local/lib/python3.12/site-packages/airflow/example_dags/example_nested_branch_dag.py for tasks to queue
[2025-02-14T23:44:25.314+0000] {logging_mixin.py:190} INFO - [2025-02-14T23:44:25.314+0000] {dagbag.py:588} INFO - Filling up the DagBag from /home/airflow/.local/lib/python3.12/site-packages/airflow/example_dags/example_nested_branch_dag.py
[2025-02-14T23:44:25.324+0000] {processor.py:925} INFO - DAG(s) 'example_nested_branch_dag' retrieved from /home/airflow/.local/lib/python3.12/site-packages/airflow/example_dags/example_nested_branch_dag.py
[2025-02-14T23:44:25.341+0000] {logging_mixin.py:190} INFO - [2025-02-14T23:44:25.341+0000] {dag.py:3239} INFO - Sync 1 DAGs
[2025-02-14T23:44:25.360+0000] {logging_mixin.py:190} INFO - [2025-02-14T23:44:25.360+0000] {dag.py:4180} INFO - Setting next_dagrun for example_nested_branch_dag to 2025-02-13 00:00:00+00:00, run_after=2025-02-14 00:00:00+00:00
[2025-02-14T23:44:25.376+0000] {processor.py:208} INFO - Processing /home/airflow/.local/lib/python3.12/site-packages/airflow/example_dags/example_nested_branch_dag.py took 0.069 seconds
[2025-02-14T23:44:56.244+0000] {processor.py:186} INFO - Started process (PID=1086) to work on /home/airflow/.local/lib/python3.12/site-packages/airflow/example_dags/example_nested_branch_dag.py
[2025-02-14T23:44:56.245+0000] {processor.py:914} INFO - Processing file /home/airflow/.local/lib/python3.12/site-packages/airflow/example_dags/example_nested_branch_dag.py for tasks to queue
[2025-02-14T23:44:56.247+0000] {logging_mixin.py:190} INFO - [2025-02-14T23:44:56.246+0000] {dagbag.py:588} INFO - Filling up the DagBag from /home/airflow/.local/lib/python3.12/site-packages/airflow/example_dags/example_nested_branch_dag.py
[2025-02-14T23:44:56.254+0000] {processor.py:925} INFO - DAG(s) 'example_nested_branch_dag' retrieved from /home/airflow/.local/lib/python3.12/site-packages/airflow/example_dags/example_nested_branch_dag.py
[2025-02-14T23:44:56.268+0000] {logging_mixin.py:190} INFO - [2025-02-14T23:44:56.268+0000] {dag.py:3239} INFO - Sync 1 DAGs
[2025-02-14T23:44:56.282+0000] {logging_mixin.py:190} INFO - [2025-02-14T23:44:56.282+0000] {dag.py:4180} INFO - Setting next_dagrun for example_nested_branch_dag to 2025-02-13 00:00:00+00:00, run_after=2025-02-14 00:00:00+00:00
[2025-02-14T23:44:56.293+0000] {processor.py:208} INFO - Processing /home/airflow/.local/lib/python3.12/site-packages/airflow/example_dags/example_nested_branch_dag.py took 0.053 seconds
[2025-02-14T23:45:26.390+0000] {processor.py:186} INFO - Started process (PID=1149) to work on /home/airflow/.local/lib/python3.12/site-packages/airflow/example_dags/example_nested_branch_dag.py
[2025-02-14T23:45:26.393+0000] {processor.py:914} INFO - Processing file /home/airflow/.local/lib/python3.12/site-packages/airflow/example_dags/example_nested_branch_dag.py for tasks to queue
[2025-02-14T23:45:26.395+0000] {logging_mixin.py:190} INFO - [2025-02-14T23:45:26.394+0000] {dagbag.py:588} INFO - Filling up the DagBag from /home/airflow/.local/lib/python3.12/site-packages/airflow/example_dags/example_nested_branch_dag.py
[2025-02-14T23:45:26.402+0000] {processor.py:925} INFO - DAG(s) 'example_nested_branch_dag' retrieved from /home/airflow/.local/lib/python3.12/site-packages/airflow/example_dags/example_nested_branch_dag.py
[2025-02-14T23:45:26.414+0000] {logging_mixin.py:190} INFO - [2025-02-14T23:45:26.413+0000] {dag.py:3239} INFO - Sync 1 DAGs
[2025-02-14T23:45:26.428+0000] {logging_mixin.py:190} INFO - [2025-02-14T23:45:26.428+0000] {dag.py:4180} INFO - Setting next_dagrun for example_nested_branch_dag to 2025-02-13 00:00:00+00:00, run_after=2025-02-14 00:00:00+00:00
[2025-02-14T23:45:26.439+0000] {processor.py:208} INFO - Processing /home/airflow/.local/lib/python3.12/site-packages/airflow/example_dags/example_nested_branch_dag.py took 0.054 seconds
[2025-02-14T23:45:56.693+0000] {processor.py:186} INFO - Started process (PID=1212) to work on /home/airflow/.local/lib/python3.12/site-packages/airflow/example_dags/example_nested_branch_dag.py
[2025-02-14T23:45:56.694+0000] {processor.py:914} INFO - Processing file /home/airflow/.local/lib/python3.12/site-packages/airflow/example_dags/example_nested_branch_dag.py for tasks to queue
[2025-02-14T23:45:56.697+0000] {logging_mixin.py:190} INFO - [2025-02-14T23:45:56.696+0000] {dagbag.py:588} INFO - Filling up the DagBag from /home/airflow/.local/lib/python3.12/site-packages/airflow/example_dags/example_nested_branch_dag.py
[2025-02-14T23:45:56.704+0000] {processor.py:925} INFO - DAG(s) 'example_nested_branch_dag' retrieved from /home/airflow/.local/lib/python3.12/site-packages/airflow/example_dags/example_nested_branch_dag.py
[2025-02-14T23:45:56.717+0000] {logging_mixin.py:190} INFO - [2025-02-14T23:45:56.717+0000] {dag.py:3239} INFO - Sync 1 DAGs
[2025-02-14T23:45:56.733+0000] {logging_mixin.py:190} INFO - [2025-02-14T23:45:56.733+0000] {dag.py:4180} INFO - Setting next_dagrun for example_nested_branch_dag to 2025-02-13 00:00:00+00:00, run_after=2025-02-14 00:00:00+00:00
[2025-02-14T23:45:56.742+0000] {processor.py:208} INFO - Processing /home/airflow/.local/lib/python3.12/site-packages/airflow/example_dags/example_nested_branch_dag.py took 0.053 seconds
[2025-02-14T23:46:26.933+0000] {processor.py:186} INFO - Started process (PID=1275) to work on /home/airflow/.local/lib/python3.12/site-packages/airflow/example_dags/example_nested_branch_dag.py
[2025-02-14T23:46:26.934+0000] {processor.py:914} INFO - Processing file /home/airflow/.local/lib/python3.12/site-packages/airflow/example_dags/example_nested_branch_dag.py for tasks to queue
[2025-02-14T23:46:26.935+0000] {logging_mixin.py:190} INFO - [2025-02-14T23:46:26.935+0000] {dagbag.py:588} INFO - Filling up the DagBag from /home/airflow/.local/lib/python3.12/site-packages/airflow/example_dags/example_nested_branch_dag.py
[2025-02-14T23:46:26.942+0000] {processor.py:925} INFO - DAG(s) 'example_nested_branch_dag' retrieved from /home/airflow/.local/lib/python3.12/site-packages/airflow/example_dags/example_nested_branch_dag.py
[2025-02-14T23:46:26.956+0000] {logging_mixin.py:190} INFO - [2025-02-14T23:46:26.955+0000] {dag.py:3239} INFO - Sync 1 DAGs
[2025-02-14T23:46:26.969+0000] {logging_mixin.py:190} INFO - [2025-02-14T23:46:26.969+0000] {dag.py:4180} INFO - Setting next_dagrun for example_nested_branch_dag to 2025-02-13 00:00:00+00:00, run_after=2025-02-14 00:00:00+00:00
[2025-02-14T23:46:26.979+0000] {processor.py:208} INFO - Processing /home/airflow/.local/lib/python3.12/site-packages/airflow/example_dags/example_nested_branch_dag.py took 0.050 seconds
[2025-02-14T23:46:57.487+0000] {processor.py:186} INFO - Started process (PID=1338) to work on /home/airflow/.local/lib/python3.12/site-packages/airflow/example_dags/example_nested_branch_dag.py
[2025-02-14T23:46:57.488+0000] {processor.py:914} INFO - Processing file /home/airflow/.local/lib/python3.12/site-packages/airflow/example_dags/example_nested_branch_dag.py for tasks to queue
[2025-02-14T23:46:57.490+0000] {logging_mixin.py:190} INFO - [2025-02-14T23:46:57.490+0000] {dagbag.py:588} INFO - Filling up the DagBag from /home/airflow/.local/lib/python3.12/site-packages/airflow/example_dags/example_nested_branch_dag.py
[2025-02-14T23:46:57.497+0000] {processor.py:925} INFO - DAG(s) 'example_nested_branch_dag' retrieved from /home/airflow/.local/lib/python3.12/site-packages/airflow/example_dags/example_nested_branch_dag.py
[2025-02-14T23:46:57.512+0000] {logging_mixin.py:190} INFO - [2025-02-14T23:46:57.512+0000] {dag.py:3239} INFO - Sync 1 DAGs
[2025-02-14T23:46:57.527+0000] {logging_mixin.py:190} INFO - [2025-02-14T23:46:57.527+0000] {dag.py:4180} INFO - Setting next_dagrun for example_nested_branch_dag to 2025-02-13 00:00:00+00:00, run_after=2025-02-14 00:00:00+00:00
[2025-02-14T23:46:57.537+0000] {processor.py:208} INFO - Processing /home/airflow/.local/lib/python3.12/site-packages/airflow/example_dags/example_nested_branch_dag.py took 0.055 seconds
[2025-02-14T23:47:28.052+0000] {processor.py:186} INFO - Started process (PID=1400) to work on /home/airflow/.local/lib/python3.12/site-packages/airflow/example_dags/example_nested_branch_dag.py
[2025-02-14T23:47:28.053+0000] {processor.py:914} INFO - Processing file /home/airflow/.local/lib/python3.12/site-packages/airflow/example_dags/example_nested_branch_dag.py for tasks to queue
[2025-02-14T23:47:28.056+0000] {logging_mixin.py:190} INFO - [2025-02-14T23:47:28.056+0000] {dagbag.py:588} INFO - Filling up the DagBag from /home/airflow/.local/lib/python3.12/site-packages/airflow/example_dags/example_nested_branch_dag.py
[2025-02-14T23:47:28.068+0000] {processor.py:925} INFO - DAG(s) 'example_nested_branch_dag' retrieved from /home/airflow/.local/lib/python3.12/site-packages/airflow/example_dags/example_nested_branch_dag.py
[2025-02-14T23:47:28.094+0000] {logging_mixin.py:190} INFO - [2025-02-14T23:47:28.093+0000] {dag.py:3239} INFO - Sync 1 DAGs
[2025-02-14T23:47:28.122+0000] {logging_mixin.py:190} INFO - [2025-02-14T23:47:28.122+0000] {dag.py:4180} INFO - Setting next_dagrun for example_nested_branch_dag to 2025-02-13 00:00:00+00:00, run_after=2025-02-14 00:00:00+00:00
[2025-02-14T23:47:28.142+0000] {processor.py:208} INFO - Processing /home/airflow/.local/lib/python3.12/site-packages/airflow/example_dags/example_nested_branch_dag.py took 0.098 seconds
[2025-02-14T23:47:58.569+0000] {processor.py:186} INFO - Started process (PID=1463) to work on /home/airflow/.local/lib/python3.12/site-packages/airflow/example_dags/example_nested_branch_dag.py
[2025-02-14T23:47:58.570+0000] {processor.py:914} INFO - Processing file /home/airflow/.local/lib/python3.12/site-packages/airflow/example_dags/example_nested_branch_dag.py for tasks to queue
[2025-02-14T23:47:58.572+0000] {logging_mixin.py:190} INFO - [2025-02-14T23:47:58.572+0000] {dagbag.py:588} INFO - Filling up the DagBag from /home/airflow/.local/lib/python3.12/site-packages/airflow/example_dags/example_nested_branch_dag.py
[2025-02-14T23:47:58.580+0000] {processor.py:925} INFO - DAG(s) 'example_nested_branch_dag' retrieved from /home/airflow/.local/lib/python3.12/site-packages/airflow/example_dags/example_nested_branch_dag.py
[2025-02-14T23:47:58.596+0000] {logging_mixin.py:190} INFO - [2025-02-14T23:47:58.596+0000] {dag.py:3239} INFO - Sync 1 DAGs
[2025-02-14T23:47:58.611+0000] {logging_mixin.py:190} INFO - [2025-02-14T23:47:58.611+0000] {dag.py:4180} INFO - Setting next_dagrun for example_nested_branch_dag to 2025-02-13 00:00:00+00:00, run_after=2025-02-14 00:00:00+00:00
[2025-02-14T23:47:58.623+0000] {processor.py:208} INFO - Processing /home/airflow/.local/lib/python3.12/site-packages/airflow/example_dags/example_nested_branch_dag.py took 0.059 seconds
[2025-02-14T23:48:28.928+0000] {processor.py:186} INFO - Started process (PID=1526) to work on /home/airflow/.local/lib/python3.12/site-packages/airflow/example_dags/example_nested_branch_dag.py
[2025-02-14T23:48:28.928+0000] {processor.py:914} INFO - Processing file /home/airflow/.local/lib/python3.12/site-packages/airflow/example_dags/example_nested_branch_dag.py for tasks to queue
[2025-02-14T23:48:28.930+0000] {logging_mixin.py:190} INFO - [2025-02-14T23:48:28.930+0000] {dagbag.py:588} INFO - Filling up the DagBag from /home/airflow/.local/lib/python3.12/site-packages/airflow/example_dags/example_nested_branch_dag.py
[2025-02-14T23:48:28.937+0000] {processor.py:925} INFO - DAG(s) 'example_nested_branch_dag' retrieved from /home/airflow/.local/lib/python3.12/site-packages/airflow/example_dags/example_nested_branch_dag.py
[2025-02-14T23:48:28.950+0000] {logging_mixin.py:190} INFO - [2025-02-14T23:48:28.949+0000] {dag.py:3239} INFO - Sync 1 DAGs
[2025-02-14T23:48:28.962+0000] {logging_mixin.py:190} INFO - [2025-02-14T23:48:28.962+0000] {dag.py:4180} INFO - Setting next_dagrun for example_nested_branch_dag to 2025-02-13 00:00:00+00:00, run_after=2025-02-14 00:00:00+00:00
[2025-02-14T23:48:28.971+0000] {processor.py:208} INFO - Processing /home/airflow/.local/lib/python3.12/site-packages/airflow/example_dags/example_nested_branch_dag.py took 0.047 seconds
[2025-02-14T23:48:59.200+0000] {processor.py:186} INFO - Started process (PID=1589) to work on /home/airflow/.local/lib/python3.12/site-packages/airflow/example_dags/example_nested_branch_dag.py
[2025-02-14T23:48:59.201+0000] {processor.py:914} INFO - Processing file /home/airflow/.local/lib/python3.12/site-packages/airflow/example_dags/example_nested_branch_dag.py for tasks to queue
[2025-02-14T23:48:59.202+0000] {logging_mixin.py:190} INFO - [2025-02-14T23:48:59.202+0000] {dagbag.py:588} INFO - Filling up the DagBag from /home/airflow/.local/lib/python3.12/site-packages/airflow/example_dags/example_nested_branch_dag.py
[2025-02-14T23:48:59.210+0000] {processor.py:925} INFO - DAG(s) 'example_nested_branch_dag' retrieved from /home/airflow/.local/lib/python3.12/site-packages/airflow/example_dags/example_nested_branch_dag.py
[2025-02-14T23:48:59.224+0000] {logging_mixin.py:190} INFO - [2025-02-14T23:48:59.224+0000] {dag.py:3239} INFO - Sync 1 DAGs
[2025-02-14T23:48:59.239+0000] {logging_mixin.py:190} INFO - [2025-02-14T23:48:59.239+0000] {dag.py:4180} INFO - Setting next_dagrun for example_nested_branch_dag to 2025-02-13 00:00:00+00:00, run_after=2025-02-14 00:00:00+00:00
[2025-02-14T23:48:59.253+0000] {processor.py:208} INFO - Processing /home/airflow/.local/lib/python3.12/site-packages/airflow/example_dags/example_nested_branch_dag.py took 0.058 seconds
[2025-02-14T23:49:29.429+0000] {processor.py:186} INFO - Started process (PID=1652) to work on /home/airflow/.local/lib/python3.12/site-packages/airflow/example_dags/example_nested_branch_dag.py
[2025-02-14T23:49:29.431+0000] {processor.py:914} INFO - Processing file /home/airflow/.local/lib/python3.12/site-packages/airflow/example_dags/example_nested_branch_dag.py for tasks to queue
[2025-02-14T23:49:29.433+0000] {logging_mixin.py:190} INFO - [2025-02-14T23:49:29.433+0000] {dagbag.py:588} INFO - Filling up the DagBag from /home/airflow/.local/lib/python3.12/site-packages/airflow/example_dags/example_nested_branch_dag.py
[2025-02-14T23:49:29.441+0000] {processor.py:925} INFO - DAG(s) 'example_nested_branch_dag' retrieved from /home/airflow/.local/lib/python3.12/site-packages/airflow/example_dags/example_nested_branch_dag.py
[2025-02-14T23:49:29.459+0000] {logging_mixin.py:190} INFO - [2025-02-14T23:49:29.459+0000] {dag.py:3239} INFO - Sync 1 DAGs
[2025-02-14T23:49:29.474+0000] {logging_mixin.py:190} INFO - [2025-02-14T23:49:29.474+0000] {dag.py:4180} INFO - Setting next_dagrun for example_nested_branch_dag to 2025-02-13 00:00:00+00:00, run_after=2025-02-14 00:00:00+00:00
[2025-02-14T23:49:29.484+0000] {processor.py:208} INFO - Processing /home/airflow/.local/lib/python3.12/site-packages/airflow/example_dags/example_nested_branch_dag.py took 0.060 seconds
[2025-02-14T23:49:59.811+0000] {processor.py:186} INFO - Started process (PID=1715) to work on /home/airflow/.local/lib/python3.12/site-packages/airflow/example_dags/example_nested_branch_dag.py
[2025-02-14T23:49:59.812+0000] {processor.py:914} INFO - Processing file /home/airflow/.local/lib/python3.12/site-packages/airflow/example_dags/example_nested_branch_dag.py for tasks to queue
[2025-02-14T23:49:59.814+0000] {logging_mixin.py:190} INFO - [2025-02-14T23:49:59.813+0000] {dagbag.py:588} INFO - Filling up the DagBag from /home/airflow/.local/lib/python3.12/site-packages/airflow/example_dags/example_nested_branch_dag.py
[2025-02-14T23:49:59.822+0000] {processor.py:925} INFO - DAG(s) 'example_nested_branch_dag' retrieved from /home/airflow/.local/lib/python3.12/site-packages/airflow/example_dags/example_nested_branch_dag.py
[2025-02-14T23:49:59.839+0000] {logging_mixin.py:190} INFO - [2025-02-14T23:49:59.839+0000] {dag.py:3239} INFO - Sync 1 DAGs
[2025-02-14T23:49:59.855+0000] {logging_mixin.py:190} INFO - [2025-02-14T23:49:59.855+0000] {dag.py:4180} INFO - Setting next_dagrun for example_nested_branch_dag to 2025-02-13 00:00:00+00:00, run_after=2025-02-14 00:00:00+00:00
[2025-02-14T23:49:59.867+0000] {processor.py:208} INFO - Processing /home/airflow/.local/lib/python3.12/site-packages/airflow/example_dags/example_nested_branch_dag.py took 0.061 seconds
[2025-02-14T23:50:30.669+0000] {processor.py:186} INFO - Started process (PID=1778) to work on /home/airflow/.local/lib/python3.12/site-packages/airflow/example_dags/example_nested_branch_dag.py
[2025-02-14T23:50:30.670+0000] {processor.py:914} INFO - Processing file /home/airflow/.local/lib/python3.12/site-packages/airflow/example_dags/example_nested_branch_dag.py for tasks to queue
[2025-02-14T23:50:30.672+0000] {logging_mixin.py:190} INFO - [2025-02-14T23:50:30.672+0000] {dagbag.py:588} INFO - Filling up the DagBag from /home/airflow/.local/lib/python3.12/site-packages/airflow/example_dags/example_nested_branch_dag.py
[2025-02-14T23:50:30.680+0000] {processor.py:925} INFO - DAG(s) 'example_nested_branch_dag' retrieved from /home/airflow/.local/lib/python3.12/site-packages/airflow/example_dags/example_nested_branch_dag.py
[2025-02-14T23:50:30.695+0000] {logging_mixin.py:190} INFO - [2025-02-14T23:50:30.695+0000] {dag.py:3239} INFO - Sync 1 DAGs
[2025-02-14T23:50:30.710+0000] {logging_mixin.py:190} INFO - [2025-02-14T23:50:30.709+0000] {dag.py:4180} INFO - Setting next_dagrun for example_nested_branch_dag to 2025-02-13 00:00:00+00:00, run_after=2025-02-14 00:00:00+00:00
[2025-02-14T23:50:30.720+0000] {processor.py:208} INFO - Processing /home/airflow/.local/lib/python3.12/site-packages/airflow/example_dags/example_nested_branch_dag.py took 0.055 seconds
[2025-02-14T23:51:01.207+0000] {processor.py:186} INFO - Started process (PID=1841) to work on /home/airflow/.local/lib/python3.12/site-packages/airflow/example_dags/example_nested_branch_dag.py
[2025-02-14T23:51:01.208+0000] {processor.py:914} INFO - Processing file /home/airflow/.local/lib/python3.12/site-packages/airflow/example_dags/example_nested_branch_dag.py for tasks to queue
[2025-02-14T23:51:01.210+0000] {logging_mixin.py:190} INFO - [2025-02-14T23:51:01.210+0000] {dagbag.py:588} INFO - Filling up the DagBag from /home/airflow/.local/lib/python3.12/site-packages/airflow/example_dags/example_nested_branch_dag.py
[2025-02-14T23:51:01.219+0000] {processor.py:925} INFO - DAG(s) 'example_nested_branch_dag' retrieved from /home/airflow/.local/lib/python3.12/site-packages/airflow/example_dags/example_nested_branch_dag.py
[2025-02-14T23:51:01.232+0000] {logging_mixin.py:190} INFO - [2025-02-14T23:51:01.232+0000] {dag.py:3239} INFO - Sync 1 DAGs
[2025-02-14T23:51:01.247+0000] {logging_mixin.py:190} INFO - [2025-02-14T23:51:01.247+0000] {dag.py:4180} INFO - Setting next_dagrun for example_nested_branch_dag to 2025-02-13 00:00:00+00:00, run_after=2025-02-14 00:00:00+00:00
[2025-02-14T23:51:01.256+0000] {processor.py:208} INFO - Processing /home/airflow/.local/lib/python3.12/site-packages/airflow/example_dags/example_nested_branch_dag.py took 0.052 seconds
[2025-02-14T23:51:31.539+0000] {processor.py:186} INFO - Started process (PID=1904) to work on /home/airflow/.local/lib/python3.12/site-packages/airflow/example_dags/example_nested_branch_dag.py
[2025-02-14T23:51:31.540+0000] {processor.py:914} INFO - Processing file /home/airflow/.local/lib/python3.12/site-packages/airflow/example_dags/example_nested_branch_dag.py for tasks to queue
[2025-02-14T23:51:31.542+0000] {logging_mixin.py:190} INFO - [2025-02-14T23:51:31.541+0000] {dagbag.py:588} INFO - Filling up the DagBag from /home/airflow/.local/lib/python3.12/site-packages/airflow/example_dags/example_nested_branch_dag.py
[2025-02-14T23:51:31.549+0000] {processor.py:925} INFO - DAG(s) 'example_nested_branch_dag' retrieved from /home/airflow/.local/lib/python3.12/site-packages/airflow/example_dags/example_nested_branch_dag.py
[2025-02-14T23:51:31.563+0000] {logging_mixin.py:190} INFO - [2025-02-14T23:51:31.563+0000] {dag.py:3239} INFO - Sync 1 DAGs
[2025-02-14T23:51:31.578+0000] {logging_mixin.py:190} INFO - [2025-02-14T23:51:31.578+0000] {dag.py:4180} INFO - Setting next_dagrun for example_nested_branch_dag to 2025-02-13 00:00:00+00:00, run_after=2025-02-14 00:00:00+00:00
[2025-02-14T23:51:31.590+0000] {processor.py:208} INFO - Processing /home/airflow/.local/lib/python3.12/site-packages/airflow/example_dags/example_nested_branch_dag.py took 0.055 seconds
[2025-02-14T23:52:01.815+0000] {processor.py:186} INFO - Started process (PID=1967) to work on /home/airflow/.local/lib/python3.12/site-packages/airflow/example_dags/example_nested_branch_dag.py
[2025-02-14T23:52:01.816+0000] {processor.py:914} INFO - Processing file /home/airflow/.local/lib/python3.12/site-packages/airflow/example_dags/example_nested_branch_dag.py for tasks to queue
[2025-02-14T23:52:01.818+0000] {logging_mixin.py:190} INFO - [2025-02-14T23:52:01.818+0000] {dagbag.py:588} INFO - Filling up the DagBag from /home/airflow/.local/lib/python3.12/site-packages/airflow/example_dags/example_nested_branch_dag.py
[2025-02-14T23:52:01.828+0000] {processor.py:925} INFO - DAG(s) 'example_nested_branch_dag' retrieved from /home/airflow/.local/lib/python3.12/site-packages/airflow/example_dags/example_nested_branch_dag.py
[2025-02-14T23:52:01.844+0000] {logging_mixin.py:190} INFO - [2025-02-14T23:52:01.844+0000] {dag.py:3239} INFO - Sync 1 DAGs
[2025-02-14T23:52:01.859+0000] {logging_mixin.py:190} INFO - [2025-02-14T23:52:01.859+0000] {dag.py:4180} INFO - Setting next_dagrun for example_nested_branch_dag to 2025-02-13 00:00:00+00:00, run_after=2025-02-14 00:00:00+00:00
[2025-02-14T23:52:01.870+0000] {processor.py:208} INFO - Processing /home/airflow/.local/lib/python3.12/site-packages/airflow/example_dags/example_nested_branch_dag.py took 0.059 seconds
[2025-02-14T23:52:32.640+0000] {processor.py:186} INFO - Started process (PID=2030) to work on /home/airflow/.local/lib/python3.12/site-packages/airflow/example_dags/example_nested_branch_dag.py
[2025-02-14T23:52:32.641+0000] {processor.py:914} INFO - Processing file /home/airflow/.local/lib/python3.12/site-packages/airflow/example_dags/example_nested_branch_dag.py for tasks to queue
[2025-02-14T23:52:32.643+0000] {logging_mixin.py:190} INFO - [2025-02-14T23:52:32.643+0000] {dagbag.py:588} INFO - Filling up the DagBag from /home/airflow/.local/lib/python3.12/site-packages/airflow/example_dags/example_nested_branch_dag.py
[2025-02-14T23:52:32.650+0000] {processor.py:925} INFO - DAG(s) 'example_nested_branch_dag' retrieved from /home/airflow/.local/lib/python3.12/site-packages/airflow/example_dags/example_nested_branch_dag.py
[2025-02-14T23:52:32.668+0000] {logging_mixin.py:190} INFO - [2025-02-14T23:52:32.668+0000] {dag.py:3239} INFO - Sync 1 DAGs
[2025-02-14T23:52:32.685+0000] {logging_mixin.py:190} INFO - [2025-02-14T23:52:32.685+0000] {dag.py:4180} INFO - Setting next_dagrun for example_nested_branch_dag to 2025-02-13 00:00:00+00:00, run_after=2025-02-14 00:00:00+00:00
[2025-02-14T23:52:32.696+0000] {processor.py:208} INFO - Processing /home/airflow/.local/lib/python3.12/site-packages/airflow/example_dags/example_nested_branch_dag.py took 0.060 seconds
[2025-02-14T23:53:02.841+0000] {processor.py:186} INFO - Started process (PID=2093) to work on /home/airflow/.local/lib/python3.12/site-packages/airflow/example_dags/example_nested_branch_dag.py
[2025-02-14T23:53:02.842+0000] {processor.py:914} INFO - Processing file /home/airflow/.local/lib/python3.12/site-packages/airflow/example_dags/example_nested_branch_dag.py for tasks to queue
[2025-02-14T23:53:02.844+0000] {logging_mixin.py:190} INFO - [2025-02-14T23:53:02.844+0000] {dagbag.py:588} INFO - Filling up the DagBag from /home/airflow/.local/lib/python3.12/site-packages/airflow/example_dags/example_nested_branch_dag.py
[2025-02-14T23:53:02.851+0000] {processor.py:925} INFO - DAG(s) 'example_nested_branch_dag' retrieved from /home/airflow/.local/lib/python3.12/site-packages/airflow/example_dags/example_nested_branch_dag.py
[2025-02-14T23:53:02.865+0000] {logging_mixin.py:190} INFO - [2025-02-14T23:53:02.864+0000] {dag.py:3239} INFO - Sync 1 DAGs
[2025-02-14T23:53:02.881+0000] {logging_mixin.py:190} INFO - [2025-02-14T23:53:02.880+0000] {dag.py:4180} INFO - Setting next_dagrun for example_nested_branch_dag to 2025-02-13 00:00:00+00:00, run_after=2025-02-14 00:00:00+00:00
[2025-02-14T23:53:02.893+0000] {processor.py:208} INFO - Processing /home/airflow/.local/lib/python3.12/site-packages/airflow/example_dags/example_nested_branch_dag.py took 0.056 seconds
[2025-02-14T23:53:33.271+0000] {processor.py:186} INFO - Started process (PID=2156) to work on /home/airflow/.local/lib/python3.12/site-packages/airflow/example_dags/example_nested_branch_dag.py
[2025-02-14T23:53:33.271+0000] {processor.py:914} INFO - Processing file /home/airflow/.local/lib/python3.12/site-packages/airflow/example_dags/example_nested_branch_dag.py for tasks to queue
[2025-02-14T23:53:33.273+0000] {logging_mixin.py:190} INFO - [2025-02-14T23:53:33.273+0000] {dagbag.py:588} INFO - Filling up the DagBag from /home/airflow/.local/lib/python3.12/site-packages/airflow/example_dags/example_nested_branch_dag.py
[2025-02-14T23:53:33.280+0000] {processor.py:925} INFO - DAG(s) 'example_nested_branch_dag' retrieved from /home/airflow/.local/lib/python3.12/site-packages/airflow/example_dags/example_nested_branch_dag.py
[2025-02-14T23:53:33.293+0000] {logging_mixin.py:190} INFO - [2025-02-14T23:53:33.293+0000] {dag.py:3239} INFO - Sync 1 DAGs
[2025-02-14T23:53:33.309+0000] {logging_mixin.py:190} INFO - [2025-02-14T23:53:33.309+0000] {dag.py:4180} INFO - Setting next_dagrun for example_nested_branch_dag to 2025-02-13 00:00:00+00:00, run_after=2025-02-14 00:00:00+00:00
[2025-02-14T23:53:33.319+0000] {processor.py:208} INFO - Processing /home/airflow/.local/lib/python3.12/site-packages/airflow/example_dags/example_nested_branch_dag.py took 0.052 seconds
[2025-02-14T23:54:03.978+0000] {processor.py:186} INFO - Started process (PID=2219) to work on /home/airflow/.local/lib/python3.12/site-packages/airflow/example_dags/example_nested_branch_dag.py
[2025-02-14T23:54:03.979+0000] {processor.py:914} INFO - Processing file /home/airflow/.local/lib/python3.12/site-packages/airflow/example_dags/example_nested_branch_dag.py for tasks to queue
[2025-02-14T23:54:03.981+0000] {logging_mixin.py:190} INFO - [2025-02-14T23:54:03.980+0000] {dagbag.py:588} INFO - Filling up the DagBag from /home/airflow/.local/lib/python3.12/site-packages/airflow/example_dags/example_nested_branch_dag.py
[2025-02-14T23:54:03.989+0000] {processor.py:925} INFO - DAG(s) 'example_nested_branch_dag' retrieved from /home/airflow/.local/lib/python3.12/site-packages/airflow/example_dags/example_nested_branch_dag.py
[2025-02-14T23:54:04.004+0000] {logging_mixin.py:190} INFO - [2025-02-14T23:54:04.004+0000] {dag.py:3239} INFO - Sync 1 DAGs
[2025-02-14T23:54:04.018+0000] {logging_mixin.py:190} INFO - [2025-02-14T23:54:04.018+0000] {dag.py:4180} INFO - Setting next_dagrun for example_nested_branch_dag to 2025-02-13 00:00:00+00:00, run_after=2025-02-14 00:00:00+00:00
[2025-02-14T23:54:04.032+0000] {processor.py:208} INFO - Processing /home/airflow/.local/lib/python3.12/site-packages/airflow/example_dags/example_nested_branch_dag.py took 0.058 seconds
[2025-02-14T23:54:34.098+0000] {processor.py:186} INFO - Started process (PID=2282) to work on /home/airflow/.local/lib/python3.12/site-packages/airflow/example_dags/example_nested_branch_dag.py
[2025-02-14T23:54:34.098+0000] {processor.py:914} INFO - Processing file /home/airflow/.local/lib/python3.12/site-packages/airflow/example_dags/example_nested_branch_dag.py for tasks to queue
[2025-02-14T23:54:34.100+0000] {logging_mixin.py:190} INFO - [2025-02-14T23:54:34.100+0000] {dagbag.py:588} INFO - Filling up the DagBag from /home/airflow/.local/lib/python3.12/site-packages/airflow/example_dags/example_nested_branch_dag.py
[2025-02-14T23:54:34.108+0000] {processor.py:925} INFO - DAG(s) 'example_nested_branch_dag' retrieved from /home/airflow/.local/lib/python3.12/site-packages/airflow/example_dags/example_nested_branch_dag.py
[2025-02-14T23:54:34.123+0000] {logging_mixin.py:190} INFO - [2025-02-14T23:54:34.123+0000] {dag.py:3239} INFO - Sync 1 DAGs
[2025-02-14T23:54:34.138+0000] {logging_mixin.py:190} INFO - [2025-02-14T23:54:34.138+0000] {dag.py:4180} INFO - Setting next_dagrun for example_nested_branch_dag to 2025-02-13 00:00:00+00:00, run_after=2025-02-14 00:00:00+00:00
[2025-02-14T23:54:34.153+0000] {processor.py:208} INFO - Processing /home/airflow/.local/lib/python3.12/site-packages/airflow/example_dags/example_nested_branch_dag.py took 0.059 seconds
[2025-02-14T23:55:05.900+0000] {processor.py:186} INFO - Started process (PID=2345) to work on /home/airflow/.local/lib/python3.12/site-packages/airflow/example_dags/example_nested_branch_dag.py
[2025-02-14T23:55:05.902+0000] {processor.py:914} INFO - Processing file /home/airflow/.local/lib/python3.12/site-packages/airflow/example_dags/example_nested_branch_dag.py for tasks to queue
[2025-02-14T23:55:05.906+0000] {logging_mixin.py:190} INFO - [2025-02-14T23:55:05.906+0000] {dagbag.py:588} INFO - Filling up the DagBag from /home/airflow/.local/lib/python3.12/site-packages/airflow/example_dags/example_nested_branch_dag.py
[2025-02-14T23:55:05.916+0000] {processor.py:925} INFO - DAG(s) 'example_nested_branch_dag' retrieved from /home/airflow/.local/lib/python3.12/site-packages/airflow/example_dags/example_nested_branch_dag.py
[2025-02-14T23:55:05.935+0000] {logging_mixin.py:190} INFO - [2025-02-14T23:55:05.935+0000] {dag.py:3239} INFO - Sync 1 DAGs
[2025-02-14T23:55:05.959+0000] {logging_mixin.py:190} INFO - [2025-02-14T23:55:05.959+0000] {dag.py:4180} INFO - Setting next_dagrun for example_nested_branch_dag to 2025-02-13 00:00:00+00:00, run_after=2025-02-14 00:00:00+00:00
[2025-02-14T23:55:05.973+0000] {processor.py:208} INFO - Processing /home/airflow/.local/lib/python3.12/site-packages/airflow/example_dags/example_nested_branch_dag.py took 0.080 seconds
