[2025-02-14T23:36:47.097+0000] {processor.py:186} INFO - Started process (PID=94) to work on /home/airflow/.local/lib/python3.12/site-packages/airflow/example_dags/example_dynamic_task_mapping.py
[2025-02-14T23:36:47.098+0000] {processor.py:914} INFO - Processing file /home/airflow/.local/lib/python3.12/site-packages/airflow/example_dags/example_dynamic_task_mapping.py for tasks to queue
[2025-02-14T23:36:47.100+0000] {logging_mixin.py:190} INFO - [2025-02-14T23:36:47.099+0000] {dagbag.py:588} INFO - Filling up the DagBag from /home/airflow/.local/lib/python3.12/site-packages/airflow/example_dags/example_dynamic_task_mapping.py
[2025-02-14T23:36:47.108+0000] {processor.py:925} INFO - DAG(s) 'example_dynamic_task_mapping' retrieved from /home/airflow/.local/lib/python3.12/site-packages/airflow/example_dags/example_dynamic_task_mapping.py
[2025-02-14T23:36:47.127+0000] {logging_mixin.py:190} INFO - [2025-02-14T23:36:47.126+0000] {dag.py:3239} INFO - Sync 1 DAGs
[2025-02-14T23:36:47.139+0000] {logging_mixin.py:190} INFO - [2025-02-14T23:36:47.139+0000] {dag.py:4180} INFO - Setting next_dagrun for example_dynamic_task_mapping to None, run_after=None
[2025-02-14T23:36:47.155+0000] {processor.py:208} INFO - Processing /home/airflow/.local/lib/python3.12/site-packages/airflow/example_dags/example_dynamic_task_mapping.py took 0.064 seconds
[2025-02-14T23:37:17.189+0000] {processor.py:186} INFO - Started process (PID=156) to work on /home/airflow/.local/lib/python3.12/site-packages/airflow/example_dags/example_dynamic_task_mapping.py
[2025-02-14T23:37:17.193+0000] {processor.py:914} INFO - Processing file /home/airflow/.local/lib/python3.12/site-packages/airflow/example_dags/example_dynamic_task_mapping.py for tasks to queue
[2025-02-14T23:37:17.194+0000] {logging_mixin.py:190} INFO - [2025-02-14T23:37:17.194+0000] {dagbag.py:588} INFO - Filling up the DagBag from /home/airflow/.local/lib/python3.12/site-packages/airflow/example_dags/example_dynamic_task_mapping.py
[2025-02-14T23:37:17.200+0000] {processor.py:925} INFO - DAG(s) 'example_dynamic_task_mapping' retrieved from /home/airflow/.local/lib/python3.12/site-packages/airflow/example_dags/example_dynamic_task_mapping.py
[2025-02-14T23:37:17.212+0000] {logging_mixin.py:190} INFO - [2025-02-14T23:37:17.211+0000] {dag.py:3239} INFO - Sync 1 DAGs
[2025-02-14T23:37:17.221+0000] {logging_mixin.py:190} INFO - [2025-02-14T23:37:17.221+0000] {dag.py:4180} INFO - Setting next_dagrun for example_dynamic_task_mapping to None, run_after=None
[2025-02-14T23:37:17.237+0000] {processor.py:208} INFO - Processing /home/airflow/.local/lib/python3.12/site-packages/airflow/example_dags/example_dynamic_task_mapping.py took 0.052 seconds
[2025-02-14T23:37:48.180+0000] {processor.py:186} INFO - Started process (PID=225) to work on /home/airflow/.local/lib/python3.12/site-packages/airflow/example_dags/example_dynamic_task_mapping.py
[2025-02-14T23:37:48.180+0000] {processor.py:914} INFO - Processing file /home/airflow/.local/lib/python3.12/site-packages/airflow/example_dags/example_dynamic_task_mapping.py for tasks to queue
[2025-02-14T23:37:48.182+0000] {logging_mixin.py:190} INFO - [2025-02-14T23:37:48.182+0000] {dagbag.py:588} INFO - Filling up the DagBag from /home/airflow/.local/lib/python3.12/site-packages/airflow/example_dags/example_dynamic_task_mapping.py
[2025-02-14T23:37:48.188+0000] {processor.py:925} INFO - DAG(s) 'example_dynamic_task_mapping' retrieved from /home/airflow/.local/lib/python3.12/site-packages/airflow/example_dags/example_dynamic_task_mapping.py
[2025-02-14T23:37:48.204+0000] {logging_mixin.py:190} INFO - [2025-02-14T23:37:48.204+0000] {dag.py:3239} INFO - Sync 1 DAGs
[2025-02-14T23:37:48.214+0000] {logging_mixin.py:190} INFO - [2025-02-14T23:37:48.214+0000] {dag.py:4180} INFO - Setting next_dagrun for example_dynamic_task_mapping to None, run_after=None
[2025-02-14T23:37:48.224+0000] {processor.py:208} INFO - Processing /home/airflow/.local/lib/python3.12/site-packages/airflow/example_dags/example_dynamic_task_mapping.py took 0.048 seconds
[2025-02-14T23:38:18.932+0000] {processor.py:186} INFO - Started process (PID=288) to work on /home/airflow/.local/lib/python3.12/site-packages/airflow/example_dags/example_dynamic_task_mapping.py
[2025-02-14T23:38:18.933+0000] {processor.py:914} INFO - Processing file /home/airflow/.local/lib/python3.12/site-packages/airflow/example_dags/example_dynamic_task_mapping.py for tasks to queue
[2025-02-14T23:38:18.934+0000] {logging_mixin.py:190} INFO - [2025-02-14T23:38:18.934+0000] {dagbag.py:588} INFO - Filling up the DagBag from /home/airflow/.local/lib/python3.12/site-packages/airflow/example_dags/example_dynamic_task_mapping.py
[2025-02-14T23:38:18.941+0000] {processor.py:925} INFO - DAG(s) 'example_dynamic_task_mapping' retrieved from /home/airflow/.local/lib/python3.12/site-packages/airflow/example_dags/example_dynamic_task_mapping.py
[2025-02-14T23:38:18.954+0000] {logging_mixin.py:190} INFO - [2025-02-14T23:38:18.954+0000] {dag.py:3239} INFO - Sync 1 DAGs
[2025-02-14T23:38:18.963+0000] {logging_mixin.py:190} INFO - [2025-02-14T23:38:18.963+0000] {dag.py:4180} INFO - Setting next_dagrun for example_dynamic_task_mapping to None, run_after=None
[2025-02-14T23:38:18.972+0000] {processor.py:208} INFO - Processing /home/airflow/.local/lib/python3.12/site-packages/airflow/example_dags/example_dynamic_task_mapping.py took 0.043 seconds
[2025-02-14T23:38:49.321+0000] {processor.py:186} INFO - Started process (PID=351) to work on /home/airflow/.local/lib/python3.12/site-packages/airflow/example_dags/example_dynamic_task_mapping.py
[2025-02-14T23:38:49.321+0000] {processor.py:914} INFO - Processing file /home/airflow/.local/lib/python3.12/site-packages/airflow/example_dags/example_dynamic_task_mapping.py for tasks to queue
[2025-02-14T23:38:49.323+0000] {logging_mixin.py:190} INFO - [2025-02-14T23:38:49.323+0000] {dagbag.py:588} INFO - Filling up the DagBag from /home/airflow/.local/lib/python3.12/site-packages/airflow/example_dags/example_dynamic_task_mapping.py
[2025-02-14T23:38:49.329+0000] {processor.py:925} INFO - DAG(s) 'example_dynamic_task_mapping' retrieved from /home/airflow/.local/lib/python3.12/site-packages/airflow/example_dags/example_dynamic_task_mapping.py
[2025-02-14T23:38:49.342+0000] {logging_mixin.py:190} INFO - [2025-02-14T23:38:49.342+0000] {dag.py:3239} INFO - Sync 1 DAGs
[2025-02-14T23:38:49.351+0000] {logging_mixin.py:190} INFO - [2025-02-14T23:38:49.351+0000] {dag.py:4180} INFO - Setting next_dagrun for example_dynamic_task_mapping to None, run_after=None
[2025-02-14T23:38:49.360+0000] {processor.py:208} INFO - Processing /home/airflow/.local/lib/python3.12/site-packages/airflow/example_dags/example_dynamic_task_mapping.py took 0.043 seconds
[2025-02-14T23:39:19.529+0000] {processor.py:186} INFO - Started process (PID=413) to work on /home/airflow/.local/lib/python3.12/site-packages/airflow/example_dags/example_dynamic_task_mapping.py
[2025-02-14T23:39:19.530+0000] {processor.py:914} INFO - Processing file /home/airflow/.local/lib/python3.12/site-packages/airflow/example_dags/example_dynamic_task_mapping.py for tasks to queue
[2025-02-14T23:39:19.532+0000] {logging_mixin.py:190} INFO - [2025-02-14T23:39:19.531+0000] {dagbag.py:588} INFO - Filling up the DagBag from /home/airflow/.local/lib/python3.12/site-packages/airflow/example_dags/example_dynamic_task_mapping.py
[2025-02-14T23:39:19.537+0000] {processor.py:925} INFO - DAG(s) 'example_dynamic_task_mapping' retrieved from /home/airflow/.local/lib/python3.12/site-packages/airflow/example_dags/example_dynamic_task_mapping.py
[2025-02-14T23:39:19.549+0000] {logging_mixin.py:190} INFO - [2025-02-14T23:39:19.549+0000] {dag.py:3239} INFO - Sync 1 DAGs
[2025-02-14T23:39:19.557+0000] {logging_mixin.py:190} INFO - [2025-02-14T23:39:19.557+0000] {dag.py:4180} INFO - Setting next_dagrun for example_dynamic_task_mapping to None, run_after=None
[2025-02-14T23:39:19.566+0000] {processor.py:208} INFO - Processing /home/airflow/.local/lib/python3.12/site-packages/airflow/example_dags/example_dynamic_task_mapping.py took 0.040 seconds
[2025-02-14T23:39:49.741+0000] {processor.py:186} INFO - Started process (PID=476) to work on /home/airflow/.local/lib/python3.12/site-packages/airflow/example_dags/example_dynamic_task_mapping.py
[2025-02-14T23:39:49.742+0000] {processor.py:914} INFO - Processing file /home/airflow/.local/lib/python3.12/site-packages/airflow/example_dags/example_dynamic_task_mapping.py for tasks to queue
[2025-02-14T23:39:49.743+0000] {logging_mixin.py:190} INFO - [2025-02-14T23:39:49.743+0000] {dagbag.py:588} INFO - Filling up the DagBag from /home/airflow/.local/lib/python3.12/site-packages/airflow/example_dags/example_dynamic_task_mapping.py
[2025-02-14T23:39:49.749+0000] {processor.py:925} INFO - DAG(s) 'example_dynamic_task_mapping' retrieved from /home/airflow/.local/lib/python3.12/site-packages/airflow/example_dags/example_dynamic_task_mapping.py
[2025-02-14T23:39:49.762+0000] {logging_mixin.py:190} INFO - [2025-02-14T23:39:49.762+0000] {dag.py:3239} INFO - Sync 1 DAGs
[2025-02-14T23:39:49.771+0000] {logging_mixin.py:190} INFO - [2025-02-14T23:39:49.771+0000] {dag.py:4180} INFO - Setting next_dagrun for example_dynamic_task_mapping to None, run_after=None
[2025-02-14T23:39:49.780+0000] {processor.py:208} INFO - Processing /home/airflow/.local/lib/python3.12/site-packages/airflow/example_dags/example_dynamic_task_mapping.py took 0.044 seconds
[2025-02-14T23:40:20.361+0000] {processor.py:186} INFO - Started process (PID=539) to work on /home/airflow/.local/lib/python3.12/site-packages/airflow/example_dags/example_dynamic_task_mapping.py
[2025-02-14T23:40:20.362+0000] {processor.py:914} INFO - Processing file /home/airflow/.local/lib/python3.12/site-packages/airflow/example_dags/example_dynamic_task_mapping.py for tasks to queue
[2025-02-14T23:40:20.364+0000] {logging_mixin.py:190} INFO - [2025-02-14T23:40:20.363+0000] {dagbag.py:588} INFO - Filling up the DagBag from /home/airflow/.local/lib/python3.12/site-packages/airflow/example_dags/example_dynamic_task_mapping.py
[2025-02-14T23:40:20.371+0000] {processor.py:925} INFO - DAG(s) 'example_dynamic_task_mapping' retrieved from /home/airflow/.local/lib/python3.12/site-packages/airflow/example_dags/example_dynamic_task_mapping.py
[2025-02-14T23:40:20.406+0000] {logging_mixin.py:190} INFO - [2025-02-14T23:40:20.406+0000] {dag.py:3239} INFO - Sync 1 DAGs
[2025-02-14T23:40:20.421+0000] {logging_mixin.py:190} INFO - [2025-02-14T23:40:20.421+0000] {dag.py:4180} INFO - Setting next_dagrun for example_dynamic_task_mapping to None, run_after=None
[2025-02-14T23:40:20.435+0000] {processor.py:208} INFO - Processing /home/airflow/.local/lib/python3.12/site-packages/airflow/example_dags/example_dynamic_task_mapping.py took 0.077 seconds
[2025-02-14T23:40:51.001+0000] {processor.py:186} INFO - Started process (PID=601) to work on /home/airflow/.local/lib/python3.12/site-packages/airflow/example_dags/example_dynamic_task_mapping.py
[2025-02-14T23:40:51.002+0000] {processor.py:914} INFO - Processing file /home/airflow/.local/lib/python3.12/site-packages/airflow/example_dags/example_dynamic_task_mapping.py for tasks to queue
[2025-02-14T23:40:51.003+0000] {logging_mixin.py:190} INFO - [2025-02-14T23:40:51.003+0000] {dagbag.py:588} INFO - Filling up the DagBag from /home/airflow/.local/lib/python3.12/site-packages/airflow/example_dags/example_dynamic_task_mapping.py
[2025-02-14T23:40:51.009+0000] {processor.py:925} INFO - DAG(s) 'example_dynamic_task_mapping' retrieved from /home/airflow/.local/lib/python3.12/site-packages/airflow/example_dags/example_dynamic_task_mapping.py
[2025-02-14T23:40:51.020+0000] {logging_mixin.py:190} INFO - [2025-02-14T23:40:51.020+0000] {dag.py:3239} INFO - Sync 1 DAGs
[2025-02-14T23:40:51.028+0000] {logging_mixin.py:190} INFO - [2025-02-14T23:40:51.028+0000] {dag.py:4180} INFO - Setting next_dagrun for example_dynamic_task_mapping to None, run_after=None
[2025-02-14T23:40:51.036+0000] {processor.py:208} INFO - Processing /home/airflow/.local/lib/python3.12/site-packages/airflow/example_dags/example_dynamic_task_mapping.py took 0.039 seconds
[2025-02-14T23:41:22.059+0000] {processor.py:186} INFO - Started process (PID=665) to work on /home/airflow/.local/lib/python3.12/site-packages/airflow/example_dags/example_dynamic_task_mapping.py
[2025-02-14T23:41:22.060+0000] {processor.py:914} INFO - Processing file /home/airflow/.local/lib/python3.12/site-packages/airflow/example_dags/example_dynamic_task_mapping.py for tasks to queue
[2025-02-14T23:41:22.062+0000] {logging_mixin.py:190} INFO - [2025-02-14T23:41:22.062+0000] {dagbag.py:588} INFO - Filling up the DagBag from /home/airflow/.local/lib/python3.12/site-packages/airflow/example_dags/example_dynamic_task_mapping.py
[2025-02-14T23:41:22.070+0000] {processor.py:925} INFO - DAG(s) 'example_dynamic_task_mapping' retrieved from /home/airflow/.local/lib/python3.12/site-packages/airflow/example_dags/example_dynamic_task_mapping.py
[2025-02-14T23:41:22.085+0000] {logging_mixin.py:190} INFO - [2025-02-14T23:41:22.085+0000] {dag.py:3239} INFO - Sync 1 DAGs
[2025-02-14T23:41:22.098+0000] {logging_mixin.py:190} INFO - [2025-02-14T23:41:22.097+0000] {dag.py:4180} INFO - Setting next_dagrun for example_dynamic_task_mapping to None, run_after=None
[2025-02-14T23:41:22.110+0000] {processor.py:208} INFO - Processing /home/airflow/.local/lib/python3.12/site-packages/airflow/example_dags/example_dynamic_task_mapping.py took 0.056 seconds
[2025-02-14T23:41:52.864+0000] {processor.py:186} INFO - Started process (PID=728) to work on /home/airflow/.local/lib/python3.12/site-packages/airflow/example_dags/example_dynamic_task_mapping.py
[2025-02-14T23:41:52.867+0000] {processor.py:914} INFO - Processing file /home/airflow/.local/lib/python3.12/site-packages/airflow/example_dags/example_dynamic_task_mapping.py for tasks to queue
[2025-02-14T23:41:52.868+0000] {logging_mixin.py:190} INFO - [2025-02-14T23:41:52.868+0000] {dagbag.py:588} INFO - Filling up the DagBag from /home/airflow/.local/lib/python3.12/site-packages/airflow/example_dags/example_dynamic_task_mapping.py
[2025-02-14T23:41:52.874+0000] {processor.py:925} INFO - DAG(s) 'example_dynamic_task_mapping' retrieved from /home/airflow/.local/lib/python3.12/site-packages/airflow/example_dags/example_dynamic_task_mapping.py
[2025-02-14T23:41:52.886+0000] {logging_mixin.py:190} INFO - [2025-02-14T23:41:52.886+0000] {dag.py:3239} INFO - Sync 1 DAGs
[2025-02-14T23:41:52.895+0000] {logging_mixin.py:190} INFO - [2025-02-14T23:41:52.895+0000] {dag.py:4180} INFO - Setting next_dagrun for example_dynamic_task_mapping to None, run_after=None
[2025-02-14T23:41:52.904+0000] {processor.py:208} INFO - Processing /home/airflow/.local/lib/python3.12/site-packages/airflow/example_dags/example_dynamic_task_mapping.py took 0.044 seconds
[2025-02-14T23:42:23.238+0000] {processor.py:186} INFO - Started process (PID=791) to work on /home/airflow/.local/lib/python3.12/site-packages/airflow/example_dags/example_dynamic_task_mapping.py
[2025-02-14T23:42:23.239+0000] {processor.py:914} INFO - Processing file /home/airflow/.local/lib/python3.12/site-packages/airflow/example_dags/example_dynamic_task_mapping.py for tasks to queue
[2025-02-14T23:42:23.241+0000] {logging_mixin.py:190} INFO - [2025-02-14T23:42:23.241+0000] {dagbag.py:588} INFO - Filling up the DagBag from /home/airflow/.local/lib/python3.12/site-packages/airflow/example_dags/example_dynamic_task_mapping.py
[2025-02-14T23:42:23.250+0000] {processor.py:925} INFO - DAG(s) 'example_dynamic_task_mapping' retrieved from /home/airflow/.local/lib/python3.12/site-packages/airflow/example_dags/example_dynamic_task_mapping.py
[2025-02-14T23:42:23.266+0000] {logging_mixin.py:190} INFO - [2025-02-14T23:42:23.266+0000] {dag.py:3239} INFO - Sync 1 DAGs
[2025-02-14T23:42:23.276+0000] {logging_mixin.py:190} INFO - [2025-02-14T23:42:23.276+0000] {dag.py:4180} INFO - Setting next_dagrun for example_dynamic_task_mapping to None, run_after=None
[2025-02-14T23:42:23.287+0000] {processor.py:208} INFO - Processing /home/airflow/.local/lib/python3.12/site-packages/airflow/example_dags/example_dynamic_task_mapping.py took 0.055 seconds
[2025-02-14T23:42:54.117+0000] {processor.py:186} INFO - Started process (PID=854) to work on /home/airflow/.local/lib/python3.12/site-packages/airflow/example_dags/example_dynamic_task_mapping.py
[2025-02-14T23:42:54.118+0000] {processor.py:914} INFO - Processing file /home/airflow/.local/lib/python3.12/site-packages/airflow/example_dags/example_dynamic_task_mapping.py for tasks to queue
[2025-02-14T23:42:54.120+0000] {logging_mixin.py:190} INFO - [2025-02-14T23:42:54.120+0000] {dagbag.py:588} INFO - Filling up the DagBag from /home/airflow/.local/lib/python3.12/site-packages/airflow/example_dags/example_dynamic_task_mapping.py
[2025-02-14T23:42:54.126+0000] {processor.py:925} INFO - DAG(s) 'example_dynamic_task_mapping' retrieved from /home/airflow/.local/lib/python3.12/site-packages/airflow/example_dags/example_dynamic_task_mapping.py
[2025-02-14T23:42:54.143+0000] {logging_mixin.py:190} INFO - [2025-02-14T23:42:54.142+0000] {dag.py:3239} INFO - Sync 1 DAGs
[2025-02-14T23:42:54.154+0000] {logging_mixin.py:190} INFO - [2025-02-14T23:42:54.154+0000] {dag.py:4180} INFO - Setting next_dagrun for example_dynamic_task_mapping to None, run_after=None
[2025-02-14T23:42:54.166+0000] {processor.py:208} INFO - Processing /home/airflow/.local/lib/python3.12/site-packages/airflow/example_dags/example_dynamic_task_mapping.py took 0.054 seconds
[2025-02-14T23:43:25.199+0000] {processor.py:186} INFO - Started process (PID=917) to work on /home/airflow/.local/lib/python3.12/site-packages/airflow/example_dags/example_dynamic_task_mapping.py
[2025-02-14T23:43:25.200+0000] {processor.py:914} INFO - Processing file /home/airflow/.local/lib/python3.12/site-packages/airflow/example_dags/example_dynamic_task_mapping.py for tasks to queue
[2025-02-14T23:43:25.202+0000] {logging_mixin.py:190} INFO - [2025-02-14T23:43:25.202+0000] {dagbag.py:588} INFO - Filling up the DagBag from /home/airflow/.local/lib/python3.12/site-packages/airflow/example_dags/example_dynamic_task_mapping.py
[2025-02-14T23:43:25.215+0000] {processor.py:925} INFO - DAG(s) 'example_dynamic_task_mapping' retrieved from /home/airflow/.local/lib/python3.12/site-packages/airflow/example_dags/example_dynamic_task_mapping.py
[2025-02-14T23:43:25.258+0000] {logging_mixin.py:190} INFO - [2025-02-14T23:43:25.258+0000] {dag.py:3239} INFO - Sync 1 DAGs
[2025-02-14T23:43:25.274+0000] {logging_mixin.py:190} INFO - [2025-02-14T23:43:25.274+0000] {dag.py:4180} INFO - Setting next_dagrun for example_dynamic_task_mapping to None, run_after=None
[2025-02-14T23:43:25.297+0000] {processor.py:208} INFO - Processing /home/airflow/.local/lib/python3.12/site-packages/airflow/example_dags/example_dynamic_task_mapping.py took 0.104 seconds
[2025-02-14T23:43:56.238+0000] {processor.py:186} INFO - Started process (PID=980) to work on /home/airflow/.local/lib/python3.12/site-packages/airflow/example_dags/example_dynamic_task_mapping.py
[2025-02-14T23:43:56.242+0000] {processor.py:914} INFO - Processing file /home/airflow/.local/lib/python3.12/site-packages/airflow/example_dags/example_dynamic_task_mapping.py for tasks to queue
[2025-02-14T23:43:56.243+0000] {logging_mixin.py:190} INFO - [2025-02-14T23:43:56.243+0000] {dagbag.py:588} INFO - Filling up the DagBag from /home/airflow/.local/lib/python3.12/site-packages/airflow/example_dags/example_dynamic_task_mapping.py
[2025-02-14T23:43:56.249+0000] {processor.py:925} INFO - DAG(s) 'example_dynamic_task_mapping' retrieved from /home/airflow/.local/lib/python3.12/site-packages/airflow/example_dags/example_dynamic_task_mapping.py
[2025-02-14T23:43:56.261+0000] {logging_mixin.py:190} INFO - [2025-02-14T23:43:56.261+0000] {dag.py:3239} INFO - Sync 1 DAGs
[2025-02-14T23:43:56.271+0000] {logging_mixin.py:190} INFO - [2025-02-14T23:43:56.271+0000] {dag.py:4180} INFO - Setting next_dagrun for example_dynamic_task_mapping to None, run_after=None
[2025-02-14T23:43:56.282+0000] {processor.py:208} INFO - Processing /home/airflow/.local/lib/python3.12/site-packages/airflow/example_dags/example_dynamic_task_mapping.py took 0.049 seconds
[2025-02-14T23:44:27.019+0000] {processor.py:186} INFO - Started process (PID=1042) to work on /home/airflow/.local/lib/python3.12/site-packages/airflow/example_dags/example_dynamic_task_mapping.py
[2025-02-14T23:44:27.020+0000] {processor.py:914} INFO - Processing file /home/airflow/.local/lib/python3.12/site-packages/airflow/example_dags/example_dynamic_task_mapping.py for tasks to queue
[2025-02-14T23:44:27.025+0000] {logging_mixin.py:190} INFO - [2025-02-14T23:44:27.025+0000] {dagbag.py:588} INFO - Filling up the DagBag from /home/airflow/.local/lib/python3.12/site-packages/airflow/example_dags/example_dynamic_task_mapping.py
[2025-02-14T23:44:27.030+0000] {processor.py:925} INFO - DAG(s) 'example_dynamic_task_mapping' retrieved from /home/airflow/.local/lib/python3.12/site-packages/airflow/example_dags/example_dynamic_task_mapping.py
[2025-02-14T23:44:27.041+0000] {logging_mixin.py:190} INFO - [2025-02-14T23:44:27.041+0000] {dag.py:3239} INFO - Sync 1 DAGs
[2025-02-14T23:44:27.049+0000] {logging_mixin.py:190} INFO - [2025-02-14T23:44:27.049+0000] {dag.py:4180} INFO - Setting next_dagrun for example_dynamic_task_mapping to None, run_after=None
[2025-02-14T23:44:27.058+0000] {processor.py:208} INFO - Processing /home/airflow/.local/lib/python3.12/site-packages/airflow/example_dags/example_dynamic_task_mapping.py took 0.043 seconds
[2025-02-14T23:44:57.888+0000] {processor.py:186} INFO - Started process (PID=1105) to work on /home/airflow/.local/lib/python3.12/site-packages/airflow/example_dags/example_dynamic_task_mapping.py
[2025-02-14T23:44:57.891+0000] {processor.py:914} INFO - Processing file /home/airflow/.local/lib/python3.12/site-packages/airflow/example_dags/example_dynamic_task_mapping.py for tasks to queue
[2025-02-14T23:44:57.893+0000] {logging_mixin.py:190} INFO - [2025-02-14T23:44:57.893+0000] {dagbag.py:588} INFO - Filling up the DagBag from /home/airflow/.local/lib/python3.12/site-packages/airflow/example_dags/example_dynamic_task_mapping.py
[2025-02-14T23:44:57.899+0000] {processor.py:925} INFO - DAG(s) 'example_dynamic_task_mapping' retrieved from /home/airflow/.local/lib/python3.12/site-packages/airflow/example_dags/example_dynamic_task_mapping.py
[2025-02-14T23:44:57.914+0000] {logging_mixin.py:190} INFO - [2025-02-14T23:44:57.914+0000] {dag.py:3239} INFO - Sync 1 DAGs
[2025-02-14T23:44:57.924+0000] {logging_mixin.py:190} INFO - [2025-02-14T23:44:57.923+0000] {dag.py:4180} INFO - Setting next_dagrun for example_dynamic_task_mapping to None, run_after=None
[2025-02-14T23:44:57.948+0000] {processor.py:208} INFO - Processing /home/airflow/.local/lib/python3.12/site-packages/airflow/example_dags/example_dynamic_task_mapping.py took 0.064 seconds
[2025-02-14T23:45:28.085+0000] {processor.py:186} INFO - Started process (PID=1167) to work on /home/airflow/.local/lib/python3.12/site-packages/airflow/example_dags/example_dynamic_task_mapping.py
[2025-02-14T23:45:28.087+0000] {processor.py:914} INFO - Processing file /home/airflow/.local/lib/python3.12/site-packages/airflow/example_dags/example_dynamic_task_mapping.py for tasks to queue
[2025-02-14T23:45:28.089+0000] {logging_mixin.py:190} INFO - [2025-02-14T23:45:28.089+0000] {dagbag.py:588} INFO - Filling up the DagBag from /home/airflow/.local/lib/python3.12/site-packages/airflow/example_dags/example_dynamic_task_mapping.py
[2025-02-14T23:45:28.105+0000] {processor.py:925} INFO - DAG(s) 'example_dynamic_task_mapping' retrieved from /home/airflow/.local/lib/python3.12/site-packages/airflow/example_dags/example_dynamic_task_mapping.py
[2025-02-14T23:45:28.122+0000] {logging_mixin.py:190} INFO - [2025-02-14T23:45:28.122+0000] {dag.py:3239} INFO - Sync 1 DAGs
[2025-02-14T23:45:28.132+0000] {logging_mixin.py:190} INFO - [2025-02-14T23:45:28.132+0000] {dag.py:4180} INFO - Setting next_dagrun for example_dynamic_task_mapping to None, run_after=None
[2025-02-14T23:45:28.143+0000] {processor.py:208} INFO - Processing /home/airflow/.local/lib/python3.12/site-packages/airflow/example_dags/example_dynamic_task_mapping.py took 0.065 seconds
[2025-02-14T23:45:58.325+0000] {processor.py:186} INFO - Started process (PID=1230) to work on /home/airflow/.local/lib/python3.12/site-packages/airflow/example_dags/example_dynamic_task_mapping.py
[2025-02-14T23:45:58.326+0000] {processor.py:914} INFO - Processing file /home/airflow/.local/lib/python3.12/site-packages/airflow/example_dags/example_dynamic_task_mapping.py for tasks to queue
[2025-02-14T23:45:58.328+0000] {logging_mixin.py:190} INFO - [2025-02-14T23:45:58.327+0000] {dagbag.py:588} INFO - Filling up the DagBag from /home/airflow/.local/lib/python3.12/site-packages/airflow/example_dags/example_dynamic_task_mapping.py
[2025-02-14T23:45:58.334+0000] {processor.py:925} INFO - DAG(s) 'example_dynamic_task_mapping' retrieved from /home/airflow/.local/lib/python3.12/site-packages/airflow/example_dags/example_dynamic_task_mapping.py
[2025-02-14T23:45:58.347+0000] {logging_mixin.py:190} INFO - [2025-02-14T23:45:58.347+0000] {dag.py:3239} INFO - Sync 1 DAGs
[2025-02-14T23:45:58.356+0000] {logging_mixin.py:190} INFO - [2025-02-14T23:45:58.356+0000] {dag.py:4180} INFO - Setting next_dagrun for example_dynamic_task_mapping to None, run_after=None
[2025-02-14T23:45:58.366+0000] {processor.py:208} INFO - Processing /home/airflow/.local/lib/python3.12/site-packages/airflow/example_dags/example_dynamic_task_mapping.py took 0.046 seconds
[2025-02-14T23:46:28.612+0000] {processor.py:186} INFO - Started process (PID=1293) to work on /home/airflow/.local/lib/python3.12/site-packages/airflow/example_dags/example_dynamic_task_mapping.py
[2025-02-14T23:46:28.613+0000] {processor.py:914} INFO - Processing file /home/airflow/.local/lib/python3.12/site-packages/airflow/example_dags/example_dynamic_task_mapping.py for tasks to queue
[2025-02-14T23:46:28.616+0000] {logging_mixin.py:190} INFO - [2025-02-14T23:46:28.615+0000] {dagbag.py:588} INFO - Filling up the DagBag from /home/airflow/.local/lib/python3.12/site-packages/airflow/example_dags/example_dynamic_task_mapping.py
[2025-02-14T23:46:28.621+0000] {processor.py:925} INFO - DAG(s) 'example_dynamic_task_mapping' retrieved from /home/airflow/.local/lib/python3.12/site-packages/airflow/example_dags/example_dynamic_task_mapping.py
[2025-02-14T23:46:28.633+0000] {logging_mixin.py:190} INFO - [2025-02-14T23:46:28.633+0000] {dag.py:3239} INFO - Sync 1 DAGs
[2025-02-14T23:46:28.641+0000] {logging_mixin.py:190} INFO - [2025-02-14T23:46:28.640+0000] {dag.py:4180} INFO - Setting next_dagrun for example_dynamic_task_mapping to None, run_after=None
[2025-02-14T23:46:28.650+0000] {processor.py:208} INFO - Processing /home/airflow/.local/lib/python3.12/site-packages/airflow/example_dags/example_dynamic_task_mapping.py took 0.043 seconds
[2025-02-14T23:46:59.273+0000] {processor.py:186} INFO - Started process (PID=1356) to work on /home/airflow/.local/lib/python3.12/site-packages/airflow/example_dags/example_dynamic_task_mapping.py
[2025-02-14T23:46:59.274+0000] {processor.py:914} INFO - Processing file /home/airflow/.local/lib/python3.12/site-packages/airflow/example_dags/example_dynamic_task_mapping.py for tasks to queue
[2025-02-14T23:46:59.276+0000] {logging_mixin.py:190} INFO - [2025-02-14T23:46:59.275+0000] {dagbag.py:588} INFO - Filling up the DagBag from /home/airflow/.local/lib/python3.12/site-packages/airflow/example_dags/example_dynamic_task_mapping.py
[2025-02-14T23:46:59.281+0000] {processor.py:925} INFO - DAG(s) 'example_dynamic_task_mapping' retrieved from /home/airflow/.local/lib/python3.12/site-packages/airflow/example_dags/example_dynamic_task_mapping.py
[2025-02-14T23:46:59.298+0000] {logging_mixin.py:190} INFO - [2025-02-14T23:46:59.298+0000] {dag.py:3239} INFO - Sync 1 DAGs
[2025-02-14T23:46:59.306+0000] {logging_mixin.py:190} INFO - [2025-02-14T23:46:59.306+0000] {dag.py:4180} INFO - Setting next_dagrun for example_dynamic_task_mapping to None, run_after=None
[2025-02-14T23:46:59.318+0000] {processor.py:208} INFO - Processing /home/airflow/.local/lib/python3.12/site-packages/airflow/example_dags/example_dynamic_task_mapping.py took 0.051 seconds
[2025-02-14T23:47:29.840+0000] {processor.py:186} INFO - Started process (PID=1418) to work on /home/airflow/.local/lib/python3.12/site-packages/airflow/example_dags/example_dynamic_task_mapping.py
[2025-02-14T23:47:29.841+0000] {processor.py:914} INFO - Processing file /home/airflow/.local/lib/python3.12/site-packages/airflow/example_dags/example_dynamic_task_mapping.py for tasks to queue
[2025-02-14T23:47:29.842+0000] {logging_mixin.py:190} INFO - [2025-02-14T23:47:29.842+0000] {dagbag.py:588} INFO - Filling up the DagBag from /home/airflow/.local/lib/python3.12/site-packages/airflow/example_dags/example_dynamic_task_mapping.py
[2025-02-14T23:47:29.849+0000] {processor.py:925} INFO - DAG(s) 'example_dynamic_task_mapping' retrieved from /home/airflow/.local/lib/python3.12/site-packages/airflow/example_dags/example_dynamic_task_mapping.py
[2025-02-14T23:47:29.865+0000] {logging_mixin.py:190} INFO - [2025-02-14T23:47:29.865+0000] {dag.py:3239} INFO - Sync 1 DAGs
[2025-02-14T23:47:29.874+0000] {logging_mixin.py:190} INFO - [2025-02-14T23:47:29.874+0000] {dag.py:4180} INFO - Setting next_dagrun for example_dynamic_task_mapping to None, run_after=None
[2025-02-14T23:47:29.885+0000] {processor.py:208} INFO - Processing /home/airflow/.local/lib/python3.12/site-packages/airflow/example_dags/example_dynamic_task_mapping.py took 0.051 seconds
[2025-02-14T23:48:00.306+0000] {processor.py:186} INFO - Started process (PID=1481) to work on /home/airflow/.local/lib/python3.12/site-packages/airflow/example_dags/example_dynamic_task_mapping.py
[2025-02-14T23:48:00.310+0000] {processor.py:914} INFO - Processing file /home/airflow/.local/lib/python3.12/site-packages/airflow/example_dags/example_dynamic_task_mapping.py for tasks to queue
[2025-02-14T23:48:00.313+0000] {logging_mixin.py:190} INFO - [2025-02-14T23:48:00.312+0000] {dagbag.py:588} INFO - Filling up the DagBag from /home/airflow/.local/lib/python3.12/site-packages/airflow/example_dags/example_dynamic_task_mapping.py
[2025-02-14T23:48:00.320+0000] {processor.py:925} INFO - DAG(s) 'example_dynamic_task_mapping' retrieved from /home/airflow/.local/lib/python3.12/site-packages/airflow/example_dags/example_dynamic_task_mapping.py
[2025-02-14T23:48:00.333+0000] {logging_mixin.py:190} INFO - [2025-02-14T23:48:00.333+0000] {dag.py:3239} INFO - Sync 1 DAGs
[2025-02-14T23:48:00.341+0000] {logging_mixin.py:190} INFO - [2025-02-14T23:48:00.341+0000] {dag.py:4180} INFO - Setting next_dagrun for example_dynamic_task_mapping to None, run_after=None
[2025-02-14T23:48:00.353+0000] {processor.py:208} INFO - Processing /home/airflow/.local/lib/python3.12/site-packages/airflow/example_dags/example_dynamic_task_mapping.py took 0.053 seconds
[2025-02-14T23:48:30.618+0000] {processor.py:186} INFO - Started process (PID=1544) to work on /home/airflow/.local/lib/python3.12/site-packages/airflow/example_dags/example_dynamic_task_mapping.py
[2025-02-14T23:48:30.619+0000] {processor.py:914} INFO - Processing file /home/airflow/.local/lib/python3.12/site-packages/airflow/example_dags/example_dynamic_task_mapping.py for tasks to queue
[2025-02-14T23:48:30.620+0000] {logging_mixin.py:190} INFO - [2025-02-14T23:48:30.620+0000] {dagbag.py:588} INFO - Filling up the DagBag from /home/airflow/.local/lib/python3.12/site-packages/airflow/example_dags/example_dynamic_task_mapping.py
[2025-02-14T23:48:30.626+0000] {processor.py:925} INFO - DAG(s) 'example_dynamic_task_mapping' retrieved from /home/airflow/.local/lib/python3.12/site-packages/airflow/example_dags/example_dynamic_task_mapping.py
[2025-02-14T23:48:30.642+0000] {logging_mixin.py:190} INFO - [2025-02-14T23:48:30.642+0000] {dag.py:3239} INFO - Sync 1 DAGs
[2025-02-14T23:48:30.653+0000] {logging_mixin.py:190} INFO - [2025-02-14T23:48:30.653+0000] {dag.py:4180} INFO - Setting next_dagrun for example_dynamic_task_mapping to None, run_after=None
[2025-02-14T23:48:30.667+0000] {processor.py:208} INFO - Processing /home/airflow/.local/lib/python3.12/site-packages/airflow/example_dags/example_dynamic_task_mapping.py took 0.053 seconds
[2025-02-14T23:49:00.941+0000] {processor.py:186} INFO - Started process (PID=1607) to work on /home/airflow/.local/lib/python3.12/site-packages/airflow/example_dags/example_dynamic_task_mapping.py
[2025-02-14T23:49:00.942+0000] {processor.py:914} INFO - Processing file /home/airflow/.local/lib/python3.12/site-packages/airflow/example_dags/example_dynamic_task_mapping.py for tasks to queue
[2025-02-14T23:49:00.944+0000] {logging_mixin.py:190} INFO - [2025-02-14T23:49:00.943+0000] {dagbag.py:588} INFO - Filling up the DagBag from /home/airflow/.local/lib/python3.12/site-packages/airflow/example_dags/example_dynamic_task_mapping.py
[2025-02-14T23:49:00.949+0000] {processor.py:925} INFO - DAG(s) 'example_dynamic_task_mapping' retrieved from /home/airflow/.local/lib/python3.12/site-packages/airflow/example_dags/example_dynamic_task_mapping.py
[2025-02-14T23:49:00.967+0000] {logging_mixin.py:190} INFO - [2025-02-14T23:49:00.967+0000] {dag.py:3239} INFO - Sync 1 DAGs
[2025-02-14T23:49:00.979+0000] {logging_mixin.py:190} INFO - [2025-02-14T23:49:00.978+0000] {dag.py:4180} INFO - Setting next_dagrun for example_dynamic_task_mapping to None, run_after=None
[2025-02-14T23:49:00.994+0000] {processor.py:208} INFO - Processing /home/airflow/.local/lib/python3.12/site-packages/airflow/example_dags/example_dynamic_task_mapping.py took 0.057 seconds
[2025-02-14T23:49:31.131+0000] {processor.py:186} INFO - Started process (PID=1670) to work on /home/airflow/.local/lib/python3.12/site-packages/airflow/example_dags/example_dynamic_task_mapping.py
[2025-02-14T23:49:31.132+0000] {processor.py:914} INFO - Processing file /home/airflow/.local/lib/python3.12/site-packages/airflow/example_dags/example_dynamic_task_mapping.py for tasks to queue
[2025-02-14T23:49:31.134+0000] {logging_mixin.py:190} INFO - [2025-02-14T23:49:31.134+0000] {dagbag.py:588} INFO - Filling up the DagBag from /home/airflow/.local/lib/python3.12/site-packages/airflow/example_dags/example_dynamic_task_mapping.py
[2025-02-14T23:49:31.140+0000] {processor.py:925} INFO - DAG(s) 'example_dynamic_task_mapping' retrieved from /home/airflow/.local/lib/python3.12/site-packages/airflow/example_dags/example_dynamic_task_mapping.py
[2025-02-14T23:49:31.158+0000] {logging_mixin.py:190} INFO - [2025-02-14T23:49:31.158+0000] {dag.py:3239} INFO - Sync 1 DAGs
[2025-02-14T23:49:31.166+0000] {logging_mixin.py:190} INFO - [2025-02-14T23:49:31.166+0000] {dag.py:4180} INFO - Setting next_dagrun for example_dynamic_task_mapping to None, run_after=None
[2025-02-14T23:49:31.178+0000] {processor.py:208} INFO - Processing /home/airflow/.local/lib/python3.12/site-packages/airflow/example_dags/example_dynamic_task_mapping.py took 0.052 seconds
[2025-02-14T23:50:01.467+0000] {processor.py:186} INFO - Started process (PID=1733) to work on /home/airflow/.local/lib/python3.12/site-packages/airflow/example_dags/example_dynamic_task_mapping.py
[2025-02-14T23:50:01.468+0000] {processor.py:914} INFO - Processing file /home/airflow/.local/lib/python3.12/site-packages/airflow/example_dags/example_dynamic_task_mapping.py for tasks to queue
[2025-02-14T23:50:01.469+0000] {logging_mixin.py:190} INFO - [2025-02-14T23:50:01.469+0000] {dagbag.py:588} INFO - Filling up the DagBag from /home/airflow/.local/lib/python3.12/site-packages/airflow/example_dags/example_dynamic_task_mapping.py
[2025-02-14T23:50:01.475+0000] {processor.py:925} INFO - DAG(s) 'example_dynamic_task_mapping' retrieved from /home/airflow/.local/lib/python3.12/site-packages/airflow/example_dags/example_dynamic_task_mapping.py
[2025-02-14T23:50:01.492+0000] {logging_mixin.py:190} INFO - [2025-02-14T23:50:01.491+0000] {dag.py:3239} INFO - Sync 1 DAGs
[2025-02-14T23:50:01.500+0000] {logging_mixin.py:190} INFO - [2025-02-14T23:50:01.500+0000] {dag.py:4180} INFO - Setting next_dagrun for example_dynamic_task_mapping to None, run_after=None
[2025-02-14T23:50:01.515+0000] {processor.py:208} INFO - Processing /home/airflow/.local/lib/python3.12/site-packages/airflow/example_dags/example_dynamic_task_mapping.py took 0.052 seconds
[2025-02-14T23:50:31.570+0000] {processor.py:186} INFO - Started process (PID=1796) to work on /home/airflow/.local/lib/python3.12/site-packages/airflow/example_dags/example_dynamic_task_mapping.py
[2025-02-14T23:50:31.570+0000] {processor.py:914} INFO - Processing file /home/airflow/.local/lib/python3.12/site-packages/airflow/example_dags/example_dynamic_task_mapping.py for tasks to queue
[2025-02-14T23:50:31.572+0000] {logging_mixin.py:190} INFO - [2025-02-14T23:50:31.572+0000] {dagbag.py:588} INFO - Filling up the DagBag from /home/airflow/.local/lib/python3.12/site-packages/airflow/example_dags/example_dynamic_task_mapping.py
[2025-02-14T23:50:31.579+0000] {processor.py:925} INFO - DAG(s) 'example_dynamic_task_mapping' retrieved from /home/airflow/.local/lib/python3.12/site-packages/airflow/example_dags/example_dynamic_task_mapping.py
[2025-02-14T23:50:31.601+0000] {logging_mixin.py:190} INFO - [2025-02-14T23:50:31.601+0000] {dag.py:3239} INFO - Sync 1 DAGs
[2025-02-14T23:50:31.614+0000] {logging_mixin.py:190} INFO - [2025-02-14T23:50:31.614+0000] {dag.py:4180} INFO - Setting next_dagrun for example_dynamic_task_mapping to None, run_after=None
[2025-02-14T23:50:31.636+0000] {processor.py:208} INFO - Processing /home/airflow/.local/lib/python3.12/site-packages/airflow/example_dags/example_dynamic_task_mapping.py took 0.073 seconds
[2025-02-14T23:51:01.872+0000] {processor.py:186} INFO - Started process (PID=1859) to work on /home/airflow/.local/lib/python3.12/site-packages/airflow/example_dags/example_dynamic_task_mapping.py
[2025-02-14T23:51:01.873+0000] {processor.py:914} INFO - Processing file /home/airflow/.local/lib/python3.12/site-packages/airflow/example_dags/example_dynamic_task_mapping.py for tasks to queue
[2025-02-14T23:51:01.874+0000] {logging_mixin.py:190} INFO - [2025-02-14T23:51:01.874+0000] {dagbag.py:588} INFO - Filling up the DagBag from /home/airflow/.local/lib/python3.12/site-packages/airflow/example_dags/example_dynamic_task_mapping.py
[2025-02-14T23:51:01.879+0000] {processor.py:925} INFO - DAG(s) 'example_dynamic_task_mapping' retrieved from /home/airflow/.local/lib/python3.12/site-packages/airflow/example_dags/example_dynamic_task_mapping.py
[2025-02-14T23:51:01.895+0000] {logging_mixin.py:190} INFO - [2025-02-14T23:51:01.895+0000] {dag.py:3239} INFO - Sync 1 DAGs
[2025-02-14T23:51:01.903+0000] {logging_mixin.py:190} INFO - [2025-02-14T23:51:01.903+0000] {dag.py:4180} INFO - Setting next_dagrun for example_dynamic_task_mapping to None, run_after=None
[2025-02-14T23:51:01.916+0000] {processor.py:208} INFO - Processing /home/airflow/.local/lib/python3.12/site-packages/airflow/example_dags/example_dynamic_task_mapping.py took 0.047 seconds
[2025-02-14T23:51:32.226+0000] {processor.py:186} INFO - Started process (PID=1922) to work on /home/airflow/.local/lib/python3.12/site-packages/airflow/example_dags/example_dynamic_task_mapping.py
[2025-02-14T23:51:32.228+0000] {processor.py:914} INFO - Processing file /home/airflow/.local/lib/python3.12/site-packages/airflow/example_dags/example_dynamic_task_mapping.py for tasks to queue
[2025-02-14T23:51:32.230+0000] {logging_mixin.py:190} INFO - [2025-02-14T23:51:32.229+0000] {dagbag.py:588} INFO - Filling up the DagBag from /home/airflow/.local/lib/python3.12/site-packages/airflow/example_dags/example_dynamic_task_mapping.py
[2025-02-14T23:51:32.237+0000] {processor.py:925} INFO - DAG(s) 'example_dynamic_task_mapping' retrieved from /home/airflow/.local/lib/python3.12/site-packages/airflow/example_dags/example_dynamic_task_mapping.py
[2025-02-14T23:51:32.254+0000] {logging_mixin.py:190} INFO - [2025-02-14T23:51:32.254+0000] {dag.py:3239} INFO - Sync 1 DAGs
[2025-02-14T23:51:32.266+0000] {logging_mixin.py:190} INFO - [2025-02-14T23:51:32.266+0000] {dag.py:4180} INFO - Setting next_dagrun for example_dynamic_task_mapping to None, run_after=None
[2025-02-14T23:51:32.281+0000] {processor.py:208} INFO - Processing /home/airflow/.local/lib/python3.12/site-packages/airflow/example_dags/example_dynamic_task_mapping.py took 0.059 seconds
[2025-02-14T23:52:02.543+0000] {processor.py:186} INFO - Started process (PID=1985) to work on /home/airflow/.local/lib/python3.12/site-packages/airflow/example_dags/example_dynamic_task_mapping.py
[2025-02-14T23:52:02.544+0000] {processor.py:914} INFO - Processing file /home/airflow/.local/lib/python3.12/site-packages/airflow/example_dags/example_dynamic_task_mapping.py for tasks to queue
[2025-02-14T23:52:02.547+0000] {logging_mixin.py:190} INFO - [2025-02-14T23:52:02.546+0000] {dagbag.py:588} INFO - Filling up the DagBag from /home/airflow/.local/lib/python3.12/site-packages/airflow/example_dags/example_dynamic_task_mapping.py
[2025-02-14T23:52:02.553+0000] {processor.py:925} INFO - DAG(s) 'example_dynamic_task_mapping' retrieved from /home/airflow/.local/lib/python3.12/site-packages/airflow/example_dags/example_dynamic_task_mapping.py
[2025-02-14T23:52:02.567+0000] {logging_mixin.py:190} INFO - [2025-02-14T23:52:02.567+0000] {dag.py:3239} INFO - Sync 1 DAGs
[2025-02-14T23:52:02.576+0000] {logging_mixin.py:190} INFO - [2025-02-14T23:52:02.576+0000] {dag.py:4180} INFO - Setting next_dagrun for example_dynamic_task_mapping to None, run_after=None
[2025-02-14T23:52:02.586+0000] {processor.py:208} INFO - Processing /home/airflow/.local/lib/python3.12/site-packages/airflow/example_dags/example_dynamic_task_mapping.py took 0.047 seconds
[2025-02-14T23:52:33.278+0000] {processor.py:186} INFO - Started process (PID=2048) to work on /home/airflow/.local/lib/python3.12/site-packages/airflow/example_dags/example_dynamic_task_mapping.py
[2025-02-14T23:52:33.279+0000] {processor.py:914} INFO - Processing file /home/airflow/.local/lib/python3.12/site-packages/airflow/example_dags/example_dynamic_task_mapping.py for tasks to queue
[2025-02-14T23:52:33.280+0000] {logging_mixin.py:190} INFO - [2025-02-14T23:52:33.280+0000] {dagbag.py:588} INFO - Filling up the DagBag from /home/airflow/.local/lib/python3.12/site-packages/airflow/example_dags/example_dynamic_task_mapping.py
[2025-02-14T23:52:33.286+0000] {processor.py:925} INFO - DAG(s) 'example_dynamic_task_mapping' retrieved from /home/airflow/.local/lib/python3.12/site-packages/airflow/example_dags/example_dynamic_task_mapping.py
[2025-02-14T23:52:33.299+0000] {logging_mixin.py:190} INFO - [2025-02-14T23:52:33.298+0000] {dag.py:3239} INFO - Sync 1 DAGs
[2025-02-14T23:52:33.307+0000] {logging_mixin.py:190} INFO - [2025-02-14T23:52:33.307+0000] {dag.py:4180} INFO - Setting next_dagrun for example_dynamic_task_mapping to None, run_after=None
[2025-02-14T23:52:33.319+0000] {processor.py:208} INFO - Processing /home/airflow/.local/lib/python3.12/site-packages/airflow/example_dags/example_dynamic_task_mapping.py took 0.045 seconds
[2025-02-14T23:53:03.533+0000] {processor.py:186} INFO - Started process (PID=2111) to work on /home/airflow/.local/lib/python3.12/site-packages/airflow/example_dags/example_dynamic_task_mapping.py
[2025-02-14T23:53:03.534+0000] {processor.py:914} INFO - Processing file /home/airflow/.local/lib/python3.12/site-packages/airflow/example_dags/example_dynamic_task_mapping.py for tasks to queue
[2025-02-14T23:53:03.535+0000] {logging_mixin.py:190} INFO - [2025-02-14T23:53:03.535+0000] {dagbag.py:588} INFO - Filling up the DagBag from /home/airflow/.local/lib/python3.12/site-packages/airflow/example_dags/example_dynamic_task_mapping.py
[2025-02-14T23:53:03.542+0000] {processor.py:925} INFO - DAG(s) 'example_dynamic_task_mapping' retrieved from /home/airflow/.local/lib/python3.12/site-packages/airflow/example_dags/example_dynamic_task_mapping.py
[2025-02-14T23:53:03.555+0000] {logging_mixin.py:190} INFO - [2025-02-14T23:53:03.555+0000] {dag.py:3239} INFO - Sync 1 DAGs
[2025-02-14T23:53:03.564+0000] {logging_mixin.py:190} INFO - [2025-02-14T23:53:03.564+0000] {dag.py:4180} INFO - Setting next_dagrun for example_dynamic_task_mapping to None, run_after=None
[2025-02-14T23:53:03.577+0000] {processor.py:208} INFO - Processing /home/airflow/.local/lib/python3.12/site-packages/airflow/example_dags/example_dynamic_task_mapping.py took 0.048 seconds
[2025-02-14T23:53:33.908+0000] {processor.py:186} INFO - Started process (PID=2174) to work on /home/airflow/.local/lib/python3.12/site-packages/airflow/example_dags/example_dynamic_task_mapping.py
[2025-02-14T23:53:33.909+0000] {processor.py:914} INFO - Processing file /home/airflow/.local/lib/python3.12/site-packages/airflow/example_dags/example_dynamic_task_mapping.py for tasks to queue
[2025-02-14T23:53:33.912+0000] {logging_mixin.py:190} INFO - [2025-02-14T23:53:33.911+0000] {dagbag.py:588} INFO - Filling up the DagBag from /home/airflow/.local/lib/python3.12/site-packages/airflow/example_dags/example_dynamic_task_mapping.py
[2025-02-14T23:53:33.917+0000] {processor.py:925} INFO - DAG(s) 'example_dynamic_task_mapping' retrieved from /home/airflow/.local/lib/python3.12/site-packages/airflow/example_dags/example_dynamic_task_mapping.py
[2025-02-14T23:53:33.930+0000] {logging_mixin.py:190} INFO - [2025-02-14T23:53:33.930+0000] {dag.py:3239} INFO - Sync 1 DAGs
[2025-02-14T23:53:33.939+0000] {logging_mixin.py:190} INFO - [2025-02-14T23:53:33.939+0000] {dag.py:4180} INFO - Setting next_dagrun for example_dynamic_task_mapping to None, run_after=None
[2025-02-14T23:53:33.949+0000] {processor.py:208} INFO - Processing /home/airflow/.local/lib/python3.12/site-packages/airflow/example_dags/example_dynamic_task_mapping.py took 0.044 seconds
[2025-02-14T23:54:04.629+0000] {processor.py:186} INFO - Started process (PID=2237) to work on /home/airflow/.local/lib/python3.12/site-packages/airflow/example_dags/example_dynamic_task_mapping.py
[2025-02-14T23:54:04.630+0000] {processor.py:914} INFO - Processing file /home/airflow/.local/lib/python3.12/site-packages/airflow/example_dags/example_dynamic_task_mapping.py for tasks to queue
[2025-02-14T23:54:04.632+0000] {logging_mixin.py:190} INFO - [2025-02-14T23:54:04.632+0000] {dagbag.py:588} INFO - Filling up the DagBag from /home/airflow/.local/lib/python3.12/site-packages/airflow/example_dags/example_dynamic_task_mapping.py
[2025-02-14T23:54:04.637+0000] {processor.py:925} INFO - DAG(s) 'example_dynamic_task_mapping' retrieved from /home/airflow/.local/lib/python3.12/site-packages/airflow/example_dags/example_dynamic_task_mapping.py
[2025-02-14T23:54:04.650+0000] {logging_mixin.py:190} INFO - [2025-02-14T23:54:04.650+0000] {dag.py:3239} INFO - Sync 1 DAGs
[2025-02-14T23:54:04.658+0000] {logging_mixin.py:190} INFO - [2025-02-14T23:54:04.658+0000] {dag.py:4180} INFO - Setting next_dagrun for example_dynamic_task_mapping to None, run_after=None
[2025-02-14T23:54:04.668+0000] {processor.py:208} INFO - Processing /home/airflow/.local/lib/python3.12/site-packages/airflow/example_dags/example_dynamic_task_mapping.py took 0.043 seconds
[2025-02-14T23:54:34.741+0000] {processor.py:186} INFO - Started process (PID=2300) to work on /home/airflow/.local/lib/python3.12/site-packages/airflow/example_dags/example_dynamic_task_mapping.py
[2025-02-14T23:54:34.742+0000] {processor.py:914} INFO - Processing file /home/airflow/.local/lib/python3.12/site-packages/airflow/example_dags/example_dynamic_task_mapping.py for tasks to queue
[2025-02-14T23:54:34.744+0000] {logging_mixin.py:190} INFO - [2025-02-14T23:54:34.744+0000] {dagbag.py:588} INFO - Filling up the DagBag from /home/airflow/.local/lib/python3.12/site-packages/airflow/example_dags/example_dynamic_task_mapping.py
[2025-02-14T23:54:34.749+0000] {processor.py:925} INFO - DAG(s) 'example_dynamic_task_mapping' retrieved from /home/airflow/.local/lib/python3.12/site-packages/airflow/example_dags/example_dynamic_task_mapping.py
[2025-02-14T23:54:34.761+0000] {logging_mixin.py:190} INFO - [2025-02-14T23:54:34.761+0000] {dag.py:3239} INFO - Sync 1 DAGs
[2025-02-14T23:54:34.771+0000] {logging_mixin.py:190} INFO - [2025-02-14T23:54:34.771+0000] {dag.py:4180} INFO - Setting next_dagrun for example_dynamic_task_mapping to None, run_after=None
[2025-02-14T23:54:34.780+0000] {processor.py:208} INFO - Processing /home/airflow/.local/lib/python3.12/site-packages/airflow/example_dags/example_dynamic_task_mapping.py took 0.043 seconds
[2025-02-14T23:55:06.816+0000] {processor.py:186} INFO - Started process (PID=2363) to work on /home/airflow/.local/lib/python3.12/site-packages/airflow/example_dags/example_dynamic_task_mapping.py
[2025-02-14T23:55:06.818+0000] {processor.py:914} INFO - Processing file /home/airflow/.local/lib/python3.12/site-packages/airflow/example_dags/example_dynamic_task_mapping.py for tasks to queue
[2025-02-14T23:55:06.821+0000] {logging_mixin.py:190} INFO - [2025-02-14T23:55:06.821+0000] {dagbag.py:588} INFO - Filling up the DagBag from /home/airflow/.local/lib/python3.12/site-packages/airflow/example_dags/example_dynamic_task_mapping.py
[2025-02-14T23:55:06.831+0000] {processor.py:925} INFO - DAG(s) 'example_dynamic_task_mapping' retrieved from /home/airflow/.local/lib/python3.12/site-packages/airflow/example_dags/example_dynamic_task_mapping.py
[2025-02-14T23:55:06.846+0000] {logging_mixin.py:190} INFO - [2025-02-14T23:55:06.846+0000] {dag.py:3239} INFO - Sync 1 DAGs
[2025-02-14T23:55:06.856+0000] {logging_mixin.py:190} INFO - [2025-02-14T23:55:06.855+0000] {dag.py:4180} INFO - Setting next_dagrun for example_dynamic_task_mapping to None, run_after=None
[2025-02-14T23:55:06.869+0000] {processor.py:208} INFO - Processing /home/airflow/.local/lib/python3.12/site-packages/airflow/example_dags/example_dynamic_task_mapping.py took 0.058 seconds
