[2025-02-14T23:36:44.949+0000] {processor.py:186} INFO - Started process (PID=69) to work on /home/airflow/.local/lib/python3.12/site-packages/airflow/example_dags/example_skip_dag.py
[2025-02-14T23:36:44.950+0000] {processor.py:914} INFO - Processing file /home/airflow/.local/lib/python3.12/site-packages/airflow/example_dags/example_skip_dag.py for tasks to queue
[2025-02-14T23:36:44.954+0000] {logging_mixin.py:190} INFO - [2025-02-14T23:36:44.953+0000] {dagbag.py:588} INFO - Filling up the DagBag from /home/airflow/.local/lib/python3.12/site-packages/airflow/example_dags/example_skip_dag.py
[2025-02-14T23:36:44.965+0000] {processor.py:925} INFO - DAG(s) 'example_skip_dag' retrieved from /home/airflow/.local/lib/python3.12/site-packages/airflow/example_dags/example_skip_dag.py
[2025-02-14T23:36:44.990+0000] {logging_mixin.py:190} INFO - [2025-02-14T23:36:44.990+0000] {dag.py:3239} INFO - Sync 1 DAGs
[2025-02-14T23:36:45.011+0000] {logging_mixin.py:190} INFO - [2025-02-14T23:36:45.011+0000] {dag.py:4180} INFO - Setting next_dagrun for example_skip_dag to 2025-02-13 00:00:00+00:00, run_after=2025-02-14 00:00:00+00:00
[2025-02-14T23:36:45.034+0000] {processor.py:208} INFO - Processing /home/airflow/.local/lib/python3.12/site-packages/airflow/example_dags/example_skip_dag.py took 0.093 seconds
[2025-02-14T23:37:15.943+0000] {processor.py:186} INFO - Started process (PID=132) to work on /home/airflow/.local/lib/python3.12/site-packages/airflow/example_dags/example_skip_dag.py
[2025-02-14T23:37:15.944+0000] {processor.py:914} INFO - Processing file /home/airflow/.local/lib/python3.12/site-packages/airflow/example_dags/example_skip_dag.py for tasks to queue
[2025-02-14T23:37:15.946+0000] {logging_mixin.py:190} INFO - [2025-02-14T23:37:15.946+0000] {dagbag.py:588} INFO - Filling up the DagBag from /home/airflow/.local/lib/python3.12/site-packages/airflow/example_dags/example_skip_dag.py
[2025-02-14T23:37:15.951+0000] {processor.py:925} INFO - DAG(s) 'example_skip_dag' retrieved from /home/airflow/.local/lib/python3.12/site-packages/airflow/example_dags/example_skip_dag.py
[2025-02-14T23:37:15.966+0000] {logging_mixin.py:190} INFO - [2025-02-14T23:37:15.966+0000] {dag.py:3239} INFO - Sync 1 DAGs
[2025-02-14T23:37:15.980+0000] {logging_mixin.py:190} INFO - [2025-02-14T23:37:15.979+0000] {dag.py:4180} INFO - Setting next_dagrun for example_skip_dag to 2025-02-13 00:00:00+00:00, run_after=2025-02-14 00:00:00+00:00
[2025-02-14T23:37:15.989+0000] {processor.py:208} INFO - Processing /home/airflow/.local/lib/python3.12/site-packages/airflow/example_dags/example_skip_dag.py took 0.049 seconds
[2025-02-14T23:37:46.691+0000] {processor.py:186} INFO - Started process (PID=195) to work on /home/airflow/.local/lib/python3.12/site-packages/airflow/example_dags/example_skip_dag.py
[2025-02-14T23:37:46.692+0000] {processor.py:914} INFO - Processing file /home/airflow/.local/lib/python3.12/site-packages/airflow/example_dags/example_skip_dag.py for tasks to queue
[2025-02-14T23:37:46.696+0000] {logging_mixin.py:190} INFO - [2025-02-14T23:37:46.696+0000] {dagbag.py:588} INFO - Filling up the DagBag from /home/airflow/.local/lib/python3.12/site-packages/airflow/example_dags/example_skip_dag.py
[2025-02-14T23:37:46.704+0000] {processor.py:925} INFO - DAG(s) 'example_skip_dag' retrieved from /home/airflow/.local/lib/python3.12/site-packages/airflow/example_dags/example_skip_dag.py
[2025-02-14T23:37:46.723+0000] {logging_mixin.py:190} INFO - [2025-02-14T23:37:46.722+0000] {dag.py:3239} INFO - Sync 1 DAGs
[2025-02-14T23:37:46.746+0000] {logging_mixin.py:190} INFO - [2025-02-14T23:37:46.746+0000] {dag.py:4180} INFO - Setting next_dagrun for example_skip_dag to 2025-02-13 00:00:00+00:00, run_after=2025-02-14 00:00:00+00:00
[2025-02-14T23:37:46.762+0000] {processor.py:208} INFO - Processing /home/airflow/.local/lib/python3.12/site-packages/airflow/example_dags/example_skip_dag.py took 0.077 seconds
[2025-02-14T23:38:17.209+0000] {processor.py:186} INFO - Started process (PID=257) to work on /home/airflow/.local/lib/python3.12/site-packages/airflow/example_dags/example_skip_dag.py
[2025-02-14T23:38:17.213+0000] {processor.py:914} INFO - Processing file /home/airflow/.local/lib/python3.12/site-packages/airflow/example_dags/example_skip_dag.py for tasks to queue
[2025-02-14T23:38:17.217+0000] {logging_mixin.py:190} INFO - [2025-02-14T23:38:17.216+0000] {dagbag.py:588} INFO - Filling up the DagBag from /home/airflow/.local/lib/python3.12/site-packages/airflow/example_dags/example_skip_dag.py
[2025-02-14T23:38:17.226+0000] {processor.py:925} INFO - DAG(s) 'example_skip_dag' retrieved from /home/airflow/.local/lib/python3.12/site-packages/airflow/example_dags/example_skip_dag.py
[2025-02-14T23:38:17.278+0000] {logging_mixin.py:190} INFO - [2025-02-14T23:38:17.277+0000] {dag.py:3239} INFO - Sync 1 DAGs
[2025-02-14T23:38:17.300+0000] {logging_mixin.py:190} INFO - [2025-02-14T23:38:17.300+0000] {dag.py:4180} INFO - Setting next_dagrun for example_skip_dag to 2025-02-13 00:00:00+00:00, run_after=2025-02-14 00:00:00+00:00
[2025-02-14T23:38:17.312+0000] {processor.py:208} INFO - Processing /home/airflow/.local/lib/python3.12/site-packages/airflow/example_dags/example_skip_dag.py took 0.108 seconds
[2025-02-14T23:38:48.034+0000] {processor.py:186} INFO - Started process (PID=326) to work on /home/airflow/.local/lib/python3.12/site-packages/airflow/example_dags/example_skip_dag.py
[2025-02-14T23:38:48.038+0000] {processor.py:914} INFO - Processing file /home/airflow/.local/lib/python3.12/site-packages/airflow/example_dags/example_skip_dag.py for tasks to queue
[2025-02-14T23:38:48.039+0000] {logging_mixin.py:190} INFO - [2025-02-14T23:38:48.039+0000] {dagbag.py:588} INFO - Filling up the DagBag from /home/airflow/.local/lib/python3.12/site-packages/airflow/example_dags/example_skip_dag.py
[2025-02-14T23:38:48.044+0000] {processor.py:925} INFO - DAG(s) 'example_skip_dag' retrieved from /home/airflow/.local/lib/python3.12/site-packages/airflow/example_dags/example_skip_dag.py
[2025-02-14T23:38:48.058+0000] {logging_mixin.py:190} INFO - [2025-02-14T23:38:48.058+0000] {dag.py:3239} INFO - Sync 1 DAGs
[2025-02-14T23:38:48.072+0000] {logging_mixin.py:190} INFO - [2025-02-14T23:38:48.072+0000] {dag.py:4180} INFO - Setting next_dagrun for example_skip_dag to 2025-02-13 00:00:00+00:00, run_after=2025-02-14 00:00:00+00:00
[2025-02-14T23:38:48.083+0000] {processor.py:208} INFO - Processing /home/airflow/.local/lib/python3.12/site-packages/airflow/example_dags/example_skip_dag.py took 0.053 seconds
[2025-02-14T23:39:18.346+0000] {processor.py:186} INFO - Started process (PID=389) to work on /home/airflow/.local/lib/python3.12/site-packages/airflow/example_dags/example_skip_dag.py
[2025-02-14T23:39:18.351+0000] {processor.py:914} INFO - Processing file /home/airflow/.local/lib/python3.12/site-packages/airflow/example_dags/example_skip_dag.py for tasks to queue
[2025-02-14T23:39:18.352+0000] {logging_mixin.py:190} INFO - [2025-02-14T23:39:18.352+0000] {dagbag.py:588} INFO - Filling up the DagBag from /home/airflow/.local/lib/python3.12/site-packages/airflow/example_dags/example_skip_dag.py
[2025-02-14T23:39:18.358+0000] {processor.py:925} INFO - DAG(s) 'example_skip_dag' retrieved from /home/airflow/.local/lib/python3.12/site-packages/airflow/example_dags/example_skip_dag.py
[2025-02-14T23:39:18.370+0000] {logging_mixin.py:190} INFO - [2025-02-14T23:39:18.370+0000] {dag.py:3239} INFO - Sync 1 DAGs
[2025-02-14T23:39:18.385+0000] {logging_mixin.py:190} INFO - [2025-02-14T23:39:18.385+0000] {dag.py:4180} INFO - Setting next_dagrun for example_skip_dag to 2025-02-13 00:00:00+00:00, run_after=2025-02-14 00:00:00+00:00
[2025-02-14T23:39:18.398+0000] {processor.py:208} INFO - Processing /home/airflow/.local/lib/python3.12/site-packages/airflow/example_dags/example_skip_dag.py took 0.056 seconds
[2025-02-14T23:39:48.597+0000] {processor.py:186} INFO - Started process (PID=452) to work on /home/airflow/.local/lib/python3.12/site-packages/airflow/example_dags/example_skip_dag.py
[2025-02-14T23:39:48.597+0000] {processor.py:914} INFO - Processing file /home/airflow/.local/lib/python3.12/site-packages/airflow/example_dags/example_skip_dag.py for tasks to queue
[2025-02-14T23:39:48.599+0000] {logging_mixin.py:190} INFO - [2025-02-14T23:39:48.599+0000] {dagbag.py:588} INFO - Filling up the DagBag from /home/airflow/.local/lib/python3.12/site-packages/airflow/example_dags/example_skip_dag.py
[2025-02-14T23:39:48.609+0000] {processor.py:925} INFO - DAG(s) 'example_skip_dag' retrieved from /home/airflow/.local/lib/python3.12/site-packages/airflow/example_dags/example_skip_dag.py
[2025-02-14T23:39:48.625+0000] {logging_mixin.py:190} INFO - [2025-02-14T23:39:48.624+0000] {dag.py:3239} INFO - Sync 1 DAGs
[2025-02-14T23:39:48.637+0000] {logging_mixin.py:190} INFO - [2025-02-14T23:39:48.637+0000] {dag.py:4180} INFO - Setting next_dagrun for example_skip_dag to 2025-02-13 00:00:00+00:00, run_after=2025-02-14 00:00:00+00:00
[2025-02-14T23:39:48.646+0000] {processor.py:208} INFO - Processing /home/airflow/.local/lib/python3.12/site-packages/airflow/example_dags/example_skip_dag.py took 0.054 seconds
[2025-02-14T23:40:19.203+0000] {processor.py:186} INFO - Started process (PID=515) to work on /home/airflow/.local/lib/python3.12/site-packages/airflow/example_dags/example_skip_dag.py
[2025-02-14T23:40:19.205+0000] {processor.py:914} INFO - Processing file /home/airflow/.local/lib/python3.12/site-packages/airflow/example_dags/example_skip_dag.py for tasks to queue
[2025-02-14T23:40:19.207+0000] {logging_mixin.py:190} INFO - [2025-02-14T23:40:19.207+0000] {dagbag.py:588} INFO - Filling up the DagBag from /home/airflow/.local/lib/python3.12/site-packages/airflow/example_dags/example_skip_dag.py
[2025-02-14T23:40:19.215+0000] {processor.py:925} INFO - DAG(s) 'example_skip_dag' retrieved from /home/airflow/.local/lib/python3.12/site-packages/airflow/example_dags/example_skip_dag.py
[2025-02-14T23:40:19.238+0000] {logging_mixin.py:190} INFO - [2025-02-14T23:40:19.238+0000] {dag.py:3239} INFO - Sync 1 DAGs
[2025-02-14T23:40:19.265+0000] {logging_mixin.py:190} INFO - [2025-02-14T23:40:19.264+0000] {dag.py:4180} INFO - Setting next_dagrun for example_skip_dag to 2025-02-13 00:00:00+00:00, run_after=2025-02-14 00:00:00+00:00
[2025-02-14T23:40:19.278+0000] {processor.py:208} INFO - Processing /home/airflow/.local/lib/python3.12/site-packages/airflow/example_dags/example_skip_dag.py took 0.081 seconds
[2025-02-14T23:40:50.039+0000] {processor.py:186} INFO - Started process (PID=578) to work on /home/airflow/.local/lib/python3.12/site-packages/airflow/example_dags/example_skip_dag.py
[2025-02-14T23:40:50.040+0000] {processor.py:914} INFO - Processing file /home/airflow/.local/lib/python3.12/site-packages/airflow/example_dags/example_skip_dag.py for tasks to queue
[2025-02-14T23:40:50.042+0000] {logging_mixin.py:190} INFO - [2025-02-14T23:40:50.042+0000] {dagbag.py:588} INFO - Filling up the DagBag from /home/airflow/.local/lib/python3.12/site-packages/airflow/example_dags/example_skip_dag.py
[2025-02-14T23:40:50.048+0000] {processor.py:925} INFO - DAG(s) 'example_skip_dag' retrieved from /home/airflow/.local/lib/python3.12/site-packages/airflow/example_dags/example_skip_dag.py
[2025-02-14T23:40:50.063+0000] {logging_mixin.py:190} INFO - [2025-02-14T23:40:50.063+0000] {dag.py:3239} INFO - Sync 1 DAGs
[2025-02-14T23:40:50.078+0000] {logging_mixin.py:190} INFO - [2025-02-14T23:40:50.078+0000] {dag.py:4180} INFO - Setting next_dagrun for example_skip_dag to 2025-02-13 00:00:00+00:00, run_after=2025-02-14 00:00:00+00:00
[2025-02-14T23:40:50.091+0000] {processor.py:208} INFO - Processing /home/airflow/.local/lib/python3.12/site-packages/airflow/example_dags/example_skip_dag.py took 0.056 seconds
[2025-02-14T23:41:20.986+0000] {processor.py:186} INFO - Started process (PID=641) to work on /home/airflow/.local/lib/python3.12/site-packages/airflow/example_dags/example_skip_dag.py
[2025-02-14T23:41:20.987+0000] {processor.py:914} INFO - Processing file /home/airflow/.local/lib/python3.12/site-packages/airflow/example_dags/example_skip_dag.py for tasks to queue
[2025-02-14T23:41:20.988+0000] {logging_mixin.py:190} INFO - [2025-02-14T23:41:20.988+0000] {dagbag.py:588} INFO - Filling up the DagBag from /home/airflow/.local/lib/python3.12/site-packages/airflow/example_dags/example_skip_dag.py
[2025-02-14T23:41:20.995+0000] {processor.py:925} INFO - DAG(s) 'example_skip_dag' retrieved from /home/airflow/.local/lib/python3.12/site-packages/airflow/example_dags/example_skip_dag.py
[2025-02-14T23:41:21.012+0000] {logging_mixin.py:190} INFO - [2025-02-14T23:41:21.011+0000] {dag.py:3239} INFO - Sync 1 DAGs
[2025-02-14T23:41:21.026+0000] {logging_mixin.py:190} INFO - [2025-02-14T23:41:21.026+0000] {dag.py:4180} INFO - Setting next_dagrun for example_skip_dag to 2025-02-13 00:00:00+00:00, run_after=2025-02-14 00:00:00+00:00
[2025-02-14T23:41:21.036+0000] {processor.py:208} INFO - Processing /home/airflow/.local/lib/python3.12/site-packages/airflow/example_dags/example_skip_dag.py took 0.053 seconds
[2025-02-14T23:41:51.768+0000] {processor.py:186} INFO - Started process (PID=704) to work on /home/airflow/.local/lib/python3.12/site-packages/airflow/example_dags/example_skip_dag.py
[2025-02-14T23:41:51.768+0000] {processor.py:914} INFO - Processing file /home/airflow/.local/lib/python3.12/site-packages/airflow/example_dags/example_skip_dag.py for tasks to queue
[2025-02-14T23:41:51.769+0000] {logging_mixin.py:190} INFO - [2025-02-14T23:41:51.769+0000] {dagbag.py:588} INFO - Filling up the DagBag from /home/airflow/.local/lib/python3.12/site-packages/airflow/example_dags/example_skip_dag.py
[2025-02-14T23:41:51.774+0000] {processor.py:925} INFO - DAG(s) 'example_skip_dag' retrieved from /home/airflow/.local/lib/python3.12/site-packages/airflow/example_dags/example_skip_dag.py
[2025-02-14T23:41:51.787+0000] {logging_mixin.py:190} INFO - [2025-02-14T23:41:51.787+0000] {dag.py:3239} INFO - Sync 1 DAGs
[2025-02-14T23:41:51.800+0000] {logging_mixin.py:190} INFO - [2025-02-14T23:41:51.800+0000] {dag.py:4180} INFO - Setting next_dagrun for example_skip_dag to 2025-02-13 00:00:00+00:00, run_after=2025-02-14 00:00:00+00:00
[2025-02-14T23:41:51.810+0000] {processor.py:208} INFO - Processing /home/airflow/.local/lib/python3.12/site-packages/airflow/example_dags/example_skip_dag.py took 0.046 seconds
[2025-02-14T23:42:22.077+0000] {processor.py:186} INFO - Started process (PID=767) to work on /home/airflow/.local/lib/python3.12/site-packages/airflow/example_dags/example_skip_dag.py
[2025-02-14T23:42:22.080+0000] {processor.py:914} INFO - Processing file /home/airflow/.local/lib/python3.12/site-packages/airflow/example_dags/example_skip_dag.py for tasks to queue
[2025-02-14T23:42:22.082+0000] {logging_mixin.py:190} INFO - [2025-02-14T23:42:22.082+0000] {dagbag.py:588} INFO - Filling up the DagBag from /home/airflow/.local/lib/python3.12/site-packages/airflow/example_dags/example_skip_dag.py
[2025-02-14T23:42:22.090+0000] {processor.py:925} INFO - DAG(s) 'example_skip_dag' retrieved from /home/airflow/.local/lib/python3.12/site-packages/airflow/example_dags/example_skip_dag.py
[2025-02-14T23:42:22.116+0000] {logging_mixin.py:190} INFO - [2025-02-14T23:42:22.116+0000] {dag.py:3239} INFO - Sync 1 DAGs
[2025-02-14T23:42:22.136+0000] {logging_mixin.py:190} INFO - [2025-02-14T23:42:22.136+0000] {dag.py:4180} INFO - Setting next_dagrun for example_skip_dag to 2025-02-13 00:00:00+00:00, run_after=2025-02-14 00:00:00+00:00
[2025-02-14T23:42:22.153+0000] {processor.py:208} INFO - Processing /home/airflow/.local/lib/python3.12/site-packages/airflow/example_dags/example_skip_dag.py took 0.081 seconds
[2025-02-14T23:42:52.963+0000] {processor.py:186} INFO - Started process (PID=830) to work on /home/airflow/.local/lib/python3.12/site-packages/airflow/example_dags/example_skip_dag.py
[2025-02-14T23:42:52.966+0000] {processor.py:914} INFO - Processing file /home/airflow/.local/lib/python3.12/site-packages/airflow/example_dags/example_skip_dag.py for tasks to queue
[2025-02-14T23:42:52.970+0000] {logging_mixin.py:190} INFO - [2025-02-14T23:42:52.969+0000] {dagbag.py:588} INFO - Filling up the DagBag from /home/airflow/.local/lib/python3.12/site-packages/airflow/example_dags/example_skip_dag.py
[2025-02-14T23:42:52.978+0000] {processor.py:925} INFO - DAG(s) 'example_skip_dag' retrieved from /home/airflow/.local/lib/python3.12/site-packages/airflow/example_dags/example_skip_dag.py
[2025-02-14T23:42:52.996+0000] {logging_mixin.py:190} INFO - [2025-02-14T23:42:52.996+0000] {dag.py:3239} INFO - Sync 1 DAGs
[2025-02-14T23:42:53.014+0000] {logging_mixin.py:190} INFO - [2025-02-14T23:42:53.014+0000] {dag.py:4180} INFO - Setting next_dagrun for example_skip_dag to 2025-02-13 00:00:00+00:00, run_after=2025-02-14 00:00:00+00:00
[2025-02-14T23:42:53.028+0000] {processor.py:208} INFO - Processing /home/airflow/.local/lib/python3.12/site-packages/airflow/example_dags/example_skip_dag.py took 0.070 seconds
[2025-02-14T23:43:23.772+0000] {processor.py:186} INFO - Started process (PID=893) to work on /home/airflow/.local/lib/python3.12/site-packages/airflow/example_dags/example_skip_dag.py
[2025-02-14T23:43:23.772+0000] {processor.py:914} INFO - Processing file /home/airflow/.local/lib/python3.12/site-packages/airflow/example_dags/example_skip_dag.py for tasks to queue
[2025-02-14T23:43:23.774+0000] {logging_mixin.py:190} INFO - [2025-02-14T23:43:23.774+0000] {dagbag.py:588} INFO - Filling up the DagBag from /home/airflow/.local/lib/python3.12/site-packages/airflow/example_dags/example_skip_dag.py
[2025-02-14T23:43:23.779+0000] {processor.py:925} INFO - DAG(s) 'example_skip_dag' retrieved from /home/airflow/.local/lib/python3.12/site-packages/airflow/example_dags/example_skip_dag.py
[2025-02-14T23:43:23.799+0000] {logging_mixin.py:190} INFO - [2025-02-14T23:43:23.798+0000] {dag.py:3239} INFO - Sync 1 DAGs
[2025-02-14T23:43:23.814+0000] {logging_mixin.py:190} INFO - [2025-02-14T23:43:23.814+0000] {dag.py:4180} INFO - Setting next_dagrun for example_skip_dag to 2025-02-13 00:00:00+00:00, run_after=2025-02-14 00:00:00+00:00
[2025-02-14T23:43:23.825+0000] {processor.py:208} INFO - Processing /home/airflow/.local/lib/python3.12/site-packages/airflow/example_dags/example_skip_dag.py took 0.057 seconds
[2025-02-14T23:43:54.416+0000] {processor.py:186} INFO - Started process (PID=956) to work on /home/airflow/.local/lib/python3.12/site-packages/airflow/example_dags/example_skip_dag.py
[2025-02-14T23:43:54.417+0000] {processor.py:914} INFO - Processing file /home/airflow/.local/lib/python3.12/site-packages/airflow/example_dags/example_skip_dag.py for tasks to queue
[2025-02-14T23:43:54.419+0000] {logging_mixin.py:190} INFO - [2025-02-14T23:43:54.418+0000] {dagbag.py:588} INFO - Filling up the DagBag from /home/airflow/.local/lib/python3.12/site-packages/airflow/example_dags/example_skip_dag.py
[2025-02-14T23:43:54.423+0000] {processor.py:925} INFO - DAG(s) 'example_skip_dag' retrieved from /home/airflow/.local/lib/python3.12/site-packages/airflow/example_dags/example_skip_dag.py
[2025-02-14T23:43:54.435+0000] {logging_mixin.py:190} INFO - [2025-02-14T23:43:54.435+0000] {dag.py:3239} INFO - Sync 1 DAGs
[2025-02-14T23:43:54.451+0000] {logging_mixin.py:190} INFO - [2025-02-14T23:43:54.451+0000] {dag.py:4180} INFO - Setting next_dagrun for example_skip_dag to 2025-02-13 00:00:00+00:00, run_after=2025-02-14 00:00:00+00:00
[2025-02-14T23:43:54.461+0000] {processor.py:208} INFO - Processing /home/airflow/.local/lib/python3.12/site-packages/airflow/example_dags/example_skip_dag.py took 0.050 seconds
[2025-02-14T23:44:25.108+0000] {processor.py:186} INFO - Started process (PID=1018) to work on /home/airflow/.local/lib/python3.12/site-packages/airflow/example_dags/example_skip_dag.py
[2025-02-14T23:44:25.112+0000] {processor.py:914} INFO - Processing file /home/airflow/.local/lib/python3.12/site-packages/airflow/example_dags/example_skip_dag.py for tasks to queue
[2025-02-14T23:44:25.114+0000] {logging_mixin.py:190} INFO - [2025-02-14T23:44:25.113+0000] {dagbag.py:588} INFO - Filling up the DagBag from /home/airflow/.local/lib/python3.12/site-packages/airflow/example_dags/example_skip_dag.py
[2025-02-14T23:44:25.120+0000] {processor.py:925} INFO - DAG(s) 'example_skip_dag' retrieved from /home/airflow/.local/lib/python3.12/site-packages/airflow/example_dags/example_skip_dag.py
[2025-02-14T23:44:25.133+0000] {logging_mixin.py:190} INFO - [2025-02-14T23:44:25.133+0000] {dag.py:3239} INFO - Sync 1 DAGs
[2025-02-14T23:44:25.147+0000] {logging_mixin.py:190} INFO - [2025-02-14T23:44:25.146+0000] {dag.py:4180} INFO - Setting next_dagrun for example_skip_dag to 2025-02-13 00:00:00+00:00, run_after=2025-02-14 00:00:00+00:00
[2025-02-14T23:44:25.156+0000] {processor.py:208} INFO - Processing /home/airflow/.local/lib/python3.12/site-packages/airflow/example_dags/example_skip_dag.py took 0.052 seconds
[2025-02-14T23:44:56.068+0000] {processor.py:186} INFO - Started process (PID=1081) to work on /home/airflow/.local/lib/python3.12/site-packages/airflow/example_dags/example_skip_dag.py
[2025-02-14T23:44:56.072+0000] {processor.py:914} INFO - Processing file /home/airflow/.local/lib/python3.12/site-packages/airflow/example_dags/example_skip_dag.py for tasks to queue
[2025-02-14T23:44:56.073+0000] {logging_mixin.py:190} INFO - [2025-02-14T23:44:56.073+0000] {dagbag.py:588} INFO - Filling up the DagBag from /home/airflow/.local/lib/python3.12/site-packages/airflow/example_dags/example_skip_dag.py
[2025-02-14T23:44:56.079+0000] {processor.py:925} INFO - DAG(s) 'example_skip_dag' retrieved from /home/airflow/.local/lib/python3.12/site-packages/airflow/example_dags/example_skip_dag.py
[2025-02-14T23:44:56.091+0000] {logging_mixin.py:190} INFO - [2025-02-14T23:44:56.091+0000] {dag.py:3239} INFO - Sync 1 DAGs
[2025-02-14T23:44:56.104+0000] {logging_mixin.py:190} INFO - [2025-02-14T23:44:56.104+0000] {dag.py:4180} INFO - Setting next_dagrun for example_skip_dag to 2025-02-13 00:00:00+00:00, run_after=2025-02-14 00:00:00+00:00
[2025-02-14T23:44:56.116+0000] {processor.py:208} INFO - Processing /home/airflow/.local/lib/python3.12/site-packages/airflow/example_dags/example_skip_dag.py took 0.053 seconds
[2025-02-14T23:45:26.209+0000] {processor.py:186} INFO - Started process (PID=1144) to work on /home/airflow/.local/lib/python3.12/site-packages/airflow/example_dags/example_skip_dag.py
[2025-02-14T23:45:26.210+0000] {processor.py:914} INFO - Processing file /home/airflow/.local/lib/python3.12/site-packages/airflow/example_dags/example_skip_dag.py for tasks to queue
[2025-02-14T23:45:26.212+0000] {logging_mixin.py:190} INFO - [2025-02-14T23:45:26.211+0000] {dagbag.py:588} INFO - Filling up the DagBag from /home/airflow/.local/lib/python3.12/site-packages/airflow/example_dags/example_skip_dag.py
[2025-02-14T23:45:26.216+0000] {processor.py:925} INFO - DAG(s) 'example_skip_dag' retrieved from /home/airflow/.local/lib/python3.12/site-packages/airflow/example_dags/example_skip_dag.py
[2025-02-14T23:45:26.229+0000] {logging_mixin.py:190} INFO - [2025-02-14T23:45:26.229+0000] {dag.py:3239} INFO - Sync 1 DAGs
[2025-02-14T23:45:26.242+0000] {logging_mixin.py:190} INFO - [2025-02-14T23:45:26.242+0000] {dag.py:4180} INFO - Setting next_dagrun for example_skip_dag to 2025-02-13 00:00:00+00:00, run_after=2025-02-14 00:00:00+00:00
[2025-02-14T23:45:26.253+0000] {processor.py:208} INFO - Processing /home/airflow/.local/lib/python3.12/site-packages/airflow/example_dags/example_skip_dag.py took 0.048 seconds
[2025-02-14T23:45:56.522+0000] {processor.py:186} INFO - Started process (PID=1207) to work on /home/airflow/.local/lib/python3.12/site-packages/airflow/example_dags/example_skip_dag.py
[2025-02-14T23:45:56.523+0000] {processor.py:914} INFO - Processing file /home/airflow/.local/lib/python3.12/site-packages/airflow/example_dags/example_skip_dag.py for tasks to queue
[2025-02-14T23:45:56.525+0000] {logging_mixin.py:190} INFO - [2025-02-14T23:45:56.524+0000] {dagbag.py:588} INFO - Filling up the DagBag from /home/airflow/.local/lib/python3.12/site-packages/airflow/example_dags/example_skip_dag.py
[2025-02-14T23:45:56.529+0000] {processor.py:925} INFO - DAG(s) 'example_skip_dag' retrieved from /home/airflow/.local/lib/python3.12/site-packages/airflow/example_dags/example_skip_dag.py
[2025-02-14T23:45:56.540+0000] {logging_mixin.py:190} INFO - [2025-02-14T23:45:56.540+0000] {dag.py:3239} INFO - Sync 1 DAGs
[2025-02-14T23:45:56.554+0000] {logging_mixin.py:190} INFO - [2025-02-14T23:45:56.554+0000] {dag.py:4180} INFO - Setting next_dagrun for example_skip_dag to 2025-02-13 00:00:00+00:00, run_after=2025-02-14 00:00:00+00:00
[2025-02-14T23:45:56.563+0000] {processor.py:208} INFO - Processing /home/airflow/.local/lib/python3.12/site-packages/airflow/example_dags/example_skip_dag.py took 0.045 seconds
[2025-02-14T23:46:26.759+0000] {processor.py:186} INFO - Started process (PID=1270) to work on /home/airflow/.local/lib/python3.12/site-packages/airflow/example_dags/example_skip_dag.py
[2025-02-14T23:46:26.760+0000] {processor.py:914} INFO - Processing file /home/airflow/.local/lib/python3.12/site-packages/airflow/example_dags/example_skip_dag.py for tasks to queue
[2025-02-14T23:46:26.764+0000] {logging_mixin.py:190} INFO - [2025-02-14T23:46:26.764+0000] {dagbag.py:588} INFO - Filling up the DagBag from /home/airflow/.local/lib/python3.12/site-packages/airflow/example_dags/example_skip_dag.py
[2025-02-14T23:46:26.770+0000] {processor.py:925} INFO - DAG(s) 'example_skip_dag' retrieved from /home/airflow/.local/lib/python3.12/site-packages/airflow/example_dags/example_skip_dag.py
[2025-02-14T23:46:26.781+0000] {logging_mixin.py:190} INFO - [2025-02-14T23:46:26.781+0000] {dag.py:3239} INFO - Sync 1 DAGs
[2025-02-14T23:46:26.795+0000] {logging_mixin.py:190} INFO - [2025-02-14T23:46:26.795+0000] {dag.py:4180} INFO - Setting next_dagrun for example_skip_dag to 2025-02-13 00:00:00+00:00, run_after=2025-02-14 00:00:00+00:00
[2025-02-14T23:46:26.807+0000] {processor.py:208} INFO - Processing /home/airflow/.local/lib/python3.12/site-packages/airflow/example_dags/example_skip_dag.py took 0.052 seconds
[2025-02-14T23:46:57.286+0000] {processor.py:186} INFO - Started process (PID=1333) to work on /home/airflow/.local/lib/python3.12/site-packages/airflow/example_dags/example_skip_dag.py
[2025-02-14T23:46:57.289+0000] {processor.py:914} INFO - Processing file /home/airflow/.local/lib/python3.12/site-packages/airflow/example_dags/example_skip_dag.py for tasks to queue
[2025-02-14T23:46:57.291+0000] {logging_mixin.py:190} INFO - [2025-02-14T23:46:57.290+0000] {dagbag.py:588} INFO - Filling up the DagBag from /home/airflow/.local/lib/python3.12/site-packages/airflow/example_dags/example_skip_dag.py
[2025-02-14T23:46:57.295+0000] {processor.py:925} INFO - DAG(s) 'example_skip_dag' retrieved from /home/airflow/.local/lib/python3.12/site-packages/airflow/example_dags/example_skip_dag.py
[2025-02-14T23:46:57.308+0000] {logging_mixin.py:190} INFO - [2025-02-14T23:46:57.308+0000] {dag.py:3239} INFO - Sync 1 DAGs
[2025-02-14T23:46:57.325+0000] {logging_mixin.py:190} INFO - [2025-02-14T23:46:57.324+0000] {dag.py:4180} INFO - Setting next_dagrun for example_skip_dag to 2025-02-13 00:00:00+00:00, run_after=2025-02-14 00:00:00+00:00
[2025-02-14T23:46:57.336+0000] {processor.py:208} INFO - Processing /home/airflow/.local/lib/python3.12/site-packages/airflow/example_dags/example_skip_dag.py took 0.054 seconds
[2025-02-14T23:47:27.752+0000] {processor.py:186} INFO - Started process (PID=1395) to work on /home/airflow/.local/lib/python3.12/site-packages/airflow/example_dags/example_skip_dag.py
[2025-02-14T23:47:27.757+0000] {processor.py:914} INFO - Processing file /home/airflow/.local/lib/python3.12/site-packages/airflow/example_dags/example_skip_dag.py for tasks to queue
[2025-02-14T23:47:27.759+0000] {logging_mixin.py:190} INFO - [2025-02-14T23:47:27.759+0000] {dagbag.py:588} INFO - Filling up the DagBag from /home/airflow/.local/lib/python3.12/site-packages/airflow/example_dags/example_skip_dag.py
[2025-02-14T23:47:27.764+0000] {processor.py:925} INFO - DAG(s) 'example_skip_dag' retrieved from /home/airflow/.local/lib/python3.12/site-packages/airflow/example_dags/example_skip_dag.py
[2025-02-14T23:47:27.782+0000] {logging_mixin.py:190} INFO - [2025-02-14T23:47:27.782+0000] {dag.py:3239} INFO - Sync 1 DAGs
[2025-02-14T23:47:27.797+0000] {logging_mixin.py:190} INFO - [2025-02-14T23:47:27.797+0000] {dag.py:4180} INFO - Setting next_dagrun for example_skip_dag to 2025-02-13 00:00:00+00:00, run_after=2025-02-14 00:00:00+00:00
[2025-02-14T23:47:27.810+0000] {processor.py:208} INFO - Processing /home/airflow/.local/lib/python3.12/site-packages/airflow/example_dags/example_skip_dag.py took 0.063 seconds
[2025-02-14T23:47:58.363+0000] {processor.py:186} INFO - Started process (PID=1458) to work on /home/airflow/.local/lib/python3.12/site-packages/airflow/example_dags/example_skip_dag.py
[2025-02-14T23:47:58.364+0000] {processor.py:914} INFO - Processing file /home/airflow/.local/lib/python3.12/site-packages/airflow/example_dags/example_skip_dag.py for tasks to queue
[2025-02-14T23:47:58.367+0000] {logging_mixin.py:190} INFO - [2025-02-14T23:47:58.366+0000] {dagbag.py:588} INFO - Filling up the DagBag from /home/airflow/.local/lib/python3.12/site-packages/airflow/example_dags/example_skip_dag.py
[2025-02-14T23:47:58.373+0000] {processor.py:925} INFO - DAG(s) 'example_skip_dag' retrieved from /home/airflow/.local/lib/python3.12/site-packages/airflow/example_dags/example_skip_dag.py
[2025-02-14T23:47:58.389+0000] {logging_mixin.py:190} INFO - [2025-02-14T23:47:58.388+0000] {dag.py:3239} INFO - Sync 1 DAGs
[2025-02-14T23:47:58.404+0000] {logging_mixin.py:190} INFO - [2025-02-14T23:47:58.404+0000] {dag.py:4180} INFO - Setting next_dagrun for example_skip_dag to 2025-02-13 00:00:00+00:00, run_after=2025-02-14 00:00:00+00:00
[2025-02-14T23:47:58.415+0000] {processor.py:208} INFO - Processing /home/airflow/.local/lib/python3.12/site-packages/airflow/example_dags/example_skip_dag.py took 0.057 seconds
[2025-02-14T23:48:28.678+0000] {processor.py:186} INFO - Started process (PID=1521) to work on /home/airflow/.local/lib/python3.12/site-packages/airflow/example_dags/example_skip_dag.py
[2025-02-14T23:48:28.679+0000] {processor.py:914} INFO - Processing file /home/airflow/.local/lib/python3.12/site-packages/airflow/example_dags/example_skip_dag.py for tasks to queue
[2025-02-14T23:48:28.684+0000] {logging_mixin.py:190} INFO - [2025-02-14T23:48:28.684+0000] {dagbag.py:588} INFO - Filling up the DagBag from /home/airflow/.local/lib/python3.12/site-packages/airflow/example_dags/example_skip_dag.py
[2025-02-14T23:48:28.690+0000] {processor.py:925} INFO - DAG(s) 'example_skip_dag' retrieved from /home/airflow/.local/lib/python3.12/site-packages/airflow/example_dags/example_skip_dag.py
[2025-02-14T23:48:28.704+0000] {logging_mixin.py:190} INFO - [2025-02-14T23:48:28.704+0000] {dag.py:3239} INFO - Sync 1 DAGs
[2025-02-14T23:48:28.719+0000] {logging_mixin.py:190} INFO - [2025-02-14T23:48:28.719+0000] {dag.py:4180} INFO - Setting next_dagrun for example_skip_dag to 2025-02-13 00:00:00+00:00, run_after=2025-02-14 00:00:00+00:00
[2025-02-14T23:48:28.730+0000] {processor.py:208} INFO - Processing /home/airflow/.local/lib/python3.12/site-packages/airflow/example_dags/example_skip_dag.py took 0.056 seconds
[2025-02-14T23:48:58.940+0000] {processor.py:186} INFO - Started process (PID=1584) to work on /home/airflow/.local/lib/python3.12/site-packages/airflow/example_dags/example_skip_dag.py
[2025-02-14T23:48:58.942+0000] {processor.py:914} INFO - Processing file /home/airflow/.local/lib/python3.12/site-packages/airflow/example_dags/example_skip_dag.py for tasks to queue
[2025-02-14T23:48:58.944+0000] {logging_mixin.py:190} INFO - [2025-02-14T23:48:58.944+0000] {dagbag.py:588} INFO - Filling up the DagBag from /home/airflow/.local/lib/python3.12/site-packages/airflow/example_dags/example_skip_dag.py
[2025-02-14T23:48:58.951+0000] {processor.py:925} INFO - DAG(s) 'example_skip_dag' retrieved from /home/airflow/.local/lib/python3.12/site-packages/airflow/example_dags/example_skip_dag.py
[2025-02-14T23:48:58.965+0000] {logging_mixin.py:190} INFO - [2025-02-14T23:48:58.964+0000] {dag.py:3239} INFO - Sync 1 DAGs
[2025-02-14T23:48:58.979+0000] {logging_mixin.py:190} INFO - [2025-02-14T23:48:58.979+0000] {dag.py:4180} INFO - Setting next_dagrun for example_skip_dag to 2025-02-13 00:00:00+00:00, run_after=2025-02-14 00:00:00+00:00
[2025-02-14T23:48:58.994+0000] {processor.py:208} INFO - Processing /home/airflow/.local/lib/python3.12/site-packages/airflow/example_dags/example_skip_dag.py took 0.058 seconds
[2025-02-14T23:49:29.231+0000] {processor.py:186} INFO - Started process (PID=1647) to work on /home/airflow/.local/lib/python3.12/site-packages/airflow/example_dags/example_skip_dag.py
[2025-02-14T23:49:29.233+0000] {processor.py:914} INFO - Processing file /home/airflow/.local/lib/python3.12/site-packages/airflow/example_dags/example_skip_dag.py for tasks to queue
[2025-02-14T23:49:29.234+0000] {logging_mixin.py:190} INFO - [2025-02-14T23:49:29.234+0000] {dagbag.py:588} INFO - Filling up the DagBag from /home/airflow/.local/lib/python3.12/site-packages/airflow/example_dags/example_skip_dag.py
[2025-02-14T23:49:29.245+0000] {processor.py:925} INFO - DAG(s) 'example_skip_dag' retrieved from /home/airflow/.local/lib/python3.12/site-packages/airflow/example_dags/example_skip_dag.py
[2025-02-14T23:49:29.259+0000] {logging_mixin.py:190} INFO - [2025-02-14T23:49:29.258+0000] {dag.py:3239} INFO - Sync 1 DAGs
[2025-02-14T23:49:29.275+0000] {logging_mixin.py:190} INFO - [2025-02-14T23:49:29.274+0000] {dag.py:4180} INFO - Setting next_dagrun for example_skip_dag to 2025-02-13 00:00:00+00:00, run_after=2025-02-14 00:00:00+00:00
[2025-02-14T23:49:29.287+0000] {processor.py:208} INFO - Processing /home/airflow/.local/lib/python3.12/site-packages/airflow/example_dags/example_skip_dag.py took 0.059 seconds
[2025-02-14T23:49:59.622+0000] {processor.py:186} INFO - Started process (PID=1710) to work on /home/airflow/.local/lib/python3.12/site-packages/airflow/example_dags/example_skip_dag.py
[2025-02-14T23:49:59.624+0000] {processor.py:914} INFO - Processing file /home/airflow/.local/lib/python3.12/site-packages/airflow/example_dags/example_skip_dag.py for tasks to queue
[2025-02-14T23:49:59.626+0000] {logging_mixin.py:190} INFO - [2025-02-14T23:49:59.626+0000] {dagbag.py:588} INFO - Filling up the DagBag from /home/airflow/.local/lib/python3.12/site-packages/airflow/example_dags/example_skip_dag.py
[2025-02-14T23:49:59.632+0000] {processor.py:925} INFO - DAG(s) 'example_skip_dag' retrieved from /home/airflow/.local/lib/python3.12/site-packages/airflow/example_dags/example_skip_dag.py
[2025-02-14T23:49:59.645+0000] {logging_mixin.py:190} INFO - [2025-02-14T23:49:59.645+0000] {dag.py:3239} INFO - Sync 1 DAGs
[2025-02-14T23:49:59.661+0000] {logging_mixin.py:190} INFO - [2025-02-14T23:49:59.661+0000] {dag.py:4180} INFO - Setting next_dagrun for example_skip_dag to 2025-02-13 00:00:00+00:00, run_after=2025-02-14 00:00:00+00:00
[2025-02-14T23:49:59.671+0000] {processor.py:208} INFO - Processing /home/airflow/.local/lib/python3.12/site-packages/airflow/example_dags/example_skip_dag.py took 0.053 seconds
[2025-02-14T23:50:30.476+0000] {processor.py:186} INFO - Started process (PID=1773) to work on /home/airflow/.local/lib/python3.12/site-packages/airflow/example_dags/example_skip_dag.py
[2025-02-14T23:50:30.481+0000] {processor.py:914} INFO - Processing file /home/airflow/.local/lib/python3.12/site-packages/airflow/example_dags/example_skip_dag.py for tasks to queue
[2025-02-14T23:50:30.484+0000] {logging_mixin.py:190} INFO - [2025-02-14T23:50:30.484+0000] {dagbag.py:588} INFO - Filling up the DagBag from /home/airflow/.local/lib/python3.12/site-packages/airflow/example_dags/example_skip_dag.py
[2025-02-14T23:50:30.488+0000] {processor.py:925} INFO - DAG(s) 'example_skip_dag' retrieved from /home/airflow/.local/lib/python3.12/site-packages/airflow/example_dags/example_skip_dag.py
[2025-02-14T23:50:30.501+0000] {logging_mixin.py:190} INFO - [2025-02-14T23:50:30.501+0000] {dag.py:3239} INFO - Sync 1 DAGs
[2025-02-14T23:50:30.516+0000] {logging_mixin.py:190} INFO - [2025-02-14T23:50:30.515+0000] {dag.py:4180} INFO - Setting next_dagrun for example_skip_dag to 2025-02-13 00:00:00+00:00, run_after=2025-02-14 00:00:00+00:00
[2025-02-14T23:50:30.528+0000] {processor.py:208} INFO - Processing /home/airflow/.local/lib/python3.12/site-packages/airflow/example_dags/example_skip_dag.py took 0.057 seconds
[2025-02-14T23:51:01.013+0000] {processor.py:186} INFO - Started process (PID=1836) to work on /home/airflow/.local/lib/python3.12/site-packages/airflow/example_dags/example_skip_dag.py
[2025-02-14T23:51:01.014+0000] {processor.py:914} INFO - Processing file /home/airflow/.local/lib/python3.12/site-packages/airflow/example_dags/example_skip_dag.py for tasks to queue
[2025-02-14T23:51:01.016+0000] {logging_mixin.py:190} INFO - [2025-02-14T23:51:01.016+0000] {dagbag.py:588} INFO - Filling up the DagBag from /home/airflow/.local/lib/python3.12/site-packages/airflow/example_dags/example_skip_dag.py
[2025-02-14T23:51:01.021+0000] {processor.py:925} INFO - DAG(s) 'example_skip_dag' retrieved from /home/airflow/.local/lib/python3.12/site-packages/airflow/example_dags/example_skip_dag.py
[2025-02-14T23:51:01.037+0000] {logging_mixin.py:190} INFO - [2025-02-14T23:51:01.037+0000] {dag.py:3239} INFO - Sync 1 DAGs
[2025-02-14T23:51:01.053+0000] {logging_mixin.py:190} INFO - [2025-02-14T23:51:01.053+0000] {dag.py:4180} INFO - Setting next_dagrun for example_skip_dag to 2025-02-13 00:00:00+00:00, run_after=2025-02-14 00:00:00+00:00
[2025-02-14T23:51:01.065+0000] {processor.py:208} INFO - Processing /home/airflow/.local/lib/python3.12/site-packages/airflow/example_dags/example_skip_dag.py took 0.056 seconds
[2025-02-14T23:51:31.332+0000] {processor.py:186} INFO - Started process (PID=1899) to work on /home/airflow/.local/lib/python3.12/site-packages/airflow/example_dags/example_skip_dag.py
[2025-02-14T23:51:31.333+0000] {processor.py:914} INFO - Processing file /home/airflow/.local/lib/python3.12/site-packages/airflow/example_dags/example_skip_dag.py for tasks to queue
[2025-02-14T23:51:31.338+0000] {logging_mixin.py:190} INFO - [2025-02-14T23:51:31.337+0000] {dagbag.py:588} INFO - Filling up the DagBag from /home/airflow/.local/lib/python3.12/site-packages/airflow/example_dags/example_skip_dag.py
[2025-02-14T23:51:31.344+0000] {processor.py:925} INFO - DAG(s) 'example_skip_dag' retrieved from /home/airflow/.local/lib/python3.12/site-packages/airflow/example_dags/example_skip_dag.py
[2025-02-14T23:51:31.358+0000] {logging_mixin.py:190} INFO - [2025-02-14T23:51:31.358+0000] {dag.py:3239} INFO - Sync 1 DAGs
[2025-02-14T23:51:31.371+0000] {logging_mixin.py:190} INFO - [2025-02-14T23:51:31.371+0000] {dag.py:4180} INFO - Setting next_dagrun for example_skip_dag to 2025-02-13 00:00:00+00:00, run_after=2025-02-14 00:00:00+00:00
[2025-02-14T23:51:31.381+0000] {processor.py:208} INFO - Processing /home/airflow/.local/lib/python3.12/site-packages/airflow/example_dags/example_skip_dag.py took 0.053 seconds
[2025-02-14T23:52:01.612+0000] {processor.py:186} INFO - Started process (PID=1962) to work on /home/airflow/.local/lib/python3.12/site-packages/airflow/example_dags/example_skip_dag.py
[2025-02-14T23:52:01.614+0000] {processor.py:914} INFO - Processing file /home/airflow/.local/lib/python3.12/site-packages/airflow/example_dags/example_skip_dag.py for tasks to queue
[2025-02-14T23:52:01.617+0000] {logging_mixin.py:190} INFO - [2025-02-14T23:52:01.616+0000] {dagbag.py:588} INFO - Filling up the DagBag from /home/airflow/.local/lib/python3.12/site-packages/airflow/example_dags/example_skip_dag.py
[2025-02-14T23:52:01.624+0000] {processor.py:925} INFO - DAG(s) 'example_skip_dag' retrieved from /home/airflow/.local/lib/python3.12/site-packages/airflow/example_dags/example_skip_dag.py
[2025-02-14T23:52:01.641+0000] {logging_mixin.py:190} INFO - [2025-02-14T23:52:01.641+0000] {dag.py:3239} INFO - Sync 1 DAGs
[2025-02-14T23:52:01.655+0000] {logging_mixin.py:190} INFO - [2025-02-14T23:52:01.655+0000] {dag.py:4180} INFO - Setting next_dagrun for example_skip_dag to 2025-02-13 00:00:00+00:00, run_after=2025-02-14 00:00:00+00:00
[2025-02-14T23:52:01.666+0000] {processor.py:208} INFO - Processing /home/airflow/.local/lib/python3.12/site-packages/airflow/example_dags/example_skip_dag.py took 0.058 seconds
[2025-02-14T23:52:32.454+0000] {processor.py:186} INFO - Started process (PID=2025) to work on /home/airflow/.local/lib/python3.12/site-packages/airflow/example_dags/example_skip_dag.py
[2025-02-14T23:52:32.457+0000] {processor.py:914} INFO - Processing file /home/airflow/.local/lib/python3.12/site-packages/airflow/example_dags/example_skip_dag.py for tasks to queue
[2025-02-14T23:52:32.459+0000] {logging_mixin.py:190} INFO - [2025-02-14T23:52:32.459+0000] {dagbag.py:588} INFO - Filling up the DagBag from /home/airflow/.local/lib/python3.12/site-packages/airflow/example_dags/example_skip_dag.py
[2025-02-14T23:52:32.465+0000] {processor.py:925} INFO - DAG(s) 'example_skip_dag' retrieved from /home/airflow/.local/lib/python3.12/site-packages/airflow/example_dags/example_skip_dag.py
[2025-02-14T23:52:32.478+0000] {logging_mixin.py:190} INFO - [2025-02-14T23:52:32.478+0000] {dag.py:3239} INFO - Sync 1 DAGs
[2025-02-14T23:52:32.493+0000] {logging_mixin.py:190} INFO - [2025-02-14T23:52:32.493+0000] {dag.py:4180} INFO - Setting next_dagrun for example_skip_dag to 2025-02-13 00:00:00+00:00, run_after=2025-02-14 00:00:00+00:00
[2025-02-14T23:52:32.505+0000] {processor.py:208} INFO - Processing /home/airflow/.local/lib/python3.12/site-packages/airflow/example_dags/example_skip_dag.py took 0.055 seconds
[2025-02-14T23:53:02.640+0000] {processor.py:186} INFO - Started process (PID=2088) to work on /home/airflow/.local/lib/python3.12/site-packages/airflow/example_dags/example_skip_dag.py
[2025-02-14T23:53:02.641+0000] {processor.py:914} INFO - Processing file /home/airflow/.local/lib/python3.12/site-packages/airflow/example_dags/example_skip_dag.py for tasks to queue
[2025-02-14T23:53:02.642+0000] {logging_mixin.py:190} INFO - [2025-02-14T23:53:02.642+0000] {dagbag.py:588} INFO - Filling up the DagBag from /home/airflow/.local/lib/python3.12/site-packages/airflow/example_dags/example_skip_dag.py
[2025-02-14T23:53:02.647+0000] {processor.py:925} INFO - DAG(s) 'example_skip_dag' retrieved from /home/airflow/.local/lib/python3.12/site-packages/airflow/example_dags/example_skip_dag.py
[2025-02-14T23:53:02.662+0000] {logging_mixin.py:190} INFO - [2025-02-14T23:53:02.662+0000] {dag.py:3239} INFO - Sync 1 DAGs
[2025-02-14T23:53:02.680+0000] {logging_mixin.py:190} INFO - [2025-02-14T23:53:02.679+0000] {dag.py:4180} INFO - Setting next_dagrun for example_skip_dag to 2025-02-13 00:00:00+00:00, run_after=2025-02-14 00:00:00+00:00
[2025-02-14T23:53:02.690+0000] {processor.py:208} INFO - Processing /home/airflow/.local/lib/python3.12/site-packages/airflow/example_dags/example_skip_dag.py took 0.053 seconds
[2025-02-14T23:53:33.092+0000] {processor.py:186} INFO - Started process (PID=2151) to work on /home/airflow/.local/lib/python3.12/site-packages/airflow/example_dags/example_skip_dag.py
[2025-02-14T23:53:33.094+0000] {processor.py:914} INFO - Processing file /home/airflow/.local/lib/python3.12/site-packages/airflow/example_dags/example_skip_dag.py for tasks to queue
[2025-02-14T23:53:33.096+0000] {logging_mixin.py:190} INFO - [2025-02-14T23:53:33.096+0000] {dagbag.py:588} INFO - Filling up the DagBag from /home/airflow/.local/lib/python3.12/site-packages/airflow/example_dags/example_skip_dag.py
[2025-02-14T23:53:33.100+0000] {processor.py:925} INFO - DAG(s) 'example_skip_dag' retrieved from /home/airflow/.local/lib/python3.12/site-packages/airflow/example_dags/example_skip_dag.py
[2025-02-14T23:53:33.114+0000] {logging_mixin.py:190} INFO - [2025-02-14T23:53:33.113+0000] {dag.py:3239} INFO - Sync 1 DAGs
[2025-02-14T23:53:33.129+0000] {logging_mixin.py:190} INFO - [2025-02-14T23:53:33.129+0000] {dag.py:4180} INFO - Setting next_dagrun for example_skip_dag to 2025-02-13 00:00:00+00:00, run_after=2025-02-14 00:00:00+00:00
[2025-02-14T23:53:33.141+0000] {processor.py:208} INFO - Processing /home/airflow/.local/lib/python3.12/site-packages/airflow/example_dags/example_skip_dag.py took 0.053 seconds
[2025-02-14T23:54:03.797+0000] {processor.py:186} INFO - Started process (PID=2214) to work on /home/airflow/.local/lib/python3.12/site-packages/airflow/example_dags/example_skip_dag.py
[2025-02-14T23:54:03.799+0000] {processor.py:914} INFO - Processing file /home/airflow/.local/lib/python3.12/site-packages/airflow/example_dags/example_skip_dag.py for tasks to queue
[2025-02-14T23:54:03.802+0000] {logging_mixin.py:190} INFO - [2025-02-14T23:54:03.801+0000] {dagbag.py:588} INFO - Filling up the DagBag from /home/airflow/.local/lib/python3.12/site-packages/airflow/example_dags/example_skip_dag.py
[2025-02-14T23:54:03.806+0000] {processor.py:925} INFO - DAG(s) 'example_skip_dag' retrieved from /home/airflow/.local/lib/python3.12/site-packages/airflow/example_dags/example_skip_dag.py
[2025-02-14T23:54:03.820+0000] {logging_mixin.py:190} INFO - [2025-02-14T23:54:03.820+0000] {dag.py:3239} INFO - Sync 1 DAGs
[2025-02-14T23:54:03.835+0000] {logging_mixin.py:190} INFO - [2025-02-14T23:54:03.835+0000] {dag.py:4180} INFO - Setting next_dagrun for example_skip_dag to 2025-02-13 00:00:00+00:00, run_after=2025-02-14 00:00:00+00:00
[2025-02-14T23:54:03.844+0000] {processor.py:208} INFO - Processing /home/airflow/.local/lib/python3.12/site-packages/airflow/example_dags/example_skip_dag.py took 0.051 seconds
[2025-02-14T23:54:33.917+0000] {processor.py:186} INFO - Started process (PID=2277) to work on /home/airflow/.local/lib/python3.12/site-packages/airflow/example_dags/example_skip_dag.py
[2025-02-14T23:54:33.918+0000] {processor.py:914} INFO - Processing file /home/airflow/.local/lib/python3.12/site-packages/airflow/example_dags/example_skip_dag.py for tasks to queue
[2025-02-14T23:54:33.919+0000] {logging_mixin.py:190} INFO - [2025-02-14T23:54:33.919+0000] {dagbag.py:588} INFO - Filling up the DagBag from /home/airflow/.local/lib/python3.12/site-packages/airflow/example_dags/example_skip_dag.py
[2025-02-14T23:54:33.923+0000] {processor.py:925} INFO - DAG(s) 'example_skip_dag' retrieved from /home/airflow/.local/lib/python3.12/site-packages/airflow/example_dags/example_skip_dag.py
[2025-02-14T23:54:33.935+0000] {logging_mixin.py:190} INFO - [2025-02-14T23:54:33.935+0000] {dag.py:3239} INFO - Sync 1 DAGs
[2025-02-14T23:54:33.952+0000] {logging_mixin.py:190} INFO - [2025-02-14T23:54:33.952+0000] {dag.py:4180} INFO - Setting next_dagrun for example_skip_dag to 2025-02-13 00:00:00+00:00, run_after=2025-02-14 00:00:00+00:00
[2025-02-14T23:54:33.964+0000] {processor.py:208} INFO - Processing /home/airflow/.local/lib/python3.12/site-packages/airflow/example_dags/example_skip_dag.py took 0.050 seconds
[2025-02-14T23:55:04.240+0000] {processor.py:186} INFO - Started process (PID=2340) to work on /home/airflow/.local/lib/python3.12/site-packages/airflow/example_dags/example_skip_dag.py
[2025-02-14T23:55:04.243+0000] {processor.py:914} INFO - Processing file /home/airflow/.local/lib/python3.12/site-packages/airflow/example_dags/example_skip_dag.py for tasks to queue
[2025-02-14T23:55:04.283+0000] {logging_mixin.py:190} INFO - [2025-02-14T23:55:04.282+0000] {dagbag.py:588} INFO - Filling up the DagBag from /home/airflow/.local/lib/python3.12/site-packages/airflow/example_dags/example_skip_dag.py
[2025-02-14T23:55:04.790+0000] {processor.py:925} INFO - DAG(s) 'example_skip_dag' retrieved from /home/airflow/.local/lib/python3.12/site-packages/airflow/example_dags/example_skip_dag.py
[2025-02-14T23:55:04.930+0000] {logging_mixin.py:190} INFO - [2025-02-14T23:55:04.930+0000] {dag.py:3239} INFO - Sync 1 DAGs
[2025-02-14T23:55:05.118+0000] {logging_mixin.py:190} INFO - [2025-02-14T23:55:05.117+0000] {dag.py:4180} INFO - Setting next_dagrun for example_skip_dag to 2025-02-13 00:00:00+00:00, run_after=2025-02-14 00:00:00+00:00
[2025-02-14T23:55:05.239+0000] {processor.py:208} INFO - Processing /home/airflow/.local/lib/python3.12/site-packages/airflow/example_dags/example_skip_dag.py took 1.004 seconds
