[2025-02-14T23:36:46.553+0000] {processor.py:186} INFO - Started process (PID=85) to work on /home/airflow/.local/lib/python3.12/site-packages/airflow/example_dags/example_branch_labels.py
[2025-02-14T23:36:46.556+0000] {processor.py:914} INFO - Processing file /home/airflow/.local/lib/python3.12/site-packages/airflow/example_dags/example_branch_labels.py for tasks to queue
[2025-02-14T23:36:46.558+0000] {logging_mixin.py:190} INFO - [2025-02-14T23:36:46.558+0000] {dagbag.py:588} INFO - Filling up the DagBag from /home/airflow/.local/lib/python3.12/site-packages/airflow/example_dags/example_branch_labels.py
[2025-02-14T23:36:46.572+0000] {processor.py:925} INFO - DAG(s) 'example_branch_labels' retrieved from /home/airflow/.local/lib/python3.12/site-packages/airflow/example_dags/example_branch_labels.py
[2025-02-14T23:36:46.597+0000] {logging_mixin.py:190} INFO - [2025-02-14T23:36:46.596+0000] {dag.py:3239} INFO - Sync 1 DAGs
[2025-02-14T23:36:46.621+0000] {logging_mixin.py:190} INFO - [2025-02-14T23:36:46.621+0000] {dag.py:4180} INFO - Setting next_dagrun for example_branch_labels to 2025-02-13 00:00:00+00:00, run_after=2025-02-14 00:00:00+00:00
[2025-02-14T23:36:46.643+0000] {processor.py:208} INFO - Processing /home/airflow/.local/lib/python3.12/site-packages/airflow/example_dags/example_branch_labels.py took 0.099 seconds
[2025-02-14T23:37:16.800+0000] {processor.py:186} INFO - Started process (PID=148) to work on /home/airflow/.local/lib/python3.12/site-packages/airflow/example_dags/example_branch_labels.py
[2025-02-14T23:37:16.800+0000] {processor.py:914} INFO - Processing file /home/airflow/.local/lib/python3.12/site-packages/airflow/example_dags/example_branch_labels.py for tasks to queue
[2025-02-14T23:37:16.802+0000] {logging_mixin.py:190} INFO - [2025-02-14T23:37:16.802+0000] {dagbag.py:588} INFO - Filling up the DagBag from /home/airflow/.local/lib/python3.12/site-packages/airflow/example_dags/example_branch_labels.py
[2025-02-14T23:37:16.808+0000] {processor.py:925} INFO - DAG(s) 'example_branch_labels' retrieved from /home/airflow/.local/lib/python3.12/site-packages/airflow/example_dags/example_branch_labels.py
[2025-02-14T23:37:16.821+0000] {logging_mixin.py:190} INFO - [2025-02-14T23:37:16.821+0000] {dag.py:3239} INFO - Sync 1 DAGs
[2025-02-14T23:37:16.835+0000] {logging_mixin.py:190} INFO - [2025-02-14T23:37:16.835+0000] {dag.py:4180} INFO - Setting next_dagrun for example_branch_labels to 2025-02-13 00:00:00+00:00, run_after=2025-02-14 00:00:00+00:00
[2025-02-14T23:37:16.845+0000] {processor.py:208} INFO - Processing /home/airflow/.local/lib/python3.12/site-packages/airflow/example_dags/example_branch_labels.py took 0.050 seconds
[2025-02-14T23:37:47.855+0000] {processor.py:186} INFO - Started process (PID=217) to work on /home/airflow/.local/lib/python3.12/site-packages/airflow/example_dags/example_branch_labels.py
[2025-02-14T23:37:47.856+0000] {processor.py:914} INFO - Processing file /home/airflow/.local/lib/python3.12/site-packages/airflow/example_dags/example_branch_labels.py for tasks to queue
[2025-02-14T23:37:47.857+0000] {logging_mixin.py:190} INFO - [2025-02-14T23:37:47.857+0000] {dagbag.py:588} INFO - Filling up the DagBag from /home/airflow/.local/lib/python3.12/site-packages/airflow/example_dags/example_branch_labels.py
[2025-02-14T23:37:47.864+0000] {processor.py:925} INFO - DAG(s) 'example_branch_labels' retrieved from /home/airflow/.local/lib/python3.12/site-packages/airflow/example_dags/example_branch_labels.py
[2025-02-14T23:37:47.878+0000] {logging_mixin.py:190} INFO - [2025-02-14T23:37:47.878+0000] {dag.py:3239} INFO - Sync 1 DAGs
[2025-02-14T23:37:47.892+0000] {logging_mixin.py:190} INFO - [2025-02-14T23:37:47.892+0000] {dag.py:4180} INFO - Setting next_dagrun for example_branch_labels to 2025-02-13 00:00:00+00:00, run_after=2025-02-14 00:00:00+00:00
[2025-02-14T23:37:47.902+0000] {processor.py:208} INFO - Processing /home/airflow/.local/lib/python3.12/site-packages/airflow/example_dags/example_branch_labels.py took 0.051 seconds
[2025-02-14T23:38:18.495+0000] {processor.py:186} INFO - Started process (PID=280) to work on /home/airflow/.local/lib/python3.12/site-packages/airflow/example_dags/example_branch_labels.py
[2025-02-14T23:38:18.496+0000] {processor.py:914} INFO - Processing file /home/airflow/.local/lib/python3.12/site-packages/airflow/example_dags/example_branch_labels.py for tasks to queue
[2025-02-14T23:38:18.498+0000] {logging_mixin.py:190} INFO - [2025-02-14T23:38:18.498+0000] {dagbag.py:588} INFO - Filling up the DagBag from /home/airflow/.local/lib/python3.12/site-packages/airflow/example_dags/example_branch_labels.py
[2025-02-14T23:38:18.512+0000] {processor.py:925} INFO - DAG(s) 'example_branch_labels' retrieved from /home/airflow/.local/lib/python3.12/site-packages/airflow/example_dags/example_branch_labels.py
[2025-02-14T23:38:18.529+0000] {logging_mixin.py:190} INFO - [2025-02-14T23:38:18.529+0000] {dag.py:3239} INFO - Sync 1 DAGs
[2025-02-14T23:38:18.552+0000] {logging_mixin.py:190} INFO - [2025-02-14T23:38:18.551+0000] {dag.py:4180} INFO - Setting next_dagrun for example_branch_labels to 2025-02-13 00:00:00+00:00, run_after=2025-02-14 00:00:00+00:00
[2025-02-14T23:38:18.564+0000] {processor.py:208} INFO - Processing /home/airflow/.local/lib/python3.12/site-packages/airflow/example_dags/example_branch_labels.py took 0.073 seconds
[2025-02-14T23:38:48.834+0000] {processor.py:186} INFO - Started process (PID=342) to work on /home/airflow/.local/lib/python3.12/site-packages/airflow/example_dags/example_branch_labels.py
[2025-02-14T23:38:48.835+0000] {processor.py:914} INFO - Processing file /home/airflow/.local/lib/python3.12/site-packages/airflow/example_dags/example_branch_labels.py for tasks to queue
[2025-02-14T23:38:48.836+0000] {logging_mixin.py:190} INFO - [2025-02-14T23:38:48.836+0000] {dagbag.py:588} INFO - Filling up the DagBag from /home/airflow/.local/lib/python3.12/site-packages/airflow/example_dags/example_branch_labels.py
[2025-02-14T23:38:48.843+0000] {processor.py:925} INFO - DAG(s) 'example_branch_labels' retrieved from /home/airflow/.local/lib/python3.12/site-packages/airflow/example_dags/example_branch_labels.py
[2025-02-14T23:38:48.858+0000] {logging_mixin.py:190} INFO - [2025-02-14T23:38:48.858+0000] {dag.py:3239} INFO - Sync 1 DAGs
[2025-02-14T23:38:48.877+0000] {logging_mixin.py:190} INFO - [2025-02-14T23:38:48.877+0000] {dag.py:4180} INFO - Setting next_dagrun for example_branch_labels to 2025-02-13 00:00:00+00:00, run_after=2025-02-14 00:00:00+00:00
[2025-02-14T23:38:48.890+0000] {processor.py:208} INFO - Processing /home/airflow/.local/lib/python3.12/site-packages/airflow/example_dags/example_branch_labels.py took 0.060 seconds
[2025-02-14T23:39:18.992+0000] {processor.py:186} INFO - Started process (PID=405) to work on /home/airflow/.local/lib/python3.12/site-packages/airflow/example_dags/example_branch_labels.py
[2025-02-14T23:39:18.992+0000] {processor.py:914} INFO - Processing file /home/airflow/.local/lib/python3.12/site-packages/airflow/example_dags/example_branch_labels.py for tasks to queue
[2025-02-14T23:39:18.994+0000] {logging_mixin.py:190} INFO - [2025-02-14T23:39:18.994+0000] {dagbag.py:588} INFO - Filling up the DagBag from /home/airflow/.local/lib/python3.12/site-packages/airflow/example_dags/example_branch_labels.py
[2025-02-14T23:39:19.001+0000] {processor.py:925} INFO - DAG(s) 'example_branch_labels' retrieved from /home/airflow/.local/lib/python3.12/site-packages/airflow/example_dags/example_branch_labels.py
[2025-02-14T23:39:19.014+0000] {logging_mixin.py:190} INFO - [2025-02-14T23:39:19.014+0000] {dag.py:3239} INFO - Sync 1 DAGs
[2025-02-14T23:39:19.029+0000] {logging_mixin.py:190} INFO - [2025-02-14T23:39:19.029+0000] {dag.py:4180} INFO - Setting next_dagrun for example_branch_labels to 2025-02-13 00:00:00+00:00, run_after=2025-02-14 00:00:00+00:00
[2025-02-14T23:39:19.039+0000] {processor.py:208} INFO - Processing /home/airflow/.local/lib/python3.12/site-packages/airflow/example_dags/example_branch_labels.py took 0.052 seconds
[2025-02-14T23:39:49.313+0000] {processor.py:186} INFO - Started process (PID=467) to work on /home/airflow/.local/lib/python3.12/site-packages/airflow/example_dags/example_branch_labels.py
[2025-02-14T23:39:49.314+0000] {processor.py:914} INFO - Processing file /home/airflow/.local/lib/python3.12/site-packages/airflow/example_dags/example_branch_labels.py for tasks to queue
[2025-02-14T23:39:49.315+0000] {logging_mixin.py:190} INFO - [2025-02-14T23:39:49.315+0000] {dagbag.py:588} INFO - Filling up the DagBag from /home/airflow/.local/lib/python3.12/site-packages/airflow/example_dags/example_branch_labels.py
[2025-02-14T23:39:49.322+0000] {processor.py:925} INFO - DAG(s) 'example_branch_labels' retrieved from /home/airflow/.local/lib/python3.12/site-packages/airflow/example_dags/example_branch_labels.py
[2025-02-14T23:39:49.337+0000] {logging_mixin.py:190} INFO - [2025-02-14T23:39:49.337+0000] {dag.py:3239} INFO - Sync 1 DAGs
[2025-02-14T23:39:49.351+0000] {logging_mixin.py:190} INFO - [2025-02-14T23:39:49.351+0000] {dag.py:4180} INFO - Setting next_dagrun for example_branch_labels to 2025-02-13 00:00:00+00:00, run_after=2025-02-14 00:00:00+00:00
[2025-02-14T23:39:49.362+0000] {processor.py:208} INFO - Processing /home/airflow/.local/lib/python3.12/site-packages/airflow/example_dags/example_branch_labels.py took 0.053 seconds
[2025-02-14T23:40:19.945+0000] {processor.py:186} INFO - Started process (PID=530) to work on /home/airflow/.local/lib/python3.12/site-packages/airflow/example_dags/example_branch_labels.py
[2025-02-14T23:40:19.945+0000] {processor.py:914} INFO - Processing file /home/airflow/.local/lib/python3.12/site-packages/airflow/example_dags/example_branch_labels.py for tasks to queue
[2025-02-14T23:40:19.948+0000] {logging_mixin.py:190} INFO - [2025-02-14T23:40:19.948+0000] {dagbag.py:588} INFO - Filling up the DagBag from /home/airflow/.local/lib/python3.12/site-packages/airflow/example_dags/example_branch_labels.py
[2025-02-14T23:40:19.955+0000] {processor.py:925} INFO - DAG(s) 'example_branch_labels' retrieved from /home/airflow/.local/lib/python3.12/site-packages/airflow/example_dags/example_branch_labels.py
[2025-02-14T23:40:19.970+0000] {logging_mixin.py:190} INFO - [2025-02-14T23:40:19.970+0000] {dag.py:3239} INFO - Sync 1 DAGs
[2025-02-14T23:40:19.985+0000] {logging_mixin.py:190} INFO - [2025-02-14T23:40:19.985+0000] {dag.py:4180} INFO - Setting next_dagrun for example_branch_labels to 2025-02-13 00:00:00+00:00, run_after=2025-02-14 00:00:00+00:00
[2025-02-14T23:40:19.996+0000] {processor.py:208} INFO - Processing /home/airflow/.local/lib/python3.12/site-packages/airflow/example_dags/example_branch_labels.py took 0.055 seconds
[2025-02-14T23:40:50.631+0000] {processor.py:186} INFO - Started process (PID=593) to work on /home/airflow/.local/lib/python3.12/site-packages/airflow/example_dags/example_branch_labels.py
[2025-02-14T23:40:50.633+0000] {processor.py:914} INFO - Processing file /home/airflow/.local/lib/python3.12/site-packages/airflow/example_dags/example_branch_labels.py for tasks to queue
[2025-02-14T23:40:50.635+0000] {logging_mixin.py:190} INFO - [2025-02-14T23:40:50.635+0000] {dagbag.py:588} INFO - Filling up the DagBag from /home/airflow/.local/lib/python3.12/site-packages/airflow/example_dags/example_branch_labels.py
[2025-02-14T23:40:50.642+0000] {processor.py:925} INFO - DAG(s) 'example_branch_labels' retrieved from /home/airflow/.local/lib/python3.12/site-packages/airflow/example_dags/example_branch_labels.py
[2025-02-14T23:40:50.654+0000] {logging_mixin.py:190} INFO - [2025-02-14T23:40:50.653+0000] {dag.py:3239} INFO - Sync 1 DAGs
[2025-02-14T23:40:50.667+0000] {logging_mixin.py:190} INFO - [2025-02-14T23:40:50.666+0000] {dag.py:4180} INFO - Setting next_dagrun for example_branch_labels to 2025-02-13 00:00:00+00:00, run_after=2025-02-14 00:00:00+00:00
[2025-02-14T23:40:50.680+0000] {processor.py:208} INFO - Processing /home/airflow/.local/lib/python3.12/site-packages/airflow/example_dags/example_branch_labels.py took 0.053 seconds
[2025-02-14T23:41:21.656+0000] {processor.py:186} INFO - Started process (PID=656) to work on /home/airflow/.local/lib/python3.12/site-packages/airflow/example_dags/example_branch_labels.py
[2025-02-14T23:41:21.657+0000] {processor.py:914} INFO - Processing file /home/airflow/.local/lib/python3.12/site-packages/airflow/example_dags/example_branch_labels.py for tasks to queue
[2025-02-14T23:41:21.658+0000] {logging_mixin.py:190} INFO - [2025-02-14T23:41:21.658+0000] {dagbag.py:588} INFO - Filling up the DagBag from /home/airflow/.local/lib/python3.12/site-packages/airflow/example_dags/example_branch_labels.py
[2025-02-14T23:41:21.665+0000] {processor.py:925} INFO - DAG(s) 'example_branch_labels' retrieved from /home/airflow/.local/lib/python3.12/site-packages/airflow/example_dags/example_branch_labels.py
[2025-02-14T23:41:21.677+0000] {logging_mixin.py:190} INFO - [2025-02-14T23:41:21.677+0000] {dag.py:3239} INFO - Sync 1 DAGs
[2025-02-14T23:41:21.690+0000] {logging_mixin.py:190} INFO - [2025-02-14T23:41:21.690+0000] {dag.py:4180} INFO - Setting next_dagrun for example_branch_labels to 2025-02-13 00:00:00+00:00, run_after=2025-02-14 00:00:00+00:00
[2025-02-14T23:41:21.699+0000] {processor.py:208} INFO - Processing /home/airflow/.local/lib/python3.12/site-packages/airflow/example_dags/example_branch_labels.py took 0.046 seconds
[2025-02-14T23:41:52.385+0000] {processor.py:186} INFO - Started process (PID=719) to work on /home/airflow/.local/lib/python3.12/site-packages/airflow/example_dags/example_branch_labels.py
[2025-02-14T23:41:52.385+0000] {processor.py:914} INFO - Processing file /home/airflow/.local/lib/python3.12/site-packages/airflow/example_dags/example_branch_labels.py for tasks to queue
[2025-02-14T23:41:52.386+0000] {logging_mixin.py:190} INFO - [2025-02-14T23:41:52.386+0000] {dagbag.py:588} INFO - Filling up the DagBag from /home/airflow/.local/lib/python3.12/site-packages/airflow/example_dags/example_branch_labels.py
[2025-02-14T23:41:52.393+0000] {processor.py:925} INFO - DAG(s) 'example_branch_labels' retrieved from /home/airflow/.local/lib/python3.12/site-packages/airflow/example_dags/example_branch_labels.py
[2025-02-14T23:41:52.406+0000] {logging_mixin.py:190} INFO - [2025-02-14T23:41:52.405+0000] {dag.py:3239} INFO - Sync 1 DAGs
[2025-02-14T23:41:52.421+0000] {logging_mixin.py:190} INFO - [2025-02-14T23:41:52.420+0000] {dag.py:4180} INFO - Setting next_dagrun for example_branch_labels to 2025-02-13 00:00:00+00:00, run_after=2025-02-14 00:00:00+00:00
[2025-02-14T23:41:52.431+0000] {processor.py:208} INFO - Processing /home/airflow/.local/lib/python3.12/site-packages/airflow/example_dags/example_branch_labels.py took 0.051 seconds
[2025-02-14T23:42:22.765+0000] {processor.py:186} INFO - Started process (PID=782) to work on /home/airflow/.local/lib/python3.12/site-packages/airflow/example_dags/example_branch_labels.py
[2025-02-14T23:42:22.766+0000] {processor.py:914} INFO - Processing file /home/airflow/.local/lib/python3.12/site-packages/airflow/example_dags/example_branch_labels.py for tasks to queue
[2025-02-14T23:42:22.767+0000] {logging_mixin.py:190} INFO - [2025-02-14T23:42:22.767+0000] {dagbag.py:588} INFO - Filling up the DagBag from /home/airflow/.local/lib/python3.12/site-packages/airflow/example_dags/example_branch_labels.py
[2025-02-14T23:42:22.775+0000] {processor.py:925} INFO - DAG(s) 'example_branch_labels' retrieved from /home/airflow/.local/lib/python3.12/site-packages/airflow/example_dags/example_branch_labels.py
[2025-02-14T23:42:22.791+0000] {logging_mixin.py:190} INFO - [2025-02-14T23:42:22.791+0000] {dag.py:3239} INFO - Sync 1 DAGs
[2025-02-14T23:42:22.806+0000] {logging_mixin.py:190} INFO - [2025-02-14T23:42:22.805+0000] {dag.py:4180} INFO - Setting next_dagrun for example_branch_labels to 2025-02-13 00:00:00+00:00, run_after=2025-02-14 00:00:00+00:00
[2025-02-14T23:42:22.815+0000] {processor.py:208} INFO - Processing /home/airflow/.local/lib/python3.12/site-packages/airflow/example_dags/example_branch_labels.py took 0.054 seconds
[2025-02-14T23:42:53.647+0000] {processor.py:186} INFO - Started process (PID=845) to work on /home/airflow/.local/lib/python3.12/site-packages/airflow/example_dags/example_branch_labels.py
[2025-02-14T23:42:53.648+0000] {processor.py:914} INFO - Processing file /home/airflow/.local/lib/python3.12/site-packages/airflow/example_dags/example_branch_labels.py for tasks to queue
[2025-02-14T23:42:53.651+0000] {logging_mixin.py:190} INFO - [2025-02-14T23:42:53.651+0000] {dagbag.py:588} INFO - Filling up the DagBag from /home/airflow/.local/lib/python3.12/site-packages/airflow/example_dags/example_branch_labels.py
[2025-02-14T23:42:53.661+0000] {processor.py:925} INFO - DAG(s) 'example_branch_labels' retrieved from /home/airflow/.local/lib/python3.12/site-packages/airflow/example_dags/example_branch_labels.py
[2025-02-14T23:42:53.676+0000] {logging_mixin.py:190} INFO - [2025-02-14T23:42:53.676+0000] {dag.py:3239} INFO - Sync 1 DAGs
[2025-02-14T23:42:53.693+0000] {logging_mixin.py:190} INFO - [2025-02-14T23:42:53.692+0000] {dag.py:4180} INFO - Setting next_dagrun for example_branch_labels to 2025-02-13 00:00:00+00:00, run_after=2025-02-14 00:00:00+00:00
[2025-02-14T23:42:53.703+0000] {processor.py:208} INFO - Processing /home/airflow/.local/lib/python3.12/site-packages/airflow/example_dags/example_branch_labels.py took 0.060 seconds
[2025-02-14T23:43:24.492+0000] {processor.py:186} INFO - Started process (PID=908) to work on /home/airflow/.local/lib/python3.12/site-packages/airflow/example_dags/example_branch_labels.py
[2025-02-14T23:43:24.493+0000] {processor.py:914} INFO - Processing file /home/airflow/.local/lib/python3.12/site-packages/airflow/example_dags/example_branch_labels.py for tasks to queue
[2025-02-14T23:43:24.495+0000] {logging_mixin.py:190} INFO - [2025-02-14T23:43:24.494+0000] {dagbag.py:588} INFO - Filling up the DagBag from /home/airflow/.local/lib/python3.12/site-packages/airflow/example_dags/example_branch_labels.py
[2025-02-14T23:43:24.504+0000] {processor.py:925} INFO - DAG(s) 'example_branch_labels' retrieved from /home/airflow/.local/lib/python3.12/site-packages/airflow/example_dags/example_branch_labels.py
[2025-02-14T23:43:24.522+0000] {logging_mixin.py:190} INFO - [2025-02-14T23:43:24.521+0000] {dag.py:3239} INFO - Sync 1 DAGs
[2025-02-14T23:43:24.542+0000] {logging_mixin.py:190} INFO - [2025-02-14T23:43:24.542+0000] {dag.py:4180} INFO - Setting next_dagrun for example_branch_labels to 2025-02-13 00:00:00+00:00, run_after=2025-02-14 00:00:00+00:00
[2025-02-14T23:43:24.554+0000] {processor.py:208} INFO - Processing /home/airflow/.local/lib/python3.12/site-packages/airflow/example_dags/example_branch_labels.py took 0.066 seconds
[2025-02-14T23:43:54.951+0000] {processor.py:186} INFO - Started process (PID=971) to work on /home/airflow/.local/lib/python3.12/site-packages/airflow/example_dags/example_branch_labels.py
[2025-02-14T23:43:54.952+0000] {processor.py:914} INFO - Processing file /home/airflow/.local/lib/python3.12/site-packages/airflow/example_dags/example_branch_labels.py for tasks to queue
[2025-02-14T23:43:54.953+0000] {logging_mixin.py:190} INFO - [2025-02-14T23:43:54.953+0000] {dagbag.py:588} INFO - Filling up the DagBag from /home/airflow/.local/lib/python3.12/site-packages/airflow/example_dags/example_branch_labels.py
[2025-02-14T23:43:54.960+0000] {processor.py:925} INFO - DAG(s) 'example_branch_labels' retrieved from /home/airflow/.local/lib/python3.12/site-packages/airflow/example_dags/example_branch_labels.py
[2025-02-14T23:43:54.974+0000] {logging_mixin.py:190} INFO - [2025-02-14T23:43:54.974+0000] {dag.py:3239} INFO - Sync 1 DAGs
[2025-02-14T23:43:54.988+0000] {logging_mixin.py:190} INFO - [2025-02-14T23:43:54.988+0000] {dag.py:4180} INFO - Setting next_dagrun for example_branch_labels to 2025-02-13 00:00:00+00:00, run_after=2025-02-14 00:00:00+00:00
[2025-02-14T23:43:54.998+0000] {processor.py:208} INFO - Processing /home/airflow/.local/lib/python3.12/site-packages/airflow/example_dags/example_branch_labels.py took 0.051 seconds
[2025-02-14T23:44:25.719+0000] {processor.py:186} INFO - Started process (PID=1033) to work on /home/airflow/.local/lib/python3.12/site-packages/airflow/example_dags/example_branch_labels.py
[2025-02-14T23:44:25.720+0000] {processor.py:914} INFO - Processing file /home/airflow/.local/lib/python3.12/site-packages/airflow/example_dags/example_branch_labels.py for tasks to queue
[2025-02-14T23:44:25.722+0000] {logging_mixin.py:190} INFO - [2025-02-14T23:44:25.722+0000] {dagbag.py:588} INFO - Filling up the DagBag from /home/airflow/.local/lib/python3.12/site-packages/airflow/example_dags/example_branch_labels.py
[2025-02-14T23:44:25.730+0000] {processor.py:925} INFO - DAG(s) 'example_branch_labels' retrieved from /home/airflow/.local/lib/python3.12/site-packages/airflow/example_dags/example_branch_labels.py
[2025-02-14T23:44:25.749+0000] {logging_mixin.py:190} INFO - [2025-02-14T23:44:25.749+0000] {dag.py:3239} INFO - Sync 1 DAGs
[2025-02-14T23:44:25.763+0000] {logging_mixin.py:190} INFO - [2025-02-14T23:44:25.763+0000] {dag.py:4180} INFO - Setting next_dagrun for example_branch_labels to 2025-02-13 00:00:00+00:00, run_after=2025-02-14 00:00:00+00:00
[2025-02-14T23:44:25.773+0000] {processor.py:208} INFO - Processing /home/airflow/.local/lib/python3.12/site-packages/airflow/example_dags/example_branch_labels.py took 0.058 seconds
[2025-02-14T23:44:56.615+0000] {processor.py:186} INFO - Started process (PID=1096) to work on /home/airflow/.local/lib/python3.12/site-packages/airflow/example_dags/example_branch_labels.py
[2025-02-14T23:44:56.616+0000] {processor.py:914} INFO - Processing file /home/airflow/.local/lib/python3.12/site-packages/airflow/example_dags/example_branch_labels.py for tasks to queue
[2025-02-14T23:44:56.618+0000] {logging_mixin.py:190} INFO - [2025-02-14T23:44:56.617+0000] {dagbag.py:588} INFO - Filling up the DagBag from /home/airflow/.local/lib/python3.12/site-packages/airflow/example_dags/example_branch_labels.py
[2025-02-14T23:44:56.625+0000] {processor.py:925} INFO - DAG(s) 'example_branch_labels' retrieved from /home/airflow/.local/lib/python3.12/site-packages/airflow/example_dags/example_branch_labels.py
[2025-02-14T23:44:56.640+0000] {logging_mixin.py:190} INFO - [2025-02-14T23:44:56.640+0000] {dag.py:3239} INFO - Sync 1 DAGs
[2025-02-14T23:44:56.654+0000] {logging_mixin.py:190} INFO - [2025-02-14T23:44:56.654+0000] {dag.py:4180} INFO - Setting next_dagrun for example_branch_labels to 2025-02-13 00:00:00+00:00, run_after=2025-02-14 00:00:00+00:00
[2025-02-14T23:44:56.663+0000] {processor.py:208} INFO - Processing /home/airflow/.local/lib/python3.12/site-packages/airflow/example_dags/example_branch_labels.py took 0.051 seconds
[2025-02-14T23:45:26.807+0000] {processor.py:186} INFO - Started process (PID=1159) to work on /home/airflow/.local/lib/python3.12/site-packages/airflow/example_dags/example_branch_labels.py
[2025-02-14T23:45:26.807+0000] {processor.py:914} INFO - Processing file /home/airflow/.local/lib/python3.12/site-packages/airflow/example_dags/example_branch_labels.py for tasks to queue
[2025-02-14T23:45:26.809+0000] {logging_mixin.py:190} INFO - [2025-02-14T23:45:26.809+0000] {dagbag.py:588} INFO - Filling up the DagBag from /home/airflow/.local/lib/python3.12/site-packages/airflow/example_dags/example_branch_labels.py
[2025-02-14T23:45:26.816+0000] {processor.py:925} INFO - DAG(s) 'example_branch_labels' retrieved from /home/airflow/.local/lib/python3.12/site-packages/airflow/example_dags/example_branch_labels.py
[2025-02-14T23:45:26.834+0000] {logging_mixin.py:190} INFO - [2025-02-14T23:45:26.834+0000] {dag.py:3239} INFO - Sync 1 DAGs
[2025-02-14T23:45:26.849+0000] {logging_mixin.py:190} INFO - [2025-02-14T23:45:26.849+0000] {dag.py:4180} INFO - Setting next_dagrun for example_branch_labels to 2025-02-13 00:00:00+00:00, run_after=2025-02-14 00:00:00+00:00
[2025-02-14T23:45:26.859+0000] {processor.py:208} INFO - Processing /home/airflow/.local/lib/python3.12/site-packages/airflow/example_dags/example_branch_labels.py took 0.056 seconds
[2025-02-14T23:45:57.047+0000] {processor.py:186} INFO - Started process (PID=1222) to work on /home/airflow/.local/lib/python3.12/site-packages/airflow/example_dags/example_branch_labels.py
[2025-02-14T23:45:57.048+0000] {processor.py:914} INFO - Processing file /home/airflow/.local/lib/python3.12/site-packages/airflow/example_dags/example_branch_labels.py for tasks to queue
[2025-02-14T23:45:57.049+0000] {logging_mixin.py:190} INFO - [2025-02-14T23:45:57.049+0000] {dagbag.py:588} INFO - Filling up the DagBag from /home/airflow/.local/lib/python3.12/site-packages/airflow/example_dags/example_branch_labels.py
[2025-02-14T23:45:57.056+0000] {processor.py:925} INFO - DAG(s) 'example_branch_labels' retrieved from /home/airflow/.local/lib/python3.12/site-packages/airflow/example_dags/example_branch_labels.py
[2025-02-14T23:45:57.070+0000] {logging_mixin.py:190} INFO - [2025-02-14T23:45:57.069+0000] {dag.py:3239} INFO - Sync 1 DAGs
[2025-02-14T23:45:57.084+0000] {logging_mixin.py:190} INFO - [2025-02-14T23:45:57.084+0000] {dag.py:4180} INFO - Setting next_dagrun for example_branch_labels to 2025-02-13 00:00:00+00:00, run_after=2025-02-14 00:00:00+00:00
[2025-02-14T23:45:57.093+0000] {processor.py:208} INFO - Processing /home/airflow/.local/lib/python3.12/site-packages/airflow/example_dags/example_branch_labels.py took 0.050 seconds
[2025-02-14T23:46:27.329+0000] {processor.py:186} INFO - Started process (PID=1285) to work on /home/airflow/.local/lib/python3.12/site-packages/airflow/example_dags/example_branch_labels.py
[2025-02-14T23:46:27.329+0000] {processor.py:914} INFO - Processing file /home/airflow/.local/lib/python3.12/site-packages/airflow/example_dags/example_branch_labels.py for tasks to queue
[2025-02-14T23:46:27.331+0000] {logging_mixin.py:190} INFO - [2025-02-14T23:46:27.331+0000] {dagbag.py:588} INFO - Filling up the DagBag from /home/airflow/.local/lib/python3.12/site-packages/airflow/example_dags/example_branch_labels.py
[2025-02-14T23:46:27.337+0000] {processor.py:925} INFO - DAG(s) 'example_branch_labels' retrieved from /home/airflow/.local/lib/python3.12/site-packages/airflow/example_dags/example_branch_labels.py
[2025-02-14T23:46:27.350+0000] {logging_mixin.py:190} INFO - [2025-02-14T23:46:27.350+0000] {dag.py:3239} INFO - Sync 1 DAGs
[2025-02-14T23:46:27.364+0000] {logging_mixin.py:190} INFO - [2025-02-14T23:46:27.364+0000] {dag.py:4180} INFO - Setting next_dagrun for example_branch_labels to 2025-02-13 00:00:00+00:00, run_after=2025-02-14 00:00:00+00:00
[2025-02-14T23:46:27.373+0000] {processor.py:208} INFO - Processing /home/airflow/.local/lib/python3.12/site-packages/airflow/example_dags/example_branch_labels.py took 0.048 seconds
[2025-02-14T23:46:57.923+0000] {processor.py:186} INFO - Started process (PID=1348) to work on /home/airflow/.local/lib/python3.12/site-packages/airflow/example_dags/example_branch_labels.py
[2025-02-14T23:46:57.926+0000] {processor.py:914} INFO - Processing file /home/airflow/.local/lib/python3.12/site-packages/airflow/example_dags/example_branch_labels.py for tasks to queue
[2025-02-14T23:46:57.927+0000] {logging_mixin.py:190} INFO - [2025-02-14T23:46:57.927+0000] {dagbag.py:588} INFO - Filling up the DagBag from /home/airflow/.local/lib/python3.12/site-packages/airflow/example_dags/example_branch_labels.py
[2025-02-14T23:46:57.934+0000] {processor.py:925} INFO - DAG(s) 'example_branch_labels' retrieved from /home/airflow/.local/lib/python3.12/site-packages/airflow/example_dags/example_branch_labels.py
[2025-02-14T23:46:57.953+0000] {logging_mixin.py:190} INFO - [2025-02-14T23:46:57.953+0000] {dag.py:3239} INFO - Sync 1 DAGs
[2025-02-14T23:46:57.968+0000] {logging_mixin.py:190} INFO - [2025-02-14T23:46:57.967+0000] {dag.py:4180} INFO - Setting next_dagrun for example_branch_labels to 2025-02-13 00:00:00+00:00, run_after=2025-02-14 00:00:00+00:00
[2025-02-14T23:46:57.977+0000] {processor.py:208} INFO - Processing /home/airflow/.local/lib/python3.12/site-packages/airflow/example_dags/example_branch_labels.py took 0.058 seconds
[2025-02-14T23:47:28.559+0000] {processor.py:186} INFO - Started process (PID=1410) to work on /home/airflow/.local/lib/python3.12/site-packages/airflow/example_dags/example_branch_labels.py
[2025-02-14T23:47:28.560+0000] {processor.py:914} INFO - Processing file /home/airflow/.local/lib/python3.12/site-packages/airflow/example_dags/example_branch_labels.py for tasks to queue
[2025-02-14T23:47:28.562+0000] {logging_mixin.py:190} INFO - [2025-02-14T23:47:28.561+0000] {dagbag.py:588} INFO - Filling up the DagBag from /home/airflow/.local/lib/python3.12/site-packages/airflow/example_dags/example_branch_labels.py
[2025-02-14T23:47:28.569+0000] {processor.py:925} INFO - DAG(s) 'example_branch_labels' retrieved from /home/airflow/.local/lib/python3.12/site-packages/airflow/example_dags/example_branch_labels.py
[2025-02-14T23:47:28.584+0000] {logging_mixin.py:190} INFO - [2025-02-14T23:47:28.584+0000] {dag.py:3239} INFO - Sync 1 DAGs
[2025-02-14T23:47:28.601+0000] {logging_mixin.py:190} INFO - [2025-02-14T23:47:28.601+0000] {dag.py:4180} INFO - Setting next_dagrun for example_branch_labels to 2025-02-13 00:00:00+00:00, run_after=2025-02-14 00:00:00+00:00
[2025-02-14T23:47:28.613+0000] {processor.py:208} INFO - Processing /home/airflow/.local/lib/python3.12/site-packages/airflow/example_dags/example_branch_labels.py took 0.059 seconds
[2025-02-14T23:47:58.988+0000] {processor.py:186} INFO - Started process (PID=1473) to work on /home/airflow/.local/lib/python3.12/site-packages/airflow/example_dags/example_branch_labels.py
[2025-02-14T23:47:58.992+0000] {processor.py:914} INFO - Processing file /home/airflow/.local/lib/python3.12/site-packages/airflow/example_dags/example_branch_labels.py for tasks to queue
[2025-02-14T23:47:58.994+0000] {logging_mixin.py:190} INFO - [2025-02-14T23:47:58.994+0000] {dagbag.py:588} INFO - Filling up the DagBag from /home/airflow/.local/lib/python3.12/site-packages/airflow/example_dags/example_branch_labels.py
[2025-02-14T23:47:59.001+0000] {processor.py:925} INFO - DAG(s) 'example_branch_labels' retrieved from /home/airflow/.local/lib/python3.12/site-packages/airflow/example_dags/example_branch_labels.py
[2025-02-14T23:47:59.015+0000] {logging_mixin.py:190} INFO - [2025-02-14T23:47:59.015+0000] {dag.py:3239} INFO - Sync 1 DAGs
[2025-02-14T23:47:59.031+0000] {logging_mixin.py:190} INFO - [2025-02-14T23:47:59.031+0000] {dag.py:4180} INFO - Setting next_dagrun for example_branch_labels to 2025-02-13 00:00:00+00:00, run_after=2025-02-14 00:00:00+00:00
[2025-02-14T23:47:59.048+0000] {processor.py:208} INFO - Processing /home/airflow/.local/lib/python3.12/site-packages/airflow/example_dags/example_branch_labels.py took 0.065 seconds
[2025-02-14T23:48:29.334+0000] {processor.py:186} INFO - Started process (PID=1536) to work on /home/airflow/.local/lib/python3.12/site-packages/airflow/example_dags/example_branch_labels.py
[2025-02-14T23:48:29.334+0000] {processor.py:914} INFO - Processing file /home/airflow/.local/lib/python3.12/site-packages/airflow/example_dags/example_branch_labels.py for tasks to queue
[2025-02-14T23:48:29.336+0000] {logging_mixin.py:190} INFO - [2025-02-14T23:48:29.335+0000] {dagbag.py:588} INFO - Filling up the DagBag from /home/airflow/.local/lib/python3.12/site-packages/airflow/example_dags/example_branch_labels.py
[2025-02-14T23:48:29.342+0000] {processor.py:925} INFO - DAG(s) 'example_branch_labels' retrieved from /home/airflow/.local/lib/python3.12/site-packages/airflow/example_dags/example_branch_labels.py
[2025-02-14T23:48:29.355+0000] {logging_mixin.py:190} INFO - [2025-02-14T23:48:29.355+0000] {dag.py:3239} INFO - Sync 1 DAGs
[2025-02-14T23:48:29.370+0000] {logging_mixin.py:190} INFO - [2025-02-14T23:48:29.369+0000] {dag.py:4180} INFO - Setting next_dagrun for example_branch_labels to 2025-02-13 00:00:00+00:00, run_after=2025-02-14 00:00:00+00:00
[2025-02-14T23:48:29.379+0000] {processor.py:208} INFO - Processing /home/airflow/.local/lib/python3.12/site-packages/airflow/example_dags/example_branch_labels.py took 0.049 seconds
[2025-02-14T23:48:59.661+0000] {processor.py:186} INFO - Started process (PID=1599) to work on /home/airflow/.local/lib/python3.12/site-packages/airflow/example_dags/example_branch_labels.py
[2025-02-14T23:48:59.662+0000] {processor.py:914} INFO - Processing file /home/airflow/.local/lib/python3.12/site-packages/airflow/example_dags/example_branch_labels.py for tasks to queue
[2025-02-14T23:48:59.663+0000] {logging_mixin.py:190} INFO - [2025-02-14T23:48:59.663+0000] {dagbag.py:588} INFO - Filling up the DagBag from /home/airflow/.local/lib/python3.12/site-packages/airflow/example_dags/example_branch_labels.py
[2025-02-14T23:48:59.670+0000] {processor.py:925} INFO - DAG(s) 'example_branch_labels' retrieved from /home/airflow/.local/lib/python3.12/site-packages/airflow/example_dags/example_branch_labels.py
[2025-02-14T23:48:59.686+0000] {logging_mixin.py:190} INFO - [2025-02-14T23:48:59.686+0000] {dag.py:3239} INFO - Sync 1 DAGs
[2025-02-14T23:48:59.700+0000] {logging_mixin.py:190} INFO - [2025-02-14T23:48:59.700+0000] {dag.py:4180} INFO - Setting next_dagrun for example_branch_labels to 2025-02-13 00:00:00+00:00, run_after=2025-02-14 00:00:00+00:00
[2025-02-14T23:48:59.710+0000] {processor.py:208} INFO - Processing /home/airflow/.local/lib/python3.12/site-packages/airflow/example_dags/example_branch_labels.py took 0.053 seconds
[2025-02-14T23:49:29.816+0000] {processor.py:186} INFO - Started process (PID=1662) to work on /home/airflow/.local/lib/python3.12/site-packages/airflow/example_dags/example_branch_labels.py
[2025-02-14T23:49:29.817+0000] {processor.py:914} INFO - Processing file /home/airflow/.local/lib/python3.12/site-packages/airflow/example_dags/example_branch_labels.py for tasks to queue
[2025-02-14T23:49:29.818+0000] {logging_mixin.py:190} INFO - [2025-02-14T23:49:29.818+0000] {dagbag.py:588} INFO - Filling up the DagBag from /home/airflow/.local/lib/python3.12/site-packages/airflow/example_dags/example_branch_labels.py
[2025-02-14T23:49:29.825+0000] {processor.py:925} INFO - DAG(s) 'example_branch_labels' retrieved from /home/airflow/.local/lib/python3.12/site-packages/airflow/example_dags/example_branch_labels.py
[2025-02-14T23:49:29.839+0000] {logging_mixin.py:190} INFO - [2025-02-14T23:49:29.839+0000] {dag.py:3239} INFO - Sync 1 DAGs
[2025-02-14T23:49:29.857+0000] {logging_mixin.py:190} INFO - [2025-02-14T23:49:29.857+0000] {dag.py:4180} INFO - Setting next_dagrun for example_branch_labels to 2025-02-13 00:00:00+00:00, run_after=2025-02-14 00:00:00+00:00
[2025-02-14T23:49:29.869+0000] {processor.py:208} INFO - Processing /home/airflow/.local/lib/python3.12/site-packages/airflow/example_dags/example_branch_labels.py took 0.057 seconds
[2025-02-14T23:50:00.200+0000] {processor.py:186} INFO - Started process (PID=1725) to work on /home/airflow/.local/lib/python3.12/site-packages/airflow/example_dags/example_branch_labels.py
[2025-02-14T23:50:00.201+0000] {processor.py:914} INFO - Processing file /home/airflow/.local/lib/python3.12/site-packages/airflow/example_dags/example_branch_labels.py for tasks to queue
[2025-02-14T23:50:00.203+0000] {logging_mixin.py:190} INFO - [2025-02-14T23:50:00.202+0000] {dagbag.py:588} INFO - Filling up the DagBag from /home/airflow/.local/lib/python3.12/site-packages/airflow/example_dags/example_branch_labels.py
[2025-02-14T23:50:00.209+0000] {processor.py:925} INFO - DAG(s) 'example_branch_labels' retrieved from /home/airflow/.local/lib/python3.12/site-packages/airflow/example_dags/example_branch_labels.py
[2025-02-14T23:50:00.224+0000] {logging_mixin.py:190} INFO - [2025-02-14T23:50:00.224+0000] {dag.py:3239} INFO - Sync 1 DAGs
[2025-02-14T23:50:00.238+0000] {logging_mixin.py:190} INFO - [2025-02-14T23:50:00.238+0000] {dag.py:4180} INFO - Setting next_dagrun for example_branch_labels to 2025-02-13 00:00:00+00:00, run_after=2025-02-14 00:00:00+00:00
[2025-02-14T23:50:00.248+0000] {processor.py:208} INFO - Processing /home/airflow/.local/lib/python3.12/site-packages/airflow/example_dags/example_branch_labels.py took 0.052 seconds
[2025-02-14T23:50:31.066+0000] {processor.py:186} INFO - Started process (PID=1788) to work on /home/airflow/.local/lib/python3.12/site-packages/airflow/example_dags/example_branch_labels.py
[2025-02-14T23:50:31.067+0000] {processor.py:914} INFO - Processing file /home/airflow/.local/lib/python3.12/site-packages/airflow/example_dags/example_branch_labels.py for tasks to queue
[2025-02-14T23:50:31.068+0000] {logging_mixin.py:190} INFO - [2025-02-14T23:50:31.068+0000] {dagbag.py:588} INFO - Filling up the DagBag from /home/airflow/.local/lib/python3.12/site-packages/airflow/example_dags/example_branch_labels.py
[2025-02-14T23:50:31.074+0000] {processor.py:925} INFO - DAG(s) 'example_branch_labels' retrieved from /home/airflow/.local/lib/python3.12/site-packages/airflow/example_dags/example_branch_labels.py
[2025-02-14T23:50:31.087+0000] {logging_mixin.py:190} INFO - [2025-02-14T23:50:31.087+0000] {dag.py:3239} INFO - Sync 1 DAGs
[2025-02-14T23:50:31.101+0000] {logging_mixin.py:190} INFO - [2025-02-14T23:50:31.101+0000] {dag.py:4180} INFO - Setting next_dagrun for example_branch_labels to 2025-02-13 00:00:00+00:00, run_after=2025-02-14 00:00:00+00:00
[2025-02-14T23:50:31.110+0000] {processor.py:208} INFO - Processing /home/airflow/.local/lib/python3.12/site-packages/airflow/example_dags/example_branch_labels.py took 0.048 seconds
[2025-02-14T23:51:01.572+0000] {processor.py:186} INFO - Started process (PID=1851) to work on /home/airflow/.local/lib/python3.12/site-packages/airflow/example_dags/example_branch_labels.py
[2025-02-14T23:51:01.573+0000] {processor.py:914} INFO - Processing file /home/airflow/.local/lib/python3.12/site-packages/airflow/example_dags/example_branch_labels.py for tasks to queue
[2025-02-14T23:51:01.574+0000] {logging_mixin.py:190} INFO - [2025-02-14T23:51:01.574+0000] {dagbag.py:588} INFO - Filling up the DagBag from /home/airflow/.local/lib/python3.12/site-packages/airflow/example_dags/example_branch_labels.py
[2025-02-14T23:51:01.580+0000] {processor.py:925} INFO - DAG(s) 'example_branch_labels' retrieved from /home/airflow/.local/lib/python3.12/site-packages/airflow/example_dags/example_branch_labels.py
[2025-02-14T23:51:01.593+0000] {logging_mixin.py:190} INFO - [2025-02-14T23:51:01.593+0000] {dag.py:3239} INFO - Sync 1 DAGs
[2025-02-14T23:51:01.608+0000] {logging_mixin.py:190} INFO - [2025-02-14T23:51:01.608+0000] {dag.py:4180} INFO - Setting next_dagrun for example_branch_labels to 2025-02-13 00:00:00+00:00, run_after=2025-02-14 00:00:00+00:00
[2025-02-14T23:51:01.618+0000] {processor.py:208} INFO - Processing /home/airflow/.local/lib/python3.12/site-packages/airflow/example_dags/example_branch_labels.py took 0.050 seconds
[2025-02-14T23:51:31.956+0000] {processor.py:186} INFO - Started process (PID=1914) to work on /home/airflow/.local/lib/python3.12/site-packages/airflow/example_dags/example_branch_labels.py
[2025-02-14T23:51:31.956+0000] {processor.py:914} INFO - Processing file /home/airflow/.local/lib/python3.12/site-packages/airflow/example_dags/example_branch_labels.py for tasks to queue
[2025-02-14T23:51:31.958+0000] {logging_mixin.py:190} INFO - [2025-02-14T23:51:31.957+0000] {dagbag.py:588} INFO - Filling up the DagBag from /home/airflow/.local/lib/python3.12/site-packages/airflow/example_dags/example_branch_labels.py
[2025-02-14T23:51:31.964+0000] {processor.py:925} INFO - DAG(s) 'example_branch_labels' retrieved from /home/airflow/.local/lib/python3.12/site-packages/airflow/example_dags/example_branch_labels.py
[2025-02-14T23:51:31.979+0000] {logging_mixin.py:190} INFO - [2025-02-14T23:51:31.979+0000] {dag.py:3239} INFO - Sync 1 DAGs
[2025-02-14T23:51:31.995+0000] {logging_mixin.py:190} INFO - [2025-02-14T23:51:31.995+0000] {dag.py:4180} INFO - Setting next_dagrun for example_branch_labels to 2025-02-13 00:00:00+00:00, run_after=2025-02-14 00:00:00+00:00
[2025-02-14T23:51:32.007+0000] {processor.py:208} INFO - Processing /home/airflow/.local/lib/python3.12/site-packages/airflow/example_dags/example_branch_labels.py took 0.056 seconds
[2025-02-14T23:52:02.217+0000] {processor.py:186} INFO - Started process (PID=1977) to work on /home/airflow/.local/lib/python3.12/site-packages/airflow/example_dags/example_branch_labels.py
[2025-02-14T23:52:02.219+0000] {processor.py:914} INFO - Processing file /home/airflow/.local/lib/python3.12/site-packages/airflow/example_dags/example_branch_labels.py for tasks to queue
[2025-02-14T23:52:02.222+0000] {logging_mixin.py:190} INFO - [2025-02-14T23:52:02.222+0000] {dagbag.py:588} INFO - Filling up the DagBag from /home/airflow/.local/lib/python3.12/site-packages/airflow/example_dags/example_branch_labels.py
[2025-02-14T23:52:02.232+0000] {processor.py:925} INFO - DAG(s) 'example_branch_labels' retrieved from /home/airflow/.local/lib/python3.12/site-packages/airflow/example_dags/example_branch_labels.py
[2025-02-14T23:52:02.252+0000] {logging_mixin.py:190} INFO - [2025-02-14T23:52:02.252+0000] {dag.py:3239} INFO - Sync 1 DAGs
[2025-02-14T23:52:02.273+0000] {logging_mixin.py:190} INFO - [2025-02-14T23:52:02.273+0000] {dag.py:4180} INFO - Setting next_dagrun for example_branch_labels to 2025-02-13 00:00:00+00:00, run_after=2025-02-14 00:00:00+00:00
[2025-02-14T23:52:02.289+0000] {processor.py:208} INFO - Processing /home/airflow/.local/lib/python3.12/site-packages/airflow/example_dags/example_branch_labels.py took 0.077 seconds
[2025-02-14T23:52:33.012+0000] {processor.py:186} INFO - Started process (PID=2040) to work on /home/airflow/.local/lib/python3.12/site-packages/airflow/example_dags/example_branch_labels.py
[2025-02-14T23:52:33.013+0000] {processor.py:914} INFO - Processing file /home/airflow/.local/lib/python3.12/site-packages/airflow/example_dags/example_branch_labels.py for tasks to queue
[2025-02-14T23:52:33.015+0000] {logging_mixin.py:190} INFO - [2025-02-14T23:52:33.015+0000] {dagbag.py:588} INFO - Filling up the DagBag from /home/airflow/.local/lib/python3.12/site-packages/airflow/example_dags/example_branch_labels.py
[2025-02-14T23:52:33.022+0000] {processor.py:925} INFO - DAG(s) 'example_branch_labels' retrieved from /home/airflow/.local/lib/python3.12/site-packages/airflow/example_dags/example_branch_labels.py
[2025-02-14T23:52:33.036+0000] {logging_mixin.py:190} INFO - [2025-02-14T23:52:33.036+0000] {dag.py:3239} INFO - Sync 1 DAGs
[2025-02-14T23:52:33.050+0000] {logging_mixin.py:190} INFO - [2025-02-14T23:52:33.050+0000] {dag.py:4180} INFO - Setting next_dagrun for example_branch_labels to 2025-02-13 00:00:00+00:00, run_after=2025-02-14 00:00:00+00:00
[2025-02-14T23:52:33.060+0000] {processor.py:208} INFO - Processing /home/airflow/.local/lib/python3.12/site-packages/airflow/example_dags/example_branch_labels.py took 0.052 seconds
[2025-02-14T23:53:03.220+0000] {processor.py:186} INFO - Started process (PID=2103) to work on /home/airflow/.local/lib/python3.12/site-packages/airflow/example_dags/example_branch_labels.py
[2025-02-14T23:53:03.221+0000] {processor.py:914} INFO - Processing file /home/airflow/.local/lib/python3.12/site-packages/airflow/example_dags/example_branch_labels.py for tasks to queue
[2025-02-14T23:53:03.222+0000] {logging_mixin.py:190} INFO - [2025-02-14T23:53:03.222+0000] {dagbag.py:588} INFO - Filling up the DagBag from /home/airflow/.local/lib/python3.12/site-packages/airflow/example_dags/example_branch_labels.py
[2025-02-14T23:53:03.229+0000] {processor.py:925} INFO - DAG(s) 'example_branch_labels' retrieved from /home/airflow/.local/lib/python3.12/site-packages/airflow/example_dags/example_branch_labels.py
[2025-02-14T23:53:03.242+0000] {logging_mixin.py:190} INFO - [2025-02-14T23:53:03.241+0000] {dag.py:3239} INFO - Sync 1 DAGs
[2025-02-14T23:53:03.257+0000] {logging_mixin.py:190} INFO - [2025-02-14T23:53:03.257+0000] {dag.py:4180} INFO - Setting next_dagrun for example_branch_labels to 2025-02-13 00:00:00+00:00, run_after=2025-02-14 00:00:00+00:00
[2025-02-14T23:53:03.271+0000] {processor.py:208} INFO - Processing /home/airflow/.local/lib/python3.12/site-packages/airflow/example_dags/example_branch_labels.py took 0.055 seconds
[2025-02-14T23:53:33.638+0000] {processor.py:186} INFO - Started process (PID=2166) to work on /home/airflow/.local/lib/python3.12/site-packages/airflow/example_dags/example_branch_labels.py
[2025-02-14T23:53:33.638+0000] {processor.py:914} INFO - Processing file /home/airflow/.local/lib/python3.12/site-packages/airflow/example_dags/example_branch_labels.py for tasks to queue
[2025-02-14T23:53:33.640+0000] {logging_mixin.py:190} INFO - [2025-02-14T23:53:33.639+0000] {dagbag.py:588} INFO - Filling up the DagBag from /home/airflow/.local/lib/python3.12/site-packages/airflow/example_dags/example_branch_labels.py
[2025-02-14T23:53:33.646+0000] {processor.py:925} INFO - DAG(s) 'example_branch_labels' retrieved from /home/airflow/.local/lib/python3.12/site-packages/airflow/example_dags/example_branch_labels.py
[2025-02-14T23:53:33.662+0000] {logging_mixin.py:190} INFO - [2025-02-14T23:53:33.662+0000] {dag.py:3239} INFO - Sync 1 DAGs
[2025-02-14T23:53:33.677+0000] {logging_mixin.py:190} INFO - [2025-02-14T23:53:33.677+0000] {dag.py:4180} INFO - Setting next_dagrun for example_branch_labels to 2025-02-13 00:00:00+00:00, run_after=2025-02-14 00:00:00+00:00
[2025-02-14T23:53:33.687+0000] {processor.py:208} INFO - Processing /home/airflow/.local/lib/python3.12/site-packages/airflow/example_dags/example_branch_labels.py took 0.053 seconds
[2025-02-14T23:54:04.372+0000] {processor.py:186} INFO - Started process (PID=2229) to work on /home/airflow/.local/lib/python3.12/site-packages/airflow/example_dags/example_branch_labels.py
[2025-02-14T23:54:04.373+0000] {processor.py:914} INFO - Processing file /home/airflow/.local/lib/python3.12/site-packages/airflow/example_dags/example_branch_labels.py for tasks to queue
[2025-02-14T23:54:04.377+0000] {logging_mixin.py:190} INFO - [2025-02-14T23:54:04.376+0000] {dagbag.py:588} INFO - Filling up the DagBag from /home/airflow/.local/lib/python3.12/site-packages/airflow/example_dags/example_branch_labels.py
[2025-02-14T23:54:04.385+0000] {processor.py:925} INFO - DAG(s) 'example_branch_labels' retrieved from /home/airflow/.local/lib/python3.12/site-packages/airflow/example_dags/example_branch_labels.py
[2025-02-14T23:54:04.404+0000] {logging_mixin.py:190} INFO - [2025-02-14T23:54:04.404+0000] {dag.py:3239} INFO - Sync 1 DAGs
[2025-02-14T23:54:04.419+0000] {logging_mixin.py:190} INFO - [2025-02-14T23:54:04.419+0000] {dag.py:4180} INFO - Setting next_dagrun for example_branch_labels to 2025-02-13 00:00:00+00:00, run_after=2025-02-14 00:00:00+00:00
[2025-02-14T23:54:04.429+0000] {processor.py:208} INFO - Processing /home/airflow/.local/lib/python3.12/site-packages/airflow/example_dags/example_branch_labels.py took 0.061 seconds
[2025-02-14T23:54:34.469+0000] {processor.py:186} INFO - Started process (PID=2292) to work on /home/airflow/.local/lib/python3.12/site-packages/airflow/example_dags/example_branch_labels.py
[2025-02-14T23:54:34.469+0000] {processor.py:914} INFO - Processing file /home/airflow/.local/lib/python3.12/site-packages/airflow/example_dags/example_branch_labels.py for tasks to queue
[2025-02-14T23:54:34.472+0000] {logging_mixin.py:190} INFO - [2025-02-14T23:54:34.472+0000] {dagbag.py:588} INFO - Filling up the DagBag from /home/airflow/.local/lib/python3.12/site-packages/airflow/example_dags/example_branch_labels.py
[2025-02-14T23:54:34.479+0000] {processor.py:925} INFO - DAG(s) 'example_branch_labels' retrieved from /home/airflow/.local/lib/python3.12/site-packages/airflow/example_dags/example_branch_labels.py
[2025-02-14T23:54:34.493+0000] {logging_mixin.py:190} INFO - [2025-02-14T23:54:34.493+0000] {dag.py:3239} INFO - Sync 1 DAGs
[2025-02-14T23:54:34.508+0000] {logging_mixin.py:190} INFO - [2025-02-14T23:54:34.508+0000] {dag.py:4180} INFO - Setting next_dagrun for example_branch_labels to 2025-02-13 00:00:00+00:00, run_after=2025-02-14 00:00:00+00:00
[2025-02-14T23:54:34.520+0000] {processor.py:208} INFO - Processing /home/airflow/.local/lib/python3.12/site-packages/airflow/example_dags/example_branch_labels.py took 0.056 seconds
[2025-02-14T23:55:06.382+0000] {processor.py:186} INFO - Started process (PID=2355) to work on /home/airflow/.local/lib/python3.12/site-packages/airflow/example_dags/example_branch_labels.py
[2025-02-14T23:55:06.385+0000] {processor.py:914} INFO - Processing file /home/airflow/.local/lib/python3.12/site-packages/airflow/example_dags/example_branch_labels.py for tasks to queue
[2025-02-14T23:55:06.388+0000] {logging_mixin.py:190} INFO - [2025-02-14T23:55:06.387+0000] {dagbag.py:588} INFO - Filling up the DagBag from /home/airflow/.local/lib/python3.12/site-packages/airflow/example_dags/example_branch_labels.py
[2025-02-14T23:55:06.404+0000] {processor.py:925} INFO - DAG(s) 'example_branch_labels' retrieved from /home/airflow/.local/lib/python3.12/site-packages/airflow/example_dags/example_branch_labels.py
[2025-02-14T23:55:06.426+0000] {logging_mixin.py:190} INFO - [2025-02-14T23:55:06.426+0000] {dag.py:3239} INFO - Sync 1 DAGs
[2025-02-14T23:55:06.444+0000] {logging_mixin.py:190} INFO - [2025-02-14T23:55:06.444+0000] {dag.py:4180} INFO - Setting next_dagrun for example_branch_labels to 2025-02-13 00:00:00+00:00, run_after=2025-02-14 00:00:00+00:00
[2025-02-14T23:55:06.460+0000] {processor.py:208} INFO - Processing /home/airflow/.local/lib/python3.12/site-packages/airflow/example_dags/example_branch_labels.py took 0.082 seconds
