[2025-02-14T23:36:45.439+0000] {processor.py:186} INFO - Started process (PID=73) to work on /home/airflow/.local/lib/python3.12/site-packages/airflow/example_dags/example_bash_operator.py
[2025-02-14T23:36:45.441+0000] {processor.py:914} INFO - Processing file /home/airflow/.local/lib/python3.12/site-packages/airflow/example_dags/example_bash_operator.py for tasks to queue
[2025-02-14T23:36:45.444+0000] {logging_mixin.py:190} INFO - [2025-02-14T23:36:45.444+0000] {dagbag.py:588} INFO - Filling up the DagBag from /home/airflow/.local/lib/python3.12/site-packages/airflow/example_dags/example_bash_operator.py
[2025-02-14T23:36:45.457+0000] {processor.py:925} INFO - DAG(s) 'example_bash_operator' retrieved from /home/airflow/.local/lib/python3.12/site-packages/airflow/example_dags/example_bash_operator.py
[2025-02-14T23:36:45.490+0000] {logging_mixin.py:190} INFO - [2025-02-14T23:36:45.489+0000] {dag.py:3239} INFO - Sync 1 DAGs
[2025-02-14T23:36:45.514+0000] {logging_mixin.py:190} INFO - [2025-02-14T23:36:45.513+0000] {dag.py:4180} INFO - Setting next_dagrun for example_bash_operator to 2025-02-13 00:00:00+00:00, run_after=2025-02-14 00:00:00+00:00
[2025-02-14T23:36:45.530+0000] {processor.py:208} INFO - Processing /home/airflow/.local/lib/python3.12/site-packages/airflow/example_dags/example_bash_operator.py took 0.097 seconds
[2025-02-14T23:37:16.216+0000] {processor.py:186} INFO - Started process (PID=136) to work on /home/airflow/.local/lib/python3.12/site-packages/airflow/example_dags/example_bash_operator.py
[2025-02-14T23:37:16.217+0000] {processor.py:914} INFO - Processing file /home/airflow/.local/lib/python3.12/site-packages/airflow/example_dags/example_bash_operator.py for tasks to queue
[2025-02-14T23:37:16.218+0000] {logging_mixin.py:190} INFO - [2025-02-14T23:37:16.218+0000] {dagbag.py:588} INFO - Filling up the DagBag from /home/airflow/.local/lib/python3.12/site-packages/airflow/example_dags/example_bash_operator.py
[2025-02-14T23:37:16.227+0000] {processor.py:925} INFO - DAG(s) 'example_bash_operator' retrieved from /home/airflow/.local/lib/python3.12/site-packages/airflow/example_dags/example_bash_operator.py
[2025-02-14T23:37:16.244+0000] {logging_mixin.py:190} INFO - [2025-02-14T23:37:16.244+0000] {dag.py:3239} INFO - Sync 1 DAGs
[2025-02-14T23:37:16.258+0000] {logging_mixin.py:190} INFO - [2025-02-14T23:37:16.258+0000] {dag.py:4180} INFO - Setting next_dagrun for example_bash_operator to 2025-02-13 00:00:00+00:00, run_after=2025-02-14 00:00:00+00:00
[2025-02-14T23:37:16.268+0000] {processor.py:208} INFO - Processing /home/airflow/.local/lib/python3.12/site-packages/airflow/example_dags/example_bash_operator.py took 0.057 seconds
[2025-02-14T23:37:46.982+0000] {processor.py:186} INFO - Started process (PID=199) to work on /home/airflow/.local/lib/python3.12/site-packages/airflow/example_dags/example_bash_operator.py
[2025-02-14T23:37:46.983+0000] {processor.py:914} INFO - Processing file /home/airflow/.local/lib/python3.12/site-packages/airflow/example_dags/example_bash_operator.py for tasks to queue
[2025-02-14T23:37:46.985+0000] {logging_mixin.py:190} INFO - [2025-02-14T23:37:46.984+0000] {dagbag.py:588} INFO - Filling up the DagBag from /home/airflow/.local/lib/python3.12/site-packages/airflow/example_dags/example_bash_operator.py
[2025-02-14T23:37:46.993+0000] {processor.py:925} INFO - DAG(s) 'example_bash_operator' retrieved from /home/airflow/.local/lib/python3.12/site-packages/airflow/example_dags/example_bash_operator.py
[2025-02-14T23:37:47.012+0000] {logging_mixin.py:190} INFO - [2025-02-14T23:37:47.012+0000] {dag.py:3239} INFO - Sync 1 DAGs
[2025-02-14T23:37:47.027+0000] {logging_mixin.py:190} INFO - [2025-02-14T23:37:47.027+0000] {dag.py:4180} INFO - Setting next_dagrun for example_bash_operator to 2025-02-13 00:00:00+00:00, run_after=2025-02-14 00:00:00+00:00
[2025-02-14T23:37:47.042+0000] {processor.py:208} INFO - Processing /home/airflow/.local/lib/python3.12/site-packages/airflow/example_dags/example_bash_operator.py took 0.065 seconds
[2025-02-14T23:38:17.459+0000] {processor.py:186} INFO - Started process (PID=261) to work on /home/airflow/.local/lib/python3.12/site-packages/airflow/example_dags/example_bash_operator.py
[2025-02-14T23:38:17.461+0000] {processor.py:914} INFO - Processing file /home/airflow/.local/lib/python3.12/site-packages/airflow/example_dags/example_bash_operator.py for tasks to queue
[2025-02-14T23:38:17.463+0000] {logging_mixin.py:190} INFO - [2025-02-14T23:38:17.462+0000] {dagbag.py:588} INFO - Filling up the DagBag from /home/airflow/.local/lib/python3.12/site-packages/airflow/example_dags/example_bash_operator.py
[2025-02-14T23:38:17.476+0000] {processor.py:925} INFO - DAG(s) 'example_bash_operator' retrieved from /home/airflow/.local/lib/python3.12/site-packages/airflow/example_dags/example_bash_operator.py
[2025-02-14T23:38:17.494+0000] {logging_mixin.py:190} INFO - [2025-02-14T23:38:17.494+0000] {dag.py:3239} INFO - Sync 1 DAGs
[2025-02-14T23:38:17.510+0000] {logging_mixin.py:190} INFO - [2025-02-14T23:38:17.510+0000] {dag.py:4180} INFO - Setting next_dagrun for example_bash_operator to 2025-02-13 00:00:00+00:00, run_after=2025-02-14 00:00:00+00:00
[2025-02-14T23:38:17.521+0000] {processor.py:208} INFO - Processing /home/airflow/.local/lib/python3.12/site-packages/airflow/example_dags/example_bash_operator.py took 0.066 seconds
[2025-02-14T23:38:48.216+0000] {processor.py:186} INFO - Started process (PID=330) to work on /home/airflow/.local/lib/python3.12/site-packages/airflow/example_dags/example_bash_operator.py
[2025-02-14T23:38:48.216+0000] {processor.py:914} INFO - Processing file /home/airflow/.local/lib/python3.12/site-packages/airflow/example_dags/example_bash_operator.py for tasks to queue
[2025-02-14T23:38:48.218+0000] {logging_mixin.py:190} INFO - [2025-02-14T23:38:48.218+0000] {dagbag.py:588} INFO - Filling up the DagBag from /home/airflow/.local/lib/python3.12/site-packages/airflow/example_dags/example_bash_operator.py
[2025-02-14T23:38:48.226+0000] {processor.py:925} INFO - DAG(s) 'example_bash_operator' retrieved from /home/airflow/.local/lib/python3.12/site-packages/airflow/example_dags/example_bash_operator.py
[2025-02-14T23:38:48.241+0000] {logging_mixin.py:190} INFO - [2025-02-14T23:38:48.241+0000] {dag.py:3239} INFO - Sync 1 DAGs
[2025-02-14T23:38:48.254+0000] {logging_mixin.py:190} INFO - [2025-02-14T23:38:48.254+0000] {dag.py:4180} INFO - Setting next_dagrun for example_bash_operator to 2025-02-13 00:00:00+00:00, run_after=2025-02-14 00:00:00+00:00
[2025-02-14T23:38:48.263+0000] {processor.py:208} INFO - Processing /home/airflow/.local/lib/python3.12/site-packages/airflow/example_dags/example_bash_operator.py took 0.051 seconds
[2025-02-14T23:39:18.505+0000] {processor.py:186} INFO - Started process (PID=393) to work on /home/airflow/.local/lib/python3.12/site-packages/airflow/example_dags/example_bash_operator.py
[2025-02-14T23:39:18.506+0000] {processor.py:914} INFO - Processing file /home/airflow/.local/lib/python3.12/site-packages/airflow/example_dags/example_bash_operator.py for tasks to queue
[2025-02-14T23:39:18.508+0000] {logging_mixin.py:190} INFO - [2025-02-14T23:39:18.508+0000] {dagbag.py:588} INFO - Filling up the DagBag from /home/airflow/.local/lib/python3.12/site-packages/airflow/example_dags/example_bash_operator.py
[2025-02-14T23:39:18.517+0000] {processor.py:925} INFO - DAG(s) 'example_bash_operator' retrieved from /home/airflow/.local/lib/python3.12/site-packages/airflow/example_dags/example_bash_operator.py
[2025-02-14T23:39:18.543+0000] {logging_mixin.py:190} INFO - [2025-02-14T23:39:18.543+0000] {dag.py:3239} INFO - Sync 1 DAGs
[2025-02-14T23:39:18.557+0000] {logging_mixin.py:190} INFO - [2025-02-14T23:39:18.557+0000] {dag.py:4180} INFO - Setting next_dagrun for example_bash_operator to 2025-02-13 00:00:00+00:00, run_after=2025-02-14 00:00:00+00:00
[2025-02-14T23:39:18.571+0000] {processor.py:208} INFO - Processing /home/airflow/.local/lib/python3.12/site-packages/airflow/example_dags/example_bash_operator.py took 0.073 seconds
[2025-02-14T23:39:48.787+0000] {processor.py:186} INFO - Started process (PID=456) to work on /home/airflow/.local/lib/python3.12/site-packages/airflow/example_dags/example_bash_operator.py
[2025-02-14T23:39:48.788+0000] {processor.py:914} INFO - Processing file /home/airflow/.local/lib/python3.12/site-packages/airflow/example_dags/example_bash_operator.py for tasks to queue
[2025-02-14T23:39:48.789+0000] {logging_mixin.py:190} INFO - [2025-02-14T23:39:48.789+0000] {dagbag.py:588} INFO - Filling up the DagBag from /home/airflow/.local/lib/python3.12/site-packages/airflow/example_dags/example_bash_operator.py
[2025-02-14T23:39:48.797+0000] {processor.py:925} INFO - DAG(s) 'example_bash_operator' retrieved from /home/airflow/.local/lib/python3.12/site-packages/airflow/example_dags/example_bash_operator.py
[2025-02-14T23:39:48.812+0000] {logging_mixin.py:190} INFO - [2025-02-14T23:39:48.812+0000] {dag.py:3239} INFO - Sync 1 DAGs
[2025-02-14T23:39:48.825+0000] {logging_mixin.py:190} INFO - [2025-02-14T23:39:48.825+0000] {dag.py:4180} INFO - Setting next_dagrun for example_bash_operator to 2025-02-13 00:00:00+00:00, run_after=2025-02-14 00:00:00+00:00
[2025-02-14T23:39:48.834+0000] {processor.py:208} INFO - Processing /home/airflow/.local/lib/python3.12/site-packages/airflow/example_dags/example_bash_operator.py took 0.051 seconds
[2025-02-14T23:40:19.417+0000] {processor.py:186} INFO - Started process (PID=519) to work on /home/airflow/.local/lib/python3.12/site-packages/airflow/example_dags/example_bash_operator.py
[2025-02-14T23:40:19.418+0000] {processor.py:914} INFO - Processing file /home/airflow/.local/lib/python3.12/site-packages/airflow/example_dags/example_bash_operator.py for tasks to queue
[2025-02-14T23:40:19.420+0000] {logging_mixin.py:190} INFO - [2025-02-14T23:40:19.420+0000] {dagbag.py:588} INFO - Filling up the DagBag from /home/airflow/.local/lib/python3.12/site-packages/airflow/example_dags/example_bash_operator.py
[2025-02-14T23:40:19.434+0000] {processor.py:925} INFO - DAG(s) 'example_bash_operator' retrieved from /home/airflow/.local/lib/python3.12/site-packages/airflow/example_dags/example_bash_operator.py
[2025-02-14T23:40:19.470+0000] {logging_mixin.py:190} INFO - [2025-02-14T23:40:19.470+0000] {dag.py:3239} INFO - Sync 1 DAGs
[2025-02-14T23:40:19.494+0000] {logging_mixin.py:190} INFO - [2025-02-14T23:40:19.494+0000] {dag.py:4180} INFO - Setting next_dagrun for example_bash_operator to 2025-02-13 00:00:00+00:00, run_after=2025-02-14 00:00:00+00:00
[2025-02-14T23:40:19.512+0000] {processor.py:208} INFO - Processing /home/airflow/.local/lib/python3.12/site-packages/airflow/example_dags/example_bash_operator.py took 0.099 seconds
[2025-02-14T23:40:50.236+0000] {processor.py:186} INFO - Started process (PID=582) to work on /home/airflow/.local/lib/python3.12/site-packages/airflow/example_dags/example_bash_operator.py
[2025-02-14T23:40:50.237+0000] {processor.py:914} INFO - Processing file /home/airflow/.local/lib/python3.12/site-packages/airflow/example_dags/example_bash_operator.py for tasks to queue
[2025-02-14T23:40:50.239+0000] {logging_mixin.py:190} INFO - [2025-02-14T23:40:50.238+0000] {dagbag.py:588} INFO - Filling up the DagBag from /home/airflow/.local/lib/python3.12/site-packages/airflow/example_dags/example_bash_operator.py
[2025-02-14T23:40:50.247+0000] {processor.py:925} INFO - DAG(s) 'example_bash_operator' retrieved from /home/airflow/.local/lib/python3.12/site-packages/airflow/example_dags/example_bash_operator.py
[2025-02-14T23:40:50.270+0000] {logging_mixin.py:190} INFO - [2025-02-14T23:40:50.270+0000] {dag.py:3239} INFO - Sync 1 DAGs
[2025-02-14T23:40:50.289+0000] {logging_mixin.py:190} INFO - [2025-02-14T23:40:50.289+0000] {dag.py:4180} INFO - Setting next_dagrun for example_bash_operator to 2025-02-13 00:00:00+00:00, run_after=2025-02-14 00:00:00+00:00
[2025-02-14T23:40:50.304+0000] {processor.py:208} INFO - Processing /home/airflow/.local/lib/python3.12/site-packages/airflow/example_dags/example_bash_operator.py took 0.072 seconds
[2025-02-14T23:41:21.169+0000] {processor.py:186} INFO - Started process (PID=645) to work on /home/airflow/.local/lib/python3.12/site-packages/airflow/example_dags/example_bash_operator.py
[2025-02-14T23:41:21.170+0000] {processor.py:914} INFO - Processing file /home/airflow/.local/lib/python3.12/site-packages/airflow/example_dags/example_bash_operator.py for tasks to queue
[2025-02-14T23:41:21.172+0000] {logging_mixin.py:190} INFO - [2025-02-14T23:41:21.171+0000] {dagbag.py:588} INFO - Filling up the DagBag from /home/airflow/.local/lib/python3.12/site-packages/airflow/example_dags/example_bash_operator.py
[2025-02-14T23:41:21.182+0000] {processor.py:925} INFO - DAG(s) 'example_bash_operator' retrieved from /home/airflow/.local/lib/python3.12/site-packages/airflow/example_dags/example_bash_operator.py
[2025-02-14T23:41:21.201+0000] {logging_mixin.py:190} INFO - [2025-02-14T23:41:21.201+0000] {dag.py:3239} INFO - Sync 1 DAGs
[2025-02-14T23:41:21.219+0000] {logging_mixin.py:190} INFO - [2025-02-14T23:41:21.219+0000] {dag.py:4180} INFO - Setting next_dagrun for example_bash_operator to 2025-02-13 00:00:00+00:00, run_after=2025-02-14 00:00:00+00:00
[2025-02-14T23:41:21.233+0000] {processor.py:208} INFO - Processing /home/airflow/.local/lib/python3.12/site-packages/airflow/example_dags/example_bash_operator.py took 0.068 seconds
[2025-02-14T23:41:51.935+0000] {processor.py:186} INFO - Started process (PID=708) to work on /home/airflow/.local/lib/python3.12/site-packages/airflow/example_dags/example_bash_operator.py
[2025-02-14T23:41:51.936+0000] {processor.py:914} INFO - Processing file /home/airflow/.local/lib/python3.12/site-packages/airflow/example_dags/example_bash_operator.py for tasks to queue
[2025-02-14T23:41:51.938+0000] {logging_mixin.py:190} INFO - [2025-02-14T23:41:51.937+0000] {dagbag.py:588} INFO - Filling up the DagBag from /home/airflow/.local/lib/python3.12/site-packages/airflow/example_dags/example_bash_operator.py
[2025-02-14T23:41:51.945+0000] {processor.py:925} INFO - DAG(s) 'example_bash_operator' retrieved from /home/airflow/.local/lib/python3.12/site-packages/airflow/example_dags/example_bash_operator.py
[2025-02-14T23:41:51.960+0000] {logging_mixin.py:190} INFO - [2025-02-14T23:41:51.960+0000] {dag.py:3239} INFO - Sync 1 DAGs
[2025-02-14T23:41:51.973+0000] {logging_mixin.py:190} INFO - [2025-02-14T23:41:51.973+0000] {dag.py:4180} INFO - Setting next_dagrun for example_bash_operator to 2025-02-13 00:00:00+00:00, run_after=2025-02-14 00:00:00+00:00
[2025-02-14T23:41:51.982+0000] {processor.py:208} INFO - Processing /home/airflow/.local/lib/python3.12/site-packages/airflow/example_dags/example_bash_operator.py took 0.050 seconds
[2025-02-14T23:42:22.274+0000] {processor.py:186} INFO - Started process (PID=771) to work on /home/airflow/.local/lib/python3.12/site-packages/airflow/example_dags/example_bash_operator.py
[2025-02-14T23:42:22.278+0000] {processor.py:914} INFO - Processing file /home/airflow/.local/lib/python3.12/site-packages/airflow/example_dags/example_bash_operator.py for tasks to queue
[2025-02-14T23:42:22.279+0000] {logging_mixin.py:190} INFO - [2025-02-14T23:42:22.279+0000] {dagbag.py:588} INFO - Filling up the DagBag from /home/airflow/.local/lib/python3.12/site-packages/airflow/example_dags/example_bash_operator.py
[2025-02-14T23:42:22.291+0000] {processor.py:925} INFO - DAG(s) 'example_bash_operator' retrieved from /home/airflow/.local/lib/python3.12/site-packages/airflow/example_dags/example_bash_operator.py
[2025-02-14T23:42:22.309+0000] {logging_mixin.py:190} INFO - [2025-02-14T23:42:22.309+0000] {dag.py:3239} INFO - Sync 1 DAGs
[2025-02-14T23:42:22.327+0000] {logging_mixin.py:190} INFO - [2025-02-14T23:42:22.326+0000] {dag.py:4180} INFO - Setting next_dagrun for example_bash_operator to 2025-02-13 00:00:00+00:00, run_after=2025-02-14 00:00:00+00:00
[2025-02-14T23:42:22.342+0000] {processor.py:208} INFO - Processing /home/airflow/.local/lib/python3.12/site-packages/airflow/example_dags/example_bash_operator.py took 0.072 seconds
[2025-02-14T23:42:53.137+0000] {processor.py:186} INFO - Started process (PID=834) to work on /home/airflow/.local/lib/python3.12/site-packages/airflow/example_dags/example_bash_operator.py
[2025-02-14T23:42:53.138+0000] {processor.py:914} INFO - Processing file /home/airflow/.local/lib/python3.12/site-packages/airflow/example_dags/example_bash_operator.py for tasks to queue
[2025-02-14T23:42:53.140+0000] {logging_mixin.py:190} INFO - [2025-02-14T23:42:53.139+0000] {dagbag.py:588} INFO - Filling up the DagBag from /home/airflow/.local/lib/python3.12/site-packages/airflow/example_dags/example_bash_operator.py
[2025-02-14T23:42:53.149+0000] {processor.py:925} INFO - DAG(s) 'example_bash_operator' retrieved from /home/airflow/.local/lib/python3.12/site-packages/airflow/example_dags/example_bash_operator.py
[2025-02-14T23:42:53.170+0000] {logging_mixin.py:190} INFO - [2025-02-14T23:42:53.170+0000] {dag.py:3239} INFO - Sync 1 DAGs
[2025-02-14T23:42:53.188+0000] {logging_mixin.py:190} INFO - [2025-02-14T23:42:53.188+0000] {dag.py:4180} INFO - Setting next_dagrun for example_bash_operator to 2025-02-13 00:00:00+00:00, run_after=2025-02-14 00:00:00+00:00
[2025-02-14T23:42:53.197+0000] {processor.py:208} INFO - Processing /home/airflow/.local/lib/python3.12/site-packages/airflow/example_dags/example_bash_operator.py took 0.064 seconds
[2025-02-14T23:43:23.962+0000] {processor.py:186} INFO - Started process (PID=897) to work on /home/airflow/.local/lib/python3.12/site-packages/airflow/example_dags/example_bash_operator.py
[2025-02-14T23:43:23.963+0000] {processor.py:914} INFO - Processing file /home/airflow/.local/lib/python3.12/site-packages/airflow/example_dags/example_bash_operator.py for tasks to queue
[2025-02-14T23:43:23.965+0000] {logging_mixin.py:190} INFO - [2025-02-14T23:43:23.965+0000] {dagbag.py:588} INFO - Filling up the DagBag from /home/airflow/.local/lib/python3.12/site-packages/airflow/example_dags/example_bash_operator.py
[2025-02-14T23:43:23.974+0000] {processor.py:925} INFO - DAG(s) 'example_bash_operator' retrieved from /home/airflow/.local/lib/python3.12/site-packages/airflow/example_dags/example_bash_operator.py
[2025-02-14T23:43:23.992+0000] {logging_mixin.py:190} INFO - [2025-02-14T23:43:23.991+0000] {dag.py:3239} INFO - Sync 1 DAGs
[2025-02-14T23:43:24.007+0000] {logging_mixin.py:190} INFO - [2025-02-14T23:43:24.007+0000] {dag.py:4180} INFO - Setting next_dagrun for example_bash_operator to 2025-02-13 00:00:00+00:00, run_after=2025-02-14 00:00:00+00:00
[2025-02-14T23:43:24.018+0000] {processor.py:208} INFO - Processing /home/airflow/.local/lib/python3.12/site-packages/airflow/example_dags/example_bash_operator.py took 0.060 seconds
[2025-02-14T23:43:54.554+0000] {processor.py:186} INFO - Started process (PID=960) to work on /home/airflow/.local/lib/python3.12/site-packages/airflow/example_dags/example_bash_operator.py
[2025-02-14T23:43:54.556+0000] {processor.py:914} INFO - Processing file /home/airflow/.local/lib/python3.12/site-packages/airflow/example_dags/example_bash_operator.py for tasks to queue
[2025-02-14T23:43:54.557+0000] {logging_mixin.py:190} INFO - [2025-02-14T23:43:54.557+0000] {dagbag.py:588} INFO - Filling up the DagBag from /home/airflow/.local/lib/python3.12/site-packages/airflow/example_dags/example_bash_operator.py
[2025-02-14T23:43:54.566+0000] {processor.py:925} INFO - DAG(s) 'example_bash_operator' retrieved from /home/airflow/.local/lib/python3.12/site-packages/airflow/example_dags/example_bash_operator.py
[2025-02-14T23:43:54.582+0000] {logging_mixin.py:190} INFO - [2025-02-14T23:43:54.582+0000] {dag.py:3239} INFO - Sync 1 DAGs
[2025-02-14T23:43:54.597+0000] {logging_mixin.py:190} INFO - [2025-02-14T23:43:54.597+0000] {dag.py:4180} INFO - Setting next_dagrun for example_bash_operator to 2025-02-13 00:00:00+00:00, run_after=2025-02-14 00:00:00+00:00
[2025-02-14T23:43:54.607+0000] {processor.py:208} INFO - Processing /home/airflow/.local/lib/python3.12/site-packages/airflow/example_dags/example_bash_operator.py took 0.057 seconds
[2025-02-14T23:44:25.278+0000] {processor.py:186} INFO - Started process (PID=1022) to work on /home/airflow/.local/lib/python3.12/site-packages/airflow/example_dags/example_bash_operator.py
[2025-02-14T23:44:25.280+0000] {processor.py:914} INFO - Processing file /home/airflow/.local/lib/python3.12/site-packages/airflow/example_dags/example_bash_operator.py for tasks to queue
[2025-02-14T23:44:25.282+0000] {logging_mixin.py:190} INFO - [2025-02-14T23:44:25.282+0000] {dagbag.py:588} INFO - Filling up the DagBag from /home/airflow/.local/lib/python3.12/site-packages/airflow/example_dags/example_bash_operator.py
[2025-02-14T23:44:25.293+0000] {processor.py:925} INFO - DAG(s) 'example_bash_operator' retrieved from /home/airflow/.local/lib/python3.12/site-packages/airflow/example_dags/example_bash_operator.py
[2025-02-14T23:44:25.316+0000] {logging_mixin.py:190} INFO - [2025-02-14T23:44:25.316+0000] {dag.py:3239} INFO - Sync 1 DAGs
[2025-02-14T23:44:25.336+0000] {logging_mixin.py:190} INFO - [2025-02-14T23:44:25.336+0000] {dag.py:4180} INFO - Setting next_dagrun for example_bash_operator to 2025-02-13 00:00:00+00:00, run_after=2025-02-14 00:00:00+00:00
[2025-02-14T23:44:25.352+0000] {processor.py:208} INFO - Processing /home/airflow/.local/lib/python3.12/site-packages/airflow/example_dags/example_bash_operator.py took 0.078 seconds
[2025-02-14T23:44:56.217+0000] {processor.py:186} INFO - Started process (PID=1085) to work on /home/airflow/.local/lib/python3.12/site-packages/airflow/example_dags/example_bash_operator.py
[2025-02-14T23:44:56.218+0000] {processor.py:914} INFO - Processing file /home/airflow/.local/lib/python3.12/site-packages/airflow/example_dags/example_bash_operator.py for tasks to queue
[2025-02-14T23:44:56.220+0000] {logging_mixin.py:190} INFO - [2025-02-14T23:44:56.220+0000] {dagbag.py:588} INFO - Filling up the DagBag from /home/airflow/.local/lib/python3.12/site-packages/airflow/example_dags/example_bash_operator.py
[2025-02-14T23:44:56.230+0000] {processor.py:925} INFO - DAG(s) 'example_bash_operator' retrieved from /home/airflow/.local/lib/python3.12/site-packages/airflow/example_dags/example_bash_operator.py
[2025-02-14T23:44:56.249+0000] {logging_mixin.py:190} INFO - [2025-02-14T23:44:56.249+0000] {dag.py:3239} INFO - Sync 1 DAGs
[2025-02-14T23:44:56.264+0000] {logging_mixin.py:190} INFO - [2025-02-14T23:44:56.264+0000] {dag.py:4180} INFO - Setting next_dagrun for example_bash_operator to 2025-02-13 00:00:00+00:00, run_after=2025-02-14 00:00:00+00:00
[2025-02-14T23:44:56.273+0000] {processor.py:208} INFO - Processing /home/airflow/.local/lib/python3.12/site-packages/airflow/example_dags/example_bash_operator.py took 0.060 seconds
[2025-02-14T23:45:26.387+0000] {processor.py:186} INFO - Started process (PID=1148) to work on /home/airflow/.local/lib/python3.12/site-packages/airflow/example_dags/example_bash_operator.py
[2025-02-14T23:45:26.388+0000] {processor.py:914} INFO - Processing file /home/airflow/.local/lib/python3.12/site-packages/airflow/example_dags/example_bash_operator.py for tasks to queue
[2025-02-14T23:45:26.389+0000] {logging_mixin.py:190} INFO - [2025-02-14T23:45:26.389+0000] {dagbag.py:588} INFO - Filling up the DagBag from /home/airflow/.local/lib/python3.12/site-packages/airflow/example_dags/example_bash_operator.py
[2025-02-14T23:45:26.398+0000] {processor.py:925} INFO - DAG(s) 'example_bash_operator' retrieved from /home/airflow/.local/lib/python3.12/site-packages/airflow/example_dags/example_bash_operator.py
[2025-02-14T23:45:26.414+0000] {logging_mixin.py:190} INFO - [2025-02-14T23:45:26.414+0000] {dag.py:3239} INFO - Sync 1 DAGs
[2025-02-14T23:45:26.428+0000] {logging_mixin.py:190} INFO - [2025-02-14T23:45:26.428+0000] {dag.py:4180} INFO - Setting next_dagrun for example_bash_operator to 2025-02-13 00:00:00+00:00, run_after=2025-02-14 00:00:00+00:00
[2025-02-14T23:45:26.438+0000] {processor.py:208} INFO - Processing /home/airflow/.local/lib/python3.12/site-packages/airflow/example_dags/example_bash_operator.py took 0.055 seconds
[2025-02-14T23:45:56.653+0000] {processor.py:186} INFO - Started process (PID=1211) to work on /home/airflow/.local/lib/python3.12/site-packages/airflow/example_dags/example_bash_operator.py
[2025-02-14T23:45:56.654+0000] {processor.py:914} INFO - Processing file /home/airflow/.local/lib/python3.12/site-packages/airflow/example_dags/example_bash_operator.py for tasks to queue
[2025-02-14T23:45:56.655+0000] {logging_mixin.py:190} INFO - [2025-02-14T23:45:56.655+0000] {dagbag.py:588} INFO - Filling up the DagBag from /home/airflow/.local/lib/python3.12/site-packages/airflow/example_dags/example_bash_operator.py
[2025-02-14T23:45:56.663+0000] {processor.py:925} INFO - DAG(s) 'example_bash_operator' retrieved from /home/airflow/.local/lib/python3.12/site-packages/airflow/example_dags/example_bash_operator.py
[2025-02-14T23:45:56.679+0000] {logging_mixin.py:190} INFO - [2025-02-14T23:45:56.679+0000] {dag.py:3239} INFO - Sync 1 DAGs
[2025-02-14T23:45:56.698+0000] {logging_mixin.py:190} INFO - [2025-02-14T23:45:56.698+0000] {dag.py:4180} INFO - Setting next_dagrun for example_bash_operator to 2025-02-13 00:00:00+00:00, run_after=2025-02-14 00:00:00+00:00
[2025-02-14T23:45:56.707+0000] {processor.py:208} INFO - Processing /home/airflow/.local/lib/python3.12/site-packages/airflow/example_dags/example_bash_operator.py took 0.058 seconds
[2025-02-14T23:46:26.906+0000] {processor.py:186} INFO - Started process (PID=1274) to work on /home/airflow/.local/lib/python3.12/site-packages/airflow/example_dags/example_bash_operator.py
[2025-02-14T23:46:26.907+0000] {processor.py:914} INFO - Processing file /home/airflow/.local/lib/python3.12/site-packages/airflow/example_dags/example_bash_operator.py for tasks to queue
[2025-02-14T23:46:26.908+0000] {logging_mixin.py:190} INFO - [2025-02-14T23:46:26.908+0000] {dagbag.py:588} INFO - Filling up the DagBag from /home/airflow/.local/lib/python3.12/site-packages/airflow/example_dags/example_bash_operator.py
[2025-02-14T23:46:26.917+0000] {processor.py:925} INFO - DAG(s) 'example_bash_operator' retrieved from /home/airflow/.local/lib/python3.12/site-packages/airflow/example_dags/example_bash_operator.py
[2025-02-14T23:46:26.935+0000] {logging_mixin.py:190} INFO - [2025-02-14T23:46:26.935+0000] {dag.py:3239} INFO - Sync 1 DAGs
[2025-02-14T23:46:26.953+0000] {logging_mixin.py:190} INFO - [2025-02-14T23:46:26.953+0000] {dag.py:4180} INFO - Setting next_dagrun for example_bash_operator to 2025-02-13 00:00:00+00:00, run_after=2025-02-14 00:00:00+00:00
[2025-02-14T23:46:26.964+0000] {processor.py:208} INFO - Processing /home/airflow/.local/lib/python3.12/site-packages/airflow/example_dags/example_bash_operator.py took 0.062 seconds
[2025-02-14T23:46:57.427+0000] {processor.py:186} INFO - Started process (PID=1337) to work on /home/airflow/.local/lib/python3.12/site-packages/airflow/example_dags/example_bash_operator.py
[2025-02-14T23:46:57.431+0000] {processor.py:914} INFO - Processing file /home/airflow/.local/lib/python3.12/site-packages/airflow/example_dags/example_bash_operator.py for tasks to queue
[2025-02-14T23:46:57.433+0000] {logging_mixin.py:190} INFO - [2025-02-14T23:46:57.433+0000] {dagbag.py:588} INFO - Filling up the DagBag from /home/airflow/.local/lib/python3.12/site-packages/airflow/example_dags/example_bash_operator.py
[2025-02-14T23:46:57.446+0000] {processor.py:925} INFO - DAG(s) 'example_bash_operator' retrieved from /home/airflow/.local/lib/python3.12/site-packages/airflow/example_dags/example_bash_operator.py
[2025-02-14T23:46:57.469+0000] {logging_mixin.py:190} INFO - [2025-02-14T23:46:57.469+0000] {dag.py:3239} INFO - Sync 1 DAGs
[2025-02-14T23:46:57.484+0000] {logging_mixin.py:190} INFO - [2025-02-14T23:46:57.483+0000] {dag.py:4180} INFO - Setting next_dagrun for example_bash_operator to 2025-02-13 00:00:00+00:00, run_after=2025-02-14 00:00:00+00:00
[2025-02-14T23:46:57.494+0000] {processor.py:208} INFO - Processing /home/airflow/.local/lib/python3.12/site-packages/airflow/example_dags/example_bash_operator.py took 0.071 seconds
[2025-02-14T23:47:27.934+0000] {processor.py:186} INFO - Started process (PID=1399) to work on /home/airflow/.local/lib/python3.12/site-packages/airflow/example_dags/example_bash_operator.py
[2025-02-14T23:47:27.938+0000] {processor.py:914} INFO - Processing file /home/airflow/.local/lib/python3.12/site-packages/airflow/example_dags/example_bash_operator.py for tasks to queue
[2025-02-14T23:47:27.943+0000] {logging_mixin.py:190} INFO - [2025-02-14T23:47:27.943+0000] {dagbag.py:588} INFO - Filling up the DagBag from /home/airflow/.local/lib/python3.12/site-packages/airflow/example_dags/example_bash_operator.py
[2025-02-14T23:47:27.954+0000] {processor.py:925} INFO - DAG(s) 'example_bash_operator' retrieved from /home/airflow/.local/lib/python3.12/site-packages/airflow/example_dags/example_bash_operator.py
[2025-02-14T23:47:27.985+0000] {logging_mixin.py:190} INFO - [2025-02-14T23:47:27.985+0000] {dag.py:3239} INFO - Sync 1 DAGs
[2025-02-14T23:47:28.037+0000] {logging_mixin.py:190} INFO - [2025-02-14T23:47:28.036+0000] {dag.py:4180} INFO - Setting next_dagrun for example_bash_operator to 2025-02-13 00:00:00+00:00, run_after=2025-02-14 00:00:00+00:00
[2025-02-14T23:47:28.059+0000] {processor.py:208} INFO - Processing /home/airflow/.local/lib/python3.12/site-packages/airflow/example_dags/example_bash_operator.py took 0.130 seconds
[2025-02-14T23:47:58.510+0000] {processor.py:186} INFO - Started process (PID=1462) to work on /home/airflow/.local/lib/python3.12/site-packages/airflow/example_dags/example_bash_operator.py
[2025-02-14T23:47:58.514+0000] {processor.py:914} INFO - Processing file /home/airflow/.local/lib/python3.12/site-packages/airflow/example_dags/example_bash_operator.py for tasks to queue
[2025-02-14T23:47:58.516+0000] {logging_mixin.py:190} INFO - [2025-02-14T23:47:58.516+0000] {dagbag.py:588} INFO - Filling up the DagBag from /home/airflow/.local/lib/python3.12/site-packages/airflow/example_dags/example_bash_operator.py
[2025-02-14T23:47:58.528+0000] {processor.py:925} INFO - DAG(s) 'example_bash_operator' retrieved from /home/airflow/.local/lib/python3.12/site-packages/airflow/example_dags/example_bash_operator.py
[2025-02-14T23:47:58.549+0000] {logging_mixin.py:190} INFO - [2025-02-14T23:47:58.549+0000] {dag.py:3239} INFO - Sync 1 DAGs
[2025-02-14T23:47:58.567+0000] {logging_mixin.py:190} INFO - [2025-02-14T23:47:58.567+0000] {dag.py:4180} INFO - Setting next_dagrun for example_bash_operator to 2025-02-13 00:00:00+00:00, run_after=2025-02-14 00:00:00+00:00
[2025-02-14T23:47:58.579+0000] {processor.py:208} INFO - Processing /home/airflow/.local/lib/python3.12/site-packages/airflow/example_dags/example_bash_operator.py took 0.073 seconds
[2025-02-14T23:48:28.866+0000] {processor.py:186} INFO - Started process (PID=1525) to work on /home/airflow/.local/lib/python3.12/site-packages/airflow/example_dags/example_bash_operator.py
[2025-02-14T23:48:28.867+0000] {processor.py:914} INFO - Processing file /home/airflow/.local/lib/python3.12/site-packages/airflow/example_dags/example_bash_operator.py for tasks to queue
[2025-02-14T23:48:28.868+0000] {logging_mixin.py:190} INFO - [2025-02-14T23:48:28.868+0000] {dagbag.py:588} INFO - Filling up the DagBag from /home/airflow/.local/lib/python3.12/site-packages/airflow/example_dags/example_bash_operator.py
[2025-02-14T23:48:28.876+0000] {processor.py:925} INFO - DAG(s) 'example_bash_operator' retrieved from /home/airflow/.local/lib/python3.12/site-packages/airflow/example_dags/example_bash_operator.py
[2025-02-14T23:48:28.891+0000] {logging_mixin.py:190} INFO - [2025-02-14T23:48:28.891+0000] {dag.py:3239} INFO - Sync 1 DAGs
[2025-02-14T23:48:28.904+0000] {logging_mixin.py:190} INFO - [2025-02-14T23:48:28.904+0000] {dag.py:4180} INFO - Setting next_dagrun for example_bash_operator to 2025-02-13 00:00:00+00:00, run_after=2025-02-14 00:00:00+00:00
[2025-02-14T23:48:28.913+0000] {processor.py:208} INFO - Processing /home/airflow/.local/lib/python3.12/site-packages/airflow/example_dags/example_bash_operator.py took 0.050 seconds
[2025-02-14T23:48:59.134+0000] {processor.py:186} INFO - Started process (PID=1588) to work on /home/airflow/.local/lib/python3.12/site-packages/airflow/example_dags/example_bash_operator.py
[2025-02-14T23:48:59.135+0000] {processor.py:914} INFO - Processing file /home/airflow/.local/lib/python3.12/site-packages/airflow/example_dags/example_bash_operator.py for tasks to queue
[2025-02-14T23:48:59.136+0000] {logging_mixin.py:190} INFO - [2025-02-14T23:48:59.136+0000] {dagbag.py:588} INFO - Filling up the DagBag from /home/airflow/.local/lib/python3.12/site-packages/airflow/example_dags/example_bash_operator.py
[2025-02-14T23:48:59.144+0000] {processor.py:925} INFO - DAG(s) 'example_bash_operator' retrieved from /home/airflow/.local/lib/python3.12/site-packages/airflow/example_dags/example_bash_operator.py
[2025-02-14T23:48:59.160+0000] {logging_mixin.py:190} INFO - [2025-02-14T23:48:59.160+0000] {dag.py:3239} INFO - Sync 1 DAGs
[2025-02-14T23:48:59.173+0000] {logging_mixin.py:190} INFO - [2025-02-14T23:48:59.173+0000] {dag.py:4180} INFO - Setting next_dagrun for example_bash_operator to 2025-02-13 00:00:00+00:00, run_after=2025-02-14 00:00:00+00:00
[2025-02-14T23:48:59.183+0000] {processor.py:208} INFO - Processing /home/airflow/.local/lib/python3.12/site-packages/airflow/example_dags/example_bash_operator.py took 0.053 seconds
[2025-02-14T23:49:29.396+0000] {processor.py:186} INFO - Started process (PID=1651) to work on /home/airflow/.local/lib/python3.12/site-packages/airflow/example_dags/example_bash_operator.py
[2025-02-14T23:49:29.397+0000] {processor.py:914} INFO - Processing file /home/airflow/.local/lib/python3.12/site-packages/airflow/example_dags/example_bash_operator.py for tasks to queue
[2025-02-14T23:49:29.399+0000] {logging_mixin.py:190} INFO - [2025-02-14T23:49:29.399+0000] {dagbag.py:588} INFO - Filling up the DagBag from /home/airflow/.local/lib/python3.12/site-packages/airflow/example_dags/example_bash_operator.py
[2025-02-14T23:49:29.408+0000] {processor.py:925} INFO - DAG(s) 'example_bash_operator' retrieved from /home/airflow/.local/lib/python3.12/site-packages/airflow/example_dags/example_bash_operator.py
[2025-02-14T23:49:29.427+0000] {logging_mixin.py:190} INFO - [2025-02-14T23:49:29.426+0000] {dag.py:3239} INFO - Sync 1 DAGs
[2025-02-14T23:49:29.441+0000] {logging_mixin.py:190} INFO - [2025-02-14T23:49:29.441+0000] {dag.py:4180} INFO - Setting next_dagrun for example_bash_operator to 2025-02-13 00:00:00+00:00, run_after=2025-02-14 00:00:00+00:00
[2025-02-14T23:49:29.454+0000] {processor.py:208} INFO - Processing /home/airflow/.local/lib/python3.12/site-packages/airflow/example_dags/example_bash_operator.py took 0.063 seconds
[2025-02-14T23:49:59.769+0000] {processor.py:186} INFO - Started process (PID=1714) to work on /home/airflow/.local/lib/python3.12/site-packages/airflow/example_dags/example_bash_operator.py
[2025-02-14T23:49:59.770+0000] {processor.py:914} INFO - Processing file /home/airflow/.local/lib/python3.12/site-packages/airflow/example_dags/example_bash_operator.py for tasks to queue
[2025-02-14T23:49:59.772+0000] {logging_mixin.py:190} INFO - [2025-02-14T23:49:59.772+0000] {dagbag.py:588} INFO - Filling up the DagBag from /home/airflow/.local/lib/python3.12/site-packages/airflow/example_dags/example_bash_operator.py
[2025-02-14T23:49:59.780+0000] {processor.py:925} INFO - DAG(s) 'example_bash_operator' retrieved from /home/airflow/.local/lib/python3.12/site-packages/airflow/example_dags/example_bash_operator.py
[2025-02-14T23:49:59.799+0000] {logging_mixin.py:190} INFO - [2025-02-14T23:49:59.799+0000] {dag.py:3239} INFO - Sync 1 DAGs
[2025-02-14T23:49:59.814+0000] {logging_mixin.py:190} INFO - [2025-02-14T23:49:59.814+0000] {dag.py:4180} INFO - Setting next_dagrun for example_bash_operator to 2025-02-13 00:00:00+00:00, run_after=2025-02-14 00:00:00+00:00
[2025-02-14T23:49:59.827+0000] {processor.py:208} INFO - Processing /home/airflow/.local/lib/python3.12/site-packages/airflow/example_dags/example_bash_operator.py took 0.062 seconds
[2025-02-14T23:50:30.632+0000] {processor.py:186} INFO - Started process (PID=1777) to work on /home/airflow/.local/lib/python3.12/site-packages/airflow/example_dags/example_bash_operator.py
[2025-02-14T23:50:30.633+0000] {processor.py:914} INFO - Processing file /home/airflow/.local/lib/python3.12/site-packages/airflow/example_dags/example_bash_operator.py for tasks to queue
[2025-02-14T23:50:30.635+0000] {logging_mixin.py:190} INFO - [2025-02-14T23:50:30.635+0000] {dagbag.py:588} INFO - Filling up the DagBag from /home/airflow/.local/lib/python3.12/site-packages/airflow/example_dags/example_bash_operator.py
[2025-02-14T23:50:30.644+0000] {processor.py:925} INFO - DAG(s) 'example_bash_operator' retrieved from /home/airflow/.local/lib/python3.12/site-packages/airflow/example_dags/example_bash_operator.py
[2025-02-14T23:50:30.664+0000] {logging_mixin.py:190} INFO - [2025-02-14T23:50:30.664+0000] {dag.py:3239} INFO - Sync 1 DAGs
[2025-02-14T23:50:30.679+0000] {logging_mixin.py:190} INFO - [2025-02-14T23:50:30.679+0000] {dag.py:4180} INFO - Setting next_dagrun for example_bash_operator to 2025-02-13 00:00:00+00:00, run_after=2025-02-14 00:00:00+00:00
[2025-02-14T23:50:30.691+0000] {processor.py:208} INFO - Processing /home/airflow/.local/lib/python3.12/site-packages/airflow/example_dags/example_bash_operator.py took 0.063 seconds
[2025-02-14T23:51:01.163+0000] {processor.py:186} INFO - Started process (PID=1840) to work on /home/airflow/.local/lib/python3.12/site-packages/airflow/example_dags/example_bash_operator.py
[2025-02-14T23:51:01.164+0000] {processor.py:914} INFO - Processing file /home/airflow/.local/lib/python3.12/site-packages/airflow/example_dags/example_bash_operator.py for tasks to queue
[2025-02-14T23:51:01.165+0000] {logging_mixin.py:190} INFO - [2025-02-14T23:51:01.165+0000] {dagbag.py:588} INFO - Filling up the DagBag from /home/airflow/.local/lib/python3.12/site-packages/airflow/example_dags/example_bash_operator.py
[2025-02-14T23:51:01.173+0000] {processor.py:925} INFO - DAG(s) 'example_bash_operator' retrieved from /home/airflow/.local/lib/python3.12/site-packages/airflow/example_dags/example_bash_operator.py
[2025-02-14T23:51:01.192+0000] {logging_mixin.py:190} INFO - [2025-02-14T23:51:01.191+0000] {dag.py:3239} INFO - Sync 1 DAGs
[2025-02-14T23:51:01.206+0000] {logging_mixin.py:190} INFO - [2025-02-14T23:51:01.206+0000] {dag.py:4180} INFO - Setting next_dagrun for example_bash_operator to 2025-02-13 00:00:00+00:00, run_after=2025-02-14 00:00:00+00:00
[2025-02-14T23:51:01.218+0000] {processor.py:208} INFO - Processing /home/airflow/.local/lib/python3.12/site-packages/airflow/example_dags/example_bash_operator.py took 0.059 seconds
[2025-02-14T23:51:31.477+0000] {processor.py:186} INFO - Started process (PID=1903) to work on /home/airflow/.local/lib/python3.12/site-packages/airflow/example_dags/example_bash_operator.py
[2025-02-14T23:51:31.478+0000] {processor.py:914} INFO - Processing file /home/airflow/.local/lib/python3.12/site-packages/airflow/example_dags/example_bash_operator.py for tasks to queue
[2025-02-14T23:51:31.480+0000] {logging_mixin.py:190} INFO - [2025-02-14T23:51:31.479+0000] {dagbag.py:588} INFO - Filling up the DagBag from /home/airflow/.local/lib/python3.12/site-packages/airflow/example_dags/example_bash_operator.py
[2025-02-14T23:51:31.489+0000] {processor.py:925} INFO - DAG(s) 'example_bash_operator' retrieved from /home/airflow/.local/lib/python3.12/site-packages/airflow/example_dags/example_bash_operator.py
[2025-02-14T23:51:31.506+0000] {logging_mixin.py:190} INFO - [2025-02-14T23:51:31.506+0000] {dag.py:3239} INFO - Sync 1 DAGs
[2025-02-14T23:51:31.522+0000] {logging_mixin.py:190} INFO - [2025-02-14T23:51:31.522+0000] {dag.py:4180} INFO - Setting next_dagrun for example_bash_operator to 2025-02-13 00:00:00+00:00, run_after=2025-02-14 00:00:00+00:00
[2025-02-14T23:51:31.531+0000] {processor.py:208} INFO - Processing /home/airflow/.local/lib/python3.12/site-packages/airflow/example_dags/example_bash_operator.py took 0.058 seconds
[2025-02-14T23:52:01.762+0000] {processor.py:186} INFO - Started process (PID=1966) to work on /home/airflow/.local/lib/python3.12/site-packages/airflow/example_dags/example_bash_operator.py
[2025-02-14T23:52:01.765+0000] {processor.py:914} INFO - Processing file /home/airflow/.local/lib/python3.12/site-packages/airflow/example_dags/example_bash_operator.py for tasks to queue
[2025-02-14T23:52:01.767+0000] {logging_mixin.py:190} INFO - [2025-02-14T23:52:01.767+0000] {dagbag.py:588} INFO - Filling up the DagBag from /home/airflow/.local/lib/python3.12/site-packages/airflow/example_dags/example_bash_operator.py
[2025-02-14T23:52:01.777+0000] {processor.py:925} INFO - DAG(s) 'example_bash_operator' retrieved from /home/airflow/.local/lib/python3.12/site-packages/airflow/example_dags/example_bash_operator.py
[2025-02-14T23:52:01.795+0000] {logging_mixin.py:190} INFO - [2025-02-14T23:52:01.795+0000] {dag.py:3239} INFO - Sync 1 DAGs
[2025-02-14T23:52:01.811+0000] {logging_mixin.py:190} INFO - [2025-02-14T23:52:01.810+0000] {dag.py:4180} INFO - Setting next_dagrun for example_bash_operator to 2025-02-13 00:00:00+00:00, run_after=2025-02-14 00:00:00+00:00
[2025-02-14T23:52:01.823+0000] {processor.py:208} INFO - Processing /home/airflow/.local/lib/python3.12/site-packages/airflow/example_dags/example_bash_operator.py took 0.066 seconds
[2025-02-14T23:52:32.601+0000] {processor.py:186} INFO - Started process (PID=2029) to work on /home/airflow/.local/lib/python3.12/site-packages/airflow/example_dags/example_bash_operator.py
[2025-02-14T23:52:32.602+0000] {processor.py:914} INFO - Processing file /home/airflow/.local/lib/python3.12/site-packages/airflow/example_dags/example_bash_operator.py for tasks to queue
[2025-02-14T23:52:32.604+0000] {logging_mixin.py:190} INFO - [2025-02-14T23:52:32.603+0000] {dagbag.py:588} INFO - Filling up the DagBag from /home/airflow/.local/lib/python3.12/site-packages/airflow/example_dags/example_bash_operator.py
[2025-02-14T23:52:32.612+0000] {processor.py:925} INFO - DAG(s) 'example_bash_operator' retrieved from /home/airflow/.local/lib/python3.12/site-packages/airflow/example_dags/example_bash_operator.py
[2025-02-14T23:52:32.629+0000] {logging_mixin.py:190} INFO - [2025-02-14T23:52:32.629+0000] {dag.py:3239} INFO - Sync 1 DAGs
[2025-02-14T23:52:32.644+0000] {logging_mixin.py:190} INFO - [2025-02-14T23:52:32.644+0000] {dag.py:4180} INFO - Setting next_dagrun for example_bash_operator to 2025-02-13 00:00:00+00:00, run_after=2025-02-14 00:00:00+00:00
[2025-02-14T23:52:32.656+0000] {processor.py:208} INFO - Processing /home/airflow/.local/lib/python3.12/site-packages/airflow/example_dags/example_bash_operator.py took 0.060 seconds
[2025-02-14T23:53:02.786+0000] {processor.py:186} INFO - Started process (PID=2092) to work on /home/airflow/.local/lib/python3.12/site-packages/airflow/example_dags/example_bash_operator.py
[2025-02-14T23:53:02.786+0000] {processor.py:914} INFO - Processing file /home/airflow/.local/lib/python3.12/site-packages/airflow/example_dags/example_bash_operator.py for tasks to queue
[2025-02-14T23:53:02.788+0000] {logging_mixin.py:190} INFO - [2025-02-14T23:53:02.788+0000] {dagbag.py:588} INFO - Filling up the DagBag from /home/airflow/.local/lib/python3.12/site-packages/airflow/example_dags/example_bash_operator.py
[2025-02-14T23:53:02.797+0000] {processor.py:925} INFO - DAG(s) 'example_bash_operator' retrieved from /home/airflow/.local/lib/python3.12/site-packages/airflow/example_dags/example_bash_operator.py
[2025-02-14T23:53:02.814+0000] {logging_mixin.py:190} INFO - [2025-02-14T23:53:02.814+0000] {dag.py:3239} INFO - Sync 1 DAGs
[2025-02-14T23:53:02.828+0000] {logging_mixin.py:190} INFO - [2025-02-14T23:53:02.828+0000] {dag.py:4180} INFO - Setting next_dagrun for example_bash_operator to 2025-02-13 00:00:00+00:00, run_after=2025-02-14 00:00:00+00:00
[2025-02-14T23:53:02.837+0000] {processor.py:208} INFO - Processing /home/airflow/.local/lib/python3.12/site-packages/airflow/example_dags/example_bash_operator.py took 0.055 seconds
[2025-02-14T23:53:33.238+0000] {processor.py:186} INFO - Started process (PID=2155) to work on /home/airflow/.local/lib/python3.12/site-packages/airflow/example_dags/example_bash_operator.py
[2025-02-14T23:53:33.239+0000] {processor.py:914} INFO - Processing file /home/airflow/.local/lib/python3.12/site-packages/airflow/example_dags/example_bash_operator.py for tasks to queue
[2025-02-14T23:53:33.241+0000] {logging_mixin.py:190} INFO - [2025-02-14T23:53:33.241+0000] {dagbag.py:588} INFO - Filling up the DagBag from /home/airflow/.local/lib/python3.12/site-packages/airflow/example_dags/example_bash_operator.py
[2025-02-14T23:53:33.250+0000] {processor.py:925} INFO - DAG(s) 'example_bash_operator' retrieved from /home/airflow/.local/lib/python3.12/site-packages/airflow/example_dags/example_bash_operator.py
[2025-02-14T23:53:33.268+0000] {logging_mixin.py:190} INFO - [2025-02-14T23:53:33.267+0000] {dag.py:3239} INFO - Sync 1 DAGs
[2025-02-14T23:53:33.285+0000] {logging_mixin.py:190} INFO - [2025-02-14T23:53:33.285+0000] {dag.py:4180} INFO - Setting next_dagrun for example_bash_operator to 2025-02-13 00:00:00+00:00, run_after=2025-02-14 00:00:00+00:00
[2025-02-14T23:53:33.296+0000] {processor.py:208} INFO - Processing /home/airflow/.local/lib/python3.12/site-packages/airflow/example_dags/example_bash_operator.py took 0.062 seconds
[2025-02-14T23:54:03.931+0000] {processor.py:186} INFO - Started process (PID=2218) to work on /home/airflow/.local/lib/python3.12/site-packages/airflow/example_dags/example_bash_operator.py
[2025-02-14T23:54:03.934+0000] {processor.py:914} INFO - Processing file /home/airflow/.local/lib/python3.12/site-packages/airflow/example_dags/example_bash_operator.py for tasks to queue
[2025-02-14T23:54:03.937+0000] {logging_mixin.py:190} INFO - [2025-02-14T23:54:03.936+0000] {dagbag.py:588} INFO - Filling up the DagBag from /home/airflow/.local/lib/python3.12/site-packages/airflow/example_dags/example_bash_operator.py
[2025-02-14T23:54:03.948+0000] {processor.py:925} INFO - DAG(s) 'example_bash_operator' retrieved from /home/airflow/.local/lib/python3.12/site-packages/airflow/example_dags/example_bash_operator.py
[2025-02-14T23:54:03.967+0000] {logging_mixin.py:190} INFO - [2025-02-14T23:54:03.967+0000] {dag.py:3239} INFO - Sync 1 DAGs
[2025-02-14T23:54:03.982+0000] {logging_mixin.py:190} INFO - [2025-02-14T23:54:03.981+0000] {dag.py:4180} INFO - Setting next_dagrun for example_bash_operator to 2025-02-13 00:00:00+00:00, run_after=2025-02-14 00:00:00+00:00
[2025-02-14T23:54:03.996+0000] {processor.py:208} INFO - Processing /home/airflow/.local/lib/python3.12/site-packages/airflow/example_dags/example_bash_operator.py took 0.069 seconds
[2025-02-14T23:54:34.056+0000] {processor.py:186} INFO - Started process (PID=2281) to work on /home/airflow/.local/lib/python3.12/site-packages/airflow/example_dags/example_bash_operator.py
[2025-02-14T23:54:34.057+0000] {processor.py:914} INFO - Processing file /home/airflow/.local/lib/python3.12/site-packages/airflow/example_dags/example_bash_operator.py for tasks to queue
[2025-02-14T23:54:34.059+0000] {logging_mixin.py:190} INFO - [2025-02-14T23:54:34.058+0000] {dagbag.py:588} INFO - Filling up the DagBag from /home/airflow/.local/lib/python3.12/site-packages/airflow/example_dags/example_bash_operator.py
[2025-02-14T23:54:34.067+0000] {processor.py:925} INFO - DAG(s) 'example_bash_operator' retrieved from /home/airflow/.local/lib/python3.12/site-packages/airflow/example_dags/example_bash_operator.py
[2025-02-14T23:54:34.087+0000] {logging_mixin.py:190} INFO - [2025-02-14T23:54:34.087+0000] {dag.py:3239} INFO - Sync 1 DAGs
[2025-02-14T23:54:34.102+0000] {logging_mixin.py:190} INFO - [2025-02-14T23:54:34.102+0000] {dag.py:4180} INFO - Setting next_dagrun for example_bash_operator to 2025-02-13 00:00:00+00:00, run_after=2025-02-14 00:00:00+00:00
[2025-02-14T23:54:34.113+0000] {processor.py:208} INFO - Processing /home/airflow/.local/lib/python3.12/site-packages/airflow/example_dags/example_bash_operator.py took 0.061 seconds
[2025-02-14T23:55:05.810+0000] {processor.py:186} INFO - Started process (PID=2344) to work on /home/airflow/.local/lib/python3.12/site-packages/airflow/example_dags/example_bash_operator.py
[2025-02-14T23:55:05.812+0000] {processor.py:914} INFO - Processing file /home/airflow/.local/lib/python3.12/site-packages/airflow/example_dags/example_bash_operator.py for tasks to queue
[2025-02-14T23:55:05.816+0000] {logging_mixin.py:190} INFO - [2025-02-14T23:55:05.816+0000] {dagbag.py:588} INFO - Filling up the DagBag from /home/airflow/.local/lib/python3.12/site-packages/airflow/example_dags/example_bash_operator.py
[2025-02-14T23:55:05.826+0000] {processor.py:925} INFO - DAG(s) 'example_bash_operator' retrieved from /home/airflow/.local/lib/python3.12/site-packages/airflow/example_dags/example_bash_operator.py
[2025-02-14T23:55:05.844+0000] {logging_mixin.py:190} INFO - [2025-02-14T23:55:05.844+0000] {dag.py:3239} INFO - Sync 1 DAGs
[2025-02-14T23:55:05.862+0000] {logging_mixin.py:190} INFO - [2025-02-14T23:55:05.861+0000] {dag.py:4180} INFO - Setting next_dagrun for example_bash_operator to 2025-02-13 00:00:00+00:00, run_after=2025-02-14 00:00:00+00:00
[2025-02-14T23:55:05.873+0000] {processor.py:208} INFO - Processing /home/airflow/.local/lib/python3.12/site-packages/airflow/example_dags/example_bash_operator.py took 0.070 seconds
