[2025-02-14T23:36:48.787+0000] {processor.py:186} INFO - Started process (PID=111) to work on /home/airflow/.local/lib/python3.12/site-packages/airflow/example_dags/example_python_operator.py
[2025-02-14T23:36:48.792+0000] {processor.py:914} INFO - Processing file /home/airflow/.local/lib/python3.12/site-packages/airflow/example_dags/example_python_operator.py for tasks to queue
[2025-02-14T23:36:48.794+0000] {logging_mixin.py:190} INFO - [2025-02-14T23:36:48.794+0000] {dagbag.py:588} INFO - Filling up the DagBag from /home/airflow/.local/lib/python3.12/site-packages/airflow/example_dags/example_python_operator.py
[2025-02-14T23:36:48.808+0000] {processor.py:925} INFO - DAG(s) 'example_python_operator' retrieved from /home/airflow/.local/lib/python3.12/site-packages/airflow/example_dags/example_python_operator.py
[2025-02-14T23:36:48.898+0000] {logging_mixin.py:190} INFO - [2025-02-14T23:36:48.897+0000] {dag.py:3239} INFO - Sync 1 DAGs
[2025-02-14T23:36:48.910+0000] {logging_mixin.py:190} INFO - [2025-02-14T23:36:48.910+0000] {dag.py:4180} INFO - Setting next_dagrun for example_python_operator to None, run_after=None
[2025-02-14T23:36:48.933+0000] {processor.py:208} INFO - Processing /home/airflow/.local/lib/python3.12/site-packages/airflow/example_dags/example_python_operator.py took 0.153 seconds
[2025-02-14T23:37:19.501+0000] {processor.py:186} INFO - Started process (PID=174) to work on /home/airflow/.local/lib/python3.12/site-packages/airflow/example_dags/example_python_operator.py
[2025-02-14T23:37:19.502+0000] {processor.py:914} INFO - Processing file /home/airflow/.local/lib/python3.12/site-packages/airflow/example_dags/example_python_operator.py for tasks to queue
[2025-02-14T23:37:19.505+0000] {logging_mixin.py:190} INFO - [2025-02-14T23:37:19.504+0000] {dagbag.py:588} INFO - Filling up the DagBag from /home/airflow/.local/lib/python3.12/site-packages/airflow/example_dags/example_python_operator.py
[2025-02-14T23:37:19.520+0000] {processor.py:925} INFO - DAG(s) 'example_python_operator' retrieved from /home/airflow/.local/lib/python3.12/site-packages/airflow/example_dags/example_python_operator.py
[2025-02-14T23:37:19.546+0000] {logging_mixin.py:190} INFO - [2025-02-14T23:37:19.546+0000] {dag.py:3239} INFO - Sync 1 DAGs
[2025-02-14T23:37:19.563+0000] {logging_mixin.py:190} INFO - [2025-02-14T23:37:19.562+0000] {dag.py:4180} INFO - Setting next_dagrun for example_python_operator to None, run_after=None
[2025-02-14T23:37:19.579+0000] {processor.py:208} INFO - Processing /home/airflow/.local/lib/python3.12/site-packages/airflow/example_dags/example_python_operator.py took 0.085 seconds
[2025-02-14T23:37:50.238+0000] {processor.py:186} INFO - Started process (PID=237) to work on /home/airflow/.local/lib/python3.12/site-packages/airflow/example_dags/example_python_operator.py
[2025-02-14T23:37:50.239+0000] {processor.py:914} INFO - Processing file /home/airflow/.local/lib/python3.12/site-packages/airflow/example_dags/example_python_operator.py for tasks to queue
[2025-02-14T23:37:50.240+0000] {logging_mixin.py:190} INFO - [2025-02-14T23:37:50.240+0000] {dagbag.py:588} INFO - Filling up the DagBag from /home/airflow/.local/lib/python3.12/site-packages/airflow/example_dags/example_python_operator.py
[2025-02-14T23:37:50.249+0000] {processor.py:925} INFO - DAG(s) 'example_python_operator' retrieved from /home/airflow/.local/lib/python3.12/site-packages/airflow/example_dags/example_python_operator.py
[2025-02-14T23:37:50.263+0000] {logging_mixin.py:190} INFO - [2025-02-14T23:37:50.263+0000] {dag.py:3239} INFO - Sync 1 DAGs
[2025-02-14T23:37:50.272+0000] {logging_mixin.py:190} INFO - [2025-02-14T23:37:50.272+0000] {dag.py:4180} INFO - Setting next_dagrun for example_python_operator to None, run_after=None
[2025-02-14T23:37:50.282+0000] {processor.py:208} INFO - Processing /home/airflow/.local/lib/python3.12/site-packages/airflow/example_dags/example_python_operator.py took 0.048 seconds
[2025-02-14T23:38:21.006+0000] {processor.py:186} INFO - Started process (PID=300) to work on /home/airflow/.local/lib/python3.12/site-packages/airflow/example_dags/example_python_operator.py
[2025-02-14T23:38:21.008+0000] {processor.py:914} INFO - Processing file /home/airflow/.local/lib/python3.12/site-packages/airflow/example_dags/example_python_operator.py for tasks to queue
[2025-02-14T23:38:21.010+0000] {logging_mixin.py:190} INFO - [2025-02-14T23:38:21.010+0000] {dagbag.py:588} INFO - Filling up the DagBag from /home/airflow/.local/lib/python3.12/site-packages/airflow/example_dags/example_python_operator.py
[2025-02-14T23:38:21.020+0000] {processor.py:925} INFO - DAG(s) 'example_python_operator' retrieved from /home/airflow/.local/lib/python3.12/site-packages/airflow/example_dags/example_python_operator.py
[2025-02-14T23:38:21.041+0000] {logging_mixin.py:190} INFO - [2025-02-14T23:38:21.040+0000] {dag.py:3239} INFO - Sync 1 DAGs
[2025-02-14T23:38:21.050+0000] {logging_mixin.py:190} INFO - [2025-02-14T23:38:21.050+0000] {dag.py:4180} INFO - Setting next_dagrun for example_python_operator to None, run_after=None
[2025-02-14T23:38:21.062+0000] {processor.py:208} INFO - Processing /home/airflow/.local/lib/python3.12/site-packages/airflow/example_dags/example_python_operator.py took 0.061 seconds
[2025-02-14T23:38:52.396+0000] {processor.py:186} INFO - Started process (PID=363) to work on /home/airflow/.local/lib/python3.12/site-packages/airflow/example_dags/example_python_operator.py
[2025-02-14T23:38:52.397+0000] {processor.py:914} INFO - Processing file /home/airflow/.local/lib/python3.12/site-packages/airflow/example_dags/example_python_operator.py for tasks to queue
[2025-02-14T23:38:52.399+0000] {logging_mixin.py:190} INFO - [2025-02-14T23:38:52.398+0000] {dagbag.py:588} INFO - Filling up the DagBag from /home/airflow/.local/lib/python3.12/site-packages/airflow/example_dags/example_python_operator.py
[2025-02-14T23:38:52.406+0000] {processor.py:925} INFO - DAG(s) 'example_python_operator' retrieved from /home/airflow/.local/lib/python3.12/site-packages/airflow/example_dags/example_python_operator.py
[2025-02-14T23:38:52.421+0000] {logging_mixin.py:190} INFO - [2025-02-14T23:38:52.421+0000] {dag.py:3239} INFO - Sync 1 DAGs
[2025-02-14T23:38:52.430+0000] {logging_mixin.py:190} INFO - [2025-02-14T23:38:52.430+0000] {dag.py:4180} INFO - Setting next_dagrun for example_python_operator to None, run_after=None
[2025-02-14T23:38:52.440+0000] {processor.py:208} INFO - Processing /home/airflow/.local/lib/python3.12/site-packages/airflow/example_dags/example_python_operator.py took 0.048 seconds
[2025-02-14T23:39:23.632+0000] {processor.py:186} INFO - Started process (PID=426) to work on /home/airflow/.local/lib/python3.12/site-packages/airflow/example_dags/example_python_operator.py
[2025-02-14T23:39:23.633+0000] {processor.py:914} INFO - Processing file /home/airflow/.local/lib/python3.12/site-packages/airflow/example_dags/example_python_operator.py for tasks to queue
[2025-02-14T23:39:23.634+0000] {logging_mixin.py:190} INFO - [2025-02-14T23:39:23.634+0000] {dagbag.py:588} INFO - Filling up the DagBag from /home/airflow/.local/lib/python3.12/site-packages/airflow/example_dags/example_python_operator.py
[2025-02-14T23:39:23.642+0000] {processor.py:925} INFO - DAG(s) 'example_python_operator' retrieved from /home/airflow/.local/lib/python3.12/site-packages/airflow/example_dags/example_python_operator.py
[2025-02-14T23:39:23.657+0000] {logging_mixin.py:190} INFO - [2025-02-14T23:39:23.657+0000] {dag.py:3239} INFO - Sync 1 DAGs
[2025-02-14T23:39:23.666+0000] {logging_mixin.py:190} INFO - [2025-02-14T23:39:23.665+0000] {dag.py:4180} INFO - Setting next_dagrun for example_python_operator to None, run_after=None
[2025-02-14T23:39:23.675+0000] {processor.py:208} INFO - Processing /home/airflow/.local/lib/python3.12/site-packages/airflow/example_dags/example_python_operator.py took 0.047 seconds
[2025-02-14T23:39:54.054+0000] {processor.py:186} INFO - Started process (PID=489) to work on /home/airflow/.local/lib/python3.12/site-packages/airflow/example_dags/example_python_operator.py
[2025-02-14T23:39:54.055+0000] {processor.py:914} INFO - Processing file /home/airflow/.local/lib/python3.12/site-packages/airflow/example_dags/example_python_operator.py for tasks to queue
[2025-02-14T23:39:54.056+0000] {logging_mixin.py:190} INFO - [2025-02-14T23:39:54.056+0000] {dagbag.py:588} INFO - Filling up the DagBag from /home/airflow/.local/lib/python3.12/site-packages/airflow/example_dags/example_python_operator.py
[2025-02-14T23:39:54.064+0000] {processor.py:925} INFO - DAG(s) 'example_python_operator' retrieved from /home/airflow/.local/lib/python3.12/site-packages/airflow/example_dags/example_python_operator.py
[2025-02-14T23:39:54.102+0000] {logging_mixin.py:190} INFO - [2025-02-14T23:39:54.102+0000] {dag.py:3239} INFO - Sync 1 DAGs
[2025-02-14T23:39:54.111+0000] {logging_mixin.py:190} INFO - [2025-02-14T23:39:54.111+0000] {dag.py:4180} INFO - Setting next_dagrun for example_python_operator to None, run_after=None
[2025-02-14T23:39:54.126+0000] {processor.py:208} INFO - Processing /home/airflow/.local/lib/python3.12/site-packages/airflow/example_dags/example_python_operator.py took 0.077 seconds
[2025-02-14T23:40:24.986+0000] {processor.py:186} INFO - Started process (PID=552) to work on /home/airflow/.local/lib/python3.12/site-packages/airflow/example_dags/example_python_operator.py
[2025-02-14T23:40:24.987+0000] {processor.py:914} INFO - Processing file /home/airflow/.local/lib/python3.12/site-packages/airflow/example_dags/example_python_operator.py for tasks to queue
[2025-02-14T23:40:24.988+0000] {logging_mixin.py:190} INFO - [2025-02-14T23:40:24.988+0000] {dagbag.py:588} INFO - Filling up the DagBag from /home/airflow/.local/lib/python3.12/site-packages/airflow/example_dags/example_python_operator.py
[2025-02-14T23:40:24.997+0000] {processor.py:925} INFO - DAG(s) 'example_python_operator' retrieved from /home/airflow/.local/lib/python3.12/site-packages/airflow/example_dags/example_python_operator.py
[2025-02-14T23:40:25.012+0000] {logging_mixin.py:190} INFO - [2025-02-14T23:40:25.011+0000] {dag.py:3239} INFO - Sync 1 DAGs
[2025-02-14T23:40:25.021+0000] {logging_mixin.py:190} INFO - [2025-02-14T23:40:25.021+0000] {dag.py:4180} INFO - Setting next_dagrun for example_python_operator to None, run_after=None
[2025-02-14T23:40:25.032+0000] {processor.py:208} INFO - Processing /home/airflow/.local/lib/python3.12/site-packages/airflow/example_dags/example_python_operator.py took 0.050 seconds
[2025-02-14T23:40:55.942+0000] {processor.py:186} INFO - Started process (PID=614) to work on /home/airflow/.local/lib/python3.12/site-packages/airflow/example_dags/example_python_operator.py
[2025-02-14T23:40:55.942+0000] {processor.py:914} INFO - Processing file /home/airflow/.local/lib/python3.12/site-packages/airflow/example_dags/example_python_operator.py for tasks to queue
[2025-02-14T23:40:55.944+0000] {logging_mixin.py:190} INFO - [2025-02-14T23:40:55.943+0000] {dagbag.py:588} INFO - Filling up the DagBag from /home/airflow/.local/lib/python3.12/site-packages/airflow/example_dags/example_python_operator.py
[2025-02-14T23:40:55.952+0000] {processor.py:925} INFO - DAG(s) 'example_python_operator' retrieved from /home/airflow/.local/lib/python3.12/site-packages/airflow/example_dags/example_python_operator.py
[2025-02-14T23:40:55.966+0000] {logging_mixin.py:190} INFO - [2025-02-14T23:40:55.966+0000] {dag.py:3239} INFO - Sync 1 DAGs
[2025-02-14T23:40:55.974+0000] {logging_mixin.py:190} INFO - [2025-02-14T23:40:55.974+0000] {dag.py:4180} INFO - Setting next_dagrun for example_python_operator to None, run_after=None
[2025-02-14T23:40:55.987+0000] {processor.py:208} INFO - Processing /home/airflow/.local/lib/python3.12/site-packages/airflow/example_dags/example_python_operator.py took 0.049 seconds
[2025-02-14T23:41:26.538+0000] {processor.py:186} INFO - Started process (PID=677) to work on /home/airflow/.local/lib/python3.12/site-packages/airflow/example_dags/example_python_operator.py
[2025-02-14T23:41:26.538+0000] {processor.py:914} INFO - Processing file /home/airflow/.local/lib/python3.12/site-packages/airflow/example_dags/example_python_operator.py for tasks to queue
[2025-02-14T23:41:26.540+0000] {logging_mixin.py:190} INFO - [2025-02-14T23:41:26.540+0000] {dagbag.py:588} INFO - Filling up the DagBag from /home/airflow/.local/lib/python3.12/site-packages/airflow/example_dags/example_python_operator.py
[2025-02-14T23:41:26.548+0000] {processor.py:925} INFO - DAG(s) 'example_python_operator' retrieved from /home/airflow/.local/lib/python3.12/site-packages/airflow/example_dags/example_python_operator.py
[2025-02-14T23:41:26.561+0000] {logging_mixin.py:190} INFO - [2025-02-14T23:41:26.561+0000] {dag.py:3239} INFO - Sync 1 DAGs
[2025-02-14T23:41:26.571+0000] {logging_mixin.py:190} INFO - [2025-02-14T23:41:26.571+0000] {dag.py:4180} INFO - Setting next_dagrun for example_python_operator to None, run_after=None
[2025-02-14T23:41:26.583+0000] {processor.py:208} INFO - Processing /home/airflow/.local/lib/python3.12/site-packages/airflow/example_dags/example_python_operator.py took 0.048 seconds
[2025-02-14T23:41:57.063+0000] {processor.py:186} INFO - Started process (PID=740) to work on /home/airflow/.local/lib/python3.12/site-packages/airflow/example_dags/example_python_operator.py
[2025-02-14T23:41:57.063+0000] {processor.py:914} INFO - Processing file /home/airflow/.local/lib/python3.12/site-packages/airflow/example_dags/example_python_operator.py for tasks to queue
[2025-02-14T23:41:57.064+0000] {logging_mixin.py:190} INFO - [2025-02-14T23:41:57.064+0000] {dagbag.py:588} INFO - Filling up the DagBag from /home/airflow/.local/lib/python3.12/site-packages/airflow/example_dags/example_python_operator.py
[2025-02-14T23:41:57.073+0000] {processor.py:925} INFO - DAG(s) 'example_python_operator' retrieved from /home/airflow/.local/lib/python3.12/site-packages/airflow/example_dags/example_python_operator.py
[2025-02-14T23:41:57.086+0000] {logging_mixin.py:190} INFO - [2025-02-14T23:41:57.086+0000] {dag.py:3239} INFO - Sync 1 DAGs
[2025-02-14T23:41:57.095+0000] {logging_mixin.py:190} INFO - [2025-02-14T23:41:57.095+0000] {dag.py:4180} INFO - Setting next_dagrun for example_python_operator to None, run_after=None
[2025-02-14T23:41:57.106+0000] {processor.py:208} INFO - Processing /home/airflow/.local/lib/python3.12/site-packages/airflow/example_dags/example_python_operator.py took 0.048 seconds
[2025-02-14T23:42:28.490+0000] {processor.py:186} INFO - Started process (PID=804) to work on /home/airflow/.local/lib/python3.12/site-packages/airflow/example_dags/example_python_operator.py
[2025-02-14T23:42:28.491+0000] {processor.py:914} INFO - Processing file /home/airflow/.local/lib/python3.12/site-packages/airflow/example_dags/example_python_operator.py for tasks to queue
[2025-02-14T23:42:28.492+0000] {logging_mixin.py:190} INFO - [2025-02-14T23:42:28.492+0000] {dagbag.py:588} INFO - Filling up the DagBag from /home/airflow/.local/lib/python3.12/site-packages/airflow/example_dags/example_python_operator.py
[2025-02-14T23:42:28.502+0000] {processor.py:925} INFO - DAG(s) 'example_python_operator' retrieved from /home/airflow/.local/lib/python3.12/site-packages/airflow/example_dags/example_python_operator.py
[2025-02-14T23:42:28.523+0000] {logging_mixin.py:190} INFO - [2025-02-14T23:42:28.523+0000] {dag.py:3239} INFO - Sync 1 DAGs
[2025-02-14T23:42:28.535+0000] {logging_mixin.py:190} INFO - [2025-02-14T23:42:28.535+0000] {dag.py:4180} INFO - Setting next_dagrun for example_python_operator to None, run_after=None
[2025-02-14T23:42:28.549+0000] {processor.py:208} INFO - Processing /home/airflow/.local/lib/python3.12/site-packages/airflow/example_dags/example_python_operator.py took 0.065 seconds
[2025-02-14T23:42:59.279+0000] {processor.py:186} INFO - Started process (PID=867) to work on /home/airflow/.local/lib/python3.12/site-packages/airflow/example_dags/example_python_operator.py
[2025-02-14T23:42:59.280+0000] {processor.py:914} INFO - Processing file /home/airflow/.local/lib/python3.12/site-packages/airflow/example_dags/example_python_operator.py for tasks to queue
[2025-02-14T23:42:59.281+0000] {logging_mixin.py:190} INFO - [2025-02-14T23:42:59.281+0000] {dagbag.py:588} INFO - Filling up the DagBag from /home/airflow/.local/lib/python3.12/site-packages/airflow/example_dags/example_python_operator.py
[2025-02-14T23:42:59.289+0000] {processor.py:925} INFO - DAG(s) 'example_python_operator' retrieved from /home/airflow/.local/lib/python3.12/site-packages/airflow/example_dags/example_python_operator.py
[2025-02-14T23:42:59.304+0000] {logging_mixin.py:190} INFO - [2025-02-14T23:42:59.304+0000] {dag.py:3239} INFO - Sync 1 DAGs
[2025-02-14T23:42:59.312+0000] {logging_mixin.py:190} INFO - [2025-02-14T23:42:59.312+0000] {dag.py:4180} INFO - Setting next_dagrun for example_python_operator to None, run_after=None
[2025-02-14T23:42:59.322+0000] {processor.py:208} INFO - Processing /home/airflow/.local/lib/python3.12/site-packages/airflow/example_dags/example_python_operator.py took 0.047 seconds
[2025-02-14T23:43:30.342+0000] {processor.py:186} INFO - Started process (PID=929) to work on /home/airflow/.local/lib/python3.12/site-packages/airflow/example_dags/example_python_operator.py
[2025-02-14T23:43:30.343+0000] {processor.py:914} INFO - Processing file /home/airflow/.local/lib/python3.12/site-packages/airflow/example_dags/example_python_operator.py for tasks to queue
[2025-02-14T23:43:30.345+0000] {logging_mixin.py:190} INFO - [2025-02-14T23:43:30.344+0000] {dagbag.py:588} INFO - Filling up the DagBag from /home/airflow/.local/lib/python3.12/site-packages/airflow/example_dags/example_python_operator.py
[2025-02-14T23:43:30.353+0000] {processor.py:925} INFO - DAG(s) 'example_python_operator' retrieved from /home/airflow/.local/lib/python3.12/site-packages/airflow/example_dags/example_python_operator.py
[2025-02-14T23:43:30.366+0000] {logging_mixin.py:190} INFO - [2025-02-14T23:43:30.365+0000] {dag.py:3239} INFO - Sync 1 DAGs
[2025-02-14T23:43:30.374+0000] {logging_mixin.py:190} INFO - [2025-02-14T23:43:30.373+0000] {dag.py:4180} INFO - Setting next_dagrun for example_python_operator to None, run_after=None
[2025-02-14T23:43:30.383+0000] {processor.py:208} INFO - Processing /home/airflow/.local/lib/python3.12/site-packages/airflow/example_dags/example_python_operator.py took 0.045 seconds
[2025-02-14T23:44:01.258+0000] {processor.py:186} INFO - Started process (PID=993) to work on /home/airflow/.local/lib/python3.12/site-packages/airflow/example_dags/example_python_operator.py
[2025-02-14T23:44:01.258+0000] {processor.py:914} INFO - Processing file /home/airflow/.local/lib/python3.12/site-packages/airflow/example_dags/example_python_operator.py for tasks to queue
[2025-02-14T23:44:01.260+0000] {logging_mixin.py:190} INFO - [2025-02-14T23:44:01.260+0000] {dagbag.py:588} INFO - Filling up the DagBag from /home/airflow/.local/lib/python3.12/site-packages/airflow/example_dags/example_python_operator.py
[2025-02-14T23:44:01.269+0000] {processor.py:925} INFO - DAG(s) 'example_python_operator' retrieved from /home/airflow/.local/lib/python3.12/site-packages/airflow/example_dags/example_python_operator.py
[2025-02-14T23:44:01.284+0000] {logging_mixin.py:190} INFO - [2025-02-14T23:44:01.284+0000] {dag.py:3239} INFO - Sync 1 DAGs
[2025-02-14T23:44:01.293+0000] {logging_mixin.py:190} INFO - [2025-02-14T23:44:01.293+0000] {dag.py:4180} INFO - Setting next_dagrun for example_python_operator to None, run_after=None
[2025-02-14T23:44:01.303+0000] {processor.py:208} INFO - Processing /home/airflow/.local/lib/python3.12/site-packages/airflow/example_dags/example_python_operator.py took 0.050 seconds
[2025-02-14T23:44:32.123+0000] {processor.py:186} INFO - Started process (PID=1055) to work on /home/airflow/.local/lib/python3.12/site-packages/airflow/example_dags/example_python_operator.py
[2025-02-14T23:44:32.124+0000] {processor.py:914} INFO - Processing file /home/airflow/.local/lib/python3.12/site-packages/airflow/example_dags/example_python_operator.py for tasks to queue
[2025-02-14T23:44:32.129+0000] {logging_mixin.py:190} INFO - [2025-02-14T23:44:32.127+0000] {dagbag.py:588} INFO - Filling up the DagBag from /home/airflow/.local/lib/python3.12/site-packages/airflow/example_dags/example_python_operator.py
[2025-02-14T23:44:32.144+0000] {processor.py:925} INFO - DAG(s) 'example_python_operator' retrieved from /home/airflow/.local/lib/python3.12/site-packages/airflow/example_dags/example_python_operator.py
[2025-02-14T23:44:32.166+0000] {logging_mixin.py:190} INFO - [2025-02-14T23:44:32.166+0000] {dag.py:3239} INFO - Sync 1 DAGs
[2025-02-14T23:44:32.179+0000] {logging_mixin.py:190} INFO - [2025-02-14T23:44:32.179+0000] {dag.py:4180} INFO - Setting next_dagrun for example_python_operator to None, run_after=None
[2025-02-14T23:44:32.197+0000] {processor.py:208} INFO - Processing /home/airflow/.local/lib/python3.12/site-packages/airflow/example_dags/example_python_operator.py took 0.081 seconds
[2025-02-14T23:45:03.386+0000] {processor.py:186} INFO - Started process (PID=1118) to work on /home/airflow/.local/lib/python3.12/site-packages/airflow/example_dags/example_python_operator.py
[2025-02-14T23:45:03.387+0000] {processor.py:914} INFO - Processing file /home/airflow/.local/lib/python3.12/site-packages/airflow/example_dags/example_python_operator.py for tasks to queue
[2025-02-14T23:45:03.388+0000] {logging_mixin.py:190} INFO - [2025-02-14T23:45:03.388+0000] {dagbag.py:588} INFO - Filling up the DagBag from /home/airflow/.local/lib/python3.12/site-packages/airflow/example_dags/example_python_operator.py
[2025-02-14T23:45:03.397+0000] {processor.py:925} INFO - DAG(s) 'example_python_operator' retrieved from /home/airflow/.local/lib/python3.12/site-packages/airflow/example_dags/example_python_operator.py
[2025-02-14T23:45:03.412+0000] {logging_mixin.py:190} INFO - [2025-02-14T23:45:03.412+0000] {dag.py:3239} INFO - Sync 1 DAGs
[2025-02-14T23:45:03.421+0000] {logging_mixin.py:190} INFO - [2025-02-14T23:45:03.420+0000] {dag.py:4180} INFO - Setting next_dagrun for example_python_operator to None, run_after=None
[2025-02-14T23:45:03.431+0000] {processor.py:208} INFO - Processing /home/airflow/.local/lib/python3.12/site-packages/airflow/example_dags/example_python_operator.py took 0.049 seconds
[2025-02-14T23:45:34.537+0000] {processor.py:186} INFO - Started process (PID=1181) to work on /home/airflow/.local/lib/python3.12/site-packages/airflow/example_dags/example_python_operator.py
[2025-02-14T23:45:34.538+0000] {processor.py:914} INFO - Processing file /home/airflow/.local/lib/python3.12/site-packages/airflow/example_dags/example_python_operator.py for tasks to queue
[2025-02-14T23:45:34.540+0000] {logging_mixin.py:190} INFO - [2025-02-14T23:45:34.539+0000] {dagbag.py:588} INFO - Filling up the DagBag from /home/airflow/.local/lib/python3.12/site-packages/airflow/example_dags/example_python_operator.py
[2025-02-14T23:45:34.550+0000] {processor.py:925} INFO - DAG(s) 'example_python_operator' retrieved from /home/airflow/.local/lib/python3.12/site-packages/airflow/example_dags/example_python_operator.py
[2025-02-14T23:45:34.570+0000] {logging_mixin.py:190} INFO - [2025-02-14T23:45:34.570+0000] {dag.py:3239} INFO - Sync 1 DAGs
[2025-02-14T23:45:34.580+0000] {logging_mixin.py:190} INFO - [2025-02-14T23:45:34.580+0000] {dag.py:4180} INFO - Setting next_dagrun for example_python_operator to None, run_after=None
[2025-02-14T23:45:34.596+0000] {processor.py:208} INFO - Processing /home/airflow/.local/lib/python3.12/site-packages/airflow/example_dags/example_python_operator.py took 0.062 seconds
[2025-02-14T23:46:05.914+0000] {processor.py:186} INFO - Started process (PID=1244) to work on /home/airflow/.local/lib/python3.12/site-packages/airflow/example_dags/example_python_operator.py
[2025-02-14T23:46:05.915+0000] {processor.py:914} INFO - Processing file /home/airflow/.local/lib/python3.12/site-packages/airflow/example_dags/example_python_operator.py for tasks to queue
[2025-02-14T23:46:05.917+0000] {logging_mixin.py:190} INFO - [2025-02-14T23:46:05.917+0000] {dagbag.py:588} INFO - Filling up the DagBag from /home/airflow/.local/lib/python3.12/site-packages/airflow/example_dags/example_python_operator.py
[2025-02-14T23:46:05.927+0000] {processor.py:925} INFO - DAG(s) 'example_python_operator' retrieved from /home/airflow/.local/lib/python3.12/site-packages/airflow/example_dags/example_python_operator.py
[2025-02-14T23:46:05.943+0000] {logging_mixin.py:190} INFO - [2025-02-14T23:46:05.943+0000] {dag.py:3239} INFO - Sync 1 DAGs
[2025-02-14T23:46:05.953+0000] {logging_mixin.py:190} INFO - [2025-02-14T23:46:05.953+0000] {dag.py:4180} INFO - Setting next_dagrun for example_python_operator to None, run_after=None
[2025-02-14T23:46:05.963+0000] {processor.py:208} INFO - Processing /home/airflow/.local/lib/python3.12/site-packages/airflow/example_dags/example_python_operator.py took 0.056 seconds
[2025-02-14T23:46:36.155+0000] {processor.py:186} INFO - Started process (PID=1306) to work on /home/airflow/.local/lib/python3.12/site-packages/airflow/example_dags/example_python_operator.py
[2025-02-14T23:46:36.158+0000] {processor.py:914} INFO - Processing file /home/airflow/.local/lib/python3.12/site-packages/airflow/example_dags/example_python_operator.py for tasks to queue
[2025-02-14T23:46:36.159+0000] {logging_mixin.py:190} INFO - [2025-02-14T23:46:36.159+0000] {dagbag.py:588} INFO - Filling up the DagBag from /home/airflow/.local/lib/python3.12/site-packages/airflow/example_dags/example_python_operator.py
[2025-02-14T23:46:36.167+0000] {processor.py:925} INFO - DAG(s) 'example_python_operator' retrieved from /home/airflow/.local/lib/python3.12/site-packages/airflow/example_dags/example_python_operator.py
[2025-02-14T23:46:36.180+0000] {logging_mixin.py:190} INFO - [2025-02-14T23:46:36.179+0000] {dag.py:3239} INFO - Sync 1 DAGs
[2025-02-14T23:46:36.188+0000] {logging_mixin.py:190} INFO - [2025-02-14T23:46:36.188+0000] {dag.py:4180} INFO - Setting next_dagrun for example_python_operator to None, run_after=None
[2025-02-14T23:46:36.197+0000] {processor.py:208} INFO - Processing /home/airflow/.local/lib/python3.12/site-packages/airflow/example_dags/example_python_operator.py took 0.046 seconds
[2025-02-14T23:47:06.576+0000] {processor.py:186} INFO - Started process (PID=1369) to work on /home/airflow/.local/lib/python3.12/site-packages/airflow/example_dags/example_python_operator.py
[2025-02-14T23:47:06.576+0000] {processor.py:914} INFO - Processing file /home/airflow/.local/lib/python3.12/site-packages/airflow/example_dags/example_python_operator.py for tasks to queue
[2025-02-14T23:47:06.578+0000] {logging_mixin.py:190} INFO - [2025-02-14T23:47:06.577+0000] {dagbag.py:588} INFO - Filling up the DagBag from /home/airflow/.local/lib/python3.12/site-packages/airflow/example_dags/example_python_operator.py
[2025-02-14T23:47:06.586+0000] {processor.py:925} INFO - DAG(s) 'example_python_operator' retrieved from /home/airflow/.local/lib/python3.12/site-packages/airflow/example_dags/example_python_operator.py
[2025-02-14T23:47:06.601+0000] {logging_mixin.py:190} INFO - [2025-02-14T23:47:06.600+0000] {dag.py:3239} INFO - Sync 1 DAGs
[2025-02-14T23:47:06.609+0000] {logging_mixin.py:190} INFO - [2025-02-14T23:47:06.609+0000] {dag.py:4180} INFO - Setting next_dagrun for example_python_operator to None, run_after=None
[2025-02-14T23:47:06.619+0000] {processor.py:208} INFO - Processing /home/airflow/.local/lib/python3.12/site-packages/airflow/example_dags/example_python_operator.py took 0.047 seconds
[2025-02-14T23:47:37.180+0000] {processor.py:186} INFO - Started process (PID=1431) to work on /home/airflow/.local/lib/python3.12/site-packages/airflow/example_dags/example_python_operator.py
[2025-02-14T23:47:37.181+0000] {processor.py:914} INFO - Processing file /home/airflow/.local/lib/python3.12/site-packages/airflow/example_dags/example_python_operator.py for tasks to queue
[2025-02-14T23:47:37.183+0000] {logging_mixin.py:190} INFO - [2025-02-14T23:47:37.182+0000] {dagbag.py:588} INFO - Filling up the DagBag from /home/airflow/.local/lib/python3.12/site-packages/airflow/example_dags/example_python_operator.py
[2025-02-14T23:47:37.190+0000] {processor.py:925} INFO - DAG(s) 'example_python_operator' retrieved from /home/airflow/.local/lib/python3.12/site-packages/airflow/example_dags/example_python_operator.py
[2025-02-14T23:47:37.204+0000] {logging_mixin.py:190} INFO - [2025-02-14T23:47:37.204+0000] {dag.py:3239} INFO - Sync 1 DAGs
[2025-02-14T23:47:37.216+0000] {logging_mixin.py:190} INFO - [2025-02-14T23:47:37.216+0000] {dag.py:4180} INFO - Setting next_dagrun for example_python_operator to None, run_after=None
[2025-02-14T23:47:37.229+0000] {processor.py:208} INFO - Processing /home/airflow/.local/lib/python3.12/site-packages/airflow/example_dags/example_python_operator.py took 0.052 seconds
[2025-02-14T23:48:08.786+0000] {processor.py:186} INFO - Started process (PID=1495) to work on /home/airflow/.local/lib/python3.12/site-packages/airflow/example_dags/example_python_operator.py
[2025-02-14T23:48:08.787+0000] {processor.py:914} INFO - Processing file /home/airflow/.local/lib/python3.12/site-packages/airflow/example_dags/example_python_operator.py for tasks to queue
[2025-02-14T23:48:08.788+0000] {logging_mixin.py:190} INFO - [2025-02-14T23:48:08.788+0000] {dagbag.py:588} INFO - Filling up the DagBag from /home/airflow/.local/lib/python3.12/site-packages/airflow/example_dags/example_python_operator.py
[2025-02-14T23:48:08.797+0000] {processor.py:925} INFO - DAG(s) 'example_python_operator' retrieved from /home/airflow/.local/lib/python3.12/site-packages/airflow/example_dags/example_python_operator.py
[2025-02-14T23:48:08.812+0000] {logging_mixin.py:190} INFO - [2025-02-14T23:48:08.811+0000] {dag.py:3239} INFO - Sync 1 DAGs
[2025-02-14T23:48:08.821+0000] {logging_mixin.py:190} INFO - [2025-02-14T23:48:08.820+0000] {dag.py:4180} INFO - Setting next_dagrun for example_python_operator to None, run_after=None
[2025-02-14T23:48:08.830+0000] {processor.py:208} INFO - Processing /home/airflow/.local/lib/python3.12/site-packages/airflow/example_dags/example_python_operator.py took 0.049 seconds
[2025-02-14T23:48:40.059+0000] {processor.py:186} INFO - Started process (PID=1558) to work on /home/airflow/.local/lib/python3.12/site-packages/airflow/example_dags/example_python_operator.py
[2025-02-14T23:48:40.060+0000] {processor.py:914} INFO - Processing file /home/airflow/.local/lib/python3.12/site-packages/airflow/example_dags/example_python_operator.py for tasks to queue
[2025-02-14T23:48:40.061+0000] {logging_mixin.py:190} INFO - [2025-02-14T23:48:40.061+0000] {dagbag.py:588} INFO - Filling up the DagBag from /home/airflow/.local/lib/python3.12/site-packages/airflow/example_dags/example_python_operator.py
[2025-02-14T23:48:40.070+0000] {processor.py:925} INFO - DAG(s) 'example_python_operator' retrieved from /home/airflow/.local/lib/python3.12/site-packages/airflow/example_dags/example_python_operator.py
[2025-02-14T23:48:40.084+0000] {logging_mixin.py:190} INFO - [2025-02-14T23:48:40.084+0000] {dag.py:3239} INFO - Sync 1 DAGs
[2025-02-14T23:48:40.092+0000] {logging_mixin.py:190} INFO - [2025-02-14T23:48:40.092+0000] {dag.py:4180} INFO - Setting next_dagrun for example_python_operator to None, run_after=None
[2025-02-14T23:48:40.102+0000] {processor.py:208} INFO - Processing /home/airflow/.local/lib/python3.12/site-packages/airflow/example_dags/example_python_operator.py took 0.047 seconds
[2025-02-14T23:49:11.413+0000] {processor.py:186} INFO - Started process (PID=1621) to work on /home/airflow/.local/lib/python3.12/site-packages/airflow/example_dags/example_python_operator.py
[2025-02-14T23:49:11.414+0000] {processor.py:914} INFO - Processing file /home/airflow/.local/lib/python3.12/site-packages/airflow/example_dags/example_python_operator.py for tasks to queue
[2025-02-14T23:49:11.415+0000] {logging_mixin.py:190} INFO - [2025-02-14T23:49:11.415+0000] {dagbag.py:588} INFO - Filling up the DagBag from /home/airflow/.local/lib/python3.12/site-packages/airflow/example_dags/example_python_operator.py
[2025-02-14T23:49:11.424+0000] {processor.py:925} INFO - DAG(s) 'example_python_operator' retrieved from /home/airflow/.local/lib/python3.12/site-packages/airflow/example_dags/example_python_operator.py
[2025-02-14T23:49:11.438+0000] {logging_mixin.py:190} INFO - [2025-02-14T23:49:11.438+0000] {dag.py:3239} INFO - Sync 1 DAGs
[2025-02-14T23:49:11.447+0000] {logging_mixin.py:190} INFO - [2025-02-14T23:49:11.447+0000] {dag.py:4180} INFO - Setting next_dagrun for example_python_operator to None, run_after=None
[2025-02-14T23:49:11.457+0000] {processor.py:208} INFO - Processing /home/airflow/.local/lib/python3.12/site-packages/airflow/example_dags/example_python_operator.py took 0.049 seconds
[2025-02-14T23:49:42.826+0000] {processor.py:186} INFO - Started process (PID=1684) to work on /home/airflow/.local/lib/python3.12/site-packages/airflow/example_dags/example_python_operator.py
[2025-02-14T23:49:42.826+0000] {processor.py:914} INFO - Processing file /home/airflow/.local/lib/python3.12/site-packages/airflow/example_dags/example_python_operator.py for tasks to queue
[2025-02-14T23:49:42.828+0000] {logging_mixin.py:190} INFO - [2025-02-14T23:49:42.827+0000] {dagbag.py:588} INFO - Filling up the DagBag from /home/airflow/.local/lib/python3.12/site-packages/airflow/example_dags/example_python_operator.py
[2025-02-14T23:49:42.835+0000] {processor.py:925} INFO - DAG(s) 'example_python_operator' retrieved from /home/airflow/.local/lib/python3.12/site-packages/airflow/example_dags/example_python_operator.py
[2025-02-14T23:49:42.849+0000] {logging_mixin.py:190} INFO - [2025-02-14T23:49:42.849+0000] {dag.py:3239} INFO - Sync 1 DAGs
[2025-02-14T23:49:42.857+0000] {logging_mixin.py:190} INFO - [2025-02-14T23:49:42.857+0000] {dag.py:4180} INFO - Setting next_dagrun for example_python_operator to None, run_after=None
[2025-02-14T23:49:42.868+0000] {processor.py:208} INFO - Processing /home/airflow/.local/lib/python3.12/site-packages/airflow/example_dags/example_python_operator.py took 0.046 seconds
[2025-02-14T23:50:13.516+0000] {processor.py:186} INFO - Started process (PID=1747) to work on /home/airflow/.local/lib/python3.12/site-packages/airflow/example_dags/example_python_operator.py
[2025-02-14T23:50:13.516+0000] {processor.py:914} INFO - Processing file /home/airflow/.local/lib/python3.12/site-packages/airflow/example_dags/example_python_operator.py for tasks to queue
[2025-02-14T23:50:13.518+0000] {logging_mixin.py:190} INFO - [2025-02-14T23:50:13.518+0000] {dagbag.py:588} INFO - Filling up the DagBag from /home/airflow/.local/lib/python3.12/site-packages/airflow/example_dags/example_python_operator.py
[2025-02-14T23:50:13.526+0000] {processor.py:925} INFO - DAG(s) 'example_python_operator' retrieved from /home/airflow/.local/lib/python3.12/site-packages/airflow/example_dags/example_python_operator.py
[2025-02-14T23:50:13.540+0000] {logging_mixin.py:190} INFO - [2025-02-14T23:50:13.540+0000] {dag.py:3239} INFO - Sync 1 DAGs
[2025-02-14T23:50:13.549+0000] {logging_mixin.py:190} INFO - [2025-02-14T23:50:13.548+0000] {dag.py:4180} INFO - Setting next_dagrun for example_python_operator to None, run_after=None
[2025-02-14T23:50:13.558+0000] {processor.py:208} INFO - Processing /home/airflow/.local/lib/python3.12/site-packages/airflow/example_dags/example_python_operator.py took 0.047 seconds
[2025-02-14T23:50:44.129+0000] {processor.py:186} INFO - Started process (PID=1810) to work on /home/airflow/.local/lib/python3.12/site-packages/airflow/example_dags/example_python_operator.py
[2025-02-14T23:50:44.130+0000] {processor.py:914} INFO - Processing file /home/airflow/.local/lib/python3.12/site-packages/airflow/example_dags/example_python_operator.py for tasks to queue
[2025-02-14T23:50:44.131+0000] {logging_mixin.py:190} INFO - [2025-02-14T23:50:44.131+0000] {dagbag.py:588} INFO - Filling up the DagBag from /home/airflow/.local/lib/python3.12/site-packages/airflow/example_dags/example_python_operator.py
[2025-02-14T23:50:44.140+0000] {processor.py:925} INFO - DAG(s) 'example_python_operator' retrieved from /home/airflow/.local/lib/python3.12/site-packages/airflow/example_dags/example_python_operator.py
[2025-02-14T23:50:44.154+0000] {logging_mixin.py:190} INFO - [2025-02-14T23:50:44.154+0000] {dag.py:3239} INFO - Sync 1 DAGs
[2025-02-14T23:50:44.162+0000] {logging_mixin.py:190} INFO - [2025-02-14T23:50:44.162+0000] {dag.py:4180} INFO - Setting next_dagrun for example_python_operator to None, run_after=None
[2025-02-14T23:50:44.175+0000] {processor.py:208} INFO - Processing /home/airflow/.local/lib/python3.12/site-packages/airflow/example_dags/example_python_operator.py took 0.050 seconds
[2025-02-14T23:51:15.449+0000] {processor.py:186} INFO - Started process (PID=1873) to work on /home/airflow/.local/lib/python3.12/site-packages/airflow/example_dags/example_python_operator.py
[2025-02-14T23:51:15.450+0000] {processor.py:914} INFO - Processing file /home/airflow/.local/lib/python3.12/site-packages/airflow/example_dags/example_python_operator.py for tasks to queue
[2025-02-14T23:51:15.451+0000] {logging_mixin.py:190} INFO - [2025-02-14T23:51:15.451+0000] {dagbag.py:588} INFO - Filling up the DagBag from /home/airflow/.local/lib/python3.12/site-packages/airflow/example_dags/example_python_operator.py
[2025-02-14T23:51:15.461+0000] {processor.py:925} INFO - DAG(s) 'example_python_operator' retrieved from /home/airflow/.local/lib/python3.12/site-packages/airflow/example_dags/example_python_operator.py
[2025-02-14T23:51:15.478+0000] {logging_mixin.py:190} INFO - [2025-02-14T23:51:15.477+0000] {dag.py:3239} INFO - Sync 1 DAGs
[2025-02-14T23:51:15.495+0000] {logging_mixin.py:190} INFO - [2025-02-14T23:51:15.495+0000] {dag.py:4180} INFO - Setting next_dagrun for example_python_operator to None, run_after=None
[2025-02-14T23:51:15.505+0000] {processor.py:208} INFO - Processing /home/airflow/.local/lib/python3.12/site-packages/airflow/example_dags/example_python_operator.py took 0.061 seconds
[2025-02-14T23:51:46.779+0000] {processor.py:186} INFO - Started process (PID=1936) to work on /home/airflow/.local/lib/python3.12/site-packages/airflow/example_dags/example_python_operator.py
[2025-02-14T23:51:46.780+0000] {processor.py:914} INFO - Processing file /home/airflow/.local/lib/python3.12/site-packages/airflow/example_dags/example_python_operator.py for tasks to queue
[2025-02-14T23:51:46.781+0000] {logging_mixin.py:190} INFO - [2025-02-14T23:51:46.781+0000] {dagbag.py:588} INFO - Filling up the DagBag from /home/airflow/.local/lib/python3.12/site-packages/airflow/example_dags/example_python_operator.py
[2025-02-14T23:51:46.789+0000] {processor.py:925} INFO - DAG(s) 'example_python_operator' retrieved from /home/airflow/.local/lib/python3.12/site-packages/airflow/example_dags/example_python_operator.py
[2025-02-14T23:51:46.804+0000] {logging_mixin.py:190} INFO - [2025-02-14T23:51:46.804+0000] {dag.py:3239} INFO - Sync 1 DAGs
[2025-02-14T23:51:46.812+0000] {logging_mixin.py:190} INFO - [2025-02-14T23:51:46.812+0000] {dag.py:4180} INFO - Setting next_dagrun for example_python_operator to None, run_after=None
[2025-02-14T23:51:46.822+0000] {processor.py:208} INFO - Processing /home/airflow/.local/lib/python3.12/site-packages/airflow/example_dags/example_python_operator.py took 0.046 seconds
[2025-02-14T23:52:17.616+0000] {processor.py:186} INFO - Started process (PID=1999) to work on /home/airflow/.local/lib/python3.12/site-packages/airflow/example_dags/example_python_operator.py
[2025-02-14T23:52:17.616+0000] {processor.py:914} INFO - Processing file /home/airflow/.local/lib/python3.12/site-packages/airflow/example_dags/example_python_operator.py for tasks to queue
[2025-02-14T23:52:17.618+0000] {logging_mixin.py:190} INFO - [2025-02-14T23:52:17.618+0000] {dagbag.py:588} INFO - Filling up the DagBag from /home/airflow/.local/lib/python3.12/site-packages/airflow/example_dags/example_python_operator.py
[2025-02-14T23:52:17.627+0000] {processor.py:925} INFO - DAG(s) 'example_python_operator' retrieved from /home/airflow/.local/lib/python3.12/site-packages/airflow/example_dags/example_python_operator.py
[2025-02-14T23:52:17.643+0000] {logging_mixin.py:190} INFO - [2025-02-14T23:52:17.642+0000] {dag.py:3239} INFO - Sync 1 DAGs
[2025-02-14T23:52:17.652+0000] {logging_mixin.py:190} INFO - [2025-02-14T23:52:17.652+0000] {dag.py:4180} INFO - Setting next_dagrun for example_python_operator to None, run_after=None
[2025-02-14T23:52:17.663+0000] {processor.py:208} INFO - Processing /home/airflow/.local/lib/python3.12/site-packages/airflow/example_dags/example_python_operator.py took 0.052 seconds
[2025-02-14T23:52:48.823+0000] {processor.py:186} INFO - Started process (PID=2062) to work on /home/airflow/.local/lib/python3.12/site-packages/airflow/example_dags/example_python_operator.py
[2025-02-14T23:52:48.823+0000] {processor.py:914} INFO - Processing file /home/airflow/.local/lib/python3.12/site-packages/airflow/example_dags/example_python_operator.py for tasks to queue
[2025-02-14T23:52:48.825+0000] {logging_mixin.py:190} INFO - [2025-02-14T23:52:48.824+0000] {dagbag.py:588} INFO - Filling up the DagBag from /home/airflow/.local/lib/python3.12/site-packages/airflow/example_dags/example_python_operator.py
[2025-02-14T23:52:48.832+0000] {processor.py:925} INFO - DAG(s) 'example_python_operator' retrieved from /home/airflow/.local/lib/python3.12/site-packages/airflow/example_dags/example_python_operator.py
[2025-02-14T23:52:48.846+0000] {logging_mixin.py:190} INFO - [2025-02-14T23:52:48.846+0000] {dag.py:3239} INFO - Sync 1 DAGs
[2025-02-14T23:52:48.854+0000] {logging_mixin.py:190} INFO - [2025-02-14T23:52:48.854+0000] {dag.py:4180} INFO - Setting next_dagrun for example_python_operator to None, run_after=None
[2025-02-14T23:52:48.863+0000] {processor.py:208} INFO - Processing /home/airflow/.local/lib/python3.12/site-packages/airflow/example_dags/example_python_operator.py took 0.045 seconds
[2025-02-14T23:53:20.383+0000] {processor.py:186} INFO - Started process (PID=2131) to work on /home/airflow/.local/lib/python3.12/site-packages/airflow/example_dags/example_python_operator.py
[2025-02-14T23:53:20.384+0000] {processor.py:914} INFO - Processing file /home/airflow/.local/lib/python3.12/site-packages/airflow/example_dags/example_python_operator.py for tasks to queue
[2025-02-14T23:53:20.386+0000] {logging_mixin.py:190} INFO - [2025-02-14T23:53:20.386+0000] {dagbag.py:588} INFO - Filling up the DagBag from /home/airflow/.local/lib/python3.12/site-packages/airflow/example_dags/example_python_operator.py
[2025-02-14T23:53:20.401+0000] {processor.py:925} INFO - DAG(s) 'example_python_operator' retrieved from /home/airflow/.local/lib/python3.12/site-packages/airflow/example_dags/example_python_operator.py
[2025-02-14T23:53:20.419+0000] {logging_mixin.py:190} INFO - [2025-02-14T23:53:20.419+0000] {dag.py:3239} INFO - Sync 1 DAGs
[2025-02-14T23:53:20.430+0000] {logging_mixin.py:190} INFO - [2025-02-14T23:53:20.429+0000] {dag.py:4180} INFO - Setting next_dagrun for example_python_operator to None, run_after=None
[2025-02-14T23:53:20.442+0000] {processor.py:208} INFO - Processing /home/airflow/.local/lib/python3.12/site-packages/airflow/example_dags/example_python_operator.py took 0.066 seconds
[2025-02-14T23:53:51.007+0000] {processor.py:186} INFO - Started process (PID=2194) to work on /home/airflow/.local/lib/python3.12/site-packages/airflow/example_dags/example_python_operator.py
[2025-02-14T23:53:51.008+0000] {processor.py:914} INFO - Processing file /home/airflow/.local/lib/python3.12/site-packages/airflow/example_dags/example_python_operator.py for tasks to queue
[2025-02-14T23:53:51.009+0000] {logging_mixin.py:190} INFO - [2025-02-14T23:53:51.009+0000] {dagbag.py:588} INFO - Filling up the DagBag from /home/airflow/.local/lib/python3.12/site-packages/airflow/example_dags/example_python_operator.py
[2025-02-14T23:53:51.017+0000] {processor.py:925} INFO - DAG(s) 'example_python_operator' retrieved from /home/airflow/.local/lib/python3.12/site-packages/airflow/example_dags/example_python_operator.py
[2025-02-14T23:53:51.031+0000] {logging_mixin.py:190} INFO - [2025-02-14T23:53:51.031+0000] {dag.py:3239} INFO - Sync 1 DAGs
[2025-02-14T23:53:51.039+0000] {logging_mixin.py:190} INFO - [2025-02-14T23:53:51.039+0000] {dag.py:4180} INFO - Setting next_dagrun for example_python_operator to None, run_after=None
[2025-02-14T23:53:51.048+0000] {processor.py:208} INFO - Processing /home/airflow/.local/lib/python3.12/site-packages/airflow/example_dags/example_python_operator.py took 0.046 seconds
[2025-02-14T23:54:22.159+0000] {processor.py:186} INFO - Started process (PID=2257) to work on /home/airflow/.local/lib/python3.12/site-packages/airflow/example_dags/example_python_operator.py
[2025-02-14T23:54:22.160+0000] {processor.py:914} INFO - Processing file /home/airflow/.local/lib/python3.12/site-packages/airflow/example_dags/example_python_operator.py for tasks to queue
[2025-02-14T23:54:22.161+0000] {logging_mixin.py:190} INFO - [2025-02-14T23:54:22.161+0000] {dagbag.py:588} INFO - Filling up the DagBag from /home/airflow/.local/lib/python3.12/site-packages/airflow/example_dags/example_python_operator.py
[2025-02-14T23:54:22.169+0000] {processor.py:925} INFO - DAG(s) 'example_python_operator' retrieved from /home/airflow/.local/lib/python3.12/site-packages/airflow/example_dags/example_python_operator.py
[2025-02-14T23:54:22.182+0000] {logging_mixin.py:190} INFO - [2025-02-14T23:54:22.182+0000] {dag.py:3239} INFO - Sync 1 DAGs
[2025-02-14T23:54:22.191+0000] {logging_mixin.py:190} INFO - [2025-02-14T23:54:22.191+0000] {dag.py:4180} INFO - Setting next_dagrun for example_python_operator to None, run_after=None
[2025-02-14T23:54:22.200+0000] {processor.py:208} INFO - Processing /home/airflow/.local/lib/python3.12/site-packages/airflow/example_dags/example_python_operator.py took 0.045 seconds
[2025-02-14T23:54:53.344+0000] {processor.py:186} INFO - Started process (PID=2320) to work on /home/airflow/.local/lib/python3.12/site-packages/airflow/example_dags/example_python_operator.py
[2025-02-14T23:54:53.345+0000] {processor.py:914} INFO - Processing file /home/airflow/.local/lib/python3.12/site-packages/airflow/example_dags/example_python_operator.py for tasks to queue
[2025-02-14T23:54:53.346+0000] {logging_mixin.py:190} INFO - [2025-02-14T23:54:53.346+0000] {dagbag.py:588} INFO - Filling up the DagBag from /home/airflow/.local/lib/python3.12/site-packages/airflow/example_dags/example_python_operator.py
[2025-02-14T23:54:53.355+0000] {processor.py:925} INFO - DAG(s) 'example_python_operator' retrieved from /home/airflow/.local/lib/python3.12/site-packages/airflow/example_dags/example_python_operator.py
[2025-02-14T23:54:53.369+0000] {logging_mixin.py:190} INFO - [2025-02-14T23:54:53.369+0000] {dag.py:3239} INFO - Sync 1 DAGs
[2025-02-14T23:54:53.378+0000] {logging_mixin.py:190} INFO - [2025-02-14T23:54:53.377+0000] {dag.py:4180} INFO - Setting next_dagrun for example_python_operator to None, run_after=None
[2025-02-14T23:54:53.387+0000] {processor.py:208} INFO - Processing /home/airflow/.local/lib/python3.12/site-packages/airflow/example_dags/example_python_operator.py took 0.047 seconds
[2025-02-14T23:55:24.663+0000] {processor.py:186} INFO - Started process (PID=2383) to work on /home/airflow/.local/lib/python3.12/site-packages/airflow/example_dags/example_python_operator.py
[2025-02-14T23:55:24.664+0000] {processor.py:914} INFO - Processing file /home/airflow/.local/lib/python3.12/site-packages/airflow/example_dags/example_python_operator.py for tasks to queue
[2025-02-14T23:55:24.665+0000] {logging_mixin.py:190} INFO - [2025-02-14T23:55:24.665+0000] {dagbag.py:588} INFO - Filling up the DagBag from /home/airflow/.local/lib/python3.12/site-packages/airflow/example_dags/example_python_operator.py
[2025-02-14T23:55:24.674+0000] {processor.py:925} INFO - DAG(s) 'example_python_operator' retrieved from /home/airflow/.local/lib/python3.12/site-packages/airflow/example_dags/example_python_operator.py
[2025-02-14T23:55:24.688+0000] {logging_mixin.py:190} INFO - [2025-02-14T23:55:24.688+0000] {dag.py:3239} INFO - Sync 1 DAGs
[2025-02-14T23:55:24.698+0000] {logging_mixin.py:190} INFO - [2025-02-14T23:55:24.697+0000] {dag.py:4180} INFO - Setting next_dagrun for example_python_operator to None, run_after=None
[2025-02-14T23:55:24.708+0000] {processor.py:208} INFO - Processing /home/airflow/.local/lib/python3.12/site-packages/airflow/example_dags/example_python_operator.py took 0.050 seconds
