[2025-02-14T23:36:46.949+0000] {processor.py:186} INFO - Started process (PID=92) to work on /home/airflow/.local/lib/python3.12/site-packages/airflow/example_dags/example_inlet_event_extra.py
[2025-02-14T23:36:46.950+0000] {processor.py:914} INFO - Processing file /home/airflow/.local/lib/python3.12/site-packages/airflow/example_dags/example_inlet_event_extra.py for tasks to queue
[2025-02-14T23:36:46.951+0000] {logging_mixin.py:190} INFO - [2025-02-14T23:36:46.951+0000] {dagbag.py:588} INFO - Filling up the DagBag from /home/airflow/.local/lib/python3.12/site-packages/airflow/example_dags/example_inlet_event_extra.py
[2025-02-14T23:36:47.511+0000] {processor.py:925} INFO - DAG(s) 'read_dataset_event_from_classic', 'read_dataset_event' retrieved from /home/airflow/.local/lib/python3.12/site-packages/airflow/example_dags/example_inlet_event_extra.py
[2025-02-14T23:36:47.534+0000] {logging_mixin.py:190} INFO - [2025-02-14T23:36:47.533+0000] {dag.py:3239} INFO - Sync 2 DAGs
[2025-02-14T23:36:47.553+0000] {logging_mixin.py:190} INFO - [2025-02-14T23:36:47.553+0000] {dag.py:4180} INFO - Setting next_dagrun for read_dataset_event to 2025-02-13 00:00:00+00:00, run_after=2025-02-14 00:00:00+00:00
[2025-02-14T23:36:47.561+0000] {logging_mixin.py:190} INFO - [2025-02-14T23:36:47.561+0000] {dag.py:4180} INFO - Setting next_dagrun for read_dataset_event_from_classic to 2025-02-13 00:00:00+00:00, run_after=2025-02-14 00:00:00+00:00
[2025-02-14T23:36:47.582+0000] {processor.py:208} INFO - Processing /home/airflow/.local/lib/python3.12/site-packages/airflow/example_dags/example_inlet_event_extra.py took 0.638 seconds
[2025-02-14T23:37:18.217+0000] {processor.py:186} INFO - Started process (PID=163) to work on /home/airflow/.local/lib/python3.12/site-packages/airflow/example_dags/example_inlet_event_extra.py
[2025-02-14T23:37:18.218+0000] {processor.py:914} INFO - Processing file /home/airflow/.local/lib/python3.12/site-packages/airflow/example_dags/example_inlet_event_extra.py for tasks to queue
[2025-02-14T23:37:18.220+0000] {logging_mixin.py:190} INFO - [2025-02-14T23:37:18.219+0000] {dagbag.py:588} INFO - Filling up the DagBag from /home/airflow/.local/lib/python3.12/site-packages/airflow/example_dags/example_inlet_event_extra.py
[2025-02-14T23:37:18.620+0000] {processor.py:925} INFO - DAG(s) 'read_dataset_event_from_classic', 'read_dataset_event' retrieved from /home/airflow/.local/lib/python3.12/site-packages/airflow/example_dags/example_inlet_event_extra.py
[2025-02-14T23:37:18.634+0000] {logging_mixin.py:190} INFO - [2025-02-14T23:37:18.634+0000] {dag.py:3239} INFO - Sync 2 DAGs
[2025-02-14T23:37:18.662+0000] {logging_mixin.py:190} INFO - [2025-02-14T23:37:18.662+0000] {dag.py:4180} INFO - Setting next_dagrun for read_dataset_event to 2025-02-13 00:00:00+00:00, run_after=2025-02-14 00:00:00+00:00
[2025-02-14T23:37:18.669+0000] {logging_mixin.py:190} INFO - [2025-02-14T23:37:18.669+0000] {dag.py:4180} INFO - Setting next_dagrun for read_dataset_event_from_classic to 2025-02-13 00:00:00+00:00, run_after=2025-02-14 00:00:00+00:00
[2025-02-14T23:37:18.689+0000] {processor.py:208} INFO - Processing /home/airflow/.local/lib/python3.12/site-packages/airflow/example_dags/example_inlet_event_extra.py took 0.477 seconds
[2025-02-14T23:37:49.249+0000] {processor.py:186} INFO - Started process (PID=226) to work on /home/airflow/.local/lib/python3.12/site-packages/airflow/example_dags/example_inlet_event_extra.py
[2025-02-14T23:37:49.251+0000] {processor.py:914} INFO - Processing file /home/airflow/.local/lib/python3.12/site-packages/airflow/example_dags/example_inlet_event_extra.py for tasks to queue
[2025-02-14T23:37:49.253+0000] {logging_mixin.py:190} INFO - [2025-02-14T23:37:49.252+0000] {dagbag.py:588} INFO - Filling up the DagBag from /home/airflow/.local/lib/python3.12/site-packages/airflow/example_dags/example_inlet_event_extra.py
[2025-02-14T23:37:49.648+0000] {processor.py:925} INFO - DAG(s) 'read_dataset_event', 'read_dataset_event_from_classic' retrieved from /home/airflow/.local/lib/python3.12/site-packages/airflow/example_dags/example_inlet_event_extra.py
[2025-02-14T23:37:49.670+0000] {logging_mixin.py:190} INFO - [2025-02-14T23:37:49.670+0000] {dag.py:3239} INFO - Sync 2 DAGs
[2025-02-14T23:37:49.690+0000] {logging_mixin.py:190} INFO - [2025-02-14T23:37:49.690+0000] {dag.py:4180} INFO - Setting next_dagrun for read_dataset_event to 2025-02-13 00:00:00+00:00, run_after=2025-02-14 00:00:00+00:00
[2025-02-14T23:37:49.694+0000] {logging_mixin.py:190} INFO - [2025-02-14T23:37:49.694+0000] {dag.py:4180} INFO - Setting next_dagrun for read_dataset_event_from_classic to 2025-02-13 00:00:00+00:00, run_after=2025-02-14 00:00:00+00:00
[2025-02-14T23:37:49.708+0000] {processor.py:208} INFO - Processing /home/airflow/.local/lib/python3.12/site-packages/airflow/example_dags/example_inlet_event_extra.py took 0.466 seconds
[2025-02-14T23:38:19.981+0000] {processor.py:186} INFO - Started process (PID=289) to work on /home/airflow/.local/lib/python3.12/site-packages/airflow/example_dags/example_inlet_event_extra.py
[2025-02-14T23:38:19.982+0000] {processor.py:914} INFO - Processing file /home/airflow/.local/lib/python3.12/site-packages/airflow/example_dags/example_inlet_event_extra.py for tasks to queue
[2025-02-14T23:38:19.984+0000] {logging_mixin.py:190} INFO - [2025-02-14T23:38:19.984+0000] {dagbag.py:588} INFO - Filling up the DagBag from /home/airflow/.local/lib/python3.12/site-packages/airflow/example_dags/example_inlet_event_extra.py
[2025-02-14T23:38:20.418+0000] {processor.py:925} INFO - DAG(s) 'read_dataset_event_from_classic', 'read_dataset_event' retrieved from /home/airflow/.local/lib/python3.12/site-packages/airflow/example_dags/example_inlet_event_extra.py
[2025-02-14T23:38:20.435+0000] {logging_mixin.py:190} INFO - [2025-02-14T23:38:20.435+0000] {dag.py:3239} INFO - Sync 2 DAGs
[2025-02-14T23:38:20.451+0000] {logging_mixin.py:190} INFO - [2025-02-14T23:38:20.450+0000] {dag.py:4180} INFO - Setting next_dagrun for read_dataset_event to 2025-02-13 00:00:00+00:00, run_after=2025-02-14 00:00:00+00:00
[2025-02-14T23:38:20.455+0000] {logging_mixin.py:190} INFO - [2025-02-14T23:38:20.454+0000] {dag.py:4180} INFO - Setting next_dagrun for read_dataset_event_from_classic to 2025-02-13 00:00:00+00:00, run_after=2025-02-14 00:00:00+00:00
[2025-02-14T23:38:20.465+0000] {processor.py:208} INFO - Processing /home/airflow/.local/lib/python3.12/site-packages/airflow/example_dags/example_inlet_event_extra.py took 0.490 seconds
[2025-02-14T23:38:51.453+0000] {processor.py:186} INFO - Started process (PID=353) to work on /home/airflow/.local/lib/python3.12/site-packages/airflow/example_dags/example_inlet_event_extra.py
[2025-02-14T23:38:51.454+0000] {processor.py:914} INFO - Processing file /home/airflow/.local/lib/python3.12/site-packages/airflow/example_dags/example_inlet_event_extra.py for tasks to queue
[2025-02-14T23:38:51.455+0000] {logging_mixin.py:190} INFO - [2025-02-14T23:38:51.455+0000] {dagbag.py:588} INFO - Filling up the DagBag from /home/airflow/.local/lib/python3.12/site-packages/airflow/example_dags/example_inlet_event_extra.py
[2025-02-14T23:38:51.821+0000] {processor.py:925} INFO - DAG(s) 'read_dataset_event_from_classic', 'read_dataset_event' retrieved from /home/airflow/.local/lib/python3.12/site-packages/airflow/example_dags/example_inlet_event_extra.py
[2025-02-14T23:38:51.836+0000] {logging_mixin.py:190} INFO - [2025-02-14T23:38:51.836+0000] {dag.py:3239} INFO - Sync 2 DAGs
[2025-02-14T23:38:51.853+0000] {logging_mixin.py:190} INFO - [2025-02-14T23:38:51.853+0000] {dag.py:4180} INFO - Setting next_dagrun for read_dataset_event to 2025-02-13 00:00:00+00:00, run_after=2025-02-14 00:00:00+00:00
[2025-02-14T23:38:51.858+0000] {logging_mixin.py:190} INFO - [2025-02-14T23:38:51.858+0000] {dag.py:4180} INFO - Setting next_dagrun for read_dataset_event_from_classic to 2025-02-13 00:00:00+00:00, run_after=2025-02-14 00:00:00+00:00
[2025-02-14T23:38:51.871+0000] {processor.py:208} INFO - Processing /home/airflow/.local/lib/python3.12/site-packages/airflow/example_dags/example_inlet_event_extra.py took 0.424 seconds
[2025-02-14T23:39:22.642+0000] {processor.py:186} INFO - Started process (PID=416) to work on /home/airflow/.local/lib/python3.12/site-packages/airflow/example_dags/example_inlet_event_extra.py
[2025-02-14T23:39:22.643+0000] {processor.py:914} INFO - Processing file /home/airflow/.local/lib/python3.12/site-packages/airflow/example_dags/example_inlet_event_extra.py for tasks to queue
[2025-02-14T23:39:22.644+0000] {logging_mixin.py:190} INFO - [2025-02-14T23:39:22.644+0000] {dagbag.py:588} INFO - Filling up the DagBag from /home/airflow/.local/lib/python3.12/site-packages/airflow/example_dags/example_inlet_event_extra.py
[2025-02-14T23:39:23.125+0000] {processor.py:925} INFO - DAG(s) 'read_dataset_event_from_classic', 'read_dataset_event' retrieved from /home/airflow/.local/lib/python3.12/site-packages/airflow/example_dags/example_inlet_event_extra.py
[2025-02-14T23:39:23.141+0000] {logging_mixin.py:190} INFO - [2025-02-14T23:39:23.141+0000] {dag.py:3239} INFO - Sync 2 DAGs
[2025-02-14T23:39:23.156+0000] {logging_mixin.py:190} INFO - [2025-02-14T23:39:23.156+0000] {dag.py:4180} INFO - Setting next_dagrun for read_dataset_event to 2025-02-13 00:00:00+00:00, run_after=2025-02-14 00:00:00+00:00
[2025-02-14T23:39:23.161+0000] {logging_mixin.py:190} INFO - [2025-02-14T23:39:23.161+0000] {dag.py:4180} INFO - Setting next_dagrun for read_dataset_event_from_classic to 2025-02-13 00:00:00+00:00, run_after=2025-02-14 00:00:00+00:00
[2025-02-14T23:39:23.173+0000] {processor.py:208} INFO - Processing /home/airflow/.local/lib/python3.12/site-packages/airflow/example_dags/example_inlet_event_extra.py took 0.537 seconds
[2025-02-14T23:39:53.244+0000] {processor.py:186} INFO - Started process (PID=479) to work on /home/airflow/.local/lib/python3.12/site-packages/airflow/example_dags/example_inlet_event_extra.py
[2025-02-14T23:39:53.245+0000] {processor.py:914} INFO - Processing file /home/airflow/.local/lib/python3.12/site-packages/airflow/example_dags/example_inlet_event_extra.py for tasks to queue
[2025-02-14T23:39:53.247+0000] {logging_mixin.py:190} INFO - [2025-02-14T23:39:53.247+0000] {dagbag.py:588} INFO - Filling up the DagBag from /home/airflow/.local/lib/python3.12/site-packages/airflow/example_dags/example_inlet_event_extra.py
[2025-02-14T23:39:53.609+0000] {processor.py:925} INFO - DAG(s) 'read_dataset_event', 'read_dataset_event_from_classic' retrieved from /home/airflow/.local/lib/python3.12/site-packages/airflow/example_dags/example_inlet_event_extra.py
[2025-02-14T23:39:53.625+0000] {logging_mixin.py:190} INFO - [2025-02-14T23:39:53.625+0000] {dag.py:3239} INFO - Sync 2 DAGs
[2025-02-14T23:39:53.640+0000] {logging_mixin.py:190} INFO - [2025-02-14T23:39:53.640+0000] {dag.py:4180} INFO - Setting next_dagrun for read_dataset_event to 2025-02-13 00:00:00+00:00, run_after=2025-02-14 00:00:00+00:00
[2025-02-14T23:39:53.646+0000] {logging_mixin.py:190} INFO - [2025-02-14T23:39:53.646+0000] {dag.py:4180} INFO - Setting next_dagrun for read_dataset_event_from_classic to 2025-02-13 00:00:00+00:00, run_after=2025-02-14 00:00:00+00:00
[2025-02-14T23:39:53.656+0000] {processor.py:208} INFO - Processing /home/airflow/.local/lib/python3.12/site-packages/airflow/example_dags/example_inlet_event_extra.py took 0.418 seconds
[2025-02-14T23:40:23.964+0000] {processor.py:186} INFO - Started process (PID=542) to work on /home/airflow/.local/lib/python3.12/site-packages/airflow/example_dags/example_inlet_event_extra.py
[2025-02-14T23:40:23.965+0000] {processor.py:914} INFO - Processing file /home/airflow/.local/lib/python3.12/site-packages/airflow/example_dags/example_inlet_event_extra.py for tasks to queue
[2025-02-14T23:40:23.967+0000] {logging_mixin.py:190} INFO - [2025-02-14T23:40:23.966+0000] {dagbag.py:588} INFO - Filling up the DagBag from /home/airflow/.local/lib/python3.12/site-packages/airflow/example_dags/example_inlet_event_extra.py
[2025-02-14T23:40:24.424+0000] {processor.py:925} INFO - DAG(s) 'read_dataset_event', 'read_dataset_event_from_classic' retrieved from /home/airflow/.local/lib/python3.12/site-packages/airflow/example_dags/example_inlet_event_extra.py
[2025-02-14T23:40:24.442+0000] {logging_mixin.py:190} INFO - [2025-02-14T23:40:24.442+0000] {dag.py:3239} INFO - Sync 2 DAGs
[2025-02-14T23:40:24.461+0000] {logging_mixin.py:190} INFO - [2025-02-14T23:40:24.461+0000] {dag.py:4180} INFO - Setting next_dagrun for read_dataset_event to 2025-02-13 00:00:00+00:00, run_after=2025-02-14 00:00:00+00:00
[2025-02-14T23:40:24.467+0000] {logging_mixin.py:190} INFO - [2025-02-14T23:40:24.467+0000] {dag.py:4180} INFO - Setting next_dagrun for read_dataset_event_from_classic to 2025-02-13 00:00:00+00:00, run_after=2025-02-14 00:00:00+00:00
[2025-02-14T23:40:24.481+0000] {processor.py:208} INFO - Processing /home/airflow/.local/lib/python3.12/site-packages/airflow/example_dags/example_inlet_event_extra.py took 0.521 seconds
[2025-02-14T23:40:55.171+0000] {processor.py:186} INFO - Started process (PID=605) to work on /home/airflow/.local/lib/python3.12/site-packages/airflow/example_dags/example_inlet_event_extra.py
[2025-02-14T23:40:55.172+0000] {processor.py:914} INFO - Processing file /home/airflow/.local/lib/python3.12/site-packages/airflow/example_dags/example_inlet_event_extra.py for tasks to queue
[2025-02-14T23:40:55.175+0000] {logging_mixin.py:190} INFO - [2025-02-14T23:40:55.174+0000] {dagbag.py:588} INFO - Filling up the DagBag from /home/airflow/.local/lib/python3.12/site-packages/airflow/example_dags/example_inlet_event_extra.py
[2025-02-14T23:40:55.576+0000] {processor.py:925} INFO - DAG(s) 'read_dataset_event_from_classic', 'read_dataset_event' retrieved from /home/airflow/.local/lib/python3.12/site-packages/airflow/example_dags/example_inlet_event_extra.py
[2025-02-14T23:40:55.592+0000] {logging_mixin.py:190} INFO - [2025-02-14T23:40:55.592+0000] {dag.py:3239} INFO - Sync 2 DAGs
[2025-02-14T23:40:55.610+0000] {logging_mixin.py:190} INFO - [2025-02-14T23:40:55.610+0000] {dag.py:4180} INFO - Setting next_dagrun for read_dataset_event to 2025-02-13 00:00:00+00:00, run_after=2025-02-14 00:00:00+00:00
[2025-02-14T23:40:55.614+0000] {logging_mixin.py:190} INFO - [2025-02-14T23:40:55.614+0000] {dag.py:4180} INFO - Setting next_dagrun for read_dataset_event_from_classic to 2025-02-13 00:00:00+00:00, run_after=2025-02-14 00:00:00+00:00
[2025-02-14T23:40:55.630+0000] {processor.py:208} INFO - Processing /home/airflow/.local/lib/python3.12/site-packages/airflow/example_dags/example_inlet_event_extra.py took 0.464 seconds
[2025-02-14T23:41:25.817+0000] {processor.py:186} INFO - Started process (PID=668) to work on /home/airflow/.local/lib/python3.12/site-packages/airflow/example_dags/example_inlet_event_extra.py
[2025-02-14T23:41:25.818+0000] {processor.py:914} INFO - Processing file /home/airflow/.local/lib/python3.12/site-packages/airflow/example_dags/example_inlet_event_extra.py for tasks to queue
[2025-02-14T23:41:25.821+0000] {logging_mixin.py:190} INFO - [2025-02-14T23:41:25.820+0000] {dagbag.py:588} INFO - Filling up the DagBag from /home/airflow/.local/lib/python3.12/site-packages/airflow/example_dags/example_inlet_event_extra.py
[2025-02-14T23:41:26.184+0000] {processor.py:925} INFO - DAG(s) 'read_dataset_event', 'read_dataset_event_from_classic' retrieved from /home/airflow/.local/lib/python3.12/site-packages/airflow/example_dags/example_inlet_event_extra.py
[2025-02-14T23:41:26.197+0000] {logging_mixin.py:190} INFO - [2025-02-14T23:41:26.197+0000] {dag.py:3239} INFO - Sync 2 DAGs
[2025-02-14T23:41:26.210+0000] {logging_mixin.py:190} INFO - [2025-02-14T23:41:26.210+0000] {dag.py:4180} INFO - Setting next_dagrun for read_dataset_event to 2025-02-13 00:00:00+00:00, run_after=2025-02-14 00:00:00+00:00
[2025-02-14T23:41:26.216+0000] {logging_mixin.py:190} INFO - [2025-02-14T23:41:26.215+0000] {dag.py:4180} INFO - Setting next_dagrun for read_dataset_event_from_classic to 2025-02-13 00:00:00+00:00, run_after=2025-02-14 00:00:00+00:00
[2025-02-14T23:41:26.224+0000] {processor.py:208} INFO - Processing /home/airflow/.local/lib/python3.12/site-packages/airflow/example_dags/example_inlet_event_extra.py took 0.413 seconds
[2025-02-14T23:41:56.366+0000] {processor.py:186} INFO - Started process (PID=731) to work on /home/airflow/.local/lib/python3.12/site-packages/airflow/example_dags/example_inlet_event_extra.py
[2025-02-14T23:41:56.370+0000] {processor.py:914} INFO - Processing file /home/airflow/.local/lib/python3.12/site-packages/airflow/example_dags/example_inlet_event_extra.py for tasks to queue
[2025-02-14T23:41:56.372+0000] {logging_mixin.py:190} INFO - [2025-02-14T23:41:56.372+0000] {dagbag.py:588} INFO - Filling up the DagBag from /home/airflow/.local/lib/python3.12/site-packages/airflow/example_dags/example_inlet_event_extra.py
[2025-02-14T23:41:56.720+0000] {processor.py:925} INFO - DAG(s) 'read_dataset_event', 'read_dataset_event_from_classic' retrieved from /home/airflow/.local/lib/python3.12/site-packages/airflow/example_dags/example_inlet_event_extra.py
[2025-02-14T23:41:56.734+0000] {logging_mixin.py:190} INFO - [2025-02-14T23:41:56.734+0000] {dag.py:3239} INFO - Sync 2 DAGs
[2025-02-14T23:41:56.746+0000] {logging_mixin.py:190} INFO - [2025-02-14T23:41:56.746+0000] {dag.py:4180} INFO - Setting next_dagrun for read_dataset_event to 2025-02-13 00:00:00+00:00, run_after=2025-02-14 00:00:00+00:00
[2025-02-14T23:41:56.748+0000] {logging_mixin.py:190} INFO - [2025-02-14T23:41:56.748+0000] {dag.py:4180} INFO - Setting next_dagrun for read_dataset_event_from_classic to 2025-02-13 00:00:00+00:00, run_after=2025-02-14 00:00:00+00:00
[2025-02-14T23:41:56.756+0000] {processor.py:208} INFO - Processing /home/airflow/.local/lib/python3.12/site-packages/airflow/example_dags/example_inlet_event_extra.py took 0.395 seconds
[2025-02-14T23:42:26.918+0000] {processor.py:186} INFO - Started process (PID=794) to work on /home/airflow/.local/lib/python3.12/site-packages/airflow/example_dags/example_inlet_event_extra.py
[2025-02-14T23:42:26.922+0000] {processor.py:914} INFO - Processing file /home/airflow/.local/lib/python3.12/site-packages/airflow/example_dags/example_inlet_event_extra.py for tasks to queue
[2025-02-14T23:42:26.924+0000] {logging_mixin.py:190} INFO - [2025-02-14T23:42:26.924+0000] {dagbag.py:588} INFO - Filling up the DagBag from /home/airflow/.local/lib/python3.12/site-packages/airflow/example_dags/example_inlet_event_extra.py
[2025-02-14T23:42:27.718+0000] {processor.py:925} INFO - DAG(s) 'read_dataset_event_from_classic', 'read_dataset_event' retrieved from /home/airflow/.local/lib/python3.12/site-packages/airflow/example_dags/example_inlet_event_extra.py
[2025-02-14T23:42:27.765+0000] {logging_mixin.py:190} INFO - [2025-02-14T23:42:27.764+0000] {dag.py:3239} INFO - Sync 2 DAGs
[2025-02-14T23:42:27.788+0000] {logging_mixin.py:190} INFO - [2025-02-14T23:42:27.788+0000] {dag.py:4180} INFO - Setting next_dagrun for read_dataset_event to 2025-02-13 00:00:00+00:00, run_after=2025-02-14 00:00:00+00:00
[2025-02-14T23:42:27.793+0000] {logging_mixin.py:190} INFO - [2025-02-14T23:42:27.793+0000] {dag.py:4180} INFO - Setting next_dagrun for read_dataset_event_from_classic to 2025-02-13 00:00:00+00:00, run_after=2025-02-14 00:00:00+00:00
[2025-02-14T23:42:27.805+0000] {processor.py:208} INFO - Processing /home/airflow/.local/lib/python3.12/site-packages/airflow/example_dags/example_inlet_event_extra.py took 0.894 seconds
[2025-02-14T23:42:58.417+0000] {processor.py:186} INFO - Started process (PID=857) to work on /home/airflow/.local/lib/python3.12/site-packages/airflow/example_dags/example_inlet_event_extra.py
[2025-02-14T23:42:58.418+0000] {processor.py:914} INFO - Processing file /home/airflow/.local/lib/python3.12/site-packages/airflow/example_dags/example_inlet_event_extra.py for tasks to queue
[2025-02-14T23:42:58.420+0000] {logging_mixin.py:190} INFO - [2025-02-14T23:42:58.420+0000] {dagbag.py:588} INFO - Filling up the DagBag from /home/airflow/.local/lib/python3.12/site-packages/airflow/example_dags/example_inlet_event_extra.py
[2025-02-14T23:42:58.805+0000] {processor.py:925} INFO - DAG(s) 'read_dataset_event', 'read_dataset_event_from_classic' retrieved from /home/airflow/.local/lib/python3.12/site-packages/airflow/example_dags/example_inlet_event_extra.py
[2025-02-14T23:42:58.819+0000] {logging_mixin.py:190} INFO - [2025-02-14T23:42:58.819+0000] {dag.py:3239} INFO - Sync 2 DAGs
[2025-02-14T23:42:58.837+0000] {logging_mixin.py:190} INFO - [2025-02-14T23:42:58.836+0000] {dag.py:4180} INFO - Setting next_dagrun for read_dataset_event to 2025-02-13 00:00:00+00:00, run_after=2025-02-14 00:00:00+00:00
[2025-02-14T23:42:58.840+0000] {logging_mixin.py:190} INFO - [2025-02-14T23:42:58.840+0000] {dag.py:4180} INFO - Setting next_dagrun for read_dataset_event_from_classic to 2025-02-13 00:00:00+00:00, run_after=2025-02-14 00:00:00+00:00
[2025-02-14T23:42:58.849+0000] {processor.py:208} INFO - Processing /home/airflow/.local/lib/python3.12/site-packages/airflow/example_dags/example_inlet_event_extra.py took 0.437 seconds
[2025-02-14T23:43:29.431+0000] {processor.py:186} INFO - Started process (PID=920) to work on /home/airflow/.local/lib/python3.12/site-packages/airflow/example_dags/example_inlet_event_extra.py
[2025-02-14T23:43:29.432+0000] {processor.py:914} INFO - Processing file /home/airflow/.local/lib/python3.12/site-packages/airflow/example_dags/example_inlet_event_extra.py for tasks to queue
[2025-02-14T23:43:29.434+0000] {logging_mixin.py:190} INFO - [2025-02-14T23:43:29.434+0000] {dagbag.py:588} INFO - Filling up the DagBag from /home/airflow/.local/lib/python3.12/site-packages/airflow/example_dags/example_inlet_event_extra.py
[2025-02-14T23:43:29.962+0000] {processor.py:925} INFO - DAG(s) 'read_dataset_event', 'read_dataset_event_from_classic' retrieved from /home/airflow/.local/lib/python3.12/site-packages/airflow/example_dags/example_inlet_event_extra.py
[2025-02-14T23:43:29.980+0000] {logging_mixin.py:190} INFO - [2025-02-14T23:43:29.979+0000] {dag.py:3239} INFO - Sync 2 DAGs
[2025-02-14T23:43:29.997+0000] {logging_mixin.py:190} INFO - [2025-02-14T23:43:29.996+0000] {dag.py:4180} INFO - Setting next_dagrun for read_dataset_event to 2025-02-13 00:00:00+00:00, run_after=2025-02-14 00:00:00+00:00
[2025-02-14T23:43:30.000+0000] {logging_mixin.py:190} INFO - [2025-02-14T23:43:30.000+0000] {dag.py:4180} INFO - Setting next_dagrun for read_dataset_event_from_classic to 2025-02-13 00:00:00+00:00, run_after=2025-02-14 00:00:00+00:00
[2025-02-14T23:43:30.010+0000] {processor.py:208} INFO - Processing /home/airflow/.local/lib/python3.12/site-packages/airflow/example_dags/example_inlet_event_extra.py took 0.583 seconds
[2025-02-14T23:44:00.318+0000] {processor.py:186} INFO - Started process (PID=983) to work on /home/airflow/.local/lib/python3.12/site-packages/airflow/example_dags/example_inlet_event_extra.py
[2025-02-14T23:44:00.319+0000] {processor.py:914} INFO - Processing file /home/airflow/.local/lib/python3.12/site-packages/airflow/example_dags/example_inlet_event_extra.py for tasks to queue
[2025-02-14T23:44:00.321+0000] {logging_mixin.py:190} INFO - [2025-02-14T23:44:00.321+0000] {dagbag.py:588} INFO - Filling up the DagBag from /home/airflow/.local/lib/python3.12/site-packages/airflow/example_dags/example_inlet_event_extra.py
[2025-02-14T23:44:00.722+0000] {processor.py:925} INFO - DAG(s) 'read_dataset_event', 'read_dataset_event_from_classic' retrieved from /home/airflow/.local/lib/python3.12/site-packages/airflow/example_dags/example_inlet_event_extra.py
[2025-02-14T23:44:00.737+0000] {logging_mixin.py:190} INFO - [2025-02-14T23:44:00.737+0000] {dag.py:3239} INFO - Sync 2 DAGs
[2025-02-14T23:44:00.751+0000] {logging_mixin.py:190} INFO - [2025-02-14T23:44:00.751+0000] {dag.py:4180} INFO - Setting next_dagrun for read_dataset_event to 2025-02-13 00:00:00+00:00, run_after=2025-02-14 00:00:00+00:00
[2025-02-14T23:44:00.754+0000] {logging_mixin.py:190} INFO - [2025-02-14T23:44:00.754+0000] {dag.py:4180} INFO - Setting next_dagrun for read_dataset_event_from_classic to 2025-02-13 00:00:00+00:00, run_after=2025-02-14 00:00:00+00:00
[2025-02-14T23:44:00.762+0000] {processor.py:208} INFO - Processing /home/airflow/.local/lib/python3.12/site-packages/airflow/example_dags/example_inlet_event_extra.py took 0.452 seconds
[2025-02-14T23:44:30.918+0000] {processor.py:186} INFO - Started process (PID=1045) to work on /home/airflow/.local/lib/python3.12/site-packages/airflow/example_dags/example_inlet_event_extra.py
[2025-02-14T23:44:30.919+0000] {processor.py:914} INFO - Processing file /home/airflow/.local/lib/python3.12/site-packages/airflow/example_dags/example_inlet_event_extra.py for tasks to queue
[2025-02-14T23:44:30.922+0000] {logging_mixin.py:190} INFO - [2025-02-14T23:44:30.922+0000] {dagbag.py:588} INFO - Filling up the DagBag from /home/airflow/.local/lib/python3.12/site-packages/airflow/example_dags/example_inlet_event_extra.py
[2025-02-14T23:44:31.470+0000] {processor.py:925} INFO - DAG(s) 'read_dataset_event', 'read_dataset_event_from_classic' retrieved from /home/airflow/.local/lib/python3.12/site-packages/airflow/example_dags/example_inlet_event_extra.py
[2025-02-14T23:44:31.501+0000] {logging_mixin.py:190} INFO - [2025-02-14T23:44:31.501+0000] {dag.py:3239} INFO - Sync 2 DAGs
[2025-02-14T23:44:31.520+0000] {logging_mixin.py:190} INFO - [2025-02-14T23:44:31.520+0000] {dag.py:4180} INFO - Setting next_dagrun for read_dataset_event to 2025-02-13 00:00:00+00:00, run_after=2025-02-14 00:00:00+00:00
[2025-02-14T23:44:31.524+0000] {logging_mixin.py:190} INFO - [2025-02-14T23:44:31.523+0000] {dag.py:4180} INFO - Setting next_dagrun for read_dataset_event_from_classic to 2025-02-13 00:00:00+00:00, run_after=2025-02-14 00:00:00+00:00
[2025-02-14T23:44:31.538+0000] {processor.py:208} INFO - Processing /home/airflow/.local/lib/python3.12/site-packages/airflow/example_dags/example_inlet_event_extra.py took 0.627 seconds
[2025-02-14T23:45:02.404+0000] {processor.py:186} INFO - Started process (PID=1108) to work on /home/airflow/.local/lib/python3.12/site-packages/airflow/example_dags/example_inlet_event_extra.py
[2025-02-14T23:45:02.406+0000] {processor.py:914} INFO - Processing file /home/airflow/.local/lib/python3.12/site-packages/airflow/example_dags/example_inlet_event_extra.py for tasks to queue
[2025-02-14T23:45:02.409+0000] {logging_mixin.py:190} INFO - [2025-02-14T23:45:02.408+0000] {dagbag.py:588} INFO - Filling up the DagBag from /home/airflow/.local/lib/python3.12/site-packages/airflow/example_dags/example_inlet_event_extra.py
[2025-02-14T23:45:02.892+0000] {processor.py:925} INFO - DAG(s) 'read_dataset_event', 'read_dataset_event_from_classic' retrieved from /home/airflow/.local/lib/python3.12/site-packages/airflow/example_dags/example_inlet_event_extra.py
[2025-02-14T23:45:02.904+0000] {logging_mixin.py:190} INFO - [2025-02-14T23:45:02.904+0000] {dag.py:3239} INFO - Sync 2 DAGs
[2025-02-14T23:45:02.919+0000] {logging_mixin.py:190} INFO - [2025-02-14T23:45:02.919+0000] {dag.py:4180} INFO - Setting next_dagrun for read_dataset_event to 2025-02-13 00:00:00+00:00, run_after=2025-02-14 00:00:00+00:00
[2025-02-14T23:45:02.922+0000] {logging_mixin.py:190} INFO - [2025-02-14T23:45:02.921+0000] {dag.py:4180} INFO - Setting next_dagrun for read_dataset_event_from_classic to 2025-02-13 00:00:00+00:00, run_after=2025-02-14 00:00:00+00:00
[2025-02-14T23:45:02.929+0000] {processor.py:208} INFO - Processing /home/airflow/.local/lib/python3.12/site-packages/airflow/example_dags/example_inlet_event_extra.py took 0.532 seconds
[2025-02-14T23:45:33.672+0000] {processor.py:186} INFO - Started process (PID=1171) to work on /home/airflow/.local/lib/python3.12/site-packages/airflow/example_dags/example_inlet_event_extra.py
[2025-02-14T23:45:33.673+0000] {processor.py:914} INFO - Processing file /home/airflow/.local/lib/python3.12/site-packages/airflow/example_dags/example_inlet_event_extra.py for tasks to queue
[2025-02-14T23:45:33.675+0000] {logging_mixin.py:190} INFO - [2025-02-14T23:45:33.674+0000] {dagbag.py:588} INFO - Filling up the DagBag from /home/airflow/.local/lib/python3.12/site-packages/airflow/example_dags/example_inlet_event_extra.py
[2025-02-14T23:45:34.041+0000] {processor.py:925} INFO - DAG(s) 'read_dataset_event_from_classic', 'read_dataset_event' retrieved from /home/airflow/.local/lib/python3.12/site-packages/airflow/example_dags/example_inlet_event_extra.py
[2025-02-14T23:45:34.055+0000] {logging_mixin.py:190} INFO - [2025-02-14T23:45:34.055+0000] {dag.py:3239} INFO - Sync 2 DAGs
[2025-02-14T23:45:34.069+0000] {logging_mixin.py:190} INFO - [2025-02-14T23:45:34.069+0000] {dag.py:4180} INFO - Setting next_dagrun for read_dataset_event to 2025-02-13 00:00:00+00:00, run_after=2025-02-14 00:00:00+00:00
[2025-02-14T23:45:34.073+0000] {logging_mixin.py:190} INFO - [2025-02-14T23:45:34.073+0000] {dag.py:4180} INFO - Setting next_dagrun for read_dataset_event_from_classic to 2025-02-13 00:00:00+00:00, run_after=2025-02-14 00:00:00+00:00
[2025-02-14T23:45:34.081+0000] {processor.py:208} INFO - Processing /home/airflow/.local/lib/python3.12/site-packages/airflow/example_dags/example_inlet_event_extra.py took 0.414 seconds
[2025-02-14T23:46:04.860+0000] {processor.py:186} INFO - Started process (PID=1234) to work on /home/airflow/.local/lib/python3.12/site-packages/airflow/example_dags/example_inlet_event_extra.py
[2025-02-14T23:46:04.860+0000] {processor.py:914} INFO - Processing file /home/airflow/.local/lib/python3.12/site-packages/airflow/example_dags/example_inlet_event_extra.py for tasks to queue
[2025-02-14T23:46:04.862+0000] {logging_mixin.py:190} INFO - [2025-02-14T23:46:04.862+0000] {dagbag.py:588} INFO - Filling up the DagBag from /home/airflow/.local/lib/python3.12/site-packages/airflow/example_dags/example_inlet_event_extra.py
[2025-02-14T23:46:05.223+0000] {processor.py:925} INFO - DAG(s) 'read_dataset_event', 'read_dataset_event_from_classic' retrieved from /home/airflow/.local/lib/python3.12/site-packages/airflow/example_dags/example_inlet_event_extra.py
[2025-02-14T23:46:05.237+0000] {logging_mixin.py:190} INFO - [2025-02-14T23:46:05.237+0000] {dag.py:3239} INFO - Sync 2 DAGs
[2025-02-14T23:46:05.254+0000] {logging_mixin.py:190} INFO - [2025-02-14T23:46:05.254+0000] {dag.py:4180} INFO - Setting next_dagrun for read_dataset_event to 2025-02-13 00:00:00+00:00, run_after=2025-02-14 00:00:00+00:00
[2025-02-14T23:46:05.259+0000] {logging_mixin.py:190} INFO - [2025-02-14T23:46:05.259+0000] {dag.py:4180} INFO - Setting next_dagrun for read_dataset_event_from_classic to 2025-02-13 00:00:00+00:00, run_after=2025-02-14 00:00:00+00:00
[2025-02-14T23:46:05.270+0000] {processor.py:208} INFO - Processing /home/airflow/.local/lib/python3.12/site-packages/airflow/example_dags/example_inlet_event_extra.py took 0.414 seconds
[2025-02-14T23:46:35.336+0000] {processor.py:186} INFO - Started process (PID=1297) to work on /home/airflow/.local/lib/python3.12/site-packages/airflow/example_dags/example_inlet_event_extra.py
[2025-02-14T23:46:35.337+0000] {processor.py:914} INFO - Processing file /home/airflow/.local/lib/python3.12/site-packages/airflow/example_dags/example_inlet_event_extra.py for tasks to queue
[2025-02-14T23:46:35.339+0000] {logging_mixin.py:190} INFO - [2025-02-14T23:46:35.339+0000] {dagbag.py:588} INFO - Filling up the DagBag from /home/airflow/.local/lib/python3.12/site-packages/airflow/example_dags/example_inlet_event_extra.py
[2025-02-14T23:46:35.736+0000] {processor.py:925} INFO - DAG(s) 'read_dataset_event_from_classic', 'read_dataset_event' retrieved from /home/airflow/.local/lib/python3.12/site-packages/airflow/example_dags/example_inlet_event_extra.py
[2025-02-14T23:46:35.750+0000] {logging_mixin.py:190} INFO - [2025-02-14T23:46:35.750+0000] {dag.py:3239} INFO - Sync 2 DAGs
[2025-02-14T23:46:35.763+0000] {logging_mixin.py:190} INFO - [2025-02-14T23:46:35.763+0000] {dag.py:4180} INFO - Setting next_dagrun for read_dataset_event to 2025-02-13 00:00:00+00:00, run_after=2025-02-14 00:00:00+00:00
[2025-02-14T23:46:35.766+0000] {logging_mixin.py:190} INFO - [2025-02-14T23:46:35.766+0000] {dag.py:4180} INFO - Setting next_dagrun for read_dataset_event_from_classic to 2025-02-13 00:00:00+00:00, run_after=2025-02-14 00:00:00+00:00
[2025-02-14T23:46:35.773+0000] {processor.py:208} INFO - Processing /home/airflow/.local/lib/python3.12/site-packages/airflow/example_dags/example_inlet_event_extra.py took 0.442 seconds
[2025-02-14T23:47:05.854+0000] {processor.py:186} INFO - Started process (PID=1360) to work on /home/airflow/.local/lib/python3.12/site-packages/airflow/example_dags/example_inlet_event_extra.py
[2025-02-14T23:47:05.856+0000] {processor.py:914} INFO - Processing file /home/airflow/.local/lib/python3.12/site-packages/airflow/example_dags/example_inlet_event_extra.py for tasks to queue
[2025-02-14T23:47:05.860+0000] {logging_mixin.py:190} INFO - [2025-02-14T23:47:05.860+0000] {dagbag.py:588} INFO - Filling up the DagBag from /home/airflow/.local/lib/python3.12/site-packages/airflow/example_dags/example_inlet_event_extra.py
[2025-02-14T23:47:06.223+0000] {processor.py:925} INFO - DAG(s) 'read_dataset_event', 'read_dataset_event_from_classic' retrieved from /home/airflow/.local/lib/python3.12/site-packages/airflow/example_dags/example_inlet_event_extra.py
[2025-02-14T23:47:06.235+0000] {logging_mixin.py:190} INFO - [2025-02-14T23:47:06.235+0000] {dag.py:3239} INFO - Sync 2 DAGs
[2025-02-14T23:47:06.249+0000] {logging_mixin.py:190} INFO - [2025-02-14T23:47:06.249+0000] {dag.py:4180} INFO - Setting next_dagrun for read_dataset_event to 2025-02-13 00:00:00+00:00, run_after=2025-02-14 00:00:00+00:00
[2025-02-14T23:47:06.254+0000] {logging_mixin.py:190} INFO - [2025-02-14T23:47:06.254+0000] {dag.py:4180} INFO - Setting next_dagrun for read_dataset_event_from_classic to 2025-02-13 00:00:00+00:00, run_after=2025-02-14 00:00:00+00:00
[2025-02-14T23:47:06.263+0000] {processor.py:208} INFO - Processing /home/airflow/.local/lib/python3.12/site-packages/airflow/example_dags/example_inlet_event_extra.py took 0.417 seconds
[2025-02-14T23:47:36.459+0000] {processor.py:186} INFO - Started process (PID=1422) to work on /home/airflow/.local/lib/python3.12/site-packages/airflow/example_dags/example_inlet_event_extra.py
[2025-02-14T23:47:36.460+0000] {processor.py:914} INFO - Processing file /home/airflow/.local/lib/python3.12/site-packages/airflow/example_dags/example_inlet_event_extra.py for tasks to queue
[2025-02-14T23:47:36.462+0000] {logging_mixin.py:190} INFO - [2025-02-14T23:47:36.461+0000] {dagbag.py:588} INFO - Filling up the DagBag from /home/airflow/.local/lib/python3.12/site-packages/airflow/example_dags/example_inlet_event_extra.py
[2025-02-14T23:47:36.832+0000] {processor.py:925} INFO - DAG(s) 'read_dataset_event', 'read_dataset_event_from_classic' retrieved from /home/airflow/.local/lib/python3.12/site-packages/airflow/example_dags/example_inlet_event_extra.py
[2025-02-14T23:47:36.845+0000] {logging_mixin.py:190} INFO - [2025-02-14T23:47:36.845+0000] {dag.py:3239} INFO - Sync 2 DAGs
[2025-02-14T23:47:36.858+0000] {logging_mixin.py:190} INFO - [2025-02-14T23:47:36.857+0000] {dag.py:4180} INFO - Setting next_dagrun for read_dataset_event to 2025-02-13 00:00:00+00:00, run_after=2025-02-14 00:00:00+00:00
[2025-02-14T23:47:36.861+0000] {logging_mixin.py:190} INFO - [2025-02-14T23:47:36.861+0000] {dag.py:4180} INFO - Setting next_dagrun for read_dataset_event_from_classic to 2025-02-13 00:00:00+00:00, run_after=2025-02-14 00:00:00+00:00
[2025-02-14T23:47:36.873+0000] {processor.py:208} INFO - Processing /home/airflow/.local/lib/python3.12/site-packages/airflow/example_dags/example_inlet_event_extra.py took 0.419 seconds
[2025-02-14T23:48:07.911+0000] {processor.py:186} INFO - Started process (PID=1485) to work on /home/airflow/.local/lib/python3.12/site-packages/airflow/example_dags/example_inlet_event_extra.py
[2025-02-14T23:48:07.912+0000] {processor.py:914} INFO - Processing file /home/airflow/.local/lib/python3.12/site-packages/airflow/example_dags/example_inlet_event_extra.py for tasks to queue
[2025-02-14T23:48:07.913+0000] {logging_mixin.py:190} INFO - [2025-02-14T23:48:07.913+0000] {dagbag.py:588} INFO - Filling up the DagBag from /home/airflow/.local/lib/python3.12/site-packages/airflow/example_dags/example_inlet_event_extra.py
[2025-02-14T23:48:08.297+0000] {processor.py:925} INFO - DAG(s) 'read_dataset_event_from_classic', 'read_dataset_event' retrieved from /home/airflow/.local/lib/python3.12/site-packages/airflow/example_dags/example_inlet_event_extra.py
[2025-02-14T23:48:08.311+0000] {logging_mixin.py:190} INFO - [2025-02-14T23:48:08.311+0000] {dag.py:3239} INFO - Sync 2 DAGs
[2025-02-14T23:48:08.324+0000] {logging_mixin.py:190} INFO - [2025-02-14T23:48:08.324+0000] {dag.py:4180} INFO - Setting next_dagrun for read_dataset_event to 2025-02-13 00:00:00+00:00, run_after=2025-02-14 00:00:00+00:00
[2025-02-14T23:48:08.327+0000] {logging_mixin.py:190} INFO - [2025-02-14T23:48:08.327+0000] {dag.py:4180} INFO - Setting next_dagrun for read_dataset_event_from_classic to 2025-02-13 00:00:00+00:00, run_after=2025-02-14 00:00:00+00:00
[2025-02-14T23:48:08.337+0000] {processor.py:208} INFO - Processing /home/airflow/.local/lib/python3.12/site-packages/airflow/example_dags/example_inlet_event_extra.py took 0.433 seconds
[2025-02-14T23:48:39.157+0000] {processor.py:186} INFO - Started process (PID=1548) to work on /home/airflow/.local/lib/python3.12/site-packages/airflow/example_dags/example_inlet_event_extra.py
[2025-02-14T23:48:39.158+0000] {processor.py:914} INFO - Processing file /home/airflow/.local/lib/python3.12/site-packages/airflow/example_dags/example_inlet_event_extra.py for tasks to queue
[2025-02-14T23:48:39.160+0000] {logging_mixin.py:190} INFO - [2025-02-14T23:48:39.159+0000] {dagbag.py:588} INFO - Filling up the DagBag from /home/airflow/.local/lib/python3.12/site-packages/airflow/example_dags/example_inlet_event_extra.py
[2025-02-14T23:48:39.541+0000] {processor.py:925} INFO - DAG(s) 'read_dataset_event_from_classic', 'read_dataset_event' retrieved from /home/airflow/.local/lib/python3.12/site-packages/airflow/example_dags/example_inlet_event_extra.py
[2025-02-14T23:48:39.558+0000] {logging_mixin.py:190} INFO - [2025-02-14T23:48:39.558+0000] {dag.py:3239} INFO - Sync 2 DAGs
[2025-02-14T23:48:39.572+0000] {logging_mixin.py:190} INFO - [2025-02-14T23:48:39.572+0000] {dag.py:4180} INFO - Setting next_dagrun for read_dataset_event to 2025-02-13 00:00:00+00:00, run_after=2025-02-14 00:00:00+00:00
[2025-02-14T23:48:39.575+0000] {logging_mixin.py:190} INFO - [2025-02-14T23:48:39.574+0000] {dag.py:4180} INFO - Setting next_dagrun for read_dataset_event_from_classic to 2025-02-13 00:00:00+00:00, run_after=2025-02-14 00:00:00+00:00
[2025-02-14T23:48:39.584+0000] {processor.py:208} INFO - Processing /home/airflow/.local/lib/python3.12/site-packages/airflow/example_dags/example_inlet_event_extra.py took 0.433 seconds
[2025-02-14T23:49:10.553+0000] {processor.py:186} INFO - Started process (PID=1611) to work on /home/airflow/.local/lib/python3.12/site-packages/airflow/example_dags/example_inlet_event_extra.py
[2025-02-14T23:49:10.554+0000] {processor.py:914} INFO - Processing file /home/airflow/.local/lib/python3.12/site-packages/airflow/example_dags/example_inlet_event_extra.py for tasks to queue
[2025-02-14T23:49:10.556+0000] {logging_mixin.py:190} INFO - [2025-02-14T23:49:10.556+0000] {dagbag.py:588} INFO - Filling up the DagBag from /home/airflow/.local/lib/python3.12/site-packages/airflow/example_dags/example_inlet_event_extra.py
[2025-02-14T23:49:10.910+0000] {processor.py:925} INFO - DAG(s) 'read_dataset_event', 'read_dataset_event_from_classic' retrieved from /home/airflow/.local/lib/python3.12/site-packages/airflow/example_dags/example_inlet_event_extra.py
[2025-02-14T23:49:10.925+0000] {logging_mixin.py:190} INFO - [2025-02-14T23:49:10.925+0000] {dag.py:3239} INFO - Sync 2 DAGs
[2025-02-14T23:49:10.939+0000] {logging_mixin.py:190} INFO - [2025-02-14T23:49:10.939+0000] {dag.py:4180} INFO - Setting next_dagrun for read_dataset_event to 2025-02-13 00:00:00+00:00, run_after=2025-02-14 00:00:00+00:00
[2025-02-14T23:49:10.942+0000] {logging_mixin.py:190} INFO - [2025-02-14T23:49:10.942+0000] {dag.py:4180} INFO - Setting next_dagrun for read_dataset_event_from_classic to 2025-02-13 00:00:00+00:00, run_after=2025-02-14 00:00:00+00:00
[2025-02-14T23:49:10.952+0000] {processor.py:208} INFO - Processing /home/airflow/.local/lib/python3.12/site-packages/airflow/example_dags/example_inlet_event_extra.py took 0.406 seconds
[2025-02-14T23:49:41.701+0000] {processor.py:186} INFO - Started process (PID=1674) to work on /home/airflow/.local/lib/python3.12/site-packages/airflow/example_dags/example_inlet_event_extra.py
[2025-02-14T23:49:41.702+0000] {processor.py:914} INFO - Processing file /home/airflow/.local/lib/python3.12/site-packages/airflow/example_dags/example_inlet_event_extra.py for tasks to queue
[2025-02-14T23:49:41.703+0000] {logging_mixin.py:190} INFO - [2025-02-14T23:49:41.703+0000] {dagbag.py:588} INFO - Filling up the DagBag from /home/airflow/.local/lib/python3.12/site-packages/airflow/example_dags/example_inlet_event_extra.py
[2025-02-14T23:49:42.068+0000] {processor.py:925} INFO - DAG(s) 'read_dataset_event_from_classic', 'read_dataset_event' retrieved from /home/airflow/.local/lib/python3.12/site-packages/airflow/example_dags/example_inlet_event_extra.py
[2025-02-14T23:49:42.079+0000] {logging_mixin.py:190} INFO - [2025-02-14T23:49:42.078+0000] {dag.py:3239} INFO - Sync 2 DAGs
[2025-02-14T23:49:42.091+0000] {logging_mixin.py:190} INFO - [2025-02-14T23:49:42.091+0000] {dag.py:4180} INFO - Setting next_dagrun for read_dataset_event to 2025-02-13 00:00:00+00:00, run_after=2025-02-14 00:00:00+00:00
[2025-02-14T23:49:42.094+0000] {logging_mixin.py:190} INFO - [2025-02-14T23:49:42.094+0000] {dag.py:4180} INFO - Setting next_dagrun for read_dataset_event_from_classic to 2025-02-13 00:00:00+00:00, run_after=2025-02-14 00:00:00+00:00
[2025-02-14T23:49:42.103+0000] {processor.py:208} INFO - Processing /home/airflow/.local/lib/python3.12/site-packages/airflow/example_dags/example_inlet_event_extra.py took 0.407 seconds
[2025-02-14T23:50:12.638+0000] {processor.py:186} INFO - Started process (PID=1737) to work on /home/airflow/.local/lib/python3.12/site-packages/airflow/example_dags/example_inlet_event_extra.py
[2025-02-14T23:50:12.639+0000] {processor.py:914} INFO - Processing file /home/airflow/.local/lib/python3.12/site-packages/airflow/example_dags/example_inlet_event_extra.py for tasks to queue
[2025-02-14T23:50:12.642+0000] {logging_mixin.py:190} INFO - [2025-02-14T23:50:12.642+0000] {dagbag.py:588} INFO - Filling up the DagBag from /home/airflow/.local/lib/python3.12/site-packages/airflow/example_dags/example_inlet_event_extra.py
[2025-02-14T23:50:13.010+0000] {processor.py:925} INFO - DAG(s) 'read_dataset_event_from_classic', 'read_dataset_event' retrieved from /home/airflow/.local/lib/python3.12/site-packages/airflow/example_dags/example_inlet_event_extra.py
[2025-02-14T23:50:13.024+0000] {logging_mixin.py:190} INFO - [2025-02-14T23:50:13.024+0000] {dag.py:3239} INFO - Sync 2 DAGs
[2025-02-14T23:50:13.036+0000] {logging_mixin.py:190} INFO - [2025-02-14T23:50:13.036+0000] {dag.py:4180} INFO - Setting next_dagrun for read_dataset_event to 2025-02-13 00:00:00+00:00, run_after=2025-02-14 00:00:00+00:00
[2025-02-14T23:50:13.040+0000] {logging_mixin.py:190} INFO - [2025-02-14T23:50:13.040+0000] {dag.py:4180} INFO - Setting next_dagrun for read_dataset_event_from_classic to 2025-02-13 00:00:00+00:00, run_after=2025-02-14 00:00:00+00:00
[2025-02-14T23:50:13.048+0000] {processor.py:208} INFO - Processing /home/airflow/.local/lib/python3.12/site-packages/airflow/example_dags/example_inlet_event_extra.py took 0.416 seconds
[2025-02-14T23:50:43.252+0000] {processor.py:186} INFO - Started process (PID=1800) to work on /home/airflow/.local/lib/python3.12/site-packages/airflow/example_dags/example_inlet_event_extra.py
[2025-02-14T23:50:43.253+0000] {processor.py:914} INFO - Processing file /home/airflow/.local/lib/python3.12/site-packages/airflow/example_dags/example_inlet_event_extra.py for tasks to queue
[2025-02-14T23:50:43.254+0000] {logging_mixin.py:190} INFO - [2025-02-14T23:50:43.254+0000] {dagbag.py:588} INFO - Filling up the DagBag from /home/airflow/.local/lib/python3.12/site-packages/airflow/example_dags/example_inlet_event_extra.py
[2025-02-14T23:50:43.620+0000] {processor.py:925} INFO - DAG(s) 'read_dataset_event_from_classic', 'read_dataset_event' retrieved from /home/airflow/.local/lib/python3.12/site-packages/airflow/example_dags/example_inlet_event_extra.py
[2025-02-14T23:50:43.636+0000] {logging_mixin.py:190} INFO - [2025-02-14T23:50:43.635+0000] {dag.py:3239} INFO - Sync 2 DAGs
[2025-02-14T23:50:43.651+0000] {logging_mixin.py:190} INFO - [2025-02-14T23:50:43.651+0000] {dag.py:4180} INFO - Setting next_dagrun for read_dataset_event to 2025-02-13 00:00:00+00:00, run_after=2025-02-14 00:00:00+00:00
[2025-02-14T23:50:43.656+0000] {logging_mixin.py:190} INFO - [2025-02-14T23:50:43.656+0000] {dag.py:4180} INFO - Setting next_dagrun for read_dataset_event_from_classic to 2025-02-13 00:00:00+00:00, run_after=2025-02-14 00:00:00+00:00
[2025-02-14T23:50:43.668+0000] {processor.py:208} INFO - Processing /home/airflow/.local/lib/python3.12/site-packages/airflow/example_dags/example_inlet_event_extra.py took 0.422 seconds
[2025-02-14T23:51:14.535+0000] {processor.py:186} INFO - Started process (PID=1863) to work on /home/airflow/.local/lib/python3.12/site-packages/airflow/example_dags/example_inlet_event_extra.py
[2025-02-14T23:51:14.536+0000] {processor.py:914} INFO - Processing file /home/airflow/.local/lib/python3.12/site-packages/airflow/example_dags/example_inlet_event_extra.py for tasks to queue
[2025-02-14T23:51:14.538+0000] {logging_mixin.py:190} INFO - [2025-02-14T23:51:14.537+0000] {dagbag.py:588} INFO - Filling up the DagBag from /home/airflow/.local/lib/python3.12/site-packages/airflow/example_dags/example_inlet_event_extra.py
[2025-02-14T23:51:14.904+0000] {processor.py:925} INFO - DAG(s) 'read_dataset_event', 'read_dataset_event_from_classic' retrieved from /home/airflow/.local/lib/python3.12/site-packages/airflow/example_dags/example_inlet_event_extra.py
[2025-02-14T23:51:14.921+0000] {logging_mixin.py:190} INFO - [2025-02-14T23:51:14.921+0000] {dag.py:3239} INFO - Sync 2 DAGs
[2025-02-14T23:51:14.935+0000] {logging_mixin.py:190} INFO - [2025-02-14T23:51:14.935+0000] {dag.py:4180} INFO - Setting next_dagrun for read_dataset_event to 2025-02-13 00:00:00+00:00, run_after=2025-02-14 00:00:00+00:00
[2025-02-14T23:51:14.939+0000] {logging_mixin.py:190} INFO - [2025-02-14T23:51:14.938+0000] {dag.py:4180} INFO - Setting next_dagrun for read_dataset_event_from_classic to 2025-02-13 00:00:00+00:00, run_after=2025-02-14 00:00:00+00:00
[2025-02-14T23:51:14.949+0000] {processor.py:208} INFO - Processing /home/airflow/.local/lib/python3.12/site-packages/airflow/example_dags/example_inlet_event_extra.py took 0.420 seconds
[2025-02-14T23:51:45.923+0000] {processor.py:186} INFO - Started process (PID=1926) to work on /home/airflow/.local/lib/python3.12/site-packages/airflow/example_dags/example_inlet_event_extra.py
[2025-02-14T23:51:45.923+0000] {processor.py:914} INFO - Processing file /home/airflow/.local/lib/python3.12/site-packages/airflow/example_dags/example_inlet_event_extra.py for tasks to queue
[2025-02-14T23:51:45.925+0000] {logging_mixin.py:190} INFO - [2025-02-14T23:51:45.925+0000] {dagbag.py:588} INFO - Filling up the DagBag from /home/airflow/.local/lib/python3.12/site-packages/airflow/example_dags/example_inlet_event_extra.py
[2025-02-14T23:51:46.275+0000] {processor.py:925} INFO - DAG(s) 'read_dataset_event_from_classic', 'read_dataset_event' retrieved from /home/airflow/.local/lib/python3.12/site-packages/airflow/example_dags/example_inlet_event_extra.py
[2025-02-14T23:51:46.288+0000] {logging_mixin.py:190} INFO - [2025-02-14T23:51:46.287+0000] {dag.py:3239} INFO - Sync 2 DAGs
[2025-02-14T23:51:46.300+0000] {logging_mixin.py:190} INFO - [2025-02-14T23:51:46.300+0000] {dag.py:4180} INFO - Setting next_dagrun for read_dataset_event to 2025-02-13 00:00:00+00:00, run_after=2025-02-14 00:00:00+00:00
[2025-02-14T23:51:46.304+0000] {logging_mixin.py:190} INFO - [2025-02-14T23:51:46.304+0000] {dag.py:4180} INFO - Setting next_dagrun for read_dataset_event_from_classic to 2025-02-13 00:00:00+00:00, run_after=2025-02-14 00:00:00+00:00
[2025-02-14T23:51:46.314+0000] {processor.py:208} INFO - Processing /home/airflow/.local/lib/python3.12/site-packages/airflow/example_dags/example_inlet_event_extra.py took 0.397 seconds
[2025-02-14T23:52:16.739+0000] {processor.py:186} INFO - Started process (PID=1989) to work on /home/airflow/.local/lib/python3.12/site-packages/airflow/example_dags/example_inlet_event_extra.py
[2025-02-14T23:52:16.742+0000] {processor.py:914} INFO - Processing file /home/airflow/.local/lib/python3.12/site-packages/airflow/example_dags/example_inlet_event_extra.py for tasks to queue
[2025-02-14T23:52:16.745+0000] {logging_mixin.py:190} INFO - [2025-02-14T23:52:16.744+0000] {dagbag.py:588} INFO - Filling up the DagBag from /home/airflow/.local/lib/python3.12/site-packages/airflow/example_dags/example_inlet_event_extra.py
[2025-02-14T23:52:17.130+0000] {processor.py:925} INFO - DAG(s) 'read_dataset_event_from_classic', 'read_dataset_event' retrieved from /home/airflow/.local/lib/python3.12/site-packages/airflow/example_dags/example_inlet_event_extra.py
[2025-02-14T23:52:17.143+0000] {logging_mixin.py:190} INFO - [2025-02-14T23:52:17.143+0000] {dag.py:3239} INFO - Sync 2 DAGs
[2025-02-14T23:52:17.156+0000] {logging_mixin.py:190} INFO - [2025-02-14T23:52:17.156+0000] {dag.py:4180} INFO - Setting next_dagrun for read_dataset_event to 2025-02-13 00:00:00+00:00, run_after=2025-02-14 00:00:00+00:00
[2025-02-14T23:52:17.162+0000] {logging_mixin.py:190} INFO - [2025-02-14T23:52:17.162+0000] {dag.py:4180} INFO - Setting next_dagrun for read_dataset_event_from_classic to 2025-02-13 00:00:00+00:00, run_after=2025-02-14 00:00:00+00:00
[2025-02-14T23:52:17.170+0000] {processor.py:208} INFO - Processing /home/airflow/.local/lib/python3.12/site-packages/airflow/example_dags/example_inlet_event_extra.py took 0.435 seconds
[2025-02-14T23:52:47.944+0000] {processor.py:186} INFO - Started process (PID=2052) to work on /home/airflow/.local/lib/python3.12/site-packages/airflow/example_dags/example_inlet_event_extra.py
[2025-02-14T23:52:47.945+0000] {processor.py:914} INFO - Processing file /home/airflow/.local/lib/python3.12/site-packages/airflow/example_dags/example_inlet_event_extra.py for tasks to queue
[2025-02-14T23:52:47.947+0000] {logging_mixin.py:190} INFO - [2025-02-14T23:52:47.946+0000] {dagbag.py:588} INFO - Filling up the DagBag from /home/airflow/.local/lib/python3.12/site-packages/airflow/example_dags/example_inlet_event_extra.py
[2025-02-14T23:52:48.323+0000] {processor.py:925} INFO - DAG(s) 'read_dataset_event', 'read_dataset_event_from_classic' retrieved from /home/airflow/.local/lib/python3.12/site-packages/airflow/example_dags/example_inlet_event_extra.py
[2025-02-14T23:52:48.336+0000] {logging_mixin.py:190} INFO - [2025-02-14T23:52:48.336+0000] {dag.py:3239} INFO - Sync 2 DAGs
[2025-02-14T23:52:48.350+0000] {logging_mixin.py:190} INFO - [2025-02-14T23:52:48.350+0000] {dag.py:4180} INFO - Setting next_dagrun for read_dataset_event to 2025-02-13 00:00:00+00:00, run_after=2025-02-14 00:00:00+00:00
[2025-02-14T23:52:48.356+0000] {logging_mixin.py:190} INFO - [2025-02-14T23:52:48.356+0000] {dag.py:4180} INFO - Setting next_dagrun for read_dataset_event_from_classic to 2025-02-13 00:00:00+00:00, run_after=2025-02-14 00:00:00+00:00
[2025-02-14T23:52:48.365+0000] {processor.py:208} INFO - Processing /home/airflow/.local/lib/python3.12/site-packages/airflow/example_dags/example_inlet_event_extra.py took 0.428 seconds
[2025-02-14T23:53:19.169+0000] {processor.py:186} INFO - Started process (PID=2121) to work on /home/airflow/.local/lib/python3.12/site-packages/airflow/example_dags/example_inlet_event_extra.py
[2025-02-14T23:53:19.170+0000] {processor.py:914} INFO - Processing file /home/airflow/.local/lib/python3.12/site-packages/airflow/example_dags/example_inlet_event_extra.py for tasks to queue
[2025-02-14T23:53:19.172+0000] {logging_mixin.py:190} INFO - [2025-02-14T23:53:19.171+0000] {dagbag.py:588} INFO - Filling up the DagBag from /home/airflow/.local/lib/python3.12/site-packages/airflow/example_dags/example_inlet_event_extra.py
[2025-02-14T23:53:19.533+0000] {processor.py:925} INFO - DAG(s) 'read_dataset_event', 'read_dataset_event_from_classic' retrieved from /home/airflow/.local/lib/python3.12/site-packages/airflow/example_dags/example_inlet_event_extra.py
[2025-02-14T23:53:19.548+0000] {logging_mixin.py:190} INFO - [2025-02-14T23:53:19.548+0000] {dag.py:3239} INFO - Sync 2 DAGs
[2025-02-14T23:53:19.562+0000] {logging_mixin.py:190} INFO - [2025-02-14T23:53:19.562+0000] {dag.py:4180} INFO - Setting next_dagrun for read_dataset_event to 2025-02-13 00:00:00+00:00, run_after=2025-02-14 00:00:00+00:00
[2025-02-14T23:53:19.567+0000] {logging_mixin.py:190} INFO - [2025-02-14T23:53:19.567+0000] {dag.py:4180} INFO - Setting next_dagrun for read_dataset_event_from_classic to 2025-02-13 00:00:00+00:00, run_after=2025-02-14 00:00:00+00:00
[2025-02-14T23:53:19.580+0000] {processor.py:208} INFO - Processing /home/airflow/.local/lib/python3.12/site-packages/airflow/example_dags/example_inlet_event_extra.py took 0.415 seconds
[2025-02-14T23:53:50.138+0000] {processor.py:186} INFO - Started process (PID=2184) to work on /home/airflow/.local/lib/python3.12/site-packages/airflow/example_dags/example_inlet_event_extra.py
[2025-02-14T23:53:50.138+0000] {processor.py:914} INFO - Processing file /home/airflow/.local/lib/python3.12/site-packages/airflow/example_dags/example_inlet_event_extra.py for tasks to queue
[2025-02-14T23:53:50.140+0000] {logging_mixin.py:190} INFO - [2025-02-14T23:53:50.139+0000] {dagbag.py:588} INFO - Filling up the DagBag from /home/airflow/.local/lib/python3.12/site-packages/airflow/example_dags/example_inlet_event_extra.py
[2025-02-14T23:53:50.497+0000] {processor.py:925} INFO - DAG(s) 'read_dataset_event_from_classic', 'read_dataset_event' retrieved from /home/airflow/.local/lib/python3.12/site-packages/airflow/example_dags/example_inlet_event_extra.py
[2025-02-14T23:53:50.511+0000] {logging_mixin.py:190} INFO - [2025-02-14T23:53:50.511+0000] {dag.py:3239} INFO - Sync 2 DAGs
[2025-02-14T23:53:50.527+0000] {logging_mixin.py:190} INFO - [2025-02-14T23:53:50.526+0000] {dag.py:4180} INFO - Setting next_dagrun for read_dataset_event to 2025-02-13 00:00:00+00:00, run_after=2025-02-14 00:00:00+00:00
[2025-02-14T23:53:50.530+0000] {logging_mixin.py:190} INFO - [2025-02-14T23:53:50.530+0000] {dag.py:4180} INFO - Setting next_dagrun for read_dataset_event_from_classic to 2025-02-13 00:00:00+00:00, run_after=2025-02-14 00:00:00+00:00
[2025-02-14T23:53:50.542+0000] {processor.py:208} INFO - Processing /home/airflow/.local/lib/python3.12/site-packages/airflow/example_dags/example_inlet_event_extra.py took 0.408 seconds
[2025-02-14T23:54:21.258+0000] {processor.py:186} INFO - Started process (PID=2247) to work on /home/airflow/.local/lib/python3.12/site-packages/airflow/example_dags/example_inlet_event_extra.py
[2025-02-14T23:54:21.259+0000] {processor.py:914} INFO - Processing file /home/airflow/.local/lib/python3.12/site-packages/airflow/example_dags/example_inlet_event_extra.py for tasks to queue
[2025-02-14T23:54:21.261+0000] {logging_mixin.py:190} INFO - [2025-02-14T23:54:21.260+0000] {dagbag.py:588} INFO - Filling up the DagBag from /home/airflow/.local/lib/python3.12/site-packages/airflow/example_dags/example_inlet_event_extra.py
[2025-02-14T23:54:21.631+0000] {processor.py:925} INFO - DAG(s) 'read_dataset_event_from_classic', 'read_dataset_event' retrieved from /home/airflow/.local/lib/python3.12/site-packages/airflow/example_dags/example_inlet_event_extra.py
[2025-02-14T23:54:21.647+0000] {logging_mixin.py:190} INFO - [2025-02-14T23:54:21.647+0000] {dag.py:3239} INFO - Sync 2 DAGs
[2025-02-14T23:54:21.661+0000] {logging_mixin.py:190} INFO - [2025-02-14T23:54:21.661+0000] {dag.py:4180} INFO - Setting next_dagrun for read_dataset_event to 2025-02-13 00:00:00+00:00, run_after=2025-02-14 00:00:00+00:00
[2025-02-14T23:54:21.665+0000] {logging_mixin.py:190} INFO - [2025-02-14T23:54:21.665+0000] {dag.py:4180} INFO - Setting next_dagrun for read_dataset_event_from_classic to 2025-02-13 00:00:00+00:00, run_after=2025-02-14 00:00:00+00:00
[2025-02-14T23:54:21.673+0000] {processor.py:208} INFO - Processing /home/airflow/.local/lib/python3.12/site-packages/airflow/example_dags/example_inlet_event_extra.py took 0.419 seconds
[2025-02-14T23:54:52.457+0000] {processor.py:186} INFO - Started process (PID=2310) to work on /home/airflow/.local/lib/python3.12/site-packages/airflow/example_dags/example_inlet_event_extra.py
[2025-02-14T23:54:52.457+0000] {processor.py:914} INFO - Processing file /home/airflow/.local/lib/python3.12/site-packages/airflow/example_dags/example_inlet_event_extra.py for tasks to queue
[2025-02-14T23:54:52.459+0000] {logging_mixin.py:190} INFO - [2025-02-14T23:54:52.459+0000] {dagbag.py:588} INFO - Filling up the DagBag from /home/airflow/.local/lib/python3.12/site-packages/airflow/example_dags/example_inlet_event_extra.py
[2025-02-14T23:54:52.823+0000] {processor.py:925} INFO - DAG(s) 'read_dataset_event', 'read_dataset_event_from_classic' retrieved from /home/airflow/.local/lib/python3.12/site-packages/airflow/example_dags/example_inlet_event_extra.py
[2025-02-14T23:54:52.837+0000] {logging_mixin.py:190} INFO - [2025-02-14T23:54:52.837+0000] {dag.py:3239} INFO - Sync 2 DAGs
[2025-02-14T23:54:52.852+0000] {logging_mixin.py:190} INFO - [2025-02-14T23:54:52.852+0000] {dag.py:4180} INFO - Setting next_dagrun for read_dataset_event to 2025-02-13 00:00:00+00:00, run_after=2025-02-14 00:00:00+00:00
[2025-02-14T23:54:52.855+0000] {logging_mixin.py:190} INFO - [2025-02-14T23:54:52.855+0000] {dag.py:4180} INFO - Setting next_dagrun for read_dataset_event_from_classic to 2025-02-13 00:00:00+00:00, run_after=2025-02-14 00:00:00+00:00
[2025-02-14T23:54:52.863+0000] {processor.py:208} INFO - Processing /home/airflow/.local/lib/python3.12/site-packages/airflow/example_dags/example_inlet_event_extra.py took 0.410 seconds
[2025-02-14T23:55:23.641+0000] {processor.py:186} INFO - Started process (PID=2373) to work on /home/airflow/.local/lib/python3.12/site-packages/airflow/example_dags/example_inlet_event_extra.py
[2025-02-14T23:55:23.643+0000] {processor.py:914} INFO - Processing file /home/airflow/.local/lib/python3.12/site-packages/airflow/example_dags/example_inlet_event_extra.py for tasks to queue
[2025-02-14T23:55:23.645+0000] {logging_mixin.py:190} INFO - [2025-02-14T23:55:23.644+0000] {dagbag.py:588} INFO - Filling up the DagBag from /home/airflow/.local/lib/python3.12/site-packages/airflow/example_dags/example_inlet_event_extra.py
[2025-02-14T23:55:24.012+0000] {processor.py:925} INFO - DAG(s) 'read_dataset_event', 'read_dataset_event_from_classic' retrieved from /home/airflow/.local/lib/python3.12/site-packages/airflow/example_dags/example_inlet_event_extra.py
[2025-02-14T23:55:24.032+0000] {logging_mixin.py:190} INFO - [2025-02-14T23:55:24.032+0000] {dag.py:3239} INFO - Sync 2 DAGs
[2025-02-14T23:55:24.053+0000] {logging_mixin.py:190} INFO - [2025-02-14T23:55:24.053+0000] {dag.py:4180} INFO - Setting next_dagrun for read_dataset_event to 2025-02-13 00:00:00+00:00, run_after=2025-02-14 00:00:00+00:00
[2025-02-14T23:55:24.058+0000] {logging_mixin.py:190} INFO - [2025-02-14T23:55:24.058+0000] {dag.py:4180} INFO - Setting next_dagrun for read_dataset_event_from_classic to 2025-02-13 00:00:00+00:00, run_after=2025-02-14 00:00:00+00:00
[2025-02-14T23:55:24.072+0000] {processor.py:208} INFO - Processing /home/airflow/.local/lib/python3.12/site-packages/airflow/example_dags/example_inlet_event_extra.py took 0.438 seconds
