[2025-02-14T23:36:43.312+0000] {processor.py:186} INFO - Started process (PID=59) to work on /home/airflow/.local/lib/python3.12/site-packages/airflow/example_dags/example_dataset_alias.py
[2025-02-14T23:36:43.313+0000] {processor.py:914} INFO - Processing file /home/airflow/.local/lib/python3.12/site-packages/airflow/example_dags/example_dataset_alias.py for tasks to queue
[2025-02-14T23:36:43.317+0000] {logging_mixin.py:190} INFO - [2025-02-14T23:36:43.317+0000] {dagbag.py:588} INFO - Filling up the DagBag from /home/airflow/.local/lib/python3.12/site-packages/airflow/example_dags/example_dataset_alias.py
[2025-02-14T23:36:45.576+0000] {processor.py:925} INFO - DAG(s) 'dataset_s3_bucket_producer', 'dataset_s3_bucket_consumer', 'dataset_alias_example_alias_producer', 'dataset_alias_example_alias_consumer' retrieved from /home/airflow/.local/lib/python3.12/site-packages/airflow/example_dags/example_dataset_alias.py
[2025-02-14T23:36:45.603+0000] {logging_mixin.py:190} INFO - [2025-02-14T23:36:45.602+0000] {dag.py:3239} INFO - Sync 4 DAGs
[2025-02-14T23:36:45.627+0000] {logging_mixin.py:190} INFO - [2025-02-14T23:36:45.627+0000] {dag.py:4180} INFO - Setting next_dagrun for dataset_alias_example_alias_consumer to None, run_after=None
[2025-02-14T23:36:45.630+0000] {logging_mixin.py:190} INFO - [2025-02-14T23:36:45.630+0000] {dag.py:4180} INFO - Setting next_dagrun for dataset_alias_example_alias_producer to None, run_after=None
[2025-02-14T23:36:45.631+0000] {logging_mixin.py:190} INFO - [2025-02-14T23:36:45.631+0000] {dag.py:4180} INFO - Setting next_dagrun for dataset_s3_bucket_consumer to None, run_after=None
[2025-02-14T23:36:45.633+0000] {logging_mixin.py:190} INFO - [2025-02-14T23:36:45.633+0000] {dag.py:4180} INFO - Setting next_dagrun for dataset_s3_bucket_producer to None, run_after=None
[2025-02-14T23:36:45.648+0000] {processor.py:208} INFO - Processing /home/airflow/.local/lib/python3.12/site-packages/airflow/example_dags/example_dataset_alias.py took 2.369 seconds
[2025-02-14T23:37:15.872+0000] {processor.py:186} INFO - Started process (PID=130) to work on /home/airflow/.local/lib/python3.12/site-packages/airflow/example_dags/example_dataset_alias.py
[2025-02-14T23:37:15.873+0000] {processor.py:914} INFO - Processing file /home/airflow/.local/lib/python3.12/site-packages/airflow/example_dags/example_dataset_alias.py for tasks to queue
[2025-02-14T23:37:15.875+0000] {logging_mixin.py:190} INFO - [2025-02-14T23:37:15.875+0000] {dagbag.py:588} INFO - Filling up the DagBag from /home/airflow/.local/lib/python3.12/site-packages/airflow/example_dags/example_dataset_alias.py
[2025-02-14T23:37:16.303+0000] {processor.py:925} INFO - DAG(s) 'dataset_s3_bucket_producer', 'dataset_s3_bucket_consumer', 'dataset_alias_example_alias_consumer', 'dataset_alias_example_alias_producer' retrieved from /home/airflow/.local/lib/python3.12/site-packages/airflow/example_dags/example_dataset_alias.py
[2025-02-14T23:37:16.323+0000] {logging_mixin.py:190} INFO - [2025-02-14T23:37:16.323+0000] {dag.py:3239} INFO - Sync 4 DAGs
[2025-02-14T23:37:16.337+0000] {logging_mixin.py:190} INFO - [2025-02-14T23:37:16.336+0000] {dag.py:4180} INFO - Setting next_dagrun for dataset_alias_example_alias_consumer to None, run_after=None
[2025-02-14T23:37:16.340+0000] {logging_mixin.py:190} INFO - [2025-02-14T23:37:16.340+0000] {dag.py:4180} INFO - Setting next_dagrun for dataset_alias_example_alias_producer to None, run_after=None
[2025-02-14T23:37:16.342+0000] {logging_mixin.py:190} INFO - [2025-02-14T23:37:16.342+0000] {dag.py:4180} INFO - Setting next_dagrun for dataset_s3_bucket_consumer to None, run_after=None
[2025-02-14T23:37:16.343+0000] {logging_mixin.py:190} INFO - [2025-02-14T23:37:16.343+0000] {dag.py:4180} INFO - Setting next_dagrun for dataset_s3_bucket_producer to None, run_after=None
[2025-02-14T23:37:16.353+0000] {processor.py:208} INFO - Processing /home/airflow/.local/lib/python3.12/site-packages/airflow/example_dags/example_dataset_alias.py took 0.487 seconds
[2025-02-14T23:37:46.607+0000] {processor.py:186} INFO - Started process (PID=193) to work on /home/airflow/.local/lib/python3.12/site-packages/airflow/example_dags/example_dataset_alias.py
[2025-02-14T23:37:46.612+0000] {processor.py:914} INFO - Processing file /home/airflow/.local/lib/python3.12/site-packages/airflow/example_dags/example_dataset_alias.py for tasks to queue
[2025-02-14T23:37:46.614+0000] {logging_mixin.py:190} INFO - [2025-02-14T23:37:46.614+0000] {dagbag.py:588} INFO - Filling up the DagBag from /home/airflow/.local/lib/python3.12/site-packages/airflow/example_dags/example_dataset_alias.py
[2025-02-14T23:37:47.198+0000] {processor.py:925} INFO - DAG(s) 'dataset_s3_bucket_producer', 'dataset_alias_example_alias_producer', 'dataset_alias_example_alias_consumer', 'dataset_s3_bucket_consumer' retrieved from /home/airflow/.local/lib/python3.12/site-packages/airflow/example_dags/example_dataset_alias.py
[2025-02-14T23:37:47.212+0000] {logging_mixin.py:190} INFO - [2025-02-14T23:37:47.212+0000] {dag.py:3239} INFO - Sync 4 DAGs
[2025-02-14T23:37:47.242+0000] {logging_mixin.py:190} INFO - [2025-02-14T23:37:47.242+0000] {dag.py:4180} INFO - Setting next_dagrun for dataset_alias_example_alias_consumer to None, run_after=None
[2025-02-14T23:37:47.248+0000] {logging_mixin.py:190} INFO - [2025-02-14T23:37:47.248+0000] {dag.py:4180} INFO - Setting next_dagrun for dataset_alias_example_alias_producer to None, run_after=None
[2025-02-14T23:37:47.250+0000] {logging_mixin.py:190} INFO - [2025-02-14T23:37:47.250+0000] {dag.py:4180} INFO - Setting next_dagrun for dataset_s3_bucket_consumer to None, run_after=None
[2025-02-14T23:37:47.251+0000] {logging_mixin.py:190} INFO - [2025-02-14T23:37:47.250+0000] {dag.py:4180} INFO - Setting next_dagrun for dataset_s3_bucket_producer to None, run_after=None
[2025-02-14T23:37:47.266+0000] {processor.py:208} INFO - Processing /home/airflow/.local/lib/python3.12/site-packages/airflow/example_dags/example_dataset_alias.py took 0.665 seconds
[2025-02-14T23:38:17.545+0000] {processor.py:186} INFO - Started process (PID=263) to work on /home/airflow/.local/lib/python3.12/site-packages/airflow/example_dags/example_dataset_alias.py
[2025-02-14T23:38:17.546+0000] {processor.py:914} INFO - Processing file /home/airflow/.local/lib/python3.12/site-packages/airflow/example_dags/example_dataset_alias.py for tasks to queue
[2025-02-14T23:38:17.548+0000] {logging_mixin.py:190} INFO - [2025-02-14T23:38:17.547+0000] {dagbag.py:588} INFO - Filling up the DagBag from /home/airflow/.local/lib/python3.12/site-packages/airflow/example_dags/example_dataset_alias.py
[2025-02-14T23:38:18.118+0000] {processor.py:925} INFO - DAG(s) 'dataset_s3_bucket_producer', 'dataset_alias_example_alias_consumer', 'dataset_s3_bucket_consumer', 'dataset_alias_example_alias_producer' retrieved from /home/airflow/.local/lib/python3.12/site-packages/airflow/example_dags/example_dataset_alias.py
[2025-02-14T23:38:18.140+0000] {logging_mixin.py:190} INFO - [2025-02-14T23:38:18.139+0000] {dag.py:3239} INFO - Sync 4 DAGs
[2025-02-14T23:38:18.167+0000] {logging_mixin.py:190} INFO - [2025-02-14T23:38:18.167+0000] {dag.py:4180} INFO - Setting next_dagrun for dataset_alias_example_alias_consumer to None, run_after=None
[2025-02-14T23:38:18.170+0000] {logging_mixin.py:190} INFO - [2025-02-14T23:38:18.170+0000] {dag.py:4180} INFO - Setting next_dagrun for dataset_alias_example_alias_producer to None, run_after=None
[2025-02-14T23:38:18.171+0000] {logging_mixin.py:190} INFO - [2025-02-14T23:38:18.171+0000] {dag.py:4180} INFO - Setting next_dagrun for dataset_s3_bucket_consumer to None, run_after=None
[2025-02-14T23:38:18.172+0000] {logging_mixin.py:190} INFO - [2025-02-14T23:38:18.172+0000] {dag.py:4180} INFO - Setting next_dagrun for dataset_s3_bucket_producer to None, run_after=None
[2025-02-14T23:38:18.190+0000] {processor.py:208} INFO - Processing /home/airflow/.local/lib/python3.12/site-packages/airflow/example_dags/example_dataset_alias.py took 0.650 seconds
[2025-02-14T23:38:48.470+0000] {processor.py:186} INFO - Started process (PID=336) to work on /home/airflow/.local/lib/python3.12/site-packages/airflow/example_dags/example_dataset_alias.py
[2025-02-14T23:38:48.471+0000] {processor.py:914} INFO - Processing file /home/airflow/.local/lib/python3.12/site-packages/airflow/example_dags/example_dataset_alias.py for tasks to queue
[2025-02-14T23:38:48.473+0000] {logging_mixin.py:190} INFO - [2025-02-14T23:38:48.472+0000] {dagbag.py:588} INFO - Filling up the DagBag from /home/airflow/.local/lib/python3.12/site-packages/airflow/example_dags/example_dataset_alias.py
[2025-02-14T23:38:48.847+0000] {processor.py:925} INFO - DAG(s) 'dataset_s3_bucket_consumer', 'dataset_s3_bucket_producer', 'dataset_alias_example_alias_consumer', 'dataset_alias_example_alias_producer' retrieved from /home/airflow/.local/lib/python3.12/site-packages/airflow/example_dags/example_dataset_alias.py
[2025-02-14T23:38:48.864+0000] {logging_mixin.py:190} INFO - [2025-02-14T23:38:48.864+0000] {dag.py:3239} INFO - Sync 4 DAGs
[2025-02-14T23:38:48.877+0000] {logging_mixin.py:190} INFO - [2025-02-14T23:38:48.877+0000] {dag.py:4180} INFO - Setting next_dagrun for dataset_alias_example_alias_consumer to None, run_after=None
[2025-02-14T23:38:48.880+0000] {logging_mixin.py:190} INFO - [2025-02-14T23:38:48.880+0000] {dag.py:4180} INFO - Setting next_dagrun for dataset_alias_example_alias_producer to None, run_after=None
[2025-02-14T23:38:48.881+0000] {logging_mixin.py:190} INFO - [2025-02-14T23:38:48.881+0000] {dag.py:4180} INFO - Setting next_dagrun for dataset_s3_bucket_consumer to None, run_after=None
[2025-02-14T23:38:48.882+0000] {logging_mixin.py:190} INFO - [2025-02-14T23:38:48.881+0000] {dag.py:4180} INFO - Setting next_dagrun for dataset_s3_bucket_producer to None, run_after=None
[2025-02-14T23:38:48.894+0000] {processor.py:208} INFO - Processing /home/airflow/.local/lib/python3.12/site-packages/airflow/example_dags/example_dataset_alias.py took 0.428 seconds
[2025-02-14T23:39:18.957+0000] {processor.py:186} INFO - Started process (PID=404) to work on /home/airflow/.local/lib/python3.12/site-packages/airflow/example_dags/example_dataset_alias.py
[2025-02-14T23:39:18.958+0000] {processor.py:914} INFO - Processing file /home/airflow/.local/lib/python3.12/site-packages/airflow/example_dags/example_dataset_alias.py for tasks to queue
[2025-02-14T23:39:18.959+0000] {logging_mixin.py:190} INFO - [2025-02-14T23:39:18.959+0000] {dagbag.py:588} INFO - Filling up the DagBag from /home/airflow/.local/lib/python3.12/site-packages/airflow/example_dags/example_dataset_alias.py
[2025-02-14T23:39:19.386+0000] {processor.py:925} INFO - DAG(s) 'dataset_s3_bucket_producer', 'dataset_alias_example_alias_consumer', 'dataset_alias_example_alias_producer', 'dataset_s3_bucket_consumer' retrieved from /home/airflow/.local/lib/python3.12/site-packages/airflow/example_dags/example_dataset_alias.py
[2025-02-14T23:39:19.404+0000] {logging_mixin.py:190} INFO - [2025-02-14T23:39:19.403+0000] {dag.py:3239} INFO - Sync 4 DAGs
[2025-02-14T23:39:19.418+0000] {logging_mixin.py:190} INFO - [2025-02-14T23:39:19.418+0000] {dag.py:4180} INFO - Setting next_dagrun for dataset_alias_example_alias_consumer to None, run_after=None
[2025-02-14T23:39:19.420+0000] {logging_mixin.py:190} INFO - [2025-02-14T23:39:19.420+0000] {dag.py:4180} INFO - Setting next_dagrun for dataset_alias_example_alias_producer to None, run_after=None
[2025-02-14T23:39:19.422+0000] {logging_mixin.py:190} INFO - [2025-02-14T23:39:19.422+0000] {dag.py:4180} INFO - Setting next_dagrun for dataset_s3_bucket_consumer to None, run_after=None
[2025-02-14T23:39:19.423+0000] {logging_mixin.py:190} INFO - [2025-02-14T23:39:19.423+0000] {dag.py:4180} INFO - Setting next_dagrun for dataset_s3_bucket_producer to None, run_after=None
[2025-02-14T23:39:19.439+0000] {processor.py:208} INFO - Processing /home/airflow/.local/lib/python3.12/site-packages/airflow/example_dags/example_dataset_alias.py took 0.486 seconds
[2025-02-14T23:39:49.480+0000] {processor.py:186} INFO - Started process (PID=471) to work on /home/airflow/.local/lib/python3.12/site-packages/airflow/example_dags/example_dataset_alias.py
[2025-02-14T23:39:49.483+0000] {processor.py:914} INFO - Processing file /home/airflow/.local/lib/python3.12/site-packages/airflow/example_dags/example_dataset_alias.py for tasks to queue
[2025-02-14T23:39:49.485+0000] {logging_mixin.py:190} INFO - [2025-02-14T23:39:49.484+0000] {dagbag.py:588} INFO - Filling up the DagBag from /home/airflow/.local/lib/python3.12/site-packages/airflow/example_dags/example_dataset_alias.py
[2025-02-14T23:39:49.863+0000] {processor.py:925} INFO - DAG(s) 'dataset_s3_bucket_producer', 'dataset_s3_bucket_consumer', 'dataset_alias_example_alias_producer', 'dataset_alias_example_alias_consumer' retrieved from /home/airflow/.local/lib/python3.12/site-packages/airflow/example_dags/example_dataset_alias.py
[2025-02-14T23:39:49.873+0000] {logging_mixin.py:190} INFO - [2025-02-14T23:39:49.872+0000] {dag.py:3239} INFO - Sync 4 DAGs
[2025-02-14T23:39:49.883+0000] {logging_mixin.py:190} INFO - [2025-02-14T23:39:49.883+0000] {dag.py:4180} INFO - Setting next_dagrun for dataset_alias_example_alias_consumer to None, run_after=None
[2025-02-14T23:39:49.885+0000] {logging_mixin.py:190} INFO - [2025-02-14T23:39:49.885+0000] {dag.py:4180} INFO - Setting next_dagrun for dataset_alias_example_alias_producer to None, run_after=None
[2025-02-14T23:39:49.886+0000] {logging_mixin.py:190} INFO - [2025-02-14T23:39:49.886+0000] {dag.py:4180} INFO - Setting next_dagrun for dataset_s3_bucket_consumer to None, run_after=None
[2025-02-14T23:39:49.886+0000] {logging_mixin.py:190} INFO - [2025-02-14T23:39:49.886+0000] {dag.py:4180} INFO - Setting next_dagrun for dataset_s3_bucket_producer to None, run_after=None
[2025-02-14T23:39:49.896+0000] {processor.py:208} INFO - Processing /home/airflow/.local/lib/python3.12/site-packages/airflow/example_dags/example_dataset_alias.py took 0.419 seconds
[2025-02-14T23:40:20.359+0000] {processor.py:186} INFO - Started process (PID=538) to work on /home/airflow/.local/lib/python3.12/site-packages/airflow/example_dags/example_dataset_alias.py
[2025-02-14T23:40:20.361+0000] {processor.py:914} INFO - Processing file /home/airflow/.local/lib/python3.12/site-packages/airflow/example_dags/example_dataset_alias.py for tasks to queue
[2025-02-14T23:40:20.363+0000] {logging_mixin.py:190} INFO - [2025-02-14T23:40:20.363+0000] {dagbag.py:588} INFO - Filling up the DagBag from /home/airflow/.local/lib/python3.12/site-packages/airflow/example_dags/example_dataset_alias.py
[2025-02-14T23:40:20.751+0000] {processor.py:925} INFO - DAG(s) 'dataset_s3_bucket_producer', 'dataset_alias_example_alias_consumer', 'dataset_s3_bucket_consumer', 'dataset_alias_example_alias_producer' retrieved from /home/airflow/.local/lib/python3.12/site-packages/airflow/example_dags/example_dataset_alias.py
[2025-02-14T23:40:20.762+0000] {logging_mixin.py:190} INFO - [2025-02-14T23:40:20.762+0000] {dag.py:3239} INFO - Sync 4 DAGs
[2025-02-14T23:40:20.773+0000] {logging_mixin.py:190} INFO - [2025-02-14T23:40:20.773+0000] {dag.py:4180} INFO - Setting next_dagrun for dataset_alias_example_alias_consumer to None, run_after=None
[2025-02-14T23:40:20.775+0000] {logging_mixin.py:190} INFO - [2025-02-14T23:40:20.775+0000] {dag.py:4180} INFO - Setting next_dagrun for dataset_alias_example_alias_producer to None, run_after=None
[2025-02-14T23:40:20.775+0000] {logging_mixin.py:190} INFO - [2025-02-14T23:40:20.775+0000] {dag.py:4180} INFO - Setting next_dagrun for dataset_s3_bucket_consumer to None, run_after=None
[2025-02-14T23:40:20.776+0000] {logging_mixin.py:190} INFO - [2025-02-14T23:40:20.776+0000] {dag.py:4180} INFO - Setting next_dagrun for dataset_s3_bucket_producer to None, run_after=None
[2025-02-14T23:40:20.786+0000] {processor.py:208} INFO - Processing /home/airflow/.local/lib/python3.12/site-packages/airflow/example_dags/example_dataset_alias.py took 0.431 seconds
[2025-02-14T23:40:51.052+0000] {processor.py:186} INFO - Started process (PID=602) to work on /home/airflow/.local/lib/python3.12/site-packages/airflow/example_dags/example_dataset_alias.py
[2025-02-14T23:40:51.053+0000] {processor.py:914} INFO - Processing file /home/airflow/.local/lib/python3.12/site-packages/airflow/example_dags/example_dataset_alias.py for tasks to queue
[2025-02-14T23:40:51.054+0000] {logging_mixin.py:190} INFO - [2025-02-14T23:40:51.054+0000] {dagbag.py:588} INFO - Filling up the DagBag from /home/airflow/.local/lib/python3.12/site-packages/airflow/example_dags/example_dataset_alias.py
[2025-02-14T23:40:51.464+0000] {processor.py:925} INFO - DAG(s) 'dataset_alias_example_alias_consumer', 'dataset_s3_bucket_producer', 'dataset_alias_example_alias_producer', 'dataset_s3_bucket_consumer' retrieved from /home/airflow/.local/lib/python3.12/site-packages/airflow/example_dags/example_dataset_alias.py
[2025-02-14T23:40:51.474+0000] {logging_mixin.py:190} INFO - [2025-02-14T23:40:51.473+0000] {dag.py:3239} INFO - Sync 4 DAGs
[2025-02-14T23:40:51.486+0000] {logging_mixin.py:190} INFO - [2025-02-14T23:40:51.486+0000] {dag.py:4180} INFO - Setting next_dagrun for dataset_alias_example_alias_consumer to None, run_after=None
[2025-02-14T23:40:51.487+0000] {logging_mixin.py:190} INFO - [2025-02-14T23:40:51.487+0000] {dag.py:4180} INFO - Setting next_dagrun for dataset_alias_example_alias_producer to None, run_after=None
[2025-02-14T23:40:51.488+0000] {logging_mixin.py:190} INFO - [2025-02-14T23:40:51.488+0000] {dag.py:4180} INFO - Setting next_dagrun for dataset_s3_bucket_consumer to None, run_after=None
[2025-02-14T23:40:51.488+0000] {logging_mixin.py:190} INFO - [2025-02-14T23:40:51.488+0000] {dag.py:4180} INFO - Setting next_dagrun for dataset_s3_bucket_producer to None, run_after=None
[2025-02-14T23:40:51.498+0000] {processor.py:208} INFO - Processing /home/airflow/.local/lib/python3.12/site-packages/airflow/example_dags/example_dataset_alias.py took 0.450 seconds
[2025-02-14T23:41:21.916+0000] {processor.py:186} INFO - Started process (PID=663) to work on /home/airflow/.local/lib/python3.12/site-packages/airflow/example_dags/example_dataset_alias.py
[2025-02-14T23:41:21.917+0000] {processor.py:914} INFO - Processing file /home/airflow/.local/lib/python3.12/site-packages/airflow/example_dags/example_dataset_alias.py for tasks to queue
[2025-02-14T23:41:21.918+0000] {logging_mixin.py:190} INFO - [2025-02-14T23:41:21.918+0000] {dagbag.py:588} INFO - Filling up the DagBag from /home/airflow/.local/lib/python3.12/site-packages/airflow/example_dags/example_dataset_alias.py
[2025-02-14T23:41:22.316+0000] {processor.py:925} INFO - DAG(s) 'dataset_alias_example_alias_producer', 'dataset_s3_bucket_consumer', 'dataset_s3_bucket_producer', 'dataset_alias_example_alias_consumer' retrieved from /home/airflow/.local/lib/python3.12/site-packages/airflow/example_dags/example_dataset_alias.py
[2025-02-14T23:41:22.326+0000] {logging_mixin.py:190} INFO - [2025-02-14T23:41:22.326+0000] {dag.py:3239} INFO - Sync 4 DAGs
[2025-02-14T23:41:22.339+0000] {logging_mixin.py:190} INFO - [2025-02-14T23:41:22.339+0000] {dag.py:4180} INFO - Setting next_dagrun for dataset_alias_example_alias_consumer to None, run_after=None
[2025-02-14T23:41:22.340+0000] {logging_mixin.py:190} INFO - [2025-02-14T23:41:22.340+0000] {dag.py:4180} INFO - Setting next_dagrun for dataset_alias_example_alias_producer to None, run_after=None
[2025-02-14T23:41:22.341+0000] {logging_mixin.py:190} INFO - [2025-02-14T23:41:22.341+0000] {dag.py:4180} INFO - Setting next_dagrun for dataset_s3_bucket_consumer to None, run_after=None
[2025-02-14T23:41:22.342+0000] {logging_mixin.py:190} INFO - [2025-02-14T23:41:22.341+0000] {dag.py:4180} INFO - Setting next_dagrun for dataset_s3_bucket_producer to None, run_after=None
[2025-02-14T23:41:22.351+0000] {processor.py:208} INFO - Processing /home/airflow/.local/lib/python3.12/site-packages/airflow/example_dags/example_dataset_alias.py took 0.439 seconds
[2025-02-14T23:41:52.425+0000] {processor.py:186} INFO - Started process (PID=720) to work on /home/airflow/.local/lib/python3.12/site-packages/airflow/example_dags/example_dataset_alias.py
[2025-02-14T23:41:52.426+0000] {processor.py:914} INFO - Processing file /home/airflow/.local/lib/python3.12/site-packages/airflow/example_dags/example_dataset_alias.py for tasks to queue
[2025-02-14T23:41:52.428+0000] {logging_mixin.py:190} INFO - [2025-02-14T23:41:52.427+0000] {dagbag.py:588} INFO - Filling up the DagBag from /home/airflow/.local/lib/python3.12/site-packages/airflow/example_dags/example_dataset_alias.py
[2025-02-14T23:41:52.816+0000] {processor.py:925} INFO - DAG(s) 'dataset_s3_bucket_producer', 'dataset_alias_example_alias_consumer', 'dataset_alias_example_alias_producer', 'dataset_s3_bucket_consumer' retrieved from /home/airflow/.local/lib/python3.12/site-packages/airflow/example_dags/example_dataset_alias.py
[2025-02-14T23:41:52.827+0000] {logging_mixin.py:190} INFO - [2025-02-14T23:41:52.826+0000] {dag.py:3239} INFO - Sync 4 DAGs
[2025-02-14T23:41:52.838+0000] {logging_mixin.py:190} INFO - [2025-02-14T23:41:52.838+0000] {dag.py:4180} INFO - Setting next_dagrun for dataset_alias_example_alias_consumer to None, run_after=None
[2025-02-14T23:41:52.840+0000] {logging_mixin.py:190} INFO - [2025-02-14T23:41:52.839+0000] {dag.py:4180} INFO - Setting next_dagrun for dataset_alias_example_alias_producer to None, run_after=None
[2025-02-14T23:41:52.841+0000] {logging_mixin.py:190} INFO - [2025-02-14T23:41:52.840+0000] {dag.py:4180} INFO - Setting next_dagrun for dataset_s3_bucket_consumer to None, run_after=None
[2025-02-14T23:41:52.841+0000] {logging_mixin.py:190} INFO - [2025-02-14T23:41:52.841+0000] {dag.py:4180} INFO - Setting next_dagrun for dataset_s3_bucket_producer to None, run_after=None
[2025-02-14T23:41:52.852+0000] {processor.py:208} INFO - Processing /home/airflow/.local/lib/python3.12/site-packages/airflow/example_dags/example_dataset_alias.py took 0.430 seconds
[2025-02-14T23:42:22.903+0000] {processor.py:186} INFO - Started process (PID=786) to work on /home/airflow/.local/lib/python3.12/site-packages/airflow/example_dags/example_dataset_alias.py
[2025-02-14T23:42:22.904+0000] {processor.py:914} INFO - Processing file /home/airflow/.local/lib/python3.12/site-packages/airflow/example_dags/example_dataset_alias.py for tasks to queue
[2025-02-14T23:42:22.906+0000] {logging_mixin.py:190} INFO - [2025-02-14T23:42:22.906+0000] {dagbag.py:588} INFO - Filling up the DagBag from /home/airflow/.local/lib/python3.12/site-packages/airflow/example_dags/example_dataset_alias.py
[2025-02-14T23:42:23.395+0000] {processor.py:925} INFO - DAG(s) 'dataset_s3_bucket_producer', 'dataset_alias_example_alias_consumer', 'dataset_alias_example_alias_producer', 'dataset_s3_bucket_consumer' retrieved from /home/airflow/.local/lib/python3.12/site-packages/airflow/example_dags/example_dataset_alias.py
[2025-02-14T23:42:23.411+0000] {logging_mixin.py:190} INFO - [2025-02-14T23:42:23.411+0000] {dag.py:3239} INFO - Sync 4 DAGs
[2025-02-14T23:42:23.427+0000] {logging_mixin.py:190} INFO - [2025-02-14T23:42:23.427+0000] {dag.py:4180} INFO - Setting next_dagrun for dataset_alias_example_alias_consumer to None, run_after=None
[2025-02-14T23:42:23.429+0000] {logging_mixin.py:190} INFO - [2025-02-14T23:42:23.428+0000] {dag.py:4180} INFO - Setting next_dagrun for dataset_alias_example_alias_producer to None, run_after=None
[2025-02-14T23:42:23.429+0000] {logging_mixin.py:190} INFO - [2025-02-14T23:42:23.429+0000] {dag.py:4180} INFO - Setting next_dagrun for dataset_s3_bucket_consumer to None, run_after=None
[2025-02-14T23:42:23.430+0000] {logging_mixin.py:190} INFO - [2025-02-14T23:42:23.430+0000] {dag.py:4180} INFO - Setting next_dagrun for dataset_s3_bucket_producer to None, run_after=None
[2025-02-14T23:42:23.440+0000] {processor.py:208} INFO - Processing /home/airflow/.local/lib/python3.12/site-packages/airflow/example_dags/example_dataset_alias.py took 0.541 seconds
[2025-02-14T23:42:53.786+0000] {processor.py:186} INFO - Started process (PID=849) to work on /home/airflow/.local/lib/python3.12/site-packages/airflow/example_dags/example_dataset_alias.py
[2025-02-14T23:42:53.786+0000] {processor.py:914} INFO - Processing file /home/airflow/.local/lib/python3.12/site-packages/airflow/example_dags/example_dataset_alias.py for tasks to queue
[2025-02-14T23:42:53.788+0000] {logging_mixin.py:190} INFO - [2025-02-14T23:42:53.788+0000] {dagbag.py:588} INFO - Filling up the DagBag from /home/airflow/.local/lib/python3.12/site-packages/airflow/example_dags/example_dataset_alias.py
[2025-02-14T23:42:54.310+0000] {processor.py:925} INFO - DAG(s) 'dataset_s3_bucket_producer', 'dataset_alias_example_alias_consumer', 'dataset_alias_example_alias_producer', 'dataset_s3_bucket_consumer' retrieved from /home/airflow/.local/lib/python3.12/site-packages/airflow/example_dags/example_dataset_alias.py
[2025-02-14T23:42:54.320+0000] {logging_mixin.py:190} INFO - [2025-02-14T23:42:54.320+0000] {dag.py:3239} INFO - Sync 4 DAGs
[2025-02-14T23:42:54.332+0000] {logging_mixin.py:190} INFO - [2025-02-14T23:42:54.332+0000] {dag.py:4180} INFO - Setting next_dagrun for dataset_alias_example_alias_consumer to None, run_after=None
[2025-02-14T23:42:54.334+0000] {logging_mixin.py:190} INFO - [2025-02-14T23:42:54.333+0000] {dag.py:4180} INFO - Setting next_dagrun for dataset_alias_example_alias_producer to None, run_after=None
[2025-02-14T23:42:54.334+0000] {logging_mixin.py:190} INFO - [2025-02-14T23:42:54.334+0000] {dag.py:4180} INFO - Setting next_dagrun for dataset_s3_bucket_consumer to None, run_after=None
[2025-02-14T23:42:54.335+0000] {logging_mixin.py:190} INFO - [2025-02-14T23:42:54.335+0000] {dag.py:4180} INFO - Setting next_dagrun for dataset_s3_bucket_producer to None, run_after=None
[2025-02-14T23:42:54.345+0000] {processor.py:208} INFO - Processing /home/airflow/.local/lib/python3.12/site-packages/airflow/example_dags/example_dataset_alias.py took 0.563 seconds
[2025-02-14T23:43:24.581+0000] {processor.py:186} INFO - Started process (PID=910) to work on /home/airflow/.local/lib/python3.12/site-packages/airflow/example_dags/example_dataset_alias.py
[2025-02-14T23:43:24.583+0000] {processor.py:914} INFO - Processing file /home/airflow/.local/lib/python3.12/site-packages/airflow/example_dags/example_dataset_alias.py for tasks to queue
[2025-02-14T23:43:24.587+0000] {logging_mixin.py:190} INFO - [2025-02-14T23:43:24.586+0000] {dagbag.py:588} INFO - Filling up the DagBag from /home/airflow/.local/lib/python3.12/site-packages/airflow/example_dags/example_dataset_alias.py
[2025-02-14T23:43:25.191+0000] {processor.py:925} INFO - DAG(s) 'dataset_s3_bucket_consumer', 'dataset_alias_example_alias_consumer', 'dataset_alias_example_alias_producer', 'dataset_s3_bucket_producer' retrieved from /home/airflow/.local/lib/python3.12/site-packages/airflow/example_dags/example_dataset_alias.py
[2025-02-14T23:43:25.221+0000] {logging_mixin.py:190} INFO - [2025-02-14T23:43:25.220+0000] {dag.py:3239} INFO - Sync 4 DAGs
[2025-02-14T23:43:25.258+0000] {logging_mixin.py:190} INFO - [2025-02-14T23:43:25.257+0000] {dag.py:4180} INFO - Setting next_dagrun for dataset_alias_example_alias_consumer to None, run_after=None
[2025-02-14T23:43:25.262+0000] {logging_mixin.py:190} INFO - [2025-02-14T23:43:25.261+0000] {dag.py:4180} INFO - Setting next_dagrun for dataset_alias_example_alias_producer to None, run_after=None
[2025-02-14T23:43:25.270+0000] {logging_mixin.py:190} INFO - [2025-02-14T23:43:25.270+0000] {dag.py:4180} INFO - Setting next_dagrun for dataset_s3_bucket_consumer to None, run_after=None
[2025-02-14T23:43:25.274+0000] {logging_mixin.py:190} INFO - [2025-02-14T23:43:25.273+0000] {dag.py:4180} INFO - Setting next_dagrun for dataset_s3_bucket_producer to None, run_after=None
[2025-02-14T23:43:25.297+0000] {processor.py:208} INFO - Processing /home/airflow/.local/lib/python3.12/site-packages/airflow/example_dags/example_dataset_alias.py took 0.722 seconds
[2025-02-14T23:43:56.235+0000] {processor.py:186} INFO - Started process (PID=979) to work on /home/airflow/.local/lib/python3.12/site-packages/airflow/example_dags/example_dataset_alias.py
[2025-02-14T23:43:56.236+0000] {processor.py:914} INFO - Processing file /home/airflow/.local/lib/python3.12/site-packages/airflow/example_dags/example_dataset_alias.py for tasks to queue
[2025-02-14T23:43:56.238+0000] {logging_mixin.py:190} INFO - [2025-02-14T23:43:56.237+0000] {dagbag.py:588} INFO - Filling up the DagBag from /home/airflow/.local/lib/python3.12/site-packages/airflow/example_dags/example_dataset_alias.py
[2025-02-14T23:43:56.790+0000] {processor.py:925} INFO - DAG(s) 'dataset_s3_bucket_producer', 'dataset_alias_example_alias_consumer', 'dataset_alias_example_alias_producer', 'dataset_s3_bucket_consumer' retrieved from /home/airflow/.local/lib/python3.12/site-packages/airflow/example_dags/example_dataset_alias.py
[2025-02-14T23:43:56.801+0000] {logging_mixin.py:190} INFO - [2025-02-14T23:43:56.801+0000] {dag.py:3239} INFO - Sync 4 DAGs
[2025-02-14T23:43:56.813+0000] {logging_mixin.py:190} INFO - [2025-02-14T23:43:56.813+0000] {dag.py:4180} INFO - Setting next_dagrun for dataset_alias_example_alias_consumer to None, run_after=None
[2025-02-14T23:43:56.814+0000] {logging_mixin.py:190} INFO - [2025-02-14T23:43:56.814+0000] {dag.py:4180} INFO - Setting next_dagrun for dataset_alias_example_alias_producer to None, run_after=None
[2025-02-14T23:43:56.815+0000] {logging_mixin.py:190} INFO - [2025-02-14T23:43:56.815+0000] {dag.py:4180} INFO - Setting next_dagrun for dataset_s3_bucket_consumer to None, run_after=None
[2025-02-14T23:43:56.816+0000] {logging_mixin.py:190} INFO - [2025-02-14T23:43:56.816+0000] {dag.py:4180} INFO - Setting next_dagrun for dataset_s3_bucket_producer to None, run_after=None
[2025-02-14T23:43:56.826+0000] {processor.py:208} INFO - Processing /home/airflow/.local/lib/python3.12/site-packages/airflow/example_dags/example_dataset_alias.py took 0.596 seconds
[2025-02-14T23:44:27.017+0000] {processor.py:186} INFO - Started process (PID=1041) to work on /home/airflow/.local/lib/python3.12/site-packages/airflow/example_dags/example_dataset_alias.py
[2025-02-14T23:44:27.018+0000] {processor.py:914} INFO - Processing file /home/airflow/.local/lib/python3.12/site-packages/airflow/example_dags/example_dataset_alias.py for tasks to queue
[2025-02-14T23:44:27.020+0000] {logging_mixin.py:190} INFO - [2025-02-14T23:44:27.020+0000] {dagbag.py:588} INFO - Filling up the DagBag from /home/airflow/.local/lib/python3.12/site-packages/airflow/example_dags/example_dataset_alias.py
[2025-02-14T23:44:27.409+0000] {processor.py:925} INFO - DAG(s) 'dataset_alias_example_alias_producer', 'dataset_s3_bucket_consumer', 'dataset_alias_example_alias_consumer', 'dataset_s3_bucket_producer' retrieved from /home/airflow/.local/lib/python3.12/site-packages/airflow/example_dags/example_dataset_alias.py
[2025-02-14T23:44:27.421+0000] {logging_mixin.py:190} INFO - [2025-02-14T23:44:27.420+0000] {dag.py:3239} INFO - Sync 4 DAGs
[2025-02-14T23:44:27.432+0000] {logging_mixin.py:190} INFO - [2025-02-14T23:44:27.432+0000] {dag.py:4180} INFO - Setting next_dagrun for dataset_alias_example_alias_consumer to None, run_after=None
[2025-02-14T23:44:27.433+0000] {logging_mixin.py:190} INFO - [2025-02-14T23:44:27.433+0000] {dag.py:4180} INFO - Setting next_dagrun for dataset_alias_example_alias_producer to None, run_after=None
[2025-02-14T23:44:27.434+0000] {logging_mixin.py:190} INFO - [2025-02-14T23:44:27.434+0000] {dag.py:4180} INFO - Setting next_dagrun for dataset_s3_bucket_consumer to None, run_after=None
[2025-02-14T23:44:27.435+0000] {logging_mixin.py:190} INFO - [2025-02-14T23:44:27.435+0000] {dag.py:4180} INFO - Setting next_dagrun for dataset_s3_bucket_producer to None, run_after=None
[2025-02-14T23:44:27.445+0000] {processor.py:208} INFO - Processing /home/airflow/.local/lib/python3.12/site-packages/airflow/example_dags/example_dataset_alias.py took 0.434 seconds
[2025-02-14T23:44:57.884+0000] {processor.py:186} INFO - Started process (PID=1104) to work on /home/airflow/.local/lib/python3.12/site-packages/airflow/example_dags/example_dataset_alias.py
[2025-02-14T23:44:57.884+0000] {processor.py:914} INFO - Processing file /home/airflow/.local/lib/python3.12/site-packages/airflow/example_dags/example_dataset_alias.py for tasks to queue
[2025-02-14T23:44:57.886+0000] {logging_mixin.py:190} INFO - [2025-02-14T23:44:57.886+0000] {dagbag.py:588} INFO - Filling up the DagBag from /home/airflow/.local/lib/python3.12/site-packages/airflow/example_dags/example_dataset_alias.py
[2025-02-14T23:44:58.290+0000] {processor.py:925} INFO - DAG(s) 'dataset_s3_bucket_producer', 'dataset_alias_example_alias_producer', 'dataset_s3_bucket_consumer', 'dataset_alias_example_alias_consumer' retrieved from /home/airflow/.local/lib/python3.12/site-packages/airflow/example_dags/example_dataset_alias.py
[2025-02-14T23:44:58.301+0000] {logging_mixin.py:190} INFO - [2025-02-14T23:44:58.301+0000] {dag.py:3239} INFO - Sync 4 DAGs
[2025-02-14T23:44:58.315+0000] {logging_mixin.py:190} INFO - [2025-02-14T23:44:58.315+0000] {dag.py:4180} INFO - Setting next_dagrun for dataset_alias_example_alias_consumer to None, run_after=None
[2025-02-14T23:44:58.317+0000] {logging_mixin.py:190} INFO - [2025-02-14T23:44:58.317+0000] {dag.py:4180} INFO - Setting next_dagrun for dataset_alias_example_alias_producer to None, run_after=None
[2025-02-14T23:44:58.318+0000] {logging_mixin.py:190} INFO - [2025-02-14T23:44:58.318+0000] {dag.py:4180} INFO - Setting next_dagrun for dataset_s3_bucket_consumer to None, run_after=None
[2025-02-14T23:44:58.318+0000] {logging_mixin.py:190} INFO - [2025-02-14T23:44:58.318+0000] {dag.py:4180} INFO - Setting next_dagrun for dataset_s3_bucket_producer to None, run_after=None
[2025-02-14T23:44:58.329+0000] {processor.py:208} INFO - Processing /home/airflow/.local/lib/python3.12/site-packages/airflow/example_dags/example_dataset_alias.py took 0.451 seconds
[2025-02-14T23:45:29.142+0000] {processor.py:186} INFO - Started process (PID=1169) to work on /home/airflow/.local/lib/python3.12/site-packages/airflow/example_dags/example_dataset_alias.py
[2025-02-14T23:45:29.142+0000] {processor.py:914} INFO - Processing file /home/airflow/.local/lib/python3.12/site-packages/airflow/example_dags/example_dataset_alias.py for tasks to queue
[2025-02-14T23:45:29.144+0000] {logging_mixin.py:190} INFO - [2025-02-14T23:45:29.144+0000] {dagbag.py:588} INFO - Filling up the DagBag from /home/airflow/.local/lib/python3.12/site-packages/airflow/example_dags/example_dataset_alias.py
[2025-02-14T23:45:29.550+0000] {processor.py:925} INFO - DAG(s) 'dataset_alias_example_alias_producer', 'dataset_s3_bucket_consumer', 'dataset_alias_example_alias_consumer', 'dataset_s3_bucket_producer' retrieved from /home/airflow/.local/lib/python3.12/site-packages/airflow/example_dags/example_dataset_alias.py
[2025-02-14T23:45:29.561+0000] {logging_mixin.py:190} INFO - [2025-02-14T23:45:29.561+0000] {dag.py:3239} INFO - Sync 4 DAGs
[2025-02-14T23:45:29.574+0000] {logging_mixin.py:190} INFO - [2025-02-14T23:45:29.574+0000] {dag.py:4180} INFO - Setting next_dagrun for dataset_alias_example_alias_consumer to None, run_after=None
[2025-02-14T23:45:29.576+0000] {logging_mixin.py:190} INFO - [2025-02-14T23:45:29.576+0000] {dag.py:4180} INFO - Setting next_dagrun for dataset_alias_example_alias_producer to None, run_after=None
[2025-02-14T23:45:29.579+0000] {logging_mixin.py:190} INFO - [2025-02-14T23:45:29.578+0000] {dag.py:4180} INFO - Setting next_dagrun for dataset_s3_bucket_consumer to None, run_after=None
[2025-02-14T23:45:29.579+0000] {logging_mixin.py:190} INFO - [2025-02-14T23:45:29.579+0000] {dag.py:4180} INFO - Setting next_dagrun for dataset_s3_bucket_producer to None, run_after=None
[2025-02-14T23:45:29.592+0000] {processor.py:208} INFO - Processing /home/airflow/.local/lib/python3.12/site-packages/airflow/example_dags/example_dataset_alias.py took 0.456 seconds
[2025-02-14T23:46:00.399+0000] {processor.py:186} INFO - Started process (PID=1232) to work on /home/airflow/.local/lib/python3.12/site-packages/airflow/example_dags/example_dataset_alias.py
[2025-02-14T23:46:00.400+0000] {processor.py:914} INFO - Processing file /home/airflow/.local/lib/python3.12/site-packages/airflow/example_dags/example_dataset_alias.py for tasks to queue
[2025-02-14T23:46:00.401+0000] {logging_mixin.py:190} INFO - [2025-02-14T23:46:00.401+0000] {dagbag.py:588} INFO - Filling up the DagBag from /home/airflow/.local/lib/python3.12/site-packages/airflow/example_dags/example_dataset_alias.py
[2025-02-14T23:46:00.761+0000] {processor.py:925} INFO - DAG(s) 'dataset_s3_bucket_producer', 'dataset_alias_example_alias_consumer', 'dataset_alias_example_alias_producer', 'dataset_s3_bucket_consumer' retrieved from /home/airflow/.local/lib/python3.12/site-packages/airflow/example_dags/example_dataset_alias.py
[2025-02-14T23:46:00.772+0000] {logging_mixin.py:190} INFO - [2025-02-14T23:46:00.772+0000] {dag.py:3239} INFO - Sync 4 DAGs
[2025-02-14T23:46:00.786+0000] {logging_mixin.py:190} INFO - [2025-02-14T23:46:00.785+0000] {dag.py:4180} INFO - Setting next_dagrun for dataset_alias_example_alias_consumer to None, run_after=None
[2025-02-14T23:46:00.787+0000] {logging_mixin.py:190} INFO - [2025-02-14T23:46:00.787+0000] {dag.py:4180} INFO - Setting next_dagrun for dataset_alias_example_alias_producer to None, run_after=None
[2025-02-14T23:46:00.789+0000] {logging_mixin.py:190} INFO - [2025-02-14T23:46:00.788+0000] {dag.py:4180} INFO - Setting next_dagrun for dataset_s3_bucket_consumer to None, run_after=None
[2025-02-14T23:46:00.790+0000] {logging_mixin.py:190} INFO - [2025-02-14T23:46:00.790+0000] {dag.py:4180} INFO - Setting next_dagrun for dataset_s3_bucket_producer to None, run_after=None
[2025-02-14T23:46:00.800+0000] {processor.py:208} INFO - Processing /home/airflow/.local/lib/python3.12/site-packages/airflow/example_dags/example_dataset_alias.py took 0.404 seconds
[2025-02-14T23:46:31.708+0000] {processor.py:186} INFO - Started process (PID=1295) to work on /home/airflow/.local/lib/python3.12/site-packages/airflow/example_dags/example_dataset_alias.py
[2025-02-14T23:46:31.709+0000] {processor.py:914} INFO - Processing file /home/airflow/.local/lib/python3.12/site-packages/airflow/example_dags/example_dataset_alias.py for tasks to queue
[2025-02-14T23:46:31.711+0000] {logging_mixin.py:190} INFO - [2025-02-14T23:46:31.710+0000] {dagbag.py:588} INFO - Filling up the DagBag from /home/airflow/.local/lib/python3.12/site-packages/airflow/example_dags/example_dataset_alias.py
[2025-02-14T23:46:32.246+0000] {processor.py:925} INFO - DAG(s) 'dataset_alias_example_alias_consumer', 'dataset_alias_example_alias_producer', 'dataset_s3_bucket_consumer', 'dataset_s3_bucket_producer' retrieved from /home/airflow/.local/lib/python3.12/site-packages/airflow/example_dags/example_dataset_alias.py
[2025-02-14T23:46:32.263+0000] {logging_mixin.py:190} INFO - [2025-02-14T23:46:32.262+0000] {dag.py:3239} INFO - Sync 4 DAGs
[2025-02-14T23:46:32.279+0000] {logging_mixin.py:190} INFO - [2025-02-14T23:46:32.279+0000] {dag.py:4180} INFO - Setting next_dagrun for dataset_alias_example_alias_consumer to None, run_after=None
[2025-02-14T23:46:32.281+0000] {logging_mixin.py:190} INFO - [2025-02-14T23:46:32.281+0000] {dag.py:4180} INFO - Setting next_dagrun for dataset_alias_example_alias_producer to None, run_after=None
[2025-02-14T23:46:32.282+0000] {logging_mixin.py:190} INFO - [2025-02-14T23:46:32.282+0000] {dag.py:4180} INFO - Setting next_dagrun for dataset_s3_bucket_consumer to None, run_after=None
[2025-02-14T23:46:32.283+0000] {logging_mixin.py:190} INFO - [2025-02-14T23:46:32.283+0000] {dag.py:4180} INFO - Setting next_dagrun for dataset_s3_bucket_producer to None, run_after=None
[2025-02-14T23:46:32.295+0000] {processor.py:208} INFO - Processing /home/airflow/.local/lib/python3.12/site-packages/airflow/example_dags/example_dataset_alias.py took 0.592 seconds
[2025-02-14T23:47:02.370+0000] {processor.py:186} INFO - Started process (PID=1358) to work on /home/airflow/.local/lib/python3.12/site-packages/airflow/example_dags/example_dataset_alias.py
[2025-02-14T23:47:02.371+0000] {processor.py:914} INFO - Processing file /home/airflow/.local/lib/python3.12/site-packages/airflow/example_dags/example_dataset_alias.py for tasks to queue
[2025-02-14T23:47:02.372+0000] {logging_mixin.py:190} INFO - [2025-02-14T23:47:02.372+0000] {dagbag.py:588} INFO - Filling up the DagBag from /home/airflow/.local/lib/python3.12/site-packages/airflow/example_dags/example_dataset_alias.py
[2025-02-14T23:47:02.743+0000] {processor.py:925} INFO - DAG(s) 'dataset_alias_example_alias_consumer', 'dataset_s3_bucket_producer', 'dataset_alias_example_alias_producer', 'dataset_s3_bucket_consumer' retrieved from /home/airflow/.local/lib/python3.12/site-packages/airflow/example_dags/example_dataset_alias.py
[2025-02-14T23:47:02.758+0000] {logging_mixin.py:190} INFO - [2025-02-14T23:47:02.758+0000] {dag.py:3239} INFO - Sync 4 DAGs
[2025-02-14T23:47:02.772+0000] {logging_mixin.py:190} INFO - [2025-02-14T23:47:02.772+0000] {dag.py:4180} INFO - Setting next_dagrun for dataset_alias_example_alias_consumer to None, run_after=None
[2025-02-14T23:47:02.775+0000] {logging_mixin.py:190} INFO - [2025-02-14T23:47:02.775+0000] {dag.py:4180} INFO - Setting next_dagrun for dataset_alias_example_alias_producer to None, run_after=None
[2025-02-14T23:47:02.776+0000] {logging_mixin.py:190} INFO - [2025-02-14T23:47:02.776+0000] {dag.py:4180} INFO - Setting next_dagrun for dataset_s3_bucket_consumer to None, run_after=None
[2025-02-14T23:47:02.779+0000] {logging_mixin.py:190} INFO - [2025-02-14T23:47:02.778+0000] {dag.py:4180} INFO - Setting next_dagrun for dataset_s3_bucket_producer to None, run_after=None
[2025-02-14T23:47:02.796+0000] {processor.py:208} INFO - Processing /home/airflow/.local/lib/python3.12/site-packages/airflow/example_dags/example_dataset_alias.py took 0.430 seconds
[2025-02-14T23:47:32.936+0000] {processor.py:186} INFO - Started process (PID=1420) to work on /home/airflow/.local/lib/python3.12/site-packages/airflow/example_dags/example_dataset_alias.py
[2025-02-14T23:47:32.937+0000] {processor.py:914} INFO - Processing file /home/airflow/.local/lib/python3.12/site-packages/airflow/example_dags/example_dataset_alias.py for tasks to queue
[2025-02-14T23:47:32.939+0000] {logging_mixin.py:190} INFO - [2025-02-14T23:47:32.938+0000] {dagbag.py:588} INFO - Filling up the DagBag from /home/airflow/.local/lib/python3.12/site-packages/airflow/example_dags/example_dataset_alias.py
[2025-02-14T23:47:33.371+0000] {processor.py:925} INFO - DAG(s) 'dataset_alias_example_alias_producer', 'dataset_s3_bucket_consumer', 'dataset_alias_example_alias_consumer', 'dataset_s3_bucket_producer' retrieved from /home/airflow/.local/lib/python3.12/site-packages/airflow/example_dags/example_dataset_alias.py
[2025-02-14T23:47:33.384+0000] {logging_mixin.py:190} INFO - [2025-02-14T23:47:33.383+0000] {dag.py:3239} INFO - Sync 4 DAGs
[2025-02-14T23:47:33.395+0000] {logging_mixin.py:190} INFO - [2025-02-14T23:47:33.395+0000] {dag.py:4180} INFO - Setting next_dagrun for dataset_alias_example_alias_consumer to None, run_after=None
[2025-02-14T23:47:33.397+0000] {logging_mixin.py:190} INFO - [2025-02-14T23:47:33.397+0000] {dag.py:4180} INFO - Setting next_dagrun for dataset_alias_example_alias_producer to None, run_after=None
[2025-02-14T23:47:33.399+0000] {logging_mixin.py:190} INFO - [2025-02-14T23:47:33.399+0000] {dag.py:4180} INFO - Setting next_dagrun for dataset_s3_bucket_consumer to None, run_after=None
[2025-02-14T23:47:33.400+0000] {logging_mixin.py:190} INFO - [2025-02-14T23:47:33.399+0000] {dag.py:4180} INFO - Setting next_dagrun for dataset_s3_bucket_producer to None, run_after=None
[2025-02-14T23:47:33.413+0000] {processor.py:208} INFO - Processing /home/airflow/.local/lib/python3.12/site-packages/airflow/example_dags/example_dataset_alias.py took 0.486 seconds
[2025-02-14T23:48:04.359+0000] {processor.py:186} INFO - Started process (PID=1483) to work on /home/airflow/.local/lib/python3.12/site-packages/airflow/example_dags/example_dataset_alias.py
[2025-02-14T23:48:04.360+0000] {processor.py:914} INFO - Processing file /home/airflow/.local/lib/python3.12/site-packages/airflow/example_dags/example_dataset_alias.py for tasks to queue
[2025-02-14T23:48:04.362+0000] {logging_mixin.py:190} INFO - [2025-02-14T23:48:04.361+0000] {dagbag.py:588} INFO - Filling up the DagBag from /home/airflow/.local/lib/python3.12/site-packages/airflow/example_dags/example_dataset_alias.py
[2025-02-14T23:48:04.804+0000] {processor.py:925} INFO - DAG(s) 'dataset_alias_example_alias_consumer', 'dataset_s3_bucket_consumer', 'dataset_alias_example_alias_producer', 'dataset_s3_bucket_producer' retrieved from /home/airflow/.local/lib/python3.12/site-packages/airflow/example_dags/example_dataset_alias.py
[2025-02-14T23:48:04.820+0000] {logging_mixin.py:190} INFO - [2025-02-14T23:48:04.820+0000] {dag.py:3239} INFO - Sync 4 DAGs
[2025-02-14T23:48:04.832+0000] {logging_mixin.py:190} INFO - [2025-02-14T23:48:04.832+0000] {dag.py:4180} INFO - Setting next_dagrun for dataset_alias_example_alias_consumer to None, run_after=None
[2025-02-14T23:48:04.836+0000] {logging_mixin.py:190} INFO - [2025-02-14T23:48:04.836+0000] {dag.py:4180} INFO - Setting next_dagrun for dataset_alias_example_alias_producer to None, run_after=None
[2025-02-14T23:48:04.837+0000] {logging_mixin.py:190} INFO - [2025-02-14T23:48:04.837+0000] {dag.py:4180} INFO - Setting next_dagrun for dataset_s3_bucket_consumer to None, run_after=None
[2025-02-14T23:48:04.838+0000] {logging_mixin.py:190} INFO - [2025-02-14T23:48:04.838+0000] {dag.py:4180} INFO - Setting next_dagrun for dataset_s3_bucket_producer to None, run_after=None
[2025-02-14T23:48:04.850+0000] {processor.py:208} INFO - Processing /home/airflow/.local/lib/python3.12/site-packages/airflow/example_dags/example_dataset_alias.py took 0.496 seconds
[2025-02-14T23:48:35.686+0000] {processor.py:186} INFO - Started process (PID=1546) to work on /home/airflow/.local/lib/python3.12/site-packages/airflow/example_dags/example_dataset_alias.py
[2025-02-14T23:48:35.687+0000] {processor.py:914} INFO - Processing file /home/airflow/.local/lib/python3.12/site-packages/airflow/example_dags/example_dataset_alias.py for tasks to queue
[2025-02-14T23:48:35.689+0000] {logging_mixin.py:190} INFO - [2025-02-14T23:48:35.688+0000] {dagbag.py:588} INFO - Filling up the DagBag from /home/airflow/.local/lib/python3.12/site-packages/airflow/example_dags/example_dataset_alias.py
[2025-02-14T23:48:36.057+0000] {processor.py:925} INFO - DAG(s) 'dataset_alias_example_alias_consumer', 'dataset_s3_bucket_producer', 'dataset_alias_example_alias_producer', 'dataset_s3_bucket_consumer' retrieved from /home/airflow/.local/lib/python3.12/site-packages/airflow/example_dags/example_dataset_alias.py
[2025-02-14T23:48:36.071+0000] {logging_mixin.py:190} INFO - [2025-02-14T23:48:36.071+0000] {dag.py:3239} INFO - Sync 4 DAGs
[2025-02-14T23:48:36.083+0000] {logging_mixin.py:190} INFO - [2025-02-14T23:48:36.083+0000] {dag.py:4180} INFO - Setting next_dagrun for dataset_alias_example_alias_consumer to None, run_after=None
[2025-02-14T23:48:36.085+0000] {logging_mixin.py:190} INFO - [2025-02-14T23:48:36.085+0000] {dag.py:4180} INFO - Setting next_dagrun for dataset_alias_example_alias_producer to None, run_after=None
[2025-02-14T23:48:36.087+0000] {logging_mixin.py:190} INFO - [2025-02-14T23:48:36.087+0000] {dag.py:4180} INFO - Setting next_dagrun for dataset_s3_bucket_consumer to None, run_after=None
[2025-02-14T23:48:36.089+0000] {logging_mixin.py:190} INFO - [2025-02-14T23:48:36.089+0000] {dag.py:4180} INFO - Setting next_dagrun for dataset_s3_bucket_producer to None, run_after=None
[2025-02-14T23:48:36.101+0000] {processor.py:208} INFO - Processing /home/airflow/.local/lib/python3.12/site-packages/airflow/example_dags/example_dataset_alias.py took 0.419 seconds
[2025-02-14T23:49:07.039+0000] {processor.py:186} INFO - Started process (PID=1609) to work on /home/airflow/.local/lib/python3.12/site-packages/airflow/example_dags/example_dataset_alias.py
[2025-02-14T23:49:07.040+0000] {processor.py:914} INFO - Processing file /home/airflow/.local/lib/python3.12/site-packages/airflow/example_dags/example_dataset_alias.py for tasks to queue
[2025-02-14T23:49:07.042+0000] {logging_mixin.py:190} INFO - [2025-02-14T23:49:07.041+0000] {dagbag.py:588} INFO - Filling up the DagBag from /home/airflow/.local/lib/python3.12/site-packages/airflow/example_dags/example_dataset_alias.py
[2025-02-14T23:49:07.443+0000] {processor.py:925} INFO - DAG(s) 'dataset_s3_bucket_producer', 'dataset_alias_example_alias_producer', 'dataset_s3_bucket_consumer', 'dataset_alias_example_alias_consumer' retrieved from /home/airflow/.local/lib/python3.12/site-packages/airflow/example_dags/example_dataset_alias.py
[2025-02-14T23:49:07.458+0000] {logging_mixin.py:190} INFO - [2025-02-14T23:49:07.458+0000] {dag.py:3239} INFO - Sync 4 DAGs
[2025-02-14T23:49:07.470+0000] {logging_mixin.py:190} INFO - [2025-02-14T23:49:07.470+0000] {dag.py:4180} INFO - Setting next_dagrun for dataset_alias_example_alias_consumer to None, run_after=None
[2025-02-14T23:49:07.473+0000] {logging_mixin.py:190} INFO - [2025-02-14T23:49:07.473+0000] {dag.py:4180} INFO - Setting next_dagrun for dataset_alias_example_alias_producer to None, run_after=None
[2025-02-14T23:49:07.475+0000] {logging_mixin.py:190} INFO - [2025-02-14T23:49:07.475+0000] {dag.py:4180} INFO - Setting next_dagrun for dataset_s3_bucket_consumer to None, run_after=None
[2025-02-14T23:49:07.476+0000] {logging_mixin.py:190} INFO - [2025-02-14T23:49:07.476+0000] {dag.py:4180} INFO - Setting next_dagrun for dataset_s3_bucket_producer to None, run_after=None
[2025-02-14T23:49:07.496+0000] {processor.py:208} INFO - Processing /home/airflow/.local/lib/python3.12/site-packages/airflow/example_dags/example_dataset_alias.py took 0.463 seconds
[2025-02-14T23:49:38.246+0000] {processor.py:186} INFO - Started process (PID=1672) to work on /home/airflow/.local/lib/python3.12/site-packages/airflow/example_dags/example_dataset_alias.py
[2025-02-14T23:49:38.246+0000] {processor.py:914} INFO - Processing file /home/airflow/.local/lib/python3.12/site-packages/airflow/example_dags/example_dataset_alias.py for tasks to queue
[2025-02-14T23:49:38.248+0000] {logging_mixin.py:190} INFO - [2025-02-14T23:49:38.247+0000] {dagbag.py:588} INFO - Filling up the DagBag from /home/airflow/.local/lib/python3.12/site-packages/airflow/example_dags/example_dataset_alias.py
[2025-02-14T23:49:38.614+0000] {processor.py:925} INFO - DAG(s) 'dataset_s3_bucket_producer', 'dataset_alias_example_alias_consumer', 'dataset_s3_bucket_consumer', 'dataset_alias_example_alias_producer' retrieved from /home/airflow/.local/lib/python3.12/site-packages/airflow/example_dags/example_dataset_alias.py
[2025-02-14T23:49:38.625+0000] {logging_mixin.py:190} INFO - [2025-02-14T23:49:38.625+0000] {dag.py:3239} INFO - Sync 4 DAGs
[2025-02-14T23:49:38.636+0000] {logging_mixin.py:190} INFO - [2025-02-14T23:49:38.636+0000] {dag.py:4180} INFO - Setting next_dagrun for dataset_alias_example_alias_consumer to None, run_after=None
[2025-02-14T23:49:38.637+0000] {logging_mixin.py:190} INFO - [2025-02-14T23:49:38.637+0000] {dag.py:4180} INFO - Setting next_dagrun for dataset_alias_example_alias_producer to None, run_after=None
[2025-02-14T23:49:38.639+0000] {logging_mixin.py:190} INFO - [2025-02-14T23:49:38.639+0000] {dag.py:4180} INFO - Setting next_dagrun for dataset_s3_bucket_consumer to None, run_after=None
[2025-02-14T23:49:38.640+0000] {logging_mixin.py:190} INFO - [2025-02-14T23:49:38.640+0000] {dag.py:4180} INFO - Setting next_dagrun for dataset_s3_bucket_producer to None, run_after=None
[2025-02-14T23:49:38.655+0000] {processor.py:208} INFO - Processing /home/airflow/.local/lib/python3.12/site-packages/airflow/example_dags/example_dataset_alias.py took 0.414 seconds
[2025-02-14T23:50:09.579+0000] {processor.py:186} INFO - Started process (PID=1735) to work on /home/airflow/.local/lib/python3.12/site-packages/airflow/example_dags/example_dataset_alias.py
[2025-02-14T23:50:09.580+0000] {processor.py:914} INFO - Processing file /home/airflow/.local/lib/python3.12/site-packages/airflow/example_dags/example_dataset_alias.py for tasks to queue
[2025-02-14T23:50:09.581+0000] {logging_mixin.py:190} INFO - [2025-02-14T23:50:09.581+0000] {dagbag.py:588} INFO - Filling up the DagBag from /home/airflow/.local/lib/python3.12/site-packages/airflow/example_dags/example_dataset_alias.py
[2025-02-14T23:50:09.954+0000] {processor.py:925} INFO - DAG(s) 'dataset_alias_example_alias_producer', 'dataset_alias_example_alias_consumer', 'dataset_s3_bucket_producer', 'dataset_s3_bucket_consumer' retrieved from /home/airflow/.local/lib/python3.12/site-packages/airflow/example_dags/example_dataset_alias.py
[2025-02-14T23:50:09.969+0000] {logging_mixin.py:190} INFO - [2025-02-14T23:50:09.969+0000] {dag.py:3239} INFO - Sync 4 DAGs
[2025-02-14T23:50:09.982+0000] {logging_mixin.py:190} INFO - [2025-02-14T23:50:09.982+0000] {dag.py:4180} INFO - Setting next_dagrun for dataset_alias_example_alias_consumer to None, run_after=None
[2025-02-14T23:50:09.985+0000] {logging_mixin.py:190} INFO - [2025-02-14T23:50:09.985+0000] {dag.py:4180} INFO - Setting next_dagrun for dataset_alias_example_alias_producer to None, run_after=None
[2025-02-14T23:50:09.986+0000] {logging_mixin.py:190} INFO - [2025-02-14T23:50:09.986+0000] {dag.py:4180} INFO - Setting next_dagrun for dataset_s3_bucket_consumer to None, run_after=None
[2025-02-14T23:50:09.988+0000] {logging_mixin.py:190} INFO - [2025-02-14T23:50:09.988+0000] {dag.py:4180} INFO - Setting next_dagrun for dataset_s3_bucket_producer to None, run_after=None
[2025-02-14T23:50:10.002+0000] {processor.py:208} INFO - Processing /home/airflow/.local/lib/python3.12/site-packages/airflow/example_dags/example_dataset_alias.py took 0.429 seconds
[2025-02-14T23:50:40.767+0000] {processor.py:186} INFO - Started process (PID=1798) to work on /home/airflow/.local/lib/python3.12/site-packages/airflow/example_dags/example_dataset_alias.py
[2025-02-14T23:50:40.768+0000] {processor.py:914} INFO - Processing file /home/airflow/.local/lib/python3.12/site-packages/airflow/example_dags/example_dataset_alias.py for tasks to queue
[2025-02-14T23:50:40.771+0000] {logging_mixin.py:190} INFO - [2025-02-14T23:50:40.770+0000] {dagbag.py:588} INFO - Filling up the DagBag from /home/airflow/.local/lib/python3.12/site-packages/airflow/example_dags/example_dataset_alias.py
[2025-02-14T23:50:41.167+0000] {processor.py:925} INFO - DAG(s) 'dataset_s3_bucket_producer', 'dataset_alias_example_alias_consumer', 'dataset_alias_example_alias_producer', 'dataset_s3_bucket_consumer' retrieved from /home/airflow/.local/lib/python3.12/site-packages/airflow/example_dags/example_dataset_alias.py
[2025-02-14T23:50:41.181+0000] {logging_mixin.py:190} INFO - [2025-02-14T23:50:41.180+0000] {dag.py:3239} INFO - Sync 4 DAGs
[2025-02-14T23:50:41.193+0000] {logging_mixin.py:190} INFO - [2025-02-14T23:50:41.193+0000] {dag.py:4180} INFO - Setting next_dagrun for dataset_alias_example_alias_consumer to None, run_after=None
[2025-02-14T23:50:41.195+0000] {logging_mixin.py:190} INFO - [2025-02-14T23:50:41.195+0000] {dag.py:4180} INFO - Setting next_dagrun for dataset_alias_example_alias_producer to None, run_after=None
[2025-02-14T23:50:41.196+0000] {logging_mixin.py:190} INFO - [2025-02-14T23:50:41.196+0000] {dag.py:4180} INFO - Setting next_dagrun for dataset_s3_bucket_consumer to None, run_after=None
[2025-02-14T23:50:41.197+0000] {logging_mixin.py:190} INFO - [2025-02-14T23:50:41.197+0000] {dag.py:4180} INFO - Setting next_dagrun for dataset_s3_bucket_producer to None, run_after=None
[2025-02-14T23:50:41.210+0000] {processor.py:208} INFO - Processing /home/airflow/.local/lib/python3.12/site-packages/airflow/example_dags/example_dataset_alias.py took 0.451 seconds
[2025-02-14T23:51:12.023+0000] {processor.py:186} INFO - Started process (PID=1861) to work on /home/airflow/.local/lib/python3.12/site-packages/airflow/example_dags/example_dataset_alias.py
[2025-02-14T23:51:12.023+0000] {processor.py:914} INFO - Processing file /home/airflow/.local/lib/python3.12/site-packages/airflow/example_dags/example_dataset_alias.py for tasks to queue
[2025-02-14T23:51:12.025+0000] {logging_mixin.py:190} INFO - [2025-02-14T23:51:12.025+0000] {dagbag.py:588} INFO - Filling up the DagBag from /home/airflow/.local/lib/python3.12/site-packages/airflow/example_dags/example_dataset_alias.py
[2025-02-14T23:51:12.431+0000] {processor.py:925} INFO - DAG(s) 'dataset_alias_example_alias_producer', 'dataset_alias_example_alias_consumer', 'dataset_s3_bucket_consumer', 'dataset_s3_bucket_producer' retrieved from /home/airflow/.local/lib/python3.12/site-packages/airflow/example_dags/example_dataset_alias.py
[2025-02-14T23:51:12.445+0000] {logging_mixin.py:190} INFO - [2025-02-14T23:51:12.445+0000] {dag.py:3239} INFO - Sync 4 DAGs
[2025-02-14T23:51:12.462+0000] {logging_mixin.py:190} INFO - [2025-02-14T23:51:12.462+0000] {dag.py:4180} INFO - Setting next_dagrun for dataset_alias_example_alias_consumer to None, run_after=None
[2025-02-14T23:51:12.465+0000] {logging_mixin.py:190} INFO - [2025-02-14T23:51:12.465+0000] {dag.py:4180} INFO - Setting next_dagrun for dataset_alias_example_alias_producer to None, run_after=None
[2025-02-14T23:51:12.469+0000] {logging_mixin.py:190} INFO - [2025-02-14T23:51:12.469+0000] {dag.py:4180} INFO - Setting next_dagrun for dataset_s3_bucket_consumer to None, run_after=None
[2025-02-14T23:51:12.469+0000] {logging_mixin.py:190} INFO - [2025-02-14T23:51:12.469+0000] {dag.py:4180} INFO - Setting next_dagrun for dataset_s3_bucket_producer to None, run_after=None
[2025-02-14T23:51:12.485+0000] {processor.py:208} INFO - Processing /home/airflow/.local/lib/python3.12/site-packages/airflow/example_dags/example_dataset_alias.py took 0.467 seconds
[2025-02-14T23:51:43.431+0000] {processor.py:186} INFO - Started process (PID=1924) to work on /home/airflow/.local/lib/python3.12/site-packages/airflow/example_dags/example_dataset_alias.py
[2025-02-14T23:51:43.432+0000] {processor.py:914} INFO - Processing file /home/airflow/.local/lib/python3.12/site-packages/airflow/example_dags/example_dataset_alias.py for tasks to queue
[2025-02-14T23:51:43.434+0000] {logging_mixin.py:190} INFO - [2025-02-14T23:51:43.434+0000] {dagbag.py:588} INFO - Filling up the DagBag from /home/airflow/.local/lib/python3.12/site-packages/airflow/example_dags/example_dataset_alias.py
[2025-02-14T23:51:43.797+0000] {processor.py:925} INFO - DAG(s) 'dataset_s3_bucket_producer', 'dataset_alias_example_alias_consumer', 'dataset_s3_bucket_consumer', 'dataset_alias_example_alias_producer' retrieved from /home/airflow/.local/lib/python3.12/site-packages/airflow/example_dags/example_dataset_alias.py
[2025-02-14T23:51:43.811+0000] {logging_mixin.py:190} INFO - [2025-02-14T23:51:43.811+0000] {dag.py:3239} INFO - Sync 4 DAGs
[2025-02-14T23:51:43.824+0000] {logging_mixin.py:190} INFO - [2025-02-14T23:51:43.823+0000] {dag.py:4180} INFO - Setting next_dagrun for dataset_alias_example_alias_consumer to None, run_after=None
[2025-02-14T23:51:43.825+0000] {logging_mixin.py:190} INFO - [2025-02-14T23:51:43.825+0000] {dag.py:4180} INFO - Setting next_dagrun for dataset_alias_example_alias_producer to None, run_after=None
[2025-02-14T23:51:43.826+0000] {logging_mixin.py:190} INFO - [2025-02-14T23:51:43.826+0000] {dag.py:4180} INFO - Setting next_dagrun for dataset_s3_bucket_consumer to None, run_after=None
[2025-02-14T23:51:43.827+0000] {logging_mixin.py:190} INFO - [2025-02-14T23:51:43.827+0000] {dag.py:4180} INFO - Setting next_dagrun for dataset_s3_bucket_producer to None, run_after=None
[2025-02-14T23:51:43.840+0000] {processor.py:208} INFO - Processing /home/airflow/.local/lib/python3.12/site-packages/airflow/example_dags/example_dataset_alias.py took 0.415 seconds
[2025-02-14T23:52:14.699+0000] {processor.py:186} INFO - Started process (PID=1987) to work on /home/airflow/.local/lib/python3.12/site-packages/airflow/example_dags/example_dataset_alias.py
[2025-02-14T23:52:14.699+0000] {processor.py:914} INFO - Processing file /home/airflow/.local/lib/python3.12/site-packages/airflow/example_dags/example_dataset_alias.py for tasks to queue
[2025-02-14T23:52:14.701+0000] {logging_mixin.py:190} INFO - [2025-02-14T23:52:14.700+0000] {dagbag.py:588} INFO - Filling up the DagBag from /home/airflow/.local/lib/python3.12/site-packages/airflow/example_dags/example_dataset_alias.py
[2025-02-14T23:52:15.083+0000] {processor.py:925} INFO - DAG(s) 'dataset_s3_bucket_consumer', 'dataset_s3_bucket_producer', 'dataset_alias_example_alias_consumer', 'dataset_alias_example_alias_producer' retrieved from /home/airflow/.local/lib/python3.12/site-packages/airflow/example_dags/example_dataset_alias.py
[2025-02-14T23:52:15.101+0000] {logging_mixin.py:190} INFO - [2025-02-14T23:52:15.101+0000] {dag.py:3239} INFO - Sync 4 DAGs
[2025-02-14T23:52:15.115+0000] {logging_mixin.py:190} INFO - [2025-02-14T23:52:15.115+0000] {dag.py:4180} INFO - Setting next_dagrun for dataset_alias_example_alias_consumer to None, run_after=None
[2025-02-14T23:52:15.119+0000] {logging_mixin.py:190} INFO - [2025-02-14T23:52:15.119+0000] {dag.py:4180} INFO - Setting next_dagrun for dataset_alias_example_alias_producer to None, run_after=None
[2025-02-14T23:52:15.121+0000] {logging_mixin.py:190} INFO - [2025-02-14T23:52:15.120+0000] {dag.py:4180} INFO - Setting next_dagrun for dataset_s3_bucket_consumer to None, run_after=None
[2025-02-14T23:52:15.121+0000] {logging_mixin.py:190} INFO - [2025-02-14T23:52:15.121+0000] {dag.py:4180} INFO - Setting next_dagrun for dataset_s3_bucket_producer to None, run_after=None
[2025-02-14T23:52:15.136+0000] {processor.py:208} INFO - Processing /home/airflow/.local/lib/python3.12/site-packages/airflow/example_dags/example_dataset_alias.py took 0.442 seconds
[2025-02-14T23:52:45.450+0000] {processor.py:186} INFO - Started process (PID=2050) to work on /home/airflow/.local/lib/python3.12/site-packages/airflow/example_dags/example_dataset_alias.py
[2025-02-14T23:52:45.451+0000] {processor.py:914} INFO - Processing file /home/airflow/.local/lib/python3.12/site-packages/airflow/example_dags/example_dataset_alias.py for tasks to queue
[2025-02-14T23:52:45.452+0000] {logging_mixin.py:190} INFO - [2025-02-14T23:52:45.452+0000] {dagbag.py:588} INFO - Filling up the DagBag from /home/airflow/.local/lib/python3.12/site-packages/airflow/example_dags/example_dataset_alias.py
[2025-02-14T23:52:45.844+0000] {processor.py:925} INFO - DAG(s) 'dataset_alias_example_alias_producer', 'dataset_s3_bucket_producer', 'dataset_alias_example_alias_consumer', 'dataset_s3_bucket_consumer' retrieved from /home/airflow/.local/lib/python3.12/site-packages/airflow/example_dags/example_dataset_alias.py
[2025-02-14T23:52:45.858+0000] {logging_mixin.py:190} INFO - [2025-02-14T23:52:45.858+0000] {dag.py:3239} INFO - Sync 4 DAGs
[2025-02-14T23:52:45.873+0000] {logging_mixin.py:190} INFO - [2025-02-14T23:52:45.873+0000] {dag.py:4180} INFO - Setting next_dagrun for dataset_alias_example_alias_consumer to None, run_after=None
[2025-02-14T23:52:45.875+0000] {logging_mixin.py:190} INFO - [2025-02-14T23:52:45.875+0000] {dag.py:4180} INFO - Setting next_dagrun for dataset_alias_example_alias_producer to None, run_after=None
[2025-02-14T23:52:45.876+0000] {logging_mixin.py:190} INFO - [2025-02-14T23:52:45.876+0000] {dag.py:4180} INFO - Setting next_dagrun for dataset_s3_bucket_consumer to None, run_after=None
[2025-02-14T23:52:45.877+0000] {logging_mixin.py:190} INFO - [2025-02-14T23:52:45.877+0000] {dag.py:4180} INFO - Setting next_dagrun for dataset_s3_bucket_producer to None, run_after=None
[2025-02-14T23:52:45.890+0000] {processor.py:208} INFO - Processing /home/airflow/.local/lib/python3.12/site-packages/airflow/example_dags/example_dataset_alias.py took 0.444 seconds
[2025-02-14T23:53:16.698+0000] {processor.py:186} INFO - Started process (PID=2113) to work on /home/airflow/.local/lib/python3.12/site-packages/airflow/example_dags/example_dataset_alias.py
[2025-02-14T23:53:16.699+0000] {processor.py:914} INFO - Processing file /home/airflow/.local/lib/python3.12/site-packages/airflow/example_dags/example_dataset_alias.py for tasks to queue
[2025-02-14T23:53:16.701+0000] {logging_mixin.py:190} INFO - [2025-02-14T23:53:16.700+0000] {dagbag.py:588} INFO - Filling up the DagBag from /home/airflow/.local/lib/python3.12/site-packages/airflow/example_dags/example_dataset_alias.py
[2025-02-14T23:53:17.080+0000] {processor.py:925} INFO - DAG(s) 'dataset_alias_example_alias_producer', 'dataset_s3_bucket_producer', 'dataset_alias_example_alias_consumer', 'dataset_s3_bucket_consumer' retrieved from /home/airflow/.local/lib/python3.12/site-packages/airflow/example_dags/example_dataset_alias.py
[2025-02-14T23:53:17.097+0000] {logging_mixin.py:190} INFO - [2025-02-14T23:53:17.097+0000] {dag.py:3239} INFO - Sync 4 DAGs
[2025-02-14T23:53:17.110+0000] {logging_mixin.py:190} INFO - [2025-02-14T23:53:17.110+0000] {dag.py:4180} INFO - Setting next_dagrun for dataset_alias_example_alias_consumer to None, run_after=None
[2025-02-14T23:53:17.112+0000] {logging_mixin.py:190} INFO - [2025-02-14T23:53:17.112+0000] {dag.py:4180} INFO - Setting next_dagrun for dataset_alias_example_alias_producer to None, run_after=None
[2025-02-14T23:53:17.114+0000] {logging_mixin.py:190} INFO - [2025-02-14T23:53:17.114+0000] {dag.py:4180} INFO - Setting next_dagrun for dataset_s3_bucket_consumer to None, run_after=None
[2025-02-14T23:53:17.115+0000] {logging_mixin.py:190} INFO - [2025-02-14T23:53:17.115+0000] {dag.py:4180} INFO - Setting next_dagrun for dataset_s3_bucket_producer to None, run_after=None
[2025-02-14T23:53:17.128+0000] {processor.py:208} INFO - Processing /home/airflow/.local/lib/python3.12/site-packages/airflow/example_dags/example_dataset_alias.py took 0.435 seconds
[2025-02-14T23:53:48.119+0000] {processor.py:186} INFO - Started process (PID=2176) to work on /home/airflow/.local/lib/python3.12/site-packages/airflow/example_dags/example_dataset_alias.py
[2025-02-14T23:53:48.119+0000] {processor.py:914} INFO - Processing file /home/airflow/.local/lib/python3.12/site-packages/airflow/example_dags/example_dataset_alias.py for tasks to queue
[2025-02-14T23:53:48.121+0000] {logging_mixin.py:190} INFO - [2025-02-14T23:53:48.121+0000] {dagbag.py:588} INFO - Filling up the DagBag from /home/airflow/.local/lib/python3.12/site-packages/airflow/example_dags/example_dataset_alias.py
[2025-02-14T23:53:48.514+0000] {processor.py:925} INFO - DAG(s) 'dataset_alias_example_alias_consumer', 'dataset_s3_bucket_producer', 'dataset_s3_bucket_consumer', 'dataset_alias_example_alias_producer' retrieved from /home/airflow/.local/lib/python3.12/site-packages/airflow/example_dags/example_dataset_alias.py
[2025-02-14T23:53:48.528+0000] {logging_mixin.py:190} INFO - [2025-02-14T23:53:48.527+0000] {dag.py:3239} INFO - Sync 4 DAGs
[2025-02-14T23:53:48.539+0000] {logging_mixin.py:190} INFO - [2025-02-14T23:53:48.539+0000] {dag.py:4180} INFO - Setting next_dagrun for dataset_alias_example_alias_consumer to None, run_after=None
[2025-02-14T23:53:48.542+0000] {logging_mixin.py:190} INFO - [2025-02-14T23:53:48.542+0000] {dag.py:4180} INFO - Setting next_dagrun for dataset_alias_example_alias_producer to None, run_after=None
[2025-02-14T23:53:48.545+0000] {logging_mixin.py:190} INFO - [2025-02-14T23:53:48.545+0000] {dag.py:4180} INFO - Setting next_dagrun for dataset_s3_bucket_consumer to None, run_after=None
[2025-02-14T23:53:48.545+0000] {logging_mixin.py:190} INFO - [2025-02-14T23:53:48.545+0000] {dag.py:4180} INFO - Setting next_dagrun for dataset_s3_bucket_producer to None, run_after=None
[2025-02-14T23:53:48.559+0000] {processor.py:208} INFO - Processing /home/airflow/.local/lib/python3.12/site-packages/airflow/example_dags/example_dataset_alias.py took 0.444 seconds
[2025-02-14T23:54:18.812+0000] {processor.py:186} INFO - Started process (PID=2239) to work on /home/airflow/.local/lib/python3.12/site-packages/airflow/example_dags/example_dataset_alias.py
[2025-02-14T23:54:18.814+0000] {processor.py:914} INFO - Processing file /home/airflow/.local/lib/python3.12/site-packages/airflow/example_dags/example_dataset_alias.py for tasks to queue
[2025-02-14T23:54:18.816+0000] {logging_mixin.py:190} INFO - [2025-02-14T23:54:18.816+0000] {dagbag.py:588} INFO - Filling up the DagBag from /home/airflow/.local/lib/python3.12/site-packages/airflow/example_dags/example_dataset_alias.py
[2025-02-14T23:54:19.177+0000] {processor.py:925} INFO - DAG(s) 'dataset_s3_bucket_producer', 'dataset_s3_bucket_consumer', 'dataset_alias_example_alias_producer', 'dataset_alias_example_alias_consumer' retrieved from /home/airflow/.local/lib/python3.12/site-packages/airflow/example_dags/example_dataset_alias.py
[2025-02-14T23:54:19.189+0000] {logging_mixin.py:190} INFO - [2025-02-14T23:54:19.189+0000] {dag.py:3239} INFO - Sync 4 DAGs
[2025-02-14T23:54:19.205+0000] {logging_mixin.py:190} INFO - [2025-02-14T23:54:19.205+0000] {dag.py:4180} INFO - Setting next_dagrun for dataset_alias_example_alias_consumer to None, run_after=None
[2025-02-14T23:54:19.207+0000] {logging_mixin.py:190} INFO - [2025-02-14T23:54:19.207+0000] {dag.py:4180} INFO - Setting next_dagrun for dataset_alias_example_alias_producer to None, run_after=None
[2025-02-14T23:54:19.209+0000] {logging_mixin.py:190} INFO - [2025-02-14T23:54:19.209+0000] {dag.py:4180} INFO - Setting next_dagrun for dataset_s3_bucket_consumer to None, run_after=None
[2025-02-14T23:54:19.211+0000] {logging_mixin.py:190} INFO - [2025-02-14T23:54:19.211+0000] {dag.py:4180} INFO - Setting next_dagrun for dataset_s3_bucket_producer to None, run_after=None
[2025-02-14T23:54:19.226+0000] {processor.py:208} INFO - Processing /home/airflow/.local/lib/python3.12/site-packages/airflow/example_dags/example_dataset_alias.py took 0.417 seconds
[2025-02-14T23:54:49.981+0000] {processor.py:186} INFO - Started process (PID=2308) to work on /home/airflow/.local/lib/python3.12/site-packages/airflow/example_dags/example_dataset_alias.py
[2025-02-14T23:54:49.983+0000] {processor.py:914} INFO - Processing file /home/airflow/.local/lib/python3.12/site-packages/airflow/example_dags/example_dataset_alias.py for tasks to queue
[2025-02-14T23:54:49.984+0000] {logging_mixin.py:190} INFO - [2025-02-14T23:54:49.984+0000] {dagbag.py:588} INFO - Filling up the DagBag from /home/airflow/.local/lib/python3.12/site-packages/airflow/example_dags/example_dataset_alias.py
[2025-02-14T23:54:50.376+0000] {processor.py:925} INFO - DAG(s) 'dataset_alias_example_alias_consumer', 'dataset_alias_example_alias_producer', 'dataset_s3_bucket_producer', 'dataset_s3_bucket_consumer' retrieved from /home/airflow/.local/lib/python3.12/site-packages/airflow/example_dags/example_dataset_alias.py
[2025-02-14T23:54:50.391+0000] {logging_mixin.py:190} INFO - [2025-02-14T23:54:50.391+0000] {dag.py:3239} INFO - Sync 4 DAGs
[2025-02-14T23:54:50.404+0000] {logging_mixin.py:190} INFO - [2025-02-14T23:54:50.404+0000] {dag.py:4180} INFO - Setting next_dagrun for dataset_alias_example_alias_consumer to None, run_after=None
[2025-02-14T23:54:50.407+0000] {logging_mixin.py:190} INFO - [2025-02-14T23:54:50.407+0000] {dag.py:4180} INFO - Setting next_dagrun for dataset_alias_example_alias_producer to None, run_after=None
[2025-02-14T23:54:50.408+0000] {logging_mixin.py:190} INFO - [2025-02-14T23:54:50.408+0000] {dag.py:4180} INFO - Setting next_dagrun for dataset_s3_bucket_consumer to None, run_after=None
[2025-02-14T23:54:50.409+0000] {logging_mixin.py:190} INFO - [2025-02-14T23:54:50.409+0000] {dag.py:4180} INFO - Setting next_dagrun for dataset_s3_bucket_producer to None, run_after=None
[2025-02-14T23:54:50.419+0000] {processor.py:208} INFO - Processing /home/airflow/.local/lib/python3.12/site-packages/airflow/example_dags/example_dataset_alias.py took 0.442 seconds
[2025-02-14T23:55:21.018+0000] {processor.py:186} INFO - Started process (PID=2371) to work on /home/airflow/.local/lib/python3.12/site-packages/airflow/example_dags/example_dataset_alias.py
[2025-02-14T23:55:21.022+0000] {processor.py:914} INFO - Processing file /home/airflow/.local/lib/python3.12/site-packages/airflow/example_dags/example_dataset_alias.py for tasks to queue
[2025-02-14T23:55:21.024+0000] {logging_mixin.py:190} INFO - [2025-02-14T23:55:21.024+0000] {dagbag.py:588} INFO - Filling up the DagBag from /home/airflow/.local/lib/python3.12/site-packages/airflow/example_dags/example_dataset_alias.py
[2025-02-14T23:55:21.528+0000] {processor.py:925} INFO - DAG(s) 'dataset_alias_example_alias_producer', 'dataset_s3_bucket_producer', 'dataset_s3_bucket_consumer', 'dataset_alias_example_alias_consumer' retrieved from /home/airflow/.local/lib/python3.12/site-packages/airflow/example_dags/example_dataset_alias.py
[2025-02-14T23:55:21.559+0000] {logging_mixin.py:190} INFO - [2025-02-14T23:55:21.559+0000] {dag.py:3239} INFO - Sync 4 DAGs
[2025-02-14T23:55:21.577+0000] {logging_mixin.py:190} INFO - [2025-02-14T23:55:21.577+0000] {dag.py:4180} INFO - Setting next_dagrun for dataset_alias_example_alias_consumer to None, run_after=None
[2025-02-14T23:55:21.580+0000] {logging_mixin.py:190} INFO - [2025-02-14T23:55:21.579+0000] {dag.py:4180} INFO - Setting next_dagrun for dataset_alias_example_alias_producer to None, run_after=None
[2025-02-14T23:55:21.582+0000] {logging_mixin.py:190} INFO - [2025-02-14T23:55:21.582+0000] {dag.py:4180} INFO - Setting next_dagrun for dataset_s3_bucket_consumer to None, run_after=None
[2025-02-14T23:55:21.583+0000] {logging_mixin.py:190} INFO - [2025-02-14T23:55:21.582+0000] {dag.py:4180} INFO - Setting next_dagrun for dataset_s3_bucket_producer to None, run_after=None
[2025-02-14T23:55:21.602+0000] {processor.py:208} INFO - Processing /home/airflow/.local/lib/python3.12/site-packages/airflow/example_dags/example_dataset_alias.py took 0.588 seconds
