[2025-02-14T23:36:46.273+0000] {processor.py:186} INFO - Started process (PID=82) to work on /home/airflow/.local/lib/python3.12/site-packages/airflow/example_dags/example_subdag_operator.py
[2025-02-14T23:36:46.274+0000] {processor.py:914} INFO - Processing file /home/airflow/.local/lib/python3.12/site-packages/airflow/example_dags/example_subdag_operator.py for tasks to queue
[2025-02-14T23:36:46.277+0000] {logging_mixin.py:190} INFO - [2025-02-14T23:36:46.276+0000] {dagbag.py:588} INFO - Filling up the DagBag from /home/airflow/.local/lib/python3.12/site-packages/airflow/example_dags/example_subdag_operator.py
[2025-02-14T23:36:46.310+0000] {processor.py:925} INFO - DAG(s) 'example_subdag_operator.section-1', 'example_subdag_operator.section-2', 'example_subdag_operator' retrieved from /home/airflow/.local/lib/python3.12/site-packages/airflow/example_dags/example_subdag_operator.py
[2025-02-14T23:36:46.326+0000] {logging_mixin.py:190} INFO - [2025-02-14T23:36:46.325+0000] {dag.py:3239} INFO - Sync 3 DAGs
[2025-02-14T23:36:46.349+0000] {logging_mixin.py:190} INFO - [2025-02-14T23:36:46.349+0000] {dag.py:4180} INFO - Setting next_dagrun for example_subdag_operator to 2022-01-01 00:00:00+00:00, run_after=2022-01-01 00:00:00+00:00
[2025-02-14T23:36:46.352+0000] {logging_mixin.py:190} INFO - [2025-02-14T23:36:46.352+0000] {dag.py:4180} INFO - Setting next_dagrun for example_subdag_operator.section-1 to None, run_after=None
[2025-02-14T23:36:46.354+0000] {logging_mixin.py:190} INFO - [2025-02-14T23:36:46.353+0000] {dag.py:4180} INFO - Setting next_dagrun for example_subdag_operator.section-2 to None, run_after=None
[2025-02-14T23:36:46.360+0000] {logging_mixin.py:190} INFO - [2025-02-14T23:36:46.360+0000] {dag.py:3239} INFO - Sync 2 DAGs
[2025-02-14T23:36:46.366+0000] {logging_mixin.py:190} INFO - [2025-02-14T23:36:46.365+0000] {dag.py:4180} INFO - Setting next_dagrun for example_subdag_operator.section-1 to None, run_after=None
[2025-02-14T23:36:46.366+0000] {logging_mixin.py:190} INFO - [2025-02-14T23:36:46.366+0000] {dag.py:4180} INFO - Setting next_dagrun for example_subdag_operator.section-2 to None, run_after=None
[2025-02-14T23:36:46.375+0000] {processor.py:208} INFO - Processing /home/airflow/.local/lib/python3.12/site-packages/airflow/example_dags/example_subdag_operator.py took 0.107 seconds
[2025-02-14T23:37:16.574+0000] {processor.py:186} INFO - Started process (PID=144) to work on /home/airflow/.local/lib/python3.12/site-packages/airflow/example_dags/example_subdag_operator.py
[2025-02-14T23:37:16.575+0000] {processor.py:914} INFO - Processing file /home/airflow/.local/lib/python3.12/site-packages/airflow/example_dags/example_subdag_operator.py for tasks to queue
[2025-02-14T23:37:16.576+0000] {logging_mixin.py:190} INFO - [2025-02-14T23:37:16.576+0000] {dagbag.py:588} INFO - Filling up the DagBag from /home/airflow/.local/lib/python3.12/site-packages/airflow/example_dags/example_subdag_operator.py
[2025-02-14T23:37:16.600+0000] {processor.py:925} INFO - DAG(s) 'example_subdag_operator.section-1', 'example_subdag_operator.section-2', 'example_subdag_operator' retrieved from /home/airflow/.local/lib/python3.12/site-packages/airflow/example_dags/example_subdag_operator.py
[2025-02-14T23:37:16.617+0000] {logging_mixin.py:190} INFO - [2025-02-14T23:37:16.616+0000] {dag.py:3239} INFO - Sync 3 DAGs
[2025-02-14T23:37:16.631+0000] {logging_mixin.py:190} INFO - [2025-02-14T23:37:16.631+0000] {dag.py:4180} INFO - Setting next_dagrun for example_subdag_operator to 2022-01-01 00:00:00+00:00, run_after=2022-01-01 00:00:00+00:00
[2025-02-14T23:37:16.634+0000] {logging_mixin.py:190} INFO - [2025-02-14T23:37:16.634+0000] {dag.py:4180} INFO - Setting next_dagrun for example_subdag_operator.section-1 to None, run_after=None
[2025-02-14T23:37:16.635+0000] {logging_mixin.py:190} INFO - [2025-02-14T23:37:16.635+0000] {dag.py:4180} INFO - Setting next_dagrun for example_subdag_operator.section-2 to None, run_after=None
[2025-02-14T23:37:16.642+0000] {logging_mixin.py:190} INFO - [2025-02-14T23:37:16.642+0000] {dag.py:3239} INFO - Sync 2 DAGs
[2025-02-14T23:37:16.646+0000] {logging_mixin.py:190} INFO - [2025-02-14T23:37:16.646+0000] {dag.py:4180} INFO - Setting next_dagrun for example_subdag_operator.section-1 to None, run_after=None
[2025-02-14T23:37:16.646+0000] {logging_mixin.py:190} INFO - [2025-02-14T23:37:16.646+0000] {dag.py:4180} INFO - Setting next_dagrun for example_subdag_operator.section-2 to None, run_after=None
[2025-02-14T23:37:16.651+0000] {processor.py:208} INFO - Processing /home/airflow/.local/lib/python3.12/site-packages/airflow/example_dags/example_subdag_operator.py took 0.081 seconds
[2025-02-14T23:37:47.523+0000] {processor.py:186} INFO - Started process (PID=208) to work on /home/airflow/.local/lib/python3.12/site-packages/airflow/example_dags/example_subdag_operator.py
[2025-02-14T23:37:47.524+0000] {processor.py:914} INFO - Processing file /home/airflow/.local/lib/python3.12/site-packages/airflow/example_dags/example_subdag_operator.py for tasks to queue
[2025-02-14T23:37:47.525+0000] {logging_mixin.py:190} INFO - [2025-02-14T23:37:47.525+0000] {dagbag.py:588} INFO - Filling up the DagBag from /home/airflow/.local/lib/python3.12/site-packages/airflow/example_dags/example_subdag_operator.py
[2025-02-14T23:37:47.542+0000] {processor.py:925} INFO - DAG(s) 'example_subdag_operator.section-1', 'example_subdag_operator.section-2', 'example_subdag_operator' retrieved from /home/airflow/.local/lib/python3.12/site-packages/airflow/example_dags/example_subdag_operator.py
[2025-02-14T23:37:47.551+0000] {logging_mixin.py:190} INFO - [2025-02-14T23:37:47.551+0000] {dag.py:3239} INFO - Sync 3 DAGs
[2025-02-14T23:37:47.575+0000] {logging_mixin.py:190} INFO - [2025-02-14T23:37:47.575+0000] {dag.py:4180} INFO - Setting next_dagrun for example_subdag_operator to 2022-01-01 00:00:00+00:00, run_after=2022-01-01 00:00:00+00:00
[2025-02-14T23:37:47.578+0000] {logging_mixin.py:190} INFO - [2025-02-14T23:37:47.578+0000] {dag.py:4180} INFO - Setting next_dagrun for example_subdag_operator.section-1 to None, run_after=None
[2025-02-14T23:37:47.579+0000] {logging_mixin.py:190} INFO - [2025-02-14T23:37:47.579+0000] {dag.py:4180} INFO - Setting next_dagrun for example_subdag_operator.section-2 to None, run_after=None
[2025-02-14T23:37:47.583+0000] {logging_mixin.py:190} INFO - [2025-02-14T23:37:47.582+0000] {dag.py:3239} INFO - Sync 2 DAGs
[2025-02-14T23:37:47.588+0000] {logging_mixin.py:190} INFO - [2025-02-14T23:37:47.588+0000] {dag.py:4180} INFO - Setting next_dagrun for example_subdag_operator.section-1 to None, run_after=None
[2025-02-14T23:37:47.589+0000] {logging_mixin.py:190} INFO - [2025-02-14T23:37:47.589+0000] {dag.py:4180} INFO - Setting next_dagrun for example_subdag_operator.section-2 to None, run_after=None
[2025-02-14T23:37:47.607+0000] {processor.py:208} INFO - Processing /home/airflow/.local/lib/python3.12/site-packages/airflow/example_dags/example_subdag_operator.py took 0.088 seconds
[2025-02-14T23:38:18.227+0000] {processor.py:186} INFO - Started process (PID=277) to work on /home/airflow/.local/lib/python3.12/site-packages/airflow/example_dags/example_subdag_operator.py
[2025-02-14T23:38:18.229+0000] {processor.py:914} INFO - Processing file /home/airflow/.local/lib/python3.12/site-packages/airflow/example_dags/example_subdag_operator.py for tasks to queue
[2025-02-14T23:38:18.231+0000] {logging_mixin.py:190} INFO - [2025-02-14T23:38:18.230+0000] {dagbag.py:588} INFO - Filling up the DagBag from /home/airflow/.local/lib/python3.12/site-packages/airflow/example_dags/example_subdag_operator.py
[2025-02-14T23:38:18.257+0000] {processor.py:925} INFO - DAG(s) 'example_subdag_operator.section-1', 'example_subdag_operator.section-2', 'example_subdag_operator' retrieved from /home/airflow/.local/lib/python3.12/site-packages/airflow/example_dags/example_subdag_operator.py
[2025-02-14T23:38:18.273+0000] {logging_mixin.py:190} INFO - [2025-02-14T23:38:18.272+0000] {dag.py:3239} INFO - Sync 3 DAGs
[2025-02-14T23:38:18.302+0000] {logging_mixin.py:190} INFO - [2025-02-14T23:38:18.301+0000] {dag.py:4180} INFO - Setting next_dagrun for example_subdag_operator to 2022-01-01 00:00:00+00:00, run_after=2022-01-01 00:00:00+00:00
[2025-02-14T23:38:18.307+0000] {logging_mixin.py:190} INFO - [2025-02-14T23:38:18.306+0000] {dag.py:4180} INFO - Setting next_dagrun for example_subdag_operator.section-1 to None, run_after=None
[2025-02-14T23:38:18.308+0000] {logging_mixin.py:190} INFO - [2025-02-14T23:38:18.307+0000] {dag.py:4180} INFO - Setting next_dagrun for example_subdag_operator.section-2 to None, run_after=None
[2025-02-14T23:38:18.313+0000] {logging_mixin.py:190} INFO - [2025-02-14T23:38:18.313+0000] {dag.py:3239} INFO - Sync 2 DAGs
[2025-02-14T23:38:18.317+0000] {logging_mixin.py:190} INFO - [2025-02-14T23:38:18.317+0000] {dag.py:4180} INFO - Setting next_dagrun for example_subdag_operator.section-1 to None, run_after=None
[2025-02-14T23:38:18.317+0000] {logging_mixin.py:190} INFO - [2025-02-14T23:38:18.317+0000] {dag.py:4180} INFO - Setting next_dagrun for example_subdag_operator.section-2 to None, run_after=None
[2025-02-14T23:38:18.326+0000] {processor.py:208} INFO - Processing /home/airflow/.local/lib/python3.12/site-packages/airflow/example_dags/example_subdag_operator.py took 0.105 seconds
[2025-02-14T23:38:48.623+0000] {processor.py:186} INFO - Started process (PID=339) to work on /home/airflow/.local/lib/python3.12/site-packages/airflow/example_dags/example_subdag_operator.py
[2025-02-14T23:38:48.623+0000] {processor.py:914} INFO - Processing file /home/airflow/.local/lib/python3.12/site-packages/airflow/example_dags/example_subdag_operator.py for tasks to queue
[2025-02-14T23:38:48.625+0000] {logging_mixin.py:190} INFO - [2025-02-14T23:38:48.625+0000] {dagbag.py:588} INFO - Filling up the DagBag from /home/airflow/.local/lib/python3.12/site-packages/airflow/example_dags/example_subdag_operator.py
[2025-02-14T23:38:48.641+0000] {processor.py:925} INFO - DAG(s) 'example_subdag_operator.section-1', 'example_subdag_operator.section-2', 'example_subdag_operator' retrieved from /home/airflow/.local/lib/python3.12/site-packages/airflow/example_dags/example_subdag_operator.py
[2025-02-14T23:38:48.650+0000] {logging_mixin.py:190} INFO - [2025-02-14T23:38:48.650+0000] {dag.py:3239} INFO - Sync 3 DAGs
[2025-02-14T23:38:48.663+0000] {logging_mixin.py:190} INFO - [2025-02-14T23:38:48.663+0000] {dag.py:4180} INFO - Setting next_dagrun for example_subdag_operator to 2022-01-01 00:00:00+00:00, run_after=2022-01-01 00:00:00+00:00
[2025-02-14T23:38:48.666+0000] {logging_mixin.py:190} INFO - [2025-02-14T23:38:48.665+0000] {dag.py:4180} INFO - Setting next_dagrun for example_subdag_operator.section-1 to None, run_after=None
[2025-02-14T23:38:48.666+0000] {logging_mixin.py:190} INFO - [2025-02-14T23:38:48.666+0000] {dag.py:4180} INFO - Setting next_dagrun for example_subdag_operator.section-2 to None, run_after=None
[2025-02-14T23:38:48.670+0000] {logging_mixin.py:190} INFO - [2025-02-14T23:38:48.670+0000] {dag.py:3239} INFO - Sync 2 DAGs
[2025-02-14T23:38:48.673+0000] {logging_mixin.py:190} INFO - [2025-02-14T23:38:48.672+0000] {dag.py:4180} INFO - Setting next_dagrun for example_subdag_operator.section-1 to None, run_after=None
[2025-02-14T23:38:48.673+0000] {logging_mixin.py:190} INFO - [2025-02-14T23:38:48.673+0000] {dag.py:4180} INFO - Setting next_dagrun for example_subdag_operator.section-2 to None, run_after=None
[2025-02-14T23:38:48.678+0000] {processor.py:208} INFO - Processing /home/airflow/.local/lib/python3.12/site-packages/airflow/example_dags/example_subdag_operator.py took 0.059 seconds
[2025-02-14T23:39:18.823+0000] {processor.py:186} INFO - Started process (PID=401) to work on /home/airflow/.local/lib/python3.12/site-packages/airflow/example_dags/example_subdag_operator.py
[2025-02-14T23:39:18.824+0000] {processor.py:914} INFO - Processing file /home/airflow/.local/lib/python3.12/site-packages/airflow/example_dags/example_subdag_operator.py for tasks to queue
[2025-02-14T23:39:18.827+0000] {logging_mixin.py:190} INFO - [2025-02-14T23:39:18.827+0000] {dagbag.py:588} INFO - Filling up the DagBag from /home/airflow/.local/lib/python3.12/site-packages/airflow/example_dags/example_subdag_operator.py
[2025-02-14T23:39:18.849+0000] {processor.py:925} INFO - DAG(s) 'example_subdag_operator.section-1', 'example_subdag_operator.section-2', 'example_subdag_operator' retrieved from /home/airflow/.local/lib/python3.12/site-packages/airflow/example_dags/example_subdag_operator.py
[2025-02-14T23:39:18.859+0000] {logging_mixin.py:190} INFO - [2025-02-14T23:39:18.859+0000] {dag.py:3239} INFO - Sync 3 DAGs
[2025-02-14T23:39:18.875+0000] {logging_mixin.py:190} INFO - [2025-02-14T23:39:18.874+0000] {dag.py:4180} INFO - Setting next_dagrun for example_subdag_operator to 2022-01-01 00:00:00+00:00, run_after=2022-01-01 00:00:00+00:00
[2025-02-14T23:39:18.879+0000] {logging_mixin.py:190} INFO - [2025-02-14T23:39:18.879+0000] {dag.py:4180} INFO - Setting next_dagrun for example_subdag_operator.section-1 to None, run_after=None
[2025-02-14T23:39:18.880+0000] {logging_mixin.py:190} INFO - [2025-02-14T23:39:18.880+0000] {dag.py:4180} INFO - Setting next_dagrun for example_subdag_operator.section-2 to None, run_after=None
[2025-02-14T23:39:18.884+0000] {logging_mixin.py:190} INFO - [2025-02-14T23:39:18.884+0000] {dag.py:3239} INFO - Sync 2 DAGs
[2025-02-14T23:39:18.889+0000] {logging_mixin.py:190} INFO - [2025-02-14T23:39:18.889+0000] {dag.py:4180} INFO - Setting next_dagrun for example_subdag_operator.section-1 to None, run_after=None
[2025-02-14T23:39:18.889+0000] {logging_mixin.py:190} INFO - [2025-02-14T23:39:18.889+0000] {dag.py:4180} INFO - Setting next_dagrun for example_subdag_operator.section-2 to None, run_after=None
[2025-02-14T23:39:18.901+0000] {processor.py:208} INFO - Processing /home/airflow/.local/lib/python3.12/site-packages/airflow/example_dags/example_subdag_operator.py took 0.083 seconds
[2025-02-14T23:39:49.171+0000] {processor.py:186} INFO - Started process (PID=464) to work on /home/airflow/.local/lib/python3.12/site-packages/airflow/example_dags/example_subdag_operator.py
[2025-02-14T23:39:49.172+0000] {processor.py:914} INFO - Processing file /home/airflow/.local/lib/python3.12/site-packages/airflow/example_dags/example_subdag_operator.py for tasks to queue
[2025-02-14T23:39:49.173+0000] {logging_mixin.py:190} INFO - [2025-02-14T23:39:49.173+0000] {dagbag.py:588} INFO - Filling up the DagBag from /home/airflow/.local/lib/python3.12/site-packages/airflow/example_dags/example_subdag_operator.py
[2025-02-14T23:39:49.191+0000] {processor.py:925} INFO - DAG(s) 'example_subdag_operator.section-1', 'example_subdag_operator.section-2', 'example_subdag_operator' retrieved from /home/airflow/.local/lib/python3.12/site-packages/airflow/example_dags/example_subdag_operator.py
[2025-02-14T23:39:49.199+0000] {logging_mixin.py:190} INFO - [2025-02-14T23:39:49.199+0000] {dag.py:3239} INFO - Sync 3 DAGs
[2025-02-14T23:39:49.212+0000] {logging_mixin.py:190} INFO - [2025-02-14T23:39:49.212+0000] {dag.py:4180} INFO - Setting next_dagrun for example_subdag_operator to 2022-01-01 00:00:00+00:00, run_after=2022-01-01 00:00:00+00:00
[2025-02-14T23:39:49.216+0000] {logging_mixin.py:190} INFO - [2025-02-14T23:39:49.216+0000] {dag.py:4180} INFO - Setting next_dagrun for example_subdag_operator.section-1 to None, run_after=None
[2025-02-14T23:39:49.219+0000] {logging_mixin.py:190} INFO - [2025-02-14T23:39:49.219+0000] {dag.py:4180} INFO - Setting next_dagrun for example_subdag_operator.section-2 to None, run_after=None
[2025-02-14T23:39:49.222+0000] {logging_mixin.py:190} INFO - [2025-02-14T23:39:49.222+0000] {dag.py:3239} INFO - Sync 2 DAGs
[2025-02-14T23:39:49.228+0000] {logging_mixin.py:190} INFO - [2025-02-14T23:39:49.228+0000] {dag.py:4180} INFO - Setting next_dagrun for example_subdag_operator.section-1 to None, run_after=None
[2025-02-14T23:39:49.228+0000] {logging_mixin.py:190} INFO - [2025-02-14T23:39:49.228+0000] {dag.py:4180} INFO - Setting next_dagrun for example_subdag_operator.section-2 to None, run_after=None
[2025-02-14T23:39:49.236+0000] {processor.py:208} INFO - Processing /home/airflow/.local/lib/python3.12/site-packages/airflow/example_dags/example_subdag_operator.py took 0.068 seconds
[2025-02-14T23:40:19.846+0000] {processor.py:186} INFO - Started process (PID=527) to work on /home/airflow/.local/lib/python3.12/site-packages/airflow/example_dags/example_subdag_operator.py
[2025-02-14T23:40:19.847+0000] {processor.py:914} INFO - Processing file /home/airflow/.local/lib/python3.12/site-packages/airflow/example_dags/example_subdag_operator.py for tasks to queue
[2025-02-14T23:40:19.849+0000] {logging_mixin.py:190} INFO - [2025-02-14T23:40:19.849+0000] {dagbag.py:588} INFO - Filling up the DagBag from /home/airflow/.local/lib/python3.12/site-packages/airflow/example_dags/example_subdag_operator.py
[2025-02-14T23:40:19.873+0000] {processor.py:925} INFO - DAG(s) 'example_subdag_operator.section-1', 'example_subdag_operator.section-2', 'example_subdag_operator' retrieved from /home/airflow/.local/lib/python3.12/site-packages/airflow/example_dags/example_subdag_operator.py
[2025-02-14T23:40:19.886+0000] {logging_mixin.py:190} INFO - [2025-02-14T23:40:19.886+0000] {dag.py:3239} INFO - Sync 3 DAGs
[2025-02-14T23:40:19.902+0000] {logging_mixin.py:190} INFO - [2025-02-14T23:40:19.901+0000] {dag.py:4180} INFO - Setting next_dagrun for example_subdag_operator to 2022-01-01 00:00:00+00:00, run_after=2022-01-01 00:00:00+00:00
[2025-02-14T23:40:19.904+0000] {logging_mixin.py:190} INFO - [2025-02-14T23:40:19.904+0000] {dag.py:4180} INFO - Setting next_dagrun for example_subdag_operator.section-1 to None, run_after=None
[2025-02-14T23:40:19.904+0000] {logging_mixin.py:190} INFO - [2025-02-14T23:40:19.904+0000] {dag.py:4180} INFO - Setting next_dagrun for example_subdag_operator.section-2 to None, run_after=None
[2025-02-14T23:40:19.909+0000] {logging_mixin.py:190} INFO - [2025-02-14T23:40:19.909+0000] {dag.py:3239} INFO - Sync 2 DAGs
[2025-02-14T23:40:19.912+0000] {logging_mixin.py:190} INFO - [2025-02-14T23:40:19.912+0000] {dag.py:4180} INFO - Setting next_dagrun for example_subdag_operator.section-1 to None, run_after=None
[2025-02-14T23:40:19.914+0000] {logging_mixin.py:190} INFO - [2025-02-14T23:40:19.914+0000] {dag.py:4180} INFO - Setting next_dagrun for example_subdag_operator.section-2 to None, run_after=None
[2025-02-14T23:40:19.923+0000] {processor.py:208} INFO - Processing /home/airflow/.local/lib/python3.12/site-packages/airflow/example_dags/example_subdag_operator.py took 0.082 seconds
[2025-02-14T23:40:50.532+0000] {processor.py:186} INFO - Started process (PID=590) to work on /home/airflow/.local/lib/python3.12/site-packages/airflow/example_dags/example_subdag_operator.py
[2025-02-14T23:40:50.533+0000] {processor.py:914} INFO - Processing file /home/airflow/.local/lib/python3.12/site-packages/airflow/example_dags/example_subdag_operator.py for tasks to queue
[2025-02-14T23:40:50.535+0000] {logging_mixin.py:190} INFO - [2025-02-14T23:40:50.535+0000] {dagbag.py:588} INFO - Filling up the DagBag from /home/airflow/.local/lib/python3.12/site-packages/airflow/example_dags/example_subdag_operator.py
[2025-02-14T23:40:50.551+0000] {processor.py:925} INFO - DAG(s) 'example_subdag_operator.section-1', 'example_subdag_operator.section-2', 'example_subdag_operator' retrieved from /home/airflow/.local/lib/python3.12/site-packages/airflow/example_dags/example_subdag_operator.py
[2025-02-14T23:40:50.562+0000] {logging_mixin.py:190} INFO - [2025-02-14T23:40:50.562+0000] {dag.py:3239} INFO - Sync 3 DAGs
[2025-02-14T23:40:50.580+0000] {logging_mixin.py:190} INFO - [2025-02-14T23:40:50.580+0000] {dag.py:4180} INFO - Setting next_dagrun for example_subdag_operator to 2022-01-01 00:00:00+00:00, run_after=2022-01-01 00:00:00+00:00
[2025-02-14T23:40:50.582+0000] {logging_mixin.py:190} INFO - [2025-02-14T23:40:50.582+0000] {dag.py:4180} INFO - Setting next_dagrun for example_subdag_operator.section-1 to None, run_after=None
[2025-02-14T23:40:50.582+0000] {logging_mixin.py:190} INFO - [2025-02-14T23:40:50.582+0000] {dag.py:4180} INFO - Setting next_dagrun for example_subdag_operator.section-2 to None, run_after=None
[2025-02-14T23:40:50.586+0000] {logging_mixin.py:190} INFO - [2025-02-14T23:40:50.586+0000] {dag.py:3239} INFO - Sync 2 DAGs
[2025-02-14T23:40:50.589+0000] {logging_mixin.py:190} INFO - [2025-02-14T23:40:50.589+0000] {dag.py:4180} INFO - Setting next_dagrun for example_subdag_operator.section-1 to None, run_after=None
[2025-02-14T23:40:50.589+0000] {logging_mixin.py:190} INFO - [2025-02-14T23:40:50.589+0000] {dag.py:4180} INFO - Setting next_dagrun for example_subdag_operator.section-2 to None, run_after=None
[2025-02-14T23:40:50.598+0000] {processor.py:208} INFO - Processing /home/airflow/.local/lib/python3.12/site-packages/airflow/example_dags/example_subdag_operator.py took 0.070 seconds
[2025-02-14T23:41:21.518+0000] {processor.py:186} INFO - Started process (PID=653) to work on /home/airflow/.local/lib/python3.12/site-packages/airflow/example_dags/example_subdag_operator.py
[2025-02-14T23:41:21.518+0000] {processor.py:914} INFO - Processing file /home/airflow/.local/lib/python3.12/site-packages/airflow/example_dags/example_subdag_operator.py for tasks to queue
[2025-02-14T23:41:21.520+0000] {logging_mixin.py:190} INFO - [2025-02-14T23:41:21.520+0000] {dagbag.py:588} INFO - Filling up the DagBag from /home/airflow/.local/lib/python3.12/site-packages/airflow/example_dags/example_subdag_operator.py
[2025-02-14T23:41:21.536+0000] {processor.py:925} INFO - DAG(s) 'example_subdag_operator.section-1', 'example_subdag_operator.section-2', 'example_subdag_operator' retrieved from /home/airflow/.local/lib/python3.12/site-packages/airflow/example_dags/example_subdag_operator.py
[2025-02-14T23:41:21.544+0000] {logging_mixin.py:190} INFO - [2025-02-14T23:41:21.544+0000] {dag.py:3239} INFO - Sync 3 DAGs
[2025-02-14T23:41:21.557+0000] {logging_mixin.py:190} INFO - [2025-02-14T23:41:21.557+0000] {dag.py:4180} INFO - Setting next_dagrun for example_subdag_operator to 2022-01-01 00:00:00+00:00, run_after=2022-01-01 00:00:00+00:00
[2025-02-14T23:41:21.559+0000] {logging_mixin.py:190} INFO - [2025-02-14T23:41:21.559+0000] {dag.py:4180} INFO - Setting next_dagrun for example_subdag_operator.section-1 to None, run_after=None
[2025-02-14T23:41:21.560+0000] {logging_mixin.py:190} INFO - [2025-02-14T23:41:21.559+0000] {dag.py:4180} INFO - Setting next_dagrun for example_subdag_operator.section-2 to None, run_after=None
[2025-02-14T23:41:21.563+0000] {logging_mixin.py:190} INFO - [2025-02-14T23:41:21.563+0000] {dag.py:3239} INFO - Sync 2 DAGs
[2025-02-14T23:41:21.565+0000] {logging_mixin.py:190} INFO - [2025-02-14T23:41:21.565+0000] {dag.py:4180} INFO - Setting next_dagrun for example_subdag_operator.section-1 to None, run_after=None
[2025-02-14T23:41:21.565+0000] {logging_mixin.py:190} INFO - [2025-02-14T23:41:21.565+0000] {dag.py:4180} INFO - Setting next_dagrun for example_subdag_operator.section-2 to None, run_after=None
[2025-02-14T23:41:21.571+0000] {processor.py:208} INFO - Processing /home/airflow/.local/lib/python3.12/site-packages/airflow/example_dags/example_subdag_operator.py took 0.056 seconds
[2025-02-14T23:41:52.279+0000] {processor.py:186} INFO - Started process (PID=716) to work on /home/airflow/.local/lib/python3.12/site-packages/airflow/example_dags/example_subdag_operator.py
[2025-02-14T23:41:52.280+0000] {processor.py:914} INFO - Processing file /home/airflow/.local/lib/python3.12/site-packages/airflow/example_dags/example_subdag_operator.py for tasks to queue
[2025-02-14T23:41:52.281+0000] {logging_mixin.py:190} INFO - [2025-02-14T23:41:52.281+0000] {dagbag.py:588} INFO - Filling up the DagBag from /home/airflow/.local/lib/python3.12/site-packages/airflow/example_dags/example_subdag_operator.py
[2025-02-14T23:41:52.299+0000] {processor.py:925} INFO - DAG(s) 'example_subdag_operator.section-1', 'example_subdag_operator.section-2', 'example_subdag_operator' retrieved from /home/airflow/.local/lib/python3.12/site-packages/airflow/example_dags/example_subdag_operator.py
[2025-02-14T23:41:52.310+0000] {logging_mixin.py:190} INFO - [2025-02-14T23:41:52.310+0000] {dag.py:3239} INFO - Sync 3 DAGs
[2025-02-14T23:41:52.324+0000] {logging_mixin.py:190} INFO - [2025-02-14T23:41:52.323+0000] {dag.py:4180} INFO - Setting next_dagrun for example_subdag_operator to 2022-01-01 00:00:00+00:00, run_after=2022-01-01 00:00:00+00:00
[2025-02-14T23:41:52.326+0000] {logging_mixin.py:190} INFO - [2025-02-14T23:41:52.326+0000] {dag.py:4180} INFO - Setting next_dagrun for example_subdag_operator.section-1 to None, run_after=None
[2025-02-14T23:41:52.327+0000] {logging_mixin.py:190} INFO - [2025-02-14T23:41:52.327+0000] {dag.py:4180} INFO - Setting next_dagrun for example_subdag_operator.section-2 to None, run_after=None
[2025-02-14T23:41:52.330+0000] {logging_mixin.py:190} INFO - [2025-02-14T23:41:52.330+0000] {dag.py:3239} INFO - Sync 2 DAGs
[2025-02-14T23:41:52.333+0000] {logging_mixin.py:190} INFO - [2025-02-14T23:41:52.333+0000] {dag.py:4180} INFO - Setting next_dagrun for example_subdag_operator.section-1 to None, run_after=None
[2025-02-14T23:41:52.333+0000] {logging_mixin.py:190} INFO - [2025-02-14T23:41:52.333+0000] {dag.py:4180} INFO - Setting next_dagrun for example_subdag_operator.section-2 to None, run_after=None
[2025-02-14T23:41:52.340+0000] {processor.py:208} INFO - Processing /home/airflow/.local/lib/python3.12/site-packages/airflow/example_dags/example_subdag_operator.py took 0.065 seconds
[2025-02-14T23:42:22.618+0000] {processor.py:186} INFO - Started process (PID=779) to work on /home/airflow/.local/lib/python3.12/site-packages/airflow/example_dags/example_subdag_operator.py
[2025-02-14T23:42:22.619+0000] {processor.py:914} INFO - Processing file /home/airflow/.local/lib/python3.12/site-packages/airflow/example_dags/example_subdag_operator.py for tasks to queue
[2025-02-14T23:42:22.621+0000] {logging_mixin.py:190} INFO - [2025-02-14T23:42:22.621+0000] {dagbag.py:588} INFO - Filling up the DagBag from /home/airflow/.local/lib/python3.12/site-packages/airflow/example_dags/example_subdag_operator.py
[2025-02-14T23:42:22.640+0000] {processor.py:925} INFO - DAG(s) 'example_subdag_operator.section-1', 'example_subdag_operator.section-2', 'example_subdag_operator' retrieved from /home/airflow/.local/lib/python3.12/site-packages/airflow/example_dags/example_subdag_operator.py
[2025-02-14T23:42:22.652+0000] {logging_mixin.py:190} INFO - [2025-02-14T23:42:22.651+0000] {dag.py:3239} INFO - Sync 3 DAGs
[2025-02-14T23:42:22.667+0000] {logging_mixin.py:190} INFO - [2025-02-14T23:42:22.667+0000] {dag.py:4180} INFO - Setting next_dagrun for example_subdag_operator to 2022-01-01 00:00:00+00:00, run_after=2022-01-01 00:00:00+00:00
[2025-02-14T23:42:22.671+0000] {logging_mixin.py:190} INFO - [2025-02-14T23:42:22.671+0000] {dag.py:4180} INFO - Setting next_dagrun for example_subdag_operator.section-1 to None, run_after=None
[2025-02-14T23:42:22.672+0000] {logging_mixin.py:190} INFO - [2025-02-14T23:42:22.672+0000] {dag.py:4180} INFO - Setting next_dagrun for example_subdag_operator.section-2 to None, run_after=None
[2025-02-14T23:42:22.677+0000] {logging_mixin.py:190} INFO - [2025-02-14T23:42:22.677+0000] {dag.py:3239} INFO - Sync 2 DAGs
[2025-02-14T23:42:22.681+0000] {logging_mixin.py:190} INFO - [2025-02-14T23:42:22.681+0000] {dag.py:4180} INFO - Setting next_dagrun for example_subdag_operator.section-1 to None, run_after=None
[2025-02-14T23:42:22.681+0000] {logging_mixin.py:190} INFO - [2025-02-14T23:42:22.681+0000] {dag.py:4180} INFO - Setting next_dagrun for example_subdag_operator.section-2 to None, run_after=None
[2025-02-14T23:42:22.688+0000] {processor.py:208} INFO - Processing /home/airflow/.local/lib/python3.12/site-packages/airflow/example_dags/example_subdag_operator.py took 0.075 seconds
[2025-02-14T23:42:53.463+0000] {processor.py:186} INFO - Started process (PID=842) to work on /home/airflow/.local/lib/python3.12/site-packages/airflow/example_dags/example_subdag_operator.py
[2025-02-14T23:42:53.464+0000] {processor.py:914} INFO - Processing file /home/airflow/.local/lib/python3.12/site-packages/airflow/example_dags/example_subdag_operator.py for tasks to queue
[2025-02-14T23:42:53.466+0000] {logging_mixin.py:190} INFO - [2025-02-14T23:42:53.465+0000] {dagbag.py:588} INFO - Filling up the DagBag from /home/airflow/.local/lib/python3.12/site-packages/airflow/example_dags/example_subdag_operator.py
[2025-02-14T23:42:53.485+0000] {processor.py:925} INFO - DAG(s) 'example_subdag_operator.section-1', 'example_subdag_operator.section-2', 'example_subdag_operator' retrieved from /home/airflow/.local/lib/python3.12/site-packages/airflow/example_dags/example_subdag_operator.py
[2025-02-14T23:42:53.495+0000] {logging_mixin.py:190} INFO - [2025-02-14T23:42:53.494+0000] {dag.py:3239} INFO - Sync 3 DAGs
[2025-02-14T23:42:53.510+0000] {logging_mixin.py:190} INFO - [2025-02-14T23:42:53.510+0000] {dag.py:4180} INFO - Setting next_dagrun for example_subdag_operator to 2022-01-01 00:00:00+00:00, run_after=2022-01-01 00:00:00+00:00
[2025-02-14T23:42:53.512+0000] {logging_mixin.py:190} INFO - [2025-02-14T23:42:53.512+0000] {dag.py:4180} INFO - Setting next_dagrun for example_subdag_operator.section-1 to None, run_after=None
[2025-02-14T23:42:53.513+0000] {logging_mixin.py:190} INFO - [2025-02-14T23:42:53.513+0000] {dag.py:4180} INFO - Setting next_dagrun for example_subdag_operator.section-2 to None, run_after=None
[2025-02-14T23:42:53.517+0000] {logging_mixin.py:190} INFO - [2025-02-14T23:42:53.517+0000] {dag.py:3239} INFO - Sync 2 DAGs
[2025-02-14T23:42:53.520+0000] {logging_mixin.py:190} INFO - [2025-02-14T23:42:53.520+0000] {dag.py:4180} INFO - Setting next_dagrun for example_subdag_operator.section-1 to None, run_after=None
[2025-02-14T23:42:53.520+0000] {logging_mixin.py:190} INFO - [2025-02-14T23:42:53.520+0000] {dag.py:4180} INFO - Setting next_dagrun for example_subdag_operator.section-2 to None, run_after=None
[2025-02-14T23:42:53.526+0000] {processor.py:208} INFO - Processing /home/airflow/.local/lib/python3.12/site-packages/airflow/example_dags/example_subdag_operator.py took 0.070 seconds
[2025-02-14T23:43:24.347+0000] {processor.py:186} INFO - Started process (PID=905) to work on /home/airflow/.local/lib/python3.12/site-packages/airflow/example_dags/example_subdag_operator.py
[2025-02-14T23:43:24.348+0000] {processor.py:914} INFO - Processing file /home/airflow/.local/lib/python3.12/site-packages/airflow/example_dags/example_subdag_operator.py for tasks to queue
[2025-02-14T23:43:24.349+0000] {logging_mixin.py:190} INFO - [2025-02-14T23:43:24.349+0000] {dagbag.py:588} INFO - Filling up the DagBag from /home/airflow/.local/lib/python3.12/site-packages/airflow/example_dags/example_subdag_operator.py
[2025-02-14T23:43:24.368+0000] {processor.py:925} INFO - DAG(s) 'example_subdag_operator.section-1', 'example_subdag_operator.section-2', 'example_subdag_operator' retrieved from /home/airflow/.local/lib/python3.12/site-packages/airflow/example_dags/example_subdag_operator.py
[2025-02-14T23:43:24.386+0000] {logging_mixin.py:190} INFO - [2025-02-14T23:43:24.386+0000] {dag.py:3239} INFO - Sync 3 DAGs
[2025-02-14T23:43:24.404+0000] {logging_mixin.py:190} INFO - [2025-02-14T23:43:24.404+0000] {dag.py:4180} INFO - Setting next_dagrun for example_subdag_operator to 2022-01-01 00:00:00+00:00, run_after=2022-01-01 00:00:00+00:00
[2025-02-14T23:43:24.406+0000] {logging_mixin.py:190} INFO - [2025-02-14T23:43:24.406+0000] {dag.py:4180} INFO - Setting next_dagrun for example_subdag_operator.section-1 to None, run_after=None
[2025-02-14T23:43:24.407+0000] {logging_mixin.py:190} INFO - [2025-02-14T23:43:24.407+0000] {dag.py:4180} INFO - Setting next_dagrun for example_subdag_operator.section-2 to None, run_after=None
[2025-02-14T23:43:24.411+0000] {logging_mixin.py:190} INFO - [2025-02-14T23:43:24.411+0000] {dag.py:3239} INFO - Sync 2 DAGs
[2025-02-14T23:43:24.415+0000] {logging_mixin.py:190} INFO - [2025-02-14T23:43:24.415+0000] {dag.py:4180} INFO - Setting next_dagrun for example_subdag_operator.section-1 to None, run_after=None
[2025-02-14T23:43:24.415+0000] {logging_mixin.py:190} INFO - [2025-02-14T23:43:24.415+0000] {dag.py:4180} INFO - Setting next_dagrun for example_subdag_operator.section-2 to None, run_after=None
[2025-02-14T23:43:24.422+0000] {processor.py:208} INFO - Processing /home/airflow/.local/lib/python3.12/site-packages/airflow/example_dags/example_subdag_operator.py took 0.082 seconds
[2025-02-14T23:43:54.836+0000] {processor.py:186} INFO - Started process (PID=968) to work on /home/airflow/.local/lib/python3.12/site-packages/airflow/example_dags/example_subdag_operator.py
[2025-02-14T23:43:54.837+0000] {processor.py:914} INFO - Processing file /home/airflow/.local/lib/python3.12/site-packages/airflow/example_dags/example_subdag_operator.py for tasks to queue
[2025-02-14T23:43:54.838+0000] {logging_mixin.py:190} INFO - [2025-02-14T23:43:54.838+0000] {dagbag.py:588} INFO - Filling up the DagBag from /home/airflow/.local/lib/python3.12/site-packages/airflow/example_dags/example_subdag_operator.py
[2025-02-14T23:43:54.854+0000] {processor.py:925} INFO - DAG(s) 'example_subdag_operator.section-1', 'example_subdag_operator.section-2', 'example_subdag_operator' retrieved from /home/airflow/.local/lib/python3.12/site-packages/airflow/example_dags/example_subdag_operator.py
[2025-02-14T23:43:54.863+0000] {logging_mixin.py:190} INFO - [2025-02-14T23:43:54.863+0000] {dag.py:3239} INFO - Sync 3 DAGs
[2025-02-14T23:43:54.877+0000] {logging_mixin.py:190} INFO - [2025-02-14T23:43:54.877+0000] {dag.py:4180} INFO - Setting next_dagrun for example_subdag_operator to 2022-01-01 00:00:00+00:00, run_after=2022-01-01 00:00:00+00:00
[2025-02-14T23:43:54.879+0000] {logging_mixin.py:190} INFO - [2025-02-14T23:43:54.879+0000] {dag.py:4180} INFO - Setting next_dagrun for example_subdag_operator.section-1 to None, run_after=None
[2025-02-14T23:43:54.880+0000] {logging_mixin.py:190} INFO - [2025-02-14T23:43:54.879+0000] {dag.py:4180} INFO - Setting next_dagrun for example_subdag_operator.section-2 to None, run_after=None
[2025-02-14T23:43:54.883+0000] {logging_mixin.py:190} INFO - [2025-02-14T23:43:54.883+0000] {dag.py:3239} INFO - Sync 2 DAGs
[2025-02-14T23:43:54.886+0000] {logging_mixin.py:190} INFO - [2025-02-14T23:43:54.886+0000] {dag.py:4180} INFO - Setting next_dagrun for example_subdag_operator.section-1 to None, run_after=None
[2025-02-14T23:43:54.886+0000] {logging_mixin.py:190} INFO - [2025-02-14T23:43:54.886+0000] {dag.py:4180} INFO - Setting next_dagrun for example_subdag_operator.section-2 to None, run_after=None
[2025-02-14T23:43:54.893+0000] {processor.py:208} INFO - Processing /home/airflow/.local/lib/python3.12/site-packages/airflow/example_dags/example_subdag_operator.py took 0.061 seconds
[2025-02-14T23:44:25.582+0000] {processor.py:186} INFO - Started process (PID=1030) to work on /home/airflow/.local/lib/python3.12/site-packages/airflow/example_dags/example_subdag_operator.py
[2025-02-14T23:44:25.584+0000] {processor.py:914} INFO - Processing file /home/airflow/.local/lib/python3.12/site-packages/airflow/example_dags/example_subdag_operator.py for tasks to queue
[2025-02-14T23:44:25.586+0000] {logging_mixin.py:190} INFO - [2025-02-14T23:44:25.586+0000] {dagbag.py:588} INFO - Filling up the DagBag from /home/airflow/.local/lib/python3.12/site-packages/airflow/example_dags/example_subdag_operator.py
[2025-02-14T23:44:25.602+0000] {processor.py:925} INFO - DAG(s) 'example_subdag_operator.section-1', 'example_subdag_operator.section-2', 'example_subdag_operator' retrieved from /home/airflow/.local/lib/python3.12/site-packages/airflow/example_dags/example_subdag_operator.py
[2025-02-14T23:44:25.611+0000] {logging_mixin.py:190} INFO - [2025-02-14T23:44:25.611+0000] {dag.py:3239} INFO - Sync 3 DAGs
[2025-02-14T23:44:25.625+0000] {logging_mixin.py:190} INFO - [2025-02-14T23:44:25.625+0000] {dag.py:4180} INFO - Setting next_dagrun for example_subdag_operator to 2022-01-01 00:00:00+00:00, run_after=2022-01-01 00:00:00+00:00
[2025-02-14T23:44:25.628+0000] {logging_mixin.py:190} INFO - [2025-02-14T23:44:25.628+0000] {dag.py:4180} INFO - Setting next_dagrun for example_subdag_operator.section-1 to None, run_after=None
[2025-02-14T23:44:25.629+0000] {logging_mixin.py:190} INFO - [2025-02-14T23:44:25.629+0000] {dag.py:4180} INFO - Setting next_dagrun for example_subdag_operator.section-2 to None, run_after=None
[2025-02-14T23:44:25.634+0000] {logging_mixin.py:190} INFO - [2025-02-14T23:44:25.634+0000] {dag.py:3239} INFO - Sync 2 DAGs
[2025-02-14T23:44:25.638+0000] {logging_mixin.py:190} INFO - [2025-02-14T23:44:25.638+0000] {dag.py:4180} INFO - Setting next_dagrun for example_subdag_operator.section-1 to None, run_after=None
[2025-02-14T23:44:25.639+0000] {logging_mixin.py:190} INFO - [2025-02-14T23:44:25.639+0000] {dag.py:4180} INFO - Setting next_dagrun for example_subdag_operator.section-2 to None, run_after=None
[2025-02-14T23:44:25.646+0000] {processor.py:208} INFO - Processing /home/airflow/.local/lib/python3.12/site-packages/airflow/example_dags/example_subdag_operator.py took 0.068 seconds
[2025-02-14T23:44:56.490+0000] {processor.py:186} INFO - Started process (PID=1093) to work on /home/airflow/.local/lib/python3.12/site-packages/airflow/example_dags/example_subdag_operator.py
[2025-02-14T23:44:56.491+0000] {processor.py:914} INFO - Processing file /home/airflow/.local/lib/python3.12/site-packages/airflow/example_dags/example_subdag_operator.py for tasks to queue
[2025-02-14T23:44:56.495+0000] {logging_mixin.py:190} INFO - [2025-02-14T23:44:56.495+0000] {dagbag.py:588} INFO - Filling up the DagBag from /home/airflow/.local/lib/python3.12/site-packages/airflow/example_dags/example_subdag_operator.py
[2025-02-14T23:44:56.511+0000] {processor.py:925} INFO - DAG(s) 'example_subdag_operator.section-1', 'example_subdag_operator.section-2', 'example_subdag_operator' retrieved from /home/airflow/.local/lib/python3.12/site-packages/airflow/example_dags/example_subdag_operator.py
[2025-02-14T23:44:56.522+0000] {logging_mixin.py:190} INFO - [2025-02-14T23:44:56.521+0000] {dag.py:3239} INFO - Sync 3 DAGs
[2025-02-14T23:44:56.537+0000] {logging_mixin.py:190} INFO - [2025-02-14T23:44:56.536+0000] {dag.py:4180} INFO - Setting next_dagrun for example_subdag_operator to 2022-01-01 00:00:00+00:00, run_after=2022-01-01 00:00:00+00:00
[2025-02-14T23:44:56.539+0000] {logging_mixin.py:190} INFO - [2025-02-14T23:44:56.539+0000] {dag.py:4180} INFO - Setting next_dagrun for example_subdag_operator.section-1 to None, run_after=None
[2025-02-14T23:44:56.540+0000] {logging_mixin.py:190} INFO - [2025-02-14T23:44:56.539+0000] {dag.py:4180} INFO - Setting next_dagrun for example_subdag_operator.section-2 to None, run_after=None
[2025-02-14T23:44:56.543+0000] {logging_mixin.py:190} INFO - [2025-02-14T23:44:56.543+0000] {dag.py:3239} INFO - Sync 2 DAGs
[2025-02-14T23:44:56.546+0000] {logging_mixin.py:190} INFO - [2025-02-14T23:44:56.546+0000] {dag.py:4180} INFO - Setting next_dagrun for example_subdag_operator.section-1 to None, run_after=None
[2025-02-14T23:44:56.546+0000] {logging_mixin.py:190} INFO - [2025-02-14T23:44:56.546+0000] {dag.py:4180} INFO - Setting next_dagrun for example_subdag_operator.section-2 to None, run_after=None
[2025-02-14T23:44:56.552+0000] {processor.py:208} INFO - Processing /home/airflow/.local/lib/python3.12/site-packages/airflow/example_dags/example_subdag_operator.py took 0.066 seconds
[2025-02-14T23:45:26.661+0000] {processor.py:186} INFO - Started process (PID=1156) to work on /home/airflow/.local/lib/python3.12/site-packages/airflow/example_dags/example_subdag_operator.py
[2025-02-14T23:45:26.661+0000] {processor.py:914} INFO - Processing file /home/airflow/.local/lib/python3.12/site-packages/airflow/example_dags/example_subdag_operator.py for tasks to queue
[2025-02-14T23:45:26.664+0000] {logging_mixin.py:190} INFO - [2025-02-14T23:45:26.663+0000] {dagbag.py:588} INFO - Filling up the DagBag from /home/airflow/.local/lib/python3.12/site-packages/airflow/example_dags/example_subdag_operator.py
[2025-02-14T23:45:26.680+0000] {processor.py:925} INFO - DAG(s) 'example_subdag_operator.section-1', 'example_subdag_operator.section-2', 'example_subdag_operator' retrieved from /home/airflow/.local/lib/python3.12/site-packages/airflow/example_dags/example_subdag_operator.py
[2025-02-14T23:45:26.690+0000] {logging_mixin.py:190} INFO - [2025-02-14T23:45:26.690+0000] {dag.py:3239} INFO - Sync 3 DAGs
[2025-02-14T23:45:26.704+0000] {logging_mixin.py:190} INFO - [2025-02-14T23:45:26.704+0000] {dag.py:4180} INFO - Setting next_dagrun for example_subdag_operator to 2022-01-01 00:00:00+00:00, run_after=2022-01-01 00:00:00+00:00
[2025-02-14T23:45:26.706+0000] {logging_mixin.py:190} INFO - [2025-02-14T23:45:26.706+0000] {dag.py:4180} INFO - Setting next_dagrun for example_subdag_operator.section-1 to None, run_after=None
[2025-02-14T23:45:26.708+0000] {logging_mixin.py:190} INFO - [2025-02-14T23:45:26.708+0000] {dag.py:4180} INFO - Setting next_dagrun for example_subdag_operator.section-2 to None, run_after=None
[2025-02-14T23:45:26.713+0000] {logging_mixin.py:190} INFO - [2025-02-14T23:45:26.713+0000] {dag.py:3239} INFO - Sync 2 DAGs
[2025-02-14T23:45:26.716+0000] {logging_mixin.py:190} INFO - [2025-02-14T23:45:26.716+0000] {dag.py:4180} INFO - Setting next_dagrun for example_subdag_operator.section-1 to None, run_after=None
[2025-02-14T23:45:26.716+0000] {logging_mixin.py:190} INFO - [2025-02-14T23:45:26.716+0000] {dag.py:4180} INFO - Setting next_dagrun for example_subdag_operator.section-2 to None, run_after=None
[2025-02-14T23:45:26.722+0000] {processor.py:208} INFO - Processing /home/airflow/.local/lib/python3.12/site-packages/airflow/example_dags/example_subdag_operator.py took 0.065 seconds
[2025-02-14T23:45:56.926+0000] {processor.py:186} INFO - Started process (PID=1219) to work on /home/airflow/.local/lib/python3.12/site-packages/airflow/example_dags/example_subdag_operator.py
[2025-02-14T23:45:56.928+0000] {processor.py:914} INFO - Processing file /home/airflow/.local/lib/python3.12/site-packages/airflow/example_dags/example_subdag_operator.py for tasks to queue
[2025-02-14T23:45:56.930+0000] {logging_mixin.py:190} INFO - [2025-02-14T23:45:56.930+0000] {dagbag.py:588} INFO - Filling up the DagBag from /home/airflow/.local/lib/python3.12/site-packages/airflow/example_dags/example_subdag_operator.py
[2025-02-14T23:45:56.949+0000] {processor.py:925} INFO - DAG(s) 'example_subdag_operator.section-1', 'example_subdag_operator.section-2', 'example_subdag_operator' retrieved from /home/airflow/.local/lib/python3.12/site-packages/airflow/example_dags/example_subdag_operator.py
[2025-02-14T23:45:56.958+0000] {logging_mixin.py:190} INFO - [2025-02-14T23:45:56.957+0000] {dag.py:3239} INFO - Sync 3 DAGs
[2025-02-14T23:45:56.974+0000] {logging_mixin.py:190} INFO - [2025-02-14T23:45:56.973+0000] {dag.py:4180} INFO - Setting next_dagrun for example_subdag_operator to 2022-01-01 00:00:00+00:00, run_after=2022-01-01 00:00:00+00:00
[2025-02-14T23:45:56.976+0000] {logging_mixin.py:190} INFO - [2025-02-14T23:45:56.976+0000] {dag.py:4180} INFO - Setting next_dagrun for example_subdag_operator.section-1 to None, run_after=None
[2025-02-14T23:45:56.976+0000] {logging_mixin.py:190} INFO - [2025-02-14T23:45:56.976+0000] {dag.py:4180} INFO - Setting next_dagrun for example_subdag_operator.section-2 to None, run_after=None
[2025-02-14T23:45:56.980+0000] {logging_mixin.py:190} INFO - [2025-02-14T23:45:56.980+0000] {dag.py:3239} INFO - Sync 2 DAGs
[2025-02-14T23:45:56.983+0000] {logging_mixin.py:190} INFO - [2025-02-14T23:45:56.982+0000] {dag.py:4180} INFO - Setting next_dagrun for example_subdag_operator.section-1 to None, run_after=None
[2025-02-14T23:45:56.983+0000] {logging_mixin.py:190} INFO - [2025-02-14T23:45:56.983+0000] {dag.py:4180} INFO - Setting next_dagrun for example_subdag_operator.section-2 to None, run_after=None
[2025-02-14T23:45:56.990+0000] {processor.py:208} INFO - Processing /home/airflow/.local/lib/python3.12/site-packages/airflow/example_dags/example_subdag_operator.py took 0.068 seconds
[2025-02-14T23:46:27.201+0000] {processor.py:186} INFO - Started process (PID=1282) to work on /home/airflow/.local/lib/python3.12/site-packages/airflow/example_dags/example_subdag_operator.py
[2025-02-14T23:46:27.201+0000] {processor.py:914} INFO - Processing file /home/airflow/.local/lib/python3.12/site-packages/airflow/example_dags/example_subdag_operator.py for tasks to queue
[2025-02-14T23:46:27.203+0000] {logging_mixin.py:190} INFO - [2025-02-14T23:46:27.202+0000] {dagbag.py:588} INFO - Filling up the DagBag from /home/airflow/.local/lib/python3.12/site-packages/airflow/example_dags/example_subdag_operator.py
[2025-02-14T23:46:27.219+0000] {processor.py:925} INFO - DAG(s) 'example_subdag_operator.section-1', 'example_subdag_operator.section-2', 'example_subdag_operator' retrieved from /home/airflow/.local/lib/python3.12/site-packages/airflow/example_dags/example_subdag_operator.py
[2025-02-14T23:46:27.229+0000] {logging_mixin.py:190} INFO - [2025-02-14T23:46:27.229+0000] {dag.py:3239} INFO - Sync 3 DAGs
[2025-02-14T23:46:27.242+0000] {logging_mixin.py:190} INFO - [2025-02-14T23:46:27.242+0000] {dag.py:4180} INFO - Setting next_dagrun for example_subdag_operator to 2022-01-01 00:00:00+00:00, run_after=2022-01-01 00:00:00+00:00
[2025-02-14T23:46:27.245+0000] {logging_mixin.py:190} INFO - [2025-02-14T23:46:27.245+0000] {dag.py:4180} INFO - Setting next_dagrun for example_subdag_operator.section-1 to None, run_after=None
[2025-02-14T23:46:27.246+0000] {logging_mixin.py:190} INFO - [2025-02-14T23:46:27.246+0000] {dag.py:4180} INFO - Setting next_dagrun for example_subdag_operator.section-2 to None, run_after=None
[2025-02-14T23:46:27.250+0000] {logging_mixin.py:190} INFO - [2025-02-14T23:46:27.249+0000] {dag.py:3239} INFO - Sync 2 DAGs
[2025-02-14T23:46:27.253+0000] {logging_mixin.py:190} INFO - [2025-02-14T23:46:27.253+0000] {dag.py:4180} INFO - Setting next_dagrun for example_subdag_operator.section-1 to None, run_after=None
[2025-02-14T23:46:27.253+0000] {logging_mixin.py:190} INFO - [2025-02-14T23:46:27.253+0000] {dag.py:4180} INFO - Setting next_dagrun for example_subdag_operator.section-2 to None, run_after=None
[2025-02-14T23:46:27.258+0000] {processor.py:208} INFO - Processing /home/airflow/.local/lib/python3.12/site-packages/airflow/example_dags/example_subdag_operator.py took 0.062 seconds
[2025-02-14T23:46:57.786+0000] {processor.py:186} INFO - Started process (PID=1345) to work on /home/airflow/.local/lib/python3.12/site-packages/airflow/example_dags/example_subdag_operator.py
[2025-02-14T23:46:57.787+0000] {processor.py:914} INFO - Processing file /home/airflow/.local/lib/python3.12/site-packages/airflow/example_dags/example_subdag_operator.py for tasks to queue
[2025-02-14T23:46:57.789+0000] {logging_mixin.py:190} INFO - [2025-02-14T23:46:57.788+0000] {dagbag.py:588} INFO - Filling up the DagBag from /home/airflow/.local/lib/python3.12/site-packages/airflow/example_dags/example_subdag_operator.py
[2025-02-14T23:46:57.805+0000] {processor.py:925} INFO - DAG(s) 'example_subdag_operator.section-1', 'example_subdag_operator.section-2', 'example_subdag_operator' retrieved from /home/airflow/.local/lib/python3.12/site-packages/airflow/example_dags/example_subdag_operator.py
[2025-02-14T23:46:57.815+0000] {logging_mixin.py:190} INFO - [2025-02-14T23:46:57.815+0000] {dag.py:3239} INFO - Sync 3 DAGs
[2025-02-14T23:46:57.830+0000] {logging_mixin.py:190} INFO - [2025-02-14T23:46:57.830+0000] {dag.py:4180} INFO - Setting next_dagrun for example_subdag_operator to 2022-01-01 00:00:00+00:00, run_after=2022-01-01 00:00:00+00:00
[2025-02-14T23:46:57.833+0000] {logging_mixin.py:190} INFO - [2025-02-14T23:46:57.833+0000] {dag.py:4180} INFO - Setting next_dagrun for example_subdag_operator.section-1 to None, run_after=None
[2025-02-14T23:46:57.834+0000] {logging_mixin.py:190} INFO - [2025-02-14T23:46:57.834+0000] {dag.py:4180} INFO - Setting next_dagrun for example_subdag_operator.section-2 to None, run_after=None
[2025-02-14T23:46:57.838+0000] {logging_mixin.py:190} INFO - [2025-02-14T23:46:57.838+0000] {dag.py:3239} INFO - Sync 2 DAGs
[2025-02-14T23:46:57.841+0000] {logging_mixin.py:190} INFO - [2025-02-14T23:46:57.841+0000] {dag.py:4180} INFO - Setting next_dagrun for example_subdag_operator.section-1 to None, run_after=None
[2025-02-14T23:46:57.842+0000] {logging_mixin.py:190} INFO - [2025-02-14T23:46:57.842+0000] {dag.py:4180} INFO - Setting next_dagrun for example_subdag_operator.section-2 to None, run_after=None
[2025-02-14T23:46:57.849+0000] {processor.py:208} INFO - Processing /home/airflow/.local/lib/python3.12/site-packages/airflow/example_dags/example_subdag_operator.py took 0.067 seconds
[2025-02-14T23:47:28.397+0000] {processor.py:186} INFO - Started process (PID=1407) to work on /home/airflow/.local/lib/python3.12/site-packages/airflow/example_dags/example_subdag_operator.py
[2025-02-14T23:47:28.398+0000] {processor.py:914} INFO - Processing file /home/airflow/.local/lib/python3.12/site-packages/airflow/example_dags/example_subdag_operator.py for tasks to queue
[2025-02-14T23:47:28.399+0000] {logging_mixin.py:190} INFO - [2025-02-14T23:47:28.399+0000] {dagbag.py:588} INFO - Filling up the DagBag from /home/airflow/.local/lib/python3.12/site-packages/airflow/example_dags/example_subdag_operator.py
[2025-02-14T23:47:28.416+0000] {processor.py:925} INFO - DAG(s) 'example_subdag_operator.section-1', 'example_subdag_operator.section-2', 'example_subdag_operator' retrieved from /home/airflow/.local/lib/python3.12/site-packages/airflow/example_dags/example_subdag_operator.py
[2025-02-14T23:47:28.426+0000] {logging_mixin.py:190} INFO - [2025-02-14T23:47:28.426+0000] {dag.py:3239} INFO - Sync 3 DAGs
[2025-02-14T23:47:28.440+0000] {logging_mixin.py:190} INFO - [2025-02-14T23:47:28.440+0000] {dag.py:4180} INFO - Setting next_dagrun for example_subdag_operator to 2022-01-01 00:00:00+00:00, run_after=2022-01-01 00:00:00+00:00
[2025-02-14T23:47:28.443+0000] {logging_mixin.py:190} INFO - [2025-02-14T23:47:28.443+0000] {dag.py:4180} INFO - Setting next_dagrun for example_subdag_operator.section-1 to None, run_after=None
[2025-02-14T23:47:28.445+0000] {logging_mixin.py:190} INFO - [2025-02-14T23:47:28.445+0000] {dag.py:4180} INFO - Setting next_dagrun for example_subdag_operator.section-2 to None, run_after=None
[2025-02-14T23:47:28.450+0000] {logging_mixin.py:190} INFO - [2025-02-14T23:47:28.450+0000] {dag.py:3239} INFO - Sync 2 DAGs
[2025-02-14T23:47:28.454+0000] {logging_mixin.py:190} INFO - [2025-02-14T23:47:28.454+0000] {dag.py:4180} INFO - Setting next_dagrun for example_subdag_operator.section-1 to None, run_after=None
[2025-02-14T23:47:28.454+0000] {logging_mixin.py:190} INFO - [2025-02-14T23:47:28.454+0000] {dag.py:4180} INFO - Setting next_dagrun for example_subdag_operator.section-2 to None, run_after=None
[2025-02-14T23:47:28.464+0000] {processor.py:208} INFO - Processing /home/airflow/.local/lib/python3.12/site-packages/airflow/example_dags/example_subdag_operator.py took 0.071 seconds
[2025-02-14T23:47:58.837+0000] {processor.py:186} INFO - Started process (PID=1470) to work on /home/airflow/.local/lib/python3.12/site-packages/airflow/example_dags/example_subdag_operator.py
[2025-02-14T23:47:58.839+0000] {processor.py:914} INFO - Processing file /home/airflow/.local/lib/python3.12/site-packages/airflow/example_dags/example_subdag_operator.py for tasks to queue
[2025-02-14T23:47:58.841+0000] {logging_mixin.py:190} INFO - [2025-02-14T23:47:58.840+0000] {dagbag.py:588} INFO - Filling up the DagBag from /home/airflow/.local/lib/python3.12/site-packages/airflow/example_dags/example_subdag_operator.py
[2025-02-14T23:47:58.865+0000] {processor.py:925} INFO - DAG(s) 'example_subdag_operator.section-1', 'example_subdag_operator.section-2', 'example_subdag_operator' retrieved from /home/airflow/.local/lib/python3.12/site-packages/airflow/example_dags/example_subdag_operator.py
[2025-02-14T23:47:58.875+0000] {logging_mixin.py:190} INFO - [2025-02-14T23:47:58.875+0000] {dag.py:3239} INFO - Sync 3 DAGs
[2025-02-14T23:47:58.891+0000] {logging_mixin.py:190} INFO - [2025-02-14T23:47:58.890+0000] {dag.py:4180} INFO - Setting next_dagrun for example_subdag_operator to 2022-01-01 00:00:00+00:00, run_after=2022-01-01 00:00:00+00:00
[2025-02-14T23:47:58.893+0000] {logging_mixin.py:190} INFO - [2025-02-14T23:47:58.893+0000] {dag.py:4180} INFO - Setting next_dagrun for example_subdag_operator.section-1 to None, run_after=None
[2025-02-14T23:47:58.894+0000] {logging_mixin.py:190} INFO - [2025-02-14T23:47:58.894+0000] {dag.py:4180} INFO - Setting next_dagrun for example_subdag_operator.section-2 to None, run_after=None
[2025-02-14T23:47:58.898+0000] {logging_mixin.py:190} INFO - [2025-02-14T23:47:58.898+0000] {dag.py:3239} INFO - Sync 2 DAGs
[2025-02-14T23:47:58.902+0000] {logging_mixin.py:190} INFO - [2025-02-14T23:47:58.902+0000] {dag.py:4180} INFO - Setting next_dagrun for example_subdag_operator.section-1 to None, run_after=None
[2025-02-14T23:47:58.902+0000] {logging_mixin.py:190} INFO - [2025-02-14T23:47:58.902+0000] {dag.py:4180} INFO - Setting next_dagrun for example_subdag_operator.section-2 to None, run_after=None
[2025-02-14T23:47:58.910+0000] {processor.py:208} INFO - Processing /home/airflow/.local/lib/python3.12/site-packages/airflow/example_dags/example_subdag_operator.py took 0.077 seconds
[2025-02-14T23:48:29.200+0000] {processor.py:186} INFO - Started process (PID=1533) to work on /home/airflow/.local/lib/python3.12/site-packages/airflow/example_dags/example_subdag_operator.py
[2025-02-14T23:48:29.201+0000] {processor.py:914} INFO - Processing file /home/airflow/.local/lib/python3.12/site-packages/airflow/example_dags/example_subdag_operator.py for tasks to queue
[2025-02-14T23:48:29.203+0000] {logging_mixin.py:190} INFO - [2025-02-14T23:48:29.202+0000] {dagbag.py:588} INFO - Filling up the DagBag from /home/airflow/.local/lib/python3.12/site-packages/airflow/example_dags/example_subdag_operator.py
[2025-02-14T23:48:29.218+0000] {processor.py:925} INFO - DAG(s) 'example_subdag_operator.section-1', 'example_subdag_operator.section-2', 'example_subdag_operator' retrieved from /home/airflow/.local/lib/python3.12/site-packages/airflow/example_dags/example_subdag_operator.py
[2025-02-14T23:48:29.229+0000] {logging_mixin.py:190} INFO - [2025-02-14T23:48:29.229+0000] {dag.py:3239} INFO - Sync 3 DAGs
[2025-02-14T23:48:29.243+0000] {logging_mixin.py:190} INFO - [2025-02-14T23:48:29.243+0000] {dag.py:4180} INFO - Setting next_dagrun for example_subdag_operator to 2022-01-01 00:00:00+00:00, run_after=2022-01-01 00:00:00+00:00
[2025-02-14T23:48:29.245+0000] {logging_mixin.py:190} INFO - [2025-02-14T23:48:29.245+0000] {dag.py:4180} INFO - Setting next_dagrun for example_subdag_operator.section-1 to None, run_after=None
[2025-02-14T23:48:29.246+0000] {logging_mixin.py:190} INFO - [2025-02-14T23:48:29.246+0000] {dag.py:4180} INFO - Setting next_dagrun for example_subdag_operator.section-2 to None, run_after=None
[2025-02-14T23:48:29.249+0000] {logging_mixin.py:190} INFO - [2025-02-14T23:48:29.249+0000] {dag.py:3239} INFO - Sync 2 DAGs
[2025-02-14T23:48:29.252+0000] {logging_mixin.py:190} INFO - [2025-02-14T23:48:29.252+0000] {dag.py:4180} INFO - Setting next_dagrun for example_subdag_operator.section-1 to None, run_after=None
[2025-02-14T23:48:29.253+0000] {logging_mixin.py:190} INFO - [2025-02-14T23:48:29.253+0000] {dag.py:4180} INFO - Setting next_dagrun for example_subdag_operator.section-2 to None, run_after=None
[2025-02-14T23:48:29.258+0000] {processor.py:208} INFO - Processing /home/airflow/.local/lib/python3.12/site-packages/airflow/example_dags/example_subdag_operator.py took 0.062 seconds
[2025-02-14T23:48:59.499+0000] {processor.py:186} INFO - Started process (PID=1596) to work on /home/airflow/.local/lib/python3.12/site-packages/airflow/example_dags/example_subdag_operator.py
[2025-02-14T23:48:59.504+0000] {processor.py:914} INFO - Processing file /home/airflow/.local/lib/python3.12/site-packages/airflow/example_dags/example_subdag_operator.py for tasks to queue
[2025-02-14T23:48:59.506+0000] {logging_mixin.py:190} INFO - [2025-02-14T23:48:59.506+0000] {dagbag.py:588} INFO - Filling up the DagBag from /home/airflow/.local/lib/python3.12/site-packages/airflow/example_dags/example_subdag_operator.py
[2025-02-14T23:48:59.524+0000] {processor.py:925} INFO - DAG(s) 'example_subdag_operator.section-1', 'example_subdag_operator.section-2', 'example_subdag_operator' retrieved from /home/airflow/.local/lib/python3.12/site-packages/airflow/example_dags/example_subdag_operator.py
[2025-02-14T23:48:59.541+0000] {logging_mixin.py:190} INFO - [2025-02-14T23:48:59.541+0000] {dag.py:3239} INFO - Sync 3 DAGs
[2025-02-14T23:48:59.556+0000] {logging_mixin.py:190} INFO - [2025-02-14T23:48:59.556+0000] {dag.py:4180} INFO - Setting next_dagrun for example_subdag_operator to 2022-01-01 00:00:00+00:00, run_after=2022-01-01 00:00:00+00:00
[2025-02-14T23:48:59.558+0000] {logging_mixin.py:190} INFO - [2025-02-14T23:48:59.558+0000] {dag.py:4180} INFO - Setting next_dagrun for example_subdag_operator.section-1 to None, run_after=None
[2025-02-14T23:48:59.559+0000] {logging_mixin.py:190} INFO - [2025-02-14T23:48:59.559+0000] {dag.py:4180} INFO - Setting next_dagrun for example_subdag_operator.section-2 to None, run_after=None
[2025-02-14T23:48:59.563+0000] {logging_mixin.py:190} INFO - [2025-02-14T23:48:59.563+0000] {dag.py:3239} INFO - Sync 2 DAGs
[2025-02-14T23:48:59.567+0000] {logging_mixin.py:190} INFO - [2025-02-14T23:48:59.567+0000] {dag.py:4180} INFO - Setting next_dagrun for example_subdag_operator.section-1 to None, run_after=None
[2025-02-14T23:48:59.570+0000] {logging_mixin.py:190} INFO - [2025-02-14T23:48:59.570+0000] {dag.py:4180} INFO - Setting next_dagrun for example_subdag_operator.section-2 to None, run_after=None
[2025-02-14T23:48:59.581+0000] {processor.py:208} INFO - Processing /home/airflow/.local/lib/python3.12/site-packages/airflow/example_dags/example_subdag_operator.py took 0.085 seconds
[2025-02-14T23:49:29.710+0000] {processor.py:186} INFO - Started process (PID=1659) to work on /home/airflow/.local/lib/python3.12/site-packages/airflow/example_dags/example_subdag_operator.py
[2025-02-14T23:49:29.711+0000] {processor.py:914} INFO - Processing file /home/airflow/.local/lib/python3.12/site-packages/airflow/example_dags/example_subdag_operator.py for tasks to queue
[2025-02-14T23:49:29.713+0000] {logging_mixin.py:190} INFO - [2025-02-14T23:49:29.713+0000] {dagbag.py:588} INFO - Filling up the DagBag from /home/airflow/.local/lib/python3.12/site-packages/airflow/example_dags/example_subdag_operator.py
[2025-02-14T23:49:29.730+0000] {processor.py:925} INFO - DAG(s) 'example_subdag_operator.section-1', 'example_subdag_operator.section-2', 'example_subdag_operator' retrieved from /home/airflow/.local/lib/python3.12/site-packages/airflow/example_dags/example_subdag_operator.py
[2025-02-14T23:49:29.743+0000] {logging_mixin.py:190} INFO - [2025-02-14T23:49:29.743+0000] {dag.py:3239} INFO - Sync 3 DAGs
[2025-02-14T23:49:29.758+0000] {logging_mixin.py:190} INFO - [2025-02-14T23:49:29.758+0000] {dag.py:4180} INFO - Setting next_dagrun for example_subdag_operator to 2022-01-01 00:00:00+00:00, run_after=2022-01-01 00:00:00+00:00
[2025-02-14T23:49:29.762+0000] {logging_mixin.py:190} INFO - [2025-02-14T23:49:29.761+0000] {dag.py:4180} INFO - Setting next_dagrun for example_subdag_operator.section-1 to None, run_after=None
[2025-02-14T23:49:29.763+0000] {logging_mixin.py:190} INFO - [2025-02-14T23:49:29.763+0000] {dag.py:4180} INFO - Setting next_dagrun for example_subdag_operator.section-2 to None, run_after=None
[2025-02-14T23:49:29.768+0000] {logging_mixin.py:190} INFO - [2025-02-14T23:49:29.768+0000] {dag.py:3239} INFO - Sync 2 DAGs
[2025-02-14T23:49:29.771+0000] {logging_mixin.py:190} INFO - [2025-02-14T23:49:29.771+0000] {dag.py:4180} INFO - Setting next_dagrun for example_subdag_operator.section-1 to None, run_after=None
[2025-02-14T23:49:29.772+0000] {logging_mixin.py:190} INFO - [2025-02-14T23:49:29.772+0000] {dag.py:4180} INFO - Setting next_dagrun for example_subdag_operator.section-2 to None, run_after=None
[2025-02-14T23:49:29.778+0000] {processor.py:208} INFO - Processing /home/airflow/.local/lib/python3.12/site-packages/airflow/example_dags/example_subdag_operator.py took 0.072 seconds
[2025-02-14T23:50:00.075+0000] {processor.py:186} INFO - Started process (PID=1722) to work on /home/airflow/.local/lib/python3.12/site-packages/airflow/example_dags/example_subdag_operator.py
[2025-02-14T23:50:00.077+0000] {processor.py:914} INFO - Processing file /home/airflow/.local/lib/python3.12/site-packages/airflow/example_dags/example_subdag_operator.py for tasks to queue
[2025-02-14T23:50:00.079+0000] {logging_mixin.py:190} INFO - [2025-02-14T23:50:00.079+0000] {dagbag.py:588} INFO - Filling up the DagBag from /home/airflow/.local/lib/python3.12/site-packages/airflow/example_dags/example_subdag_operator.py
[2025-02-14T23:50:00.096+0000] {processor.py:925} INFO - DAG(s) 'example_subdag_operator.section-1', 'example_subdag_operator.section-2', 'example_subdag_operator' retrieved from /home/airflow/.local/lib/python3.12/site-packages/airflow/example_dags/example_subdag_operator.py
[2025-02-14T23:50:00.106+0000] {logging_mixin.py:190} INFO - [2025-02-14T23:50:00.105+0000] {dag.py:3239} INFO - Sync 3 DAGs
[2025-02-14T23:50:00.119+0000] {logging_mixin.py:190} INFO - [2025-02-14T23:50:00.119+0000] {dag.py:4180} INFO - Setting next_dagrun for example_subdag_operator to 2022-01-01 00:00:00+00:00, run_after=2022-01-01 00:00:00+00:00
[2025-02-14T23:50:00.125+0000] {logging_mixin.py:190} INFO - [2025-02-14T23:50:00.125+0000] {dag.py:4180} INFO - Setting next_dagrun for example_subdag_operator.section-1 to None, run_after=None
[2025-02-14T23:50:00.126+0000] {logging_mixin.py:190} INFO - [2025-02-14T23:50:00.126+0000] {dag.py:4180} INFO - Setting next_dagrun for example_subdag_operator.section-2 to None, run_after=None
[2025-02-14T23:50:00.131+0000] {logging_mixin.py:190} INFO - [2025-02-14T23:50:00.130+0000] {dag.py:3239} INFO - Sync 2 DAGs
[2025-02-14T23:50:00.135+0000] {logging_mixin.py:190} INFO - [2025-02-14T23:50:00.135+0000] {dag.py:4180} INFO - Setting next_dagrun for example_subdag_operator.section-1 to None, run_after=None
[2025-02-14T23:50:00.136+0000] {logging_mixin.py:190} INFO - [2025-02-14T23:50:00.136+0000] {dag.py:4180} INFO - Setting next_dagrun for example_subdag_operator.section-2 to None, run_after=None
[2025-02-14T23:50:00.145+0000] {processor.py:208} INFO - Processing /home/airflow/.local/lib/python3.12/site-packages/airflow/example_dags/example_subdag_operator.py took 0.074 seconds
[2025-02-14T23:50:30.938+0000] {processor.py:186} INFO - Started process (PID=1785) to work on /home/airflow/.local/lib/python3.12/site-packages/airflow/example_dags/example_subdag_operator.py
[2025-02-14T23:50:30.939+0000] {processor.py:914} INFO - Processing file /home/airflow/.local/lib/python3.12/site-packages/airflow/example_dags/example_subdag_operator.py for tasks to queue
[2025-02-14T23:50:30.941+0000] {logging_mixin.py:190} INFO - [2025-02-14T23:50:30.941+0000] {dagbag.py:588} INFO - Filling up the DagBag from /home/airflow/.local/lib/python3.12/site-packages/airflow/example_dags/example_subdag_operator.py
[2025-02-14T23:50:30.962+0000] {processor.py:925} INFO - DAG(s) 'example_subdag_operator.section-1', 'example_subdag_operator.section-2', 'example_subdag_operator' retrieved from /home/airflow/.local/lib/python3.12/site-packages/airflow/example_dags/example_subdag_operator.py
[2025-02-14T23:50:30.975+0000] {logging_mixin.py:190} INFO - [2025-02-14T23:50:30.974+0000] {dag.py:3239} INFO - Sync 3 DAGs
[2025-02-14T23:50:30.995+0000] {logging_mixin.py:190} INFO - [2025-02-14T23:50:30.995+0000] {dag.py:4180} INFO - Setting next_dagrun for example_subdag_operator to 2022-01-01 00:00:00+00:00, run_after=2022-01-01 00:00:00+00:00
[2025-02-14T23:50:31.000+0000] {logging_mixin.py:190} INFO - [2025-02-14T23:50:31.000+0000] {dag.py:4180} INFO - Setting next_dagrun for example_subdag_operator.section-1 to None, run_after=None
[2025-02-14T23:50:31.002+0000] {logging_mixin.py:190} INFO - [2025-02-14T23:50:31.002+0000] {dag.py:4180} INFO - Setting next_dagrun for example_subdag_operator.section-2 to None, run_after=None
[2025-02-14T23:50:31.007+0000] {logging_mixin.py:190} INFO - [2025-02-14T23:50:31.007+0000] {dag.py:3239} INFO - Sync 2 DAGs
[2025-02-14T23:50:31.010+0000] {logging_mixin.py:190} INFO - [2025-02-14T23:50:31.010+0000] {dag.py:4180} INFO - Setting next_dagrun for example_subdag_operator.section-1 to None, run_after=None
[2025-02-14T23:50:31.014+0000] {logging_mixin.py:190} INFO - [2025-02-14T23:50:31.014+0000] {dag.py:4180} INFO - Setting next_dagrun for example_subdag_operator.section-2 to None, run_after=None
[2025-02-14T23:50:31.021+0000] {processor.py:208} INFO - Processing /home/airflow/.local/lib/python3.12/site-packages/airflow/example_dags/example_subdag_operator.py took 0.087 seconds
[2025-02-14T23:51:01.462+0000] {processor.py:186} INFO - Started process (PID=1848) to work on /home/airflow/.local/lib/python3.12/site-packages/airflow/example_dags/example_subdag_operator.py
[2025-02-14T23:51:01.463+0000] {processor.py:914} INFO - Processing file /home/airflow/.local/lib/python3.12/site-packages/airflow/example_dags/example_subdag_operator.py for tasks to queue
[2025-02-14T23:51:01.465+0000] {logging_mixin.py:190} INFO - [2025-02-14T23:51:01.464+0000] {dagbag.py:588} INFO - Filling up the DagBag from /home/airflow/.local/lib/python3.12/site-packages/airflow/example_dags/example_subdag_operator.py
[2025-02-14T23:51:01.481+0000] {processor.py:925} INFO - DAG(s) 'example_subdag_operator.section-1', 'example_subdag_operator.section-2', 'example_subdag_operator' retrieved from /home/airflow/.local/lib/python3.12/site-packages/airflow/example_dags/example_subdag_operator.py
[2025-02-14T23:51:01.491+0000] {logging_mixin.py:190} INFO - [2025-02-14T23:51:01.491+0000] {dag.py:3239} INFO - Sync 3 DAGs
[2025-02-14T23:51:01.507+0000] {logging_mixin.py:190} INFO - [2025-02-14T23:51:01.507+0000] {dag.py:4180} INFO - Setting next_dagrun for example_subdag_operator to 2022-01-01 00:00:00+00:00, run_after=2022-01-01 00:00:00+00:00
[2025-02-14T23:51:01.509+0000] {logging_mixin.py:190} INFO - [2025-02-14T23:51:01.509+0000] {dag.py:4180} INFO - Setting next_dagrun for example_subdag_operator.section-1 to None, run_after=None
[2025-02-14T23:51:01.510+0000] {logging_mixin.py:190} INFO - [2025-02-14T23:51:01.510+0000] {dag.py:4180} INFO - Setting next_dagrun for example_subdag_operator.section-2 to None, run_after=None
[2025-02-14T23:51:01.515+0000] {logging_mixin.py:190} INFO - [2025-02-14T23:51:01.515+0000] {dag.py:3239} INFO - Sync 2 DAGs
[2025-02-14T23:51:01.522+0000] {logging_mixin.py:190} INFO - [2025-02-14T23:51:01.521+0000] {dag.py:4180} INFO - Setting next_dagrun for example_subdag_operator.section-1 to None, run_after=None
[2025-02-14T23:51:01.526+0000] {logging_mixin.py:190} INFO - [2025-02-14T23:51:01.525+0000] {dag.py:4180} INFO - Setting next_dagrun for example_subdag_operator.section-2 to None, run_after=None
[2025-02-14T23:51:01.538+0000] {processor.py:208} INFO - Processing /home/airflow/.local/lib/python3.12/site-packages/airflow/example_dags/example_subdag_operator.py took 0.080 seconds
[2025-02-14T23:51:31.816+0000] {processor.py:186} INFO - Started process (PID=1911) to work on /home/airflow/.local/lib/python3.12/site-packages/airflow/example_dags/example_subdag_operator.py
[2025-02-14T23:51:31.819+0000] {processor.py:914} INFO - Processing file /home/airflow/.local/lib/python3.12/site-packages/airflow/example_dags/example_subdag_operator.py for tasks to queue
[2025-02-14T23:51:31.821+0000] {logging_mixin.py:190} INFO - [2025-02-14T23:51:31.821+0000] {dagbag.py:588} INFO - Filling up the DagBag from /home/airflow/.local/lib/python3.12/site-packages/airflow/example_dags/example_subdag_operator.py
[2025-02-14T23:51:31.840+0000] {processor.py:925} INFO - DAG(s) 'example_subdag_operator.section-1', 'example_subdag_operator.section-2', 'example_subdag_operator' retrieved from /home/airflow/.local/lib/python3.12/site-packages/airflow/example_dags/example_subdag_operator.py
[2025-02-14T23:51:31.849+0000] {logging_mixin.py:190} INFO - [2025-02-14T23:51:31.849+0000] {dag.py:3239} INFO - Sync 3 DAGs
[2025-02-14T23:51:31.865+0000] {logging_mixin.py:190} INFO - [2025-02-14T23:51:31.865+0000] {dag.py:4180} INFO - Setting next_dagrun for example_subdag_operator to 2022-01-01 00:00:00+00:00, run_after=2022-01-01 00:00:00+00:00
[2025-02-14T23:51:31.867+0000] {logging_mixin.py:190} INFO - [2025-02-14T23:51:31.867+0000] {dag.py:4180} INFO - Setting next_dagrun for example_subdag_operator.section-1 to None, run_after=None
[2025-02-14T23:51:31.869+0000] {logging_mixin.py:190} INFO - [2025-02-14T23:51:31.869+0000] {dag.py:4180} INFO - Setting next_dagrun for example_subdag_operator.section-2 to None, run_after=None
[2025-02-14T23:51:31.874+0000] {logging_mixin.py:190} INFO - [2025-02-14T23:51:31.874+0000] {dag.py:3239} INFO - Sync 2 DAGs
[2025-02-14T23:51:31.878+0000] {logging_mixin.py:190} INFO - [2025-02-14T23:51:31.878+0000] {dag.py:4180} INFO - Setting next_dagrun for example_subdag_operator.section-1 to None, run_after=None
[2025-02-14T23:51:31.879+0000] {logging_mixin.py:190} INFO - [2025-02-14T23:51:31.879+0000] {dag.py:4180} INFO - Setting next_dagrun for example_subdag_operator.section-2 to None, run_after=None
[2025-02-14T23:51:31.888+0000] {processor.py:208} INFO - Processing /home/airflow/.local/lib/python3.12/site-packages/airflow/example_dags/example_subdag_operator.py took 0.075 seconds
[2025-02-14T23:52:02.070+0000] {processor.py:186} INFO - Started process (PID=1974) to work on /home/airflow/.local/lib/python3.12/site-packages/airflow/example_dags/example_subdag_operator.py
[2025-02-14T23:52:02.071+0000] {processor.py:914} INFO - Processing file /home/airflow/.local/lib/python3.12/site-packages/airflow/example_dags/example_subdag_operator.py for tasks to queue
[2025-02-14T23:52:02.073+0000] {logging_mixin.py:190} INFO - [2025-02-14T23:52:02.072+0000] {dagbag.py:588} INFO - Filling up the DagBag from /home/airflow/.local/lib/python3.12/site-packages/airflow/example_dags/example_subdag_operator.py
[2025-02-14T23:52:02.089+0000] {processor.py:925} INFO - DAG(s) 'example_subdag_operator.section-1', 'example_subdag_operator.section-2', 'example_subdag_operator' retrieved from /home/airflow/.local/lib/python3.12/site-packages/airflow/example_dags/example_subdag_operator.py
[2025-02-14T23:52:02.101+0000] {logging_mixin.py:190} INFO - [2025-02-14T23:52:02.100+0000] {dag.py:3239} INFO - Sync 3 DAGs
[2025-02-14T23:52:02.116+0000] {logging_mixin.py:190} INFO - [2025-02-14T23:52:02.116+0000] {dag.py:4180} INFO - Setting next_dagrun for example_subdag_operator to 2022-01-01 00:00:00+00:00, run_after=2022-01-01 00:00:00+00:00
[2025-02-14T23:52:02.118+0000] {logging_mixin.py:190} INFO - [2025-02-14T23:52:02.118+0000] {dag.py:4180} INFO - Setting next_dagrun for example_subdag_operator.section-1 to None, run_after=None
[2025-02-14T23:52:02.119+0000] {logging_mixin.py:190} INFO - [2025-02-14T23:52:02.119+0000] {dag.py:4180} INFO - Setting next_dagrun for example_subdag_operator.section-2 to None, run_after=None
[2025-02-14T23:52:02.122+0000] {logging_mixin.py:190} INFO - [2025-02-14T23:52:02.122+0000] {dag.py:3239} INFO - Sync 2 DAGs
[2025-02-14T23:52:02.126+0000] {logging_mixin.py:190} INFO - [2025-02-14T23:52:02.125+0000] {dag.py:4180} INFO - Setting next_dagrun for example_subdag_operator.section-1 to None, run_after=None
[2025-02-14T23:52:02.126+0000] {logging_mixin.py:190} INFO - [2025-02-14T23:52:02.126+0000] {dag.py:4180} INFO - Setting next_dagrun for example_subdag_operator.section-2 to None, run_after=None
[2025-02-14T23:52:02.132+0000] {processor.py:208} INFO - Processing /home/airflow/.local/lib/python3.12/site-packages/airflow/example_dags/example_subdag_operator.py took 0.066 seconds
[2025-02-14T23:52:32.893+0000] {processor.py:186} INFO - Started process (PID=2037) to work on /home/airflow/.local/lib/python3.12/site-packages/airflow/example_dags/example_subdag_operator.py
[2025-02-14T23:52:32.894+0000] {processor.py:914} INFO - Processing file /home/airflow/.local/lib/python3.12/site-packages/airflow/example_dags/example_subdag_operator.py for tasks to queue
[2025-02-14T23:52:32.895+0000] {logging_mixin.py:190} INFO - [2025-02-14T23:52:32.895+0000] {dagbag.py:588} INFO - Filling up the DagBag from /home/airflow/.local/lib/python3.12/site-packages/airflow/example_dags/example_subdag_operator.py
[2025-02-14T23:52:32.916+0000] {processor.py:925} INFO - DAG(s) 'example_subdag_operator.section-1', 'example_subdag_operator.section-2', 'example_subdag_operator' retrieved from /home/airflow/.local/lib/python3.12/site-packages/airflow/example_dags/example_subdag_operator.py
[2025-02-14T23:52:32.927+0000] {logging_mixin.py:190} INFO - [2025-02-14T23:52:32.926+0000] {dag.py:3239} INFO - Sync 3 DAGs
[2025-02-14T23:52:32.941+0000] {logging_mixin.py:190} INFO - [2025-02-14T23:52:32.941+0000] {dag.py:4180} INFO - Setting next_dagrun for example_subdag_operator to 2022-01-01 00:00:00+00:00, run_after=2022-01-01 00:00:00+00:00
[2025-02-14T23:52:32.946+0000] {logging_mixin.py:190} INFO - [2025-02-14T23:52:32.945+0000] {dag.py:4180} INFO - Setting next_dagrun for example_subdag_operator.section-1 to None, run_after=None
[2025-02-14T23:52:32.946+0000] {logging_mixin.py:190} INFO - [2025-02-14T23:52:32.946+0000] {dag.py:4180} INFO - Setting next_dagrun for example_subdag_operator.section-2 to None, run_after=None
[2025-02-14T23:52:32.952+0000] {logging_mixin.py:190} INFO - [2025-02-14T23:52:32.951+0000] {dag.py:3239} INFO - Sync 2 DAGs
[2025-02-14T23:52:32.955+0000] {logging_mixin.py:190} INFO - [2025-02-14T23:52:32.955+0000] {dag.py:4180} INFO - Setting next_dagrun for example_subdag_operator.section-1 to None, run_after=None
[2025-02-14T23:52:32.958+0000] {logging_mixin.py:190} INFO - [2025-02-14T23:52:32.958+0000] {dag.py:4180} INFO - Setting next_dagrun for example_subdag_operator.section-2 to None, run_after=None
[2025-02-14T23:52:32.966+0000] {processor.py:208} INFO - Processing /home/airflow/.local/lib/python3.12/site-packages/airflow/example_dags/example_subdag_operator.py took 0.077 seconds
[2025-02-14T23:53:03.078+0000] {processor.py:186} INFO - Started process (PID=2100) to work on /home/airflow/.local/lib/python3.12/site-packages/airflow/example_dags/example_subdag_operator.py
[2025-02-14T23:53:03.079+0000] {processor.py:914} INFO - Processing file /home/airflow/.local/lib/python3.12/site-packages/airflow/example_dags/example_subdag_operator.py for tasks to queue
[2025-02-14T23:53:03.080+0000] {logging_mixin.py:190} INFO - [2025-02-14T23:53:03.080+0000] {dagbag.py:588} INFO - Filling up the DagBag from /home/airflow/.local/lib/python3.12/site-packages/airflow/example_dags/example_subdag_operator.py
[2025-02-14T23:53:03.100+0000] {processor.py:925} INFO - DAG(s) 'example_subdag_operator.section-1', 'example_subdag_operator.section-2', 'example_subdag_operator' retrieved from /home/airflow/.local/lib/python3.12/site-packages/airflow/example_dags/example_subdag_operator.py
[2025-02-14T23:53:03.109+0000] {logging_mixin.py:190} INFO - [2025-02-14T23:53:03.109+0000] {dag.py:3239} INFO - Sync 3 DAGs
[2025-02-14T23:53:03.122+0000] {logging_mixin.py:190} INFO - [2025-02-14T23:53:03.122+0000] {dag.py:4180} INFO - Setting next_dagrun for example_subdag_operator to 2022-01-01 00:00:00+00:00, run_after=2022-01-01 00:00:00+00:00
[2025-02-14T23:53:03.124+0000] {logging_mixin.py:190} INFO - [2025-02-14T23:53:03.124+0000] {dag.py:4180} INFO - Setting next_dagrun for example_subdag_operator.section-1 to None, run_after=None
[2025-02-14T23:53:03.125+0000] {logging_mixin.py:190} INFO - [2025-02-14T23:53:03.125+0000] {dag.py:4180} INFO - Setting next_dagrun for example_subdag_operator.section-2 to None, run_after=None
[2025-02-14T23:53:03.128+0000] {logging_mixin.py:190} INFO - [2025-02-14T23:53:03.128+0000] {dag.py:3239} INFO - Sync 2 DAGs
[2025-02-14T23:53:03.131+0000] {logging_mixin.py:190} INFO - [2025-02-14T23:53:03.131+0000] {dag.py:4180} INFO - Setting next_dagrun for example_subdag_operator.section-1 to None, run_after=None
[2025-02-14T23:53:03.131+0000] {logging_mixin.py:190} INFO - [2025-02-14T23:53:03.131+0000] {dag.py:4180} INFO - Setting next_dagrun for example_subdag_operator.section-2 to None, run_after=None
[2025-02-14T23:53:03.137+0000] {processor.py:208} INFO - Processing /home/airflow/.local/lib/python3.12/site-packages/airflow/example_dags/example_subdag_operator.py took 0.063 seconds
[2025-02-14T23:53:33.528+0000] {processor.py:186} INFO - Started process (PID=2163) to work on /home/airflow/.local/lib/python3.12/site-packages/airflow/example_dags/example_subdag_operator.py
[2025-02-14T23:53:33.529+0000] {processor.py:914} INFO - Processing file /home/airflow/.local/lib/python3.12/site-packages/airflow/example_dags/example_subdag_operator.py for tasks to queue
[2025-02-14T23:53:33.530+0000] {logging_mixin.py:190} INFO - [2025-02-14T23:53:33.530+0000] {dagbag.py:588} INFO - Filling up the DagBag from /home/airflow/.local/lib/python3.12/site-packages/airflow/example_dags/example_subdag_operator.py
[2025-02-14T23:53:33.547+0000] {processor.py:925} INFO - DAG(s) 'example_subdag_operator.section-1', 'example_subdag_operator.section-2', 'example_subdag_operator' retrieved from /home/airflow/.local/lib/python3.12/site-packages/airflow/example_dags/example_subdag_operator.py
[2025-02-14T23:53:33.557+0000] {logging_mixin.py:190} INFO - [2025-02-14T23:53:33.557+0000] {dag.py:3239} INFO - Sync 3 DAGs
[2025-02-14T23:53:33.571+0000] {logging_mixin.py:190} INFO - [2025-02-14T23:53:33.571+0000] {dag.py:4180} INFO - Setting next_dagrun for example_subdag_operator to 2022-01-01 00:00:00+00:00, run_after=2022-01-01 00:00:00+00:00
[2025-02-14T23:53:33.574+0000] {logging_mixin.py:190} INFO - [2025-02-14T23:53:33.574+0000] {dag.py:4180} INFO - Setting next_dagrun for example_subdag_operator.section-1 to None, run_after=None
[2025-02-14T23:53:33.575+0000] {logging_mixin.py:190} INFO - [2025-02-14T23:53:33.575+0000] {dag.py:4180} INFO - Setting next_dagrun for example_subdag_operator.section-2 to None, run_after=None
[2025-02-14T23:53:33.578+0000] {logging_mixin.py:190} INFO - [2025-02-14T23:53:33.578+0000] {dag.py:3239} INFO - Sync 2 DAGs
[2025-02-14T23:53:33.581+0000] {logging_mixin.py:190} INFO - [2025-02-14T23:53:33.581+0000] {dag.py:4180} INFO - Setting next_dagrun for example_subdag_operator.section-1 to None, run_after=None
[2025-02-14T23:53:33.582+0000] {logging_mixin.py:190} INFO - [2025-02-14T23:53:33.582+0000] {dag.py:4180} INFO - Setting next_dagrun for example_subdag_operator.section-2 to None, run_after=None
[2025-02-14T23:53:33.588+0000] {processor.py:208} INFO - Processing /home/airflow/.local/lib/python3.12/site-packages/airflow/example_dags/example_subdag_operator.py took 0.064 seconds
[2025-02-14T23:54:04.215+0000] {processor.py:186} INFO - Started process (PID=2226) to work on /home/airflow/.local/lib/python3.12/site-packages/airflow/example_dags/example_subdag_operator.py
[2025-02-14T23:54:04.216+0000] {processor.py:914} INFO - Processing file /home/airflow/.local/lib/python3.12/site-packages/airflow/example_dags/example_subdag_operator.py for tasks to queue
[2025-02-14T23:54:04.217+0000] {logging_mixin.py:190} INFO - [2025-02-14T23:54:04.217+0000] {dagbag.py:588} INFO - Filling up the DagBag from /home/airflow/.local/lib/python3.12/site-packages/airflow/example_dags/example_subdag_operator.py
[2025-02-14T23:54:04.238+0000] {processor.py:925} INFO - DAG(s) 'example_subdag_operator.section-1', 'example_subdag_operator.section-2', 'example_subdag_operator' retrieved from /home/airflow/.local/lib/python3.12/site-packages/airflow/example_dags/example_subdag_operator.py
[2025-02-14T23:54:04.247+0000] {logging_mixin.py:190} INFO - [2025-02-14T23:54:04.247+0000] {dag.py:3239} INFO - Sync 3 DAGs
[2025-02-14T23:54:04.261+0000] {logging_mixin.py:190} INFO - [2025-02-14T23:54:04.260+0000] {dag.py:4180} INFO - Setting next_dagrun for example_subdag_operator to 2022-01-01 00:00:00+00:00, run_after=2022-01-01 00:00:00+00:00
[2025-02-14T23:54:04.264+0000] {logging_mixin.py:190} INFO - [2025-02-14T23:54:04.264+0000] {dag.py:4180} INFO - Setting next_dagrun for example_subdag_operator.section-1 to None, run_after=None
[2025-02-14T23:54:04.265+0000] {logging_mixin.py:190} INFO - [2025-02-14T23:54:04.265+0000] {dag.py:4180} INFO - Setting next_dagrun for example_subdag_operator.section-2 to None, run_after=None
[2025-02-14T23:54:04.270+0000] {logging_mixin.py:190} INFO - [2025-02-14T23:54:04.270+0000] {dag.py:3239} INFO - Sync 2 DAGs
[2025-02-14T23:54:04.274+0000] {logging_mixin.py:190} INFO - [2025-02-14T23:54:04.274+0000] {dag.py:4180} INFO - Setting next_dagrun for example_subdag_operator.section-1 to None, run_after=None
[2025-02-14T23:54:04.275+0000] {logging_mixin.py:190} INFO - [2025-02-14T23:54:04.274+0000] {dag.py:4180} INFO - Setting next_dagrun for example_subdag_operator.section-2 to None, run_after=None
[2025-02-14T23:54:04.283+0000] {processor.py:208} INFO - Processing /home/airflow/.local/lib/python3.12/site-packages/airflow/example_dags/example_subdag_operator.py took 0.072 seconds
[2025-02-14T23:54:34.345+0000] {processor.py:186} INFO - Started process (PID=2289) to work on /home/airflow/.local/lib/python3.12/site-packages/airflow/example_dags/example_subdag_operator.py
[2025-02-14T23:54:34.346+0000] {processor.py:914} INFO - Processing file /home/airflow/.local/lib/python3.12/site-packages/airflow/example_dags/example_subdag_operator.py for tasks to queue
[2025-02-14T23:54:34.347+0000] {logging_mixin.py:190} INFO - [2025-02-14T23:54:34.347+0000] {dagbag.py:588} INFO - Filling up the DagBag from /home/airflow/.local/lib/python3.12/site-packages/airflow/example_dags/example_subdag_operator.py
[2025-02-14T23:54:34.363+0000] {processor.py:925} INFO - DAG(s) 'example_subdag_operator.section-1', 'example_subdag_operator.section-2', 'example_subdag_operator' retrieved from /home/airflow/.local/lib/python3.12/site-packages/airflow/example_dags/example_subdag_operator.py
[2025-02-14T23:54:34.374+0000] {logging_mixin.py:190} INFO - [2025-02-14T23:54:34.374+0000] {dag.py:3239} INFO - Sync 3 DAGs
[2025-02-14T23:54:34.388+0000] {logging_mixin.py:190} INFO - [2025-02-14T23:54:34.387+0000] {dag.py:4180} INFO - Setting next_dagrun for example_subdag_operator to 2022-01-01 00:00:00+00:00, run_after=2022-01-01 00:00:00+00:00
[2025-02-14T23:54:34.390+0000] {logging_mixin.py:190} INFO - [2025-02-14T23:54:34.390+0000] {dag.py:4180} INFO - Setting next_dagrun for example_subdag_operator.section-1 to None, run_after=None
[2025-02-14T23:54:34.390+0000] {logging_mixin.py:190} INFO - [2025-02-14T23:54:34.390+0000] {dag.py:4180} INFO - Setting next_dagrun for example_subdag_operator.section-2 to None, run_after=None
[2025-02-14T23:54:34.395+0000] {logging_mixin.py:190} INFO - [2025-02-14T23:54:34.395+0000] {dag.py:3239} INFO - Sync 2 DAGs
[2025-02-14T23:54:34.400+0000] {logging_mixin.py:190} INFO - [2025-02-14T23:54:34.400+0000] {dag.py:4180} INFO - Setting next_dagrun for example_subdag_operator.section-1 to None, run_after=None
[2025-02-14T23:54:34.401+0000] {logging_mixin.py:190} INFO - [2025-02-14T23:54:34.401+0000] {dag.py:4180} INFO - Setting next_dagrun for example_subdag_operator.section-2 to None, run_after=None
[2025-02-14T23:54:34.410+0000] {processor.py:208} INFO - Processing /home/airflow/.local/lib/python3.12/site-packages/airflow/example_dags/example_subdag_operator.py took 0.069 seconds
[2025-02-14T23:55:06.261+0000] {processor.py:186} INFO - Started process (PID=2352) to work on /home/airflow/.local/lib/python3.12/site-packages/airflow/example_dags/example_subdag_operator.py
[2025-02-14T23:55:06.262+0000] {processor.py:914} INFO - Processing file /home/airflow/.local/lib/python3.12/site-packages/airflow/example_dags/example_subdag_operator.py for tasks to queue
[2025-02-14T23:55:06.264+0000] {logging_mixin.py:190} INFO - [2025-02-14T23:55:06.264+0000] {dagbag.py:588} INFO - Filling up the DagBag from /home/airflow/.local/lib/python3.12/site-packages/airflow/example_dags/example_subdag_operator.py
[2025-02-14T23:55:06.291+0000] {processor.py:925} INFO - DAG(s) 'example_subdag_operator.section-1', 'example_subdag_operator.section-2', 'example_subdag_operator' retrieved from /home/airflow/.local/lib/python3.12/site-packages/airflow/example_dags/example_subdag_operator.py
[2025-02-14T23:55:06.307+0000] {logging_mixin.py:190} INFO - [2025-02-14T23:55:06.306+0000] {dag.py:3239} INFO - Sync 3 DAGs
[2025-02-14T23:55:06.331+0000] {logging_mixin.py:190} INFO - [2025-02-14T23:55:06.330+0000] {dag.py:4180} INFO - Setting next_dagrun for example_subdag_operator to 2022-01-01 00:00:00+00:00, run_after=2022-01-01 00:00:00+00:00
[2025-02-14T23:55:06.333+0000] {logging_mixin.py:190} INFO - [2025-02-14T23:55:06.333+0000] {dag.py:4180} INFO - Setting next_dagrun for example_subdag_operator.section-1 to None, run_after=None
[2025-02-14T23:55:06.334+0000] {logging_mixin.py:190} INFO - [2025-02-14T23:55:06.334+0000] {dag.py:4180} INFO - Setting next_dagrun for example_subdag_operator.section-2 to None, run_after=None
[2025-02-14T23:55:06.340+0000] {logging_mixin.py:190} INFO - [2025-02-14T23:55:06.339+0000] {dag.py:3239} INFO - Sync 2 DAGs
[2025-02-14T23:55:06.348+0000] {logging_mixin.py:190} INFO - [2025-02-14T23:55:06.347+0000] {dag.py:4180} INFO - Setting next_dagrun for example_subdag_operator.section-1 to None, run_after=None
[2025-02-14T23:55:06.349+0000] {logging_mixin.py:190} INFO - [2025-02-14T23:55:06.348+0000] {dag.py:4180} INFO - Setting next_dagrun for example_subdag_operator.section-2 to None, run_after=None
[2025-02-14T23:55:06.358+0000] {processor.py:208} INFO - Processing /home/airflow/.local/lib/python3.12/site-packages/airflow/example_dags/example_subdag_operator.py took 0.104 seconds
