[2025-02-14T23:36:46.840+0000] {processor.py:186} INFO - Started process (PID=90) to work on /home/airflow/.local/lib/python3.12/site-packages/airflow/example_dags/example_complex.py
[2025-02-14T23:36:46.841+0000] {processor.py:914} INFO - Processing file /home/airflow/.local/lib/python3.12/site-packages/airflow/example_dags/example_complex.py for tasks to queue
[2025-02-14T23:36:46.843+0000] {logging_mixin.py:190} INFO - [2025-02-14T23:36:46.843+0000] {dagbag.py:588} INFO - Filling up the DagBag from /home/airflow/.local/lib/python3.12/site-packages/airflow/example_dags/example_complex.py
[2025-02-14T23:36:46.856+0000] {processor.py:925} INFO - DAG(s) 'example_complex' retrieved from /home/airflow/.local/lib/python3.12/site-packages/airflow/example_dags/example_complex.py
[2025-02-14T23:36:46.890+0000] {logging_mixin.py:190} INFO - [2025-02-14T23:36:46.889+0000] {dag.py:3239} INFO - Sync 1 DAGs
[2025-02-14T23:36:46.903+0000] {logging_mixin.py:190} INFO - [2025-02-14T23:36:46.903+0000] {dag.py:4180} INFO - Setting next_dagrun for example_complex to None, run_after=None
[2025-02-14T23:36:46.919+0000] {processor.py:208} INFO - Processing /home/airflow/.local/lib/python3.12/site-packages/airflow/example_dags/example_complex.py took 0.085 seconds
[2025-02-14T23:37:17.087+0000] {processor.py:186} INFO - Started process (PID=153) to work on /home/airflow/.local/lib/python3.12/site-packages/airflow/example_dags/example_complex.py
[2025-02-14T23:37:17.088+0000] {processor.py:914} INFO - Processing file /home/airflow/.local/lib/python3.12/site-packages/airflow/example_dags/example_complex.py for tasks to queue
[2025-02-14T23:37:17.090+0000] {logging_mixin.py:190} INFO - [2025-02-14T23:37:17.089+0000] {dagbag.py:588} INFO - Filling up the DagBag from /home/airflow/.local/lib/python3.12/site-packages/airflow/example_dags/example_complex.py
[2025-02-14T23:37:17.098+0000] {processor.py:925} INFO - DAG(s) 'example_complex' retrieved from /home/airflow/.local/lib/python3.12/site-packages/airflow/example_dags/example_complex.py
[2025-02-14T23:37:17.123+0000] {logging_mixin.py:190} INFO - [2025-02-14T23:37:17.123+0000] {dag.py:3239} INFO - Sync 1 DAGs
[2025-02-14T23:37:17.132+0000] {logging_mixin.py:190} INFO - [2025-02-14T23:37:17.132+0000] {dag.py:4180} INFO - Setting next_dagrun for example_complex to None, run_after=None
[2025-02-14T23:37:17.148+0000] {processor.py:208} INFO - Processing /home/airflow/.local/lib/python3.12/site-packages/airflow/example_dags/example_complex.py took 0.065 seconds
[2025-02-14T23:37:48.054+0000] {processor.py:186} INFO - Started process (PID=222) to work on /home/airflow/.local/lib/python3.12/site-packages/airflow/example_dags/example_complex.py
[2025-02-14T23:37:48.055+0000] {processor.py:914} INFO - Processing file /home/airflow/.local/lib/python3.12/site-packages/airflow/example_dags/example_complex.py for tasks to queue
[2025-02-14T23:37:48.057+0000] {logging_mixin.py:190} INFO - [2025-02-14T23:37:48.056+0000] {dagbag.py:588} INFO - Filling up the DagBag from /home/airflow/.local/lib/python3.12/site-packages/airflow/example_dags/example_complex.py
[2025-02-14T23:37:48.065+0000] {processor.py:925} INFO - DAG(s) 'example_complex' retrieved from /home/airflow/.local/lib/python3.12/site-packages/airflow/example_dags/example_complex.py
[2025-02-14T23:37:48.090+0000] {logging_mixin.py:190} INFO - [2025-02-14T23:37:48.089+0000] {dag.py:3239} INFO - Sync 1 DAGs
[2025-02-14T23:37:48.099+0000] {logging_mixin.py:190} INFO - [2025-02-14T23:37:48.099+0000] {dag.py:4180} INFO - Setting next_dagrun for example_complex to None, run_after=None
[2025-02-14T23:37:48.110+0000] {processor.py:208} INFO - Processing /home/airflow/.local/lib/python3.12/site-packages/airflow/example_dags/example_complex.py took 0.060 seconds
[2025-02-14T23:38:18.803+0000] {processor.py:186} INFO - Started process (PID=285) to work on /home/airflow/.local/lib/python3.12/site-packages/airflow/example_dags/example_complex.py
[2025-02-14T23:38:18.804+0000] {processor.py:914} INFO - Processing file /home/airflow/.local/lib/python3.12/site-packages/airflow/example_dags/example_complex.py for tasks to queue
[2025-02-14T23:38:18.807+0000] {logging_mixin.py:190} INFO - [2025-02-14T23:38:18.807+0000] {dagbag.py:588} INFO - Filling up the DagBag from /home/airflow/.local/lib/python3.12/site-packages/airflow/example_dags/example_complex.py
[2025-02-14T23:38:18.816+0000] {processor.py:925} INFO - DAG(s) 'example_complex' retrieved from /home/airflow/.local/lib/python3.12/site-packages/airflow/example_dags/example_complex.py
[2025-02-14T23:38:18.839+0000] {logging_mixin.py:190} INFO - [2025-02-14T23:38:18.838+0000] {dag.py:3239} INFO - Sync 1 DAGs
[2025-02-14T23:38:18.848+0000] {logging_mixin.py:190} INFO - [2025-02-14T23:38:18.847+0000] {dag.py:4180} INFO - Setting next_dagrun for example_complex to None, run_after=None
[2025-02-14T23:38:18.859+0000] {processor.py:208} INFO - Processing /home/airflow/.local/lib/python3.12/site-packages/airflow/example_dags/example_complex.py took 0.060 seconds
[2025-02-14T23:38:49.118+0000] {processor.py:186} INFO - Started process (PID=348) to work on /home/airflow/.local/lib/python3.12/site-packages/airflow/example_dags/example_complex.py
[2025-02-14T23:38:49.118+0000] {processor.py:914} INFO - Processing file /home/airflow/.local/lib/python3.12/site-packages/airflow/example_dags/example_complex.py for tasks to queue
[2025-02-14T23:38:49.120+0000] {logging_mixin.py:190} INFO - [2025-02-14T23:38:49.119+0000] {dagbag.py:588} INFO - Filling up the DagBag from /home/airflow/.local/lib/python3.12/site-packages/airflow/example_dags/example_complex.py
[2025-02-14T23:38:49.127+0000] {processor.py:925} INFO - DAG(s) 'example_complex' retrieved from /home/airflow/.local/lib/python3.12/site-packages/airflow/example_dags/example_complex.py
[2025-02-14T23:38:49.145+0000] {logging_mixin.py:190} INFO - [2025-02-14T23:38:49.145+0000] {dag.py:3239} INFO - Sync 1 DAGs
[2025-02-14T23:38:49.153+0000] {logging_mixin.py:190} INFO - [2025-02-14T23:38:49.153+0000] {dag.py:4180} INFO - Setting next_dagrun for example_complex to None, run_after=None
[2025-02-14T23:38:49.164+0000] {processor.py:208} INFO - Processing /home/airflow/.local/lib/python3.12/site-packages/airflow/example_dags/example_complex.py took 0.050 seconds
[2025-02-14T23:39:19.321+0000] {processor.py:186} INFO - Started process (PID=410) to work on /home/airflow/.local/lib/python3.12/site-packages/airflow/example_dags/example_complex.py
[2025-02-14T23:39:19.322+0000] {processor.py:914} INFO - Processing file /home/airflow/.local/lib/python3.12/site-packages/airflow/example_dags/example_complex.py for tasks to queue
[2025-02-14T23:39:19.323+0000] {logging_mixin.py:190} INFO - [2025-02-14T23:39:19.323+0000] {dagbag.py:588} INFO - Filling up the DagBag from /home/airflow/.local/lib/python3.12/site-packages/airflow/example_dags/example_complex.py
[2025-02-14T23:39:19.331+0000] {processor.py:925} INFO - DAG(s) 'example_complex' retrieved from /home/airflow/.local/lib/python3.12/site-packages/airflow/example_dags/example_complex.py
[2025-02-14T23:39:19.351+0000] {logging_mixin.py:190} INFO - [2025-02-14T23:39:19.351+0000] {dag.py:3239} INFO - Sync 1 DAGs
[2025-02-14T23:39:19.360+0000] {logging_mixin.py:190} INFO - [2025-02-14T23:39:19.360+0000] {dag.py:4180} INFO - Setting next_dagrun for example_complex to None, run_after=None
[2025-02-14T23:39:19.370+0000] {processor.py:208} INFO - Processing /home/airflow/.local/lib/python3.12/site-packages/airflow/example_dags/example_complex.py took 0.053 seconds
[2025-02-14T23:39:49.551+0000] {processor.py:186} INFO - Started process (PID=473) to work on /home/airflow/.local/lib/python3.12/site-packages/airflow/example_dags/example_complex.py
[2025-02-14T23:39:49.552+0000] {processor.py:914} INFO - Processing file /home/airflow/.local/lib/python3.12/site-packages/airflow/example_dags/example_complex.py for tasks to queue
[2025-02-14T23:39:49.553+0000] {logging_mixin.py:190} INFO - [2025-02-14T23:39:49.553+0000] {dagbag.py:588} INFO - Filling up the DagBag from /home/airflow/.local/lib/python3.12/site-packages/airflow/example_dags/example_complex.py
[2025-02-14T23:39:49.560+0000] {processor.py:925} INFO - DAG(s) 'example_complex' retrieved from /home/airflow/.local/lib/python3.12/site-packages/airflow/example_dags/example_complex.py
[2025-02-14T23:39:49.579+0000] {logging_mixin.py:190} INFO - [2025-02-14T23:39:49.579+0000] {dag.py:3239} INFO - Sync 1 DAGs
[2025-02-14T23:39:49.587+0000] {logging_mixin.py:190} INFO - [2025-02-14T23:39:49.587+0000] {dag.py:4180} INFO - Setting next_dagrun for example_complex to None, run_after=None
[2025-02-14T23:39:49.596+0000] {processor.py:208} INFO - Processing /home/airflow/.local/lib/python3.12/site-packages/airflow/example_dags/example_complex.py took 0.049 seconds
[2025-02-14T23:40:20.210+0000] {processor.py:186} INFO - Started process (PID=535) to work on /home/airflow/.local/lib/python3.12/site-packages/airflow/example_dags/example_complex.py
[2025-02-14T23:40:20.211+0000] {processor.py:914} INFO - Processing file /home/airflow/.local/lib/python3.12/site-packages/airflow/example_dags/example_complex.py for tasks to queue
[2025-02-14T23:40:20.212+0000] {logging_mixin.py:190} INFO - [2025-02-14T23:40:20.212+0000] {dagbag.py:588} INFO - Filling up the DagBag from /home/airflow/.local/lib/python3.12/site-packages/airflow/example_dags/example_complex.py
[2025-02-14T23:40:20.221+0000] {processor.py:925} INFO - DAG(s) 'example_complex' retrieved from /home/airflow/.local/lib/python3.12/site-packages/airflow/example_dags/example_complex.py
[2025-02-14T23:40:20.243+0000] {logging_mixin.py:190} INFO - [2025-02-14T23:40:20.243+0000] {dag.py:3239} INFO - Sync 1 DAGs
[2025-02-14T23:40:20.253+0000] {logging_mixin.py:190} INFO - [2025-02-14T23:40:20.253+0000] {dag.py:4180} INFO - Setting next_dagrun for example_complex to None, run_after=None
[2025-02-14T23:40:20.269+0000] {processor.py:208} INFO - Processing /home/airflow/.local/lib/python3.12/site-packages/airflow/example_dags/example_complex.py took 0.064 seconds
[2025-02-14T23:40:50.869+0000] {processor.py:186} INFO - Started process (PID=598) to work on /home/airflow/.local/lib/python3.12/site-packages/airflow/example_dags/example_complex.py
[2025-02-14T23:40:50.871+0000] {processor.py:914} INFO - Processing file /home/airflow/.local/lib/python3.12/site-packages/airflow/example_dags/example_complex.py for tasks to queue
[2025-02-14T23:40:50.873+0000] {logging_mixin.py:190} INFO - [2025-02-14T23:40:50.873+0000] {dagbag.py:588} INFO - Filling up the DagBag from /home/airflow/.local/lib/python3.12/site-packages/airflow/example_dags/example_complex.py
[2025-02-14T23:40:50.882+0000] {processor.py:925} INFO - DAG(s) 'example_complex' retrieved from /home/airflow/.local/lib/python3.12/site-packages/airflow/example_dags/example_complex.py
[2025-02-14T23:40:50.901+0000] {logging_mixin.py:190} INFO - [2025-02-14T23:40:50.901+0000] {dag.py:3239} INFO - Sync 1 DAGs
[2025-02-14T23:40:50.911+0000] {logging_mixin.py:190} INFO - [2025-02-14T23:40:50.910+0000] {dag.py:4180} INFO - Setting next_dagrun for example_complex to None, run_after=None
[2025-02-14T23:40:50.925+0000] {processor.py:208} INFO - Processing /home/airflow/.local/lib/python3.12/site-packages/airflow/example_dags/example_complex.py took 0.059 seconds
[2025-02-14T23:41:21.833+0000] {processor.py:186} INFO - Started process (PID=661) to work on /home/airflow/.local/lib/python3.12/site-packages/airflow/example_dags/example_complex.py
[2025-02-14T23:41:21.835+0000] {processor.py:914} INFO - Processing file /home/airflow/.local/lib/python3.12/site-packages/airflow/example_dags/example_complex.py for tasks to queue
[2025-02-14T23:41:21.838+0000] {logging_mixin.py:190} INFO - [2025-02-14T23:41:21.838+0000] {dagbag.py:588} INFO - Filling up the DagBag from /home/airflow/.local/lib/python3.12/site-packages/airflow/example_dags/example_complex.py
[2025-02-14T23:41:21.849+0000] {processor.py:925} INFO - DAG(s) 'example_complex' retrieved from /home/airflow/.local/lib/python3.12/site-packages/airflow/example_dags/example_complex.py
[2025-02-14T23:41:21.872+0000] {logging_mixin.py:190} INFO - [2025-02-14T23:41:21.872+0000] {dag.py:3239} INFO - Sync 1 DAGs
[2025-02-14T23:41:21.884+0000] {logging_mixin.py:190} INFO - [2025-02-14T23:41:21.884+0000] {dag.py:4180} INFO - Setting next_dagrun for example_complex to None, run_after=None
[2025-02-14T23:41:21.895+0000] {processor.py:208} INFO - Processing /home/airflow/.local/lib/python3.12/site-packages/airflow/example_dags/example_complex.py took 0.066 seconds
[2025-02-14T23:41:52.671+0000] {processor.py:186} INFO - Started process (PID=725) to work on /home/airflow/.local/lib/python3.12/site-packages/airflow/example_dags/example_complex.py
[2025-02-14T23:41:52.672+0000] {processor.py:914} INFO - Processing file /home/airflow/.local/lib/python3.12/site-packages/airflow/example_dags/example_complex.py for tasks to queue
[2025-02-14T23:41:52.673+0000] {logging_mixin.py:190} INFO - [2025-02-14T23:41:52.673+0000] {dagbag.py:588} INFO - Filling up the DagBag from /home/airflow/.local/lib/python3.12/site-packages/airflow/example_dags/example_complex.py
[2025-02-14T23:41:52.681+0000] {processor.py:925} INFO - DAG(s) 'example_complex' retrieved from /home/airflow/.local/lib/python3.12/site-packages/airflow/example_dags/example_complex.py
[2025-02-14T23:41:52.700+0000] {logging_mixin.py:190} INFO - [2025-02-14T23:41:52.700+0000] {dag.py:3239} INFO - Sync 1 DAGs
[2025-02-14T23:41:52.709+0000] {logging_mixin.py:190} INFO - [2025-02-14T23:41:52.709+0000] {dag.py:4180} INFO - Setting next_dagrun for example_complex to None, run_after=None
[2025-02-14T23:41:52.720+0000] {processor.py:208} INFO - Processing /home/airflow/.local/lib/python3.12/site-packages/airflow/example_dags/example_complex.py took 0.053 seconds
[2025-02-14T23:42:23.000+0000] {processor.py:186} INFO - Started process (PID=788) to work on /home/airflow/.local/lib/python3.12/site-packages/airflow/example_dags/example_complex.py
[2025-02-14T23:42:23.001+0000] {processor.py:914} INFO - Processing file /home/airflow/.local/lib/python3.12/site-packages/airflow/example_dags/example_complex.py for tasks to queue
[2025-02-14T23:42:23.002+0000] {logging_mixin.py:190} INFO - [2025-02-14T23:42:23.002+0000] {dagbag.py:588} INFO - Filling up the DagBag from /home/airflow/.local/lib/python3.12/site-packages/airflow/example_dags/example_complex.py
[2025-02-14T23:42:23.010+0000] {processor.py:925} INFO - DAG(s) 'example_complex' retrieved from /home/airflow/.local/lib/python3.12/site-packages/airflow/example_dags/example_complex.py
[2025-02-14T23:42:23.030+0000] {logging_mixin.py:190} INFO - [2025-02-14T23:42:23.029+0000] {dag.py:3239} INFO - Sync 1 DAGs
[2025-02-14T23:42:23.038+0000] {logging_mixin.py:190} INFO - [2025-02-14T23:42:23.038+0000] {dag.py:4180} INFO - Setting next_dagrun for example_complex to None, run_after=None
[2025-02-14T23:42:23.048+0000] {processor.py:208} INFO - Processing /home/airflow/.local/lib/python3.12/site-packages/airflow/example_dags/example_complex.py took 0.052 seconds
[2025-02-14T23:42:53.884+0000] {processor.py:186} INFO - Started process (PID=851) to work on /home/airflow/.local/lib/python3.12/site-packages/airflow/example_dags/example_complex.py
[2025-02-14T23:42:53.886+0000] {processor.py:914} INFO - Processing file /home/airflow/.local/lib/python3.12/site-packages/airflow/example_dags/example_complex.py for tasks to queue
[2025-02-14T23:42:53.887+0000] {logging_mixin.py:190} INFO - [2025-02-14T23:42:53.887+0000] {dagbag.py:588} INFO - Filling up the DagBag from /home/airflow/.local/lib/python3.12/site-packages/airflow/example_dags/example_complex.py
[2025-02-14T23:42:53.898+0000] {processor.py:925} INFO - DAG(s) 'example_complex' retrieved from /home/airflow/.local/lib/python3.12/site-packages/airflow/example_dags/example_complex.py
[2025-02-14T23:42:53.922+0000] {logging_mixin.py:190} INFO - [2025-02-14T23:42:53.922+0000] {dag.py:3239} INFO - Sync 1 DAGs
[2025-02-14T23:42:53.934+0000] {logging_mixin.py:190} INFO - [2025-02-14T23:42:53.934+0000] {dag.py:4180} INFO - Setting next_dagrun for example_complex to None, run_after=None
[2025-02-14T23:42:53.949+0000] {processor.py:208} INFO - Processing /home/airflow/.local/lib/python3.12/site-packages/airflow/example_dags/example_complex.py took 0.070 seconds
[2025-02-14T23:43:24.810+0000] {processor.py:186} INFO - Started process (PID=914) to work on /home/airflow/.local/lib/python3.12/site-packages/airflow/example_dags/example_complex.py
[2025-02-14T23:43:24.811+0000] {processor.py:914} INFO - Processing file /home/airflow/.local/lib/python3.12/site-packages/airflow/example_dags/example_complex.py for tasks to queue
[2025-02-14T23:43:24.812+0000] {logging_mixin.py:190} INFO - [2025-02-14T23:43:24.812+0000] {dagbag.py:588} INFO - Filling up the DagBag from /home/airflow/.local/lib/python3.12/site-packages/airflow/example_dags/example_complex.py
[2025-02-14T23:43:24.821+0000] {processor.py:925} INFO - DAG(s) 'example_complex' retrieved from /home/airflow/.local/lib/python3.12/site-packages/airflow/example_dags/example_complex.py
[2025-02-14T23:43:24.845+0000] {logging_mixin.py:190} INFO - [2025-02-14T23:43:24.844+0000] {dag.py:3239} INFO - Sync 1 DAGs
[2025-02-14T23:43:24.863+0000] {logging_mixin.py:190} INFO - [2025-02-14T23:43:24.862+0000] {dag.py:4180} INFO - Setting next_dagrun for example_complex to None, run_after=None
[2025-02-14T23:43:24.887+0000] {processor.py:208} INFO - Processing /home/airflow/.local/lib/python3.12/site-packages/airflow/example_dags/example_complex.py took 0.081 seconds
[2025-02-14T23:43:55.105+0000] {processor.py:186} INFO - Started process (PID=976) to work on /home/airflow/.local/lib/python3.12/site-packages/airflow/example_dags/example_complex.py
[2025-02-14T23:43:55.106+0000] {processor.py:914} INFO - Processing file /home/airflow/.local/lib/python3.12/site-packages/airflow/example_dags/example_complex.py for tasks to queue
[2025-02-14T23:43:55.108+0000] {logging_mixin.py:190} INFO - [2025-02-14T23:43:55.108+0000] {dagbag.py:588} INFO - Filling up the DagBag from /home/airflow/.local/lib/python3.12/site-packages/airflow/example_dags/example_complex.py
[2025-02-14T23:43:55.116+0000] {processor.py:925} INFO - DAG(s) 'example_complex' retrieved from /home/airflow/.local/lib/python3.12/site-packages/airflow/example_dags/example_complex.py
[2025-02-14T23:43:55.136+0000] {logging_mixin.py:190} INFO - [2025-02-14T23:43:55.136+0000] {dag.py:3239} INFO - Sync 1 DAGs
[2025-02-14T23:43:55.145+0000] {logging_mixin.py:190} INFO - [2025-02-14T23:43:55.145+0000] {dag.py:4180} INFO - Setting next_dagrun for example_complex to None, run_after=None
[2025-02-14T23:43:55.155+0000] {processor.py:208} INFO - Processing /home/airflow/.local/lib/python3.12/site-packages/airflow/example_dags/example_complex.py took 0.054 seconds
[2025-02-14T23:44:25.874+0000] {processor.py:186} INFO - Started process (PID=1038) to work on /home/airflow/.local/lib/python3.12/site-packages/airflow/example_dags/example_complex.py
[2025-02-14T23:44:25.877+0000] {processor.py:914} INFO - Processing file /home/airflow/.local/lib/python3.12/site-packages/airflow/example_dags/example_complex.py for tasks to queue
[2025-02-14T23:44:25.878+0000] {logging_mixin.py:190} INFO - [2025-02-14T23:44:25.878+0000] {dagbag.py:588} INFO - Filling up the DagBag from /home/airflow/.local/lib/python3.12/site-packages/airflow/example_dags/example_complex.py
[2025-02-14T23:44:25.890+0000] {processor.py:925} INFO - DAG(s) 'example_complex' retrieved from /home/airflow/.local/lib/python3.12/site-packages/airflow/example_dags/example_complex.py
[2025-02-14T23:44:25.911+0000] {logging_mixin.py:190} INFO - [2025-02-14T23:44:25.911+0000] {dag.py:3239} INFO - Sync 1 DAGs
[2025-02-14T23:44:25.923+0000] {logging_mixin.py:190} INFO - [2025-02-14T23:44:25.923+0000] {dag.py:4180} INFO - Setting next_dagrun for example_complex to None, run_after=None
[2025-02-14T23:44:25.933+0000] {processor.py:208} INFO - Processing /home/airflow/.local/lib/python3.12/site-packages/airflow/example_dags/example_complex.py took 0.063 seconds
[2025-02-14T23:44:56.768+0000] {processor.py:186} INFO - Started process (PID=1101) to work on /home/airflow/.local/lib/python3.12/site-packages/airflow/example_dags/example_complex.py
[2025-02-14T23:44:56.769+0000] {processor.py:914} INFO - Processing file /home/airflow/.local/lib/python3.12/site-packages/airflow/example_dags/example_complex.py for tasks to queue
[2025-02-14T23:44:56.771+0000] {logging_mixin.py:190} INFO - [2025-02-14T23:44:56.771+0000] {dagbag.py:588} INFO - Filling up the DagBag from /home/airflow/.local/lib/python3.12/site-packages/airflow/example_dags/example_complex.py
[2025-02-14T23:44:56.781+0000] {processor.py:925} INFO - DAG(s) 'example_complex' retrieved from /home/airflow/.local/lib/python3.12/site-packages/airflow/example_dags/example_complex.py
[2025-02-14T23:44:56.802+0000] {logging_mixin.py:190} INFO - [2025-02-14T23:44:56.802+0000] {dag.py:3239} INFO - Sync 1 DAGs
[2025-02-14T23:44:56.812+0000] {logging_mixin.py:190} INFO - [2025-02-14T23:44:56.812+0000] {dag.py:4180} INFO - Setting next_dagrun for example_complex to None, run_after=None
[2025-02-14T23:44:56.821+0000] {processor.py:208} INFO - Processing /home/airflow/.local/lib/python3.12/site-packages/airflow/example_dags/example_complex.py took 0.056 seconds
[2025-02-14T23:45:26.973+0000] {processor.py:186} INFO - Started process (PID=1164) to work on /home/airflow/.local/lib/python3.12/site-packages/airflow/example_dags/example_complex.py
[2025-02-14T23:45:26.974+0000] {processor.py:914} INFO - Processing file /home/airflow/.local/lib/python3.12/site-packages/airflow/example_dags/example_complex.py for tasks to queue
[2025-02-14T23:45:26.975+0000] {logging_mixin.py:190} INFO - [2025-02-14T23:45:26.975+0000] {dagbag.py:588} INFO - Filling up the DagBag from /home/airflow/.local/lib/python3.12/site-packages/airflow/example_dags/example_complex.py
[2025-02-14T23:45:26.983+0000] {processor.py:925} INFO - DAG(s) 'example_complex' retrieved from /home/airflow/.local/lib/python3.12/site-packages/airflow/example_dags/example_complex.py
[2025-02-14T23:45:27.005+0000] {logging_mixin.py:190} INFO - [2025-02-14T23:45:27.005+0000] {dag.py:3239} INFO - Sync 1 DAGs
[2025-02-14T23:45:27.014+0000] {logging_mixin.py:190} INFO - [2025-02-14T23:45:27.014+0000] {dag.py:4180} INFO - Setting next_dagrun for example_complex to None, run_after=None
[2025-02-14T23:45:27.023+0000] {processor.py:208} INFO - Processing /home/airflow/.local/lib/python3.12/site-packages/airflow/example_dags/example_complex.py took 0.054 seconds
[2025-02-14T23:45:57.203+0000] {processor.py:186} INFO - Started process (PID=1227) to work on /home/airflow/.local/lib/python3.12/site-packages/airflow/example_dags/example_complex.py
[2025-02-14T23:45:57.207+0000] {processor.py:914} INFO - Processing file /home/airflow/.local/lib/python3.12/site-packages/airflow/example_dags/example_complex.py for tasks to queue
[2025-02-14T23:45:57.209+0000] {logging_mixin.py:190} INFO - [2025-02-14T23:45:57.209+0000] {dagbag.py:588} INFO - Filling up the DagBag from /home/airflow/.local/lib/python3.12/site-packages/airflow/example_dags/example_complex.py
[2025-02-14T23:45:57.217+0000] {processor.py:925} INFO - DAG(s) 'example_complex' retrieved from /home/airflow/.local/lib/python3.12/site-packages/airflow/example_dags/example_complex.py
[2025-02-14T23:45:57.235+0000] {logging_mixin.py:190} INFO - [2025-02-14T23:45:57.235+0000] {dag.py:3239} INFO - Sync 1 DAGs
[2025-02-14T23:45:57.244+0000] {logging_mixin.py:190} INFO - [2025-02-14T23:45:57.244+0000] {dag.py:4180} INFO - Setting next_dagrun for example_complex to None, run_after=None
[2025-02-14T23:45:57.255+0000] {processor.py:208} INFO - Processing /home/airflow/.local/lib/python3.12/site-packages/airflow/example_dags/example_complex.py took 0.056 seconds
[2025-02-14T23:46:27.484+0000] {processor.py:186} INFO - Started process (PID=1290) to work on /home/airflow/.local/lib/python3.12/site-packages/airflow/example_dags/example_complex.py
[2025-02-14T23:46:27.484+0000] {processor.py:914} INFO - Processing file /home/airflow/.local/lib/python3.12/site-packages/airflow/example_dags/example_complex.py for tasks to queue
[2025-02-14T23:46:27.486+0000] {logging_mixin.py:190} INFO - [2025-02-14T23:46:27.486+0000] {dagbag.py:588} INFO - Filling up the DagBag from /home/airflow/.local/lib/python3.12/site-packages/airflow/example_dags/example_complex.py
[2025-02-14T23:46:27.494+0000] {processor.py:925} INFO - DAG(s) 'example_complex' retrieved from /home/airflow/.local/lib/python3.12/site-packages/airflow/example_dags/example_complex.py
[2025-02-14T23:46:27.513+0000] {logging_mixin.py:190} INFO - [2025-02-14T23:46:27.513+0000] {dag.py:3239} INFO - Sync 1 DAGs
[2025-02-14T23:46:27.522+0000] {logging_mixin.py:190} INFO - [2025-02-14T23:46:27.522+0000] {dag.py:4180} INFO - Setting next_dagrun for example_complex to None, run_after=None
[2025-02-14T23:46:27.532+0000] {processor.py:208} INFO - Processing /home/airflow/.local/lib/python3.12/site-packages/airflow/example_dags/example_complex.py took 0.052 seconds
[2025-02-14T23:46:58.125+0000] {processor.py:186} INFO - Started process (PID=1353) to work on /home/airflow/.local/lib/python3.12/site-packages/airflow/example_dags/example_complex.py
[2025-02-14T23:46:58.125+0000] {processor.py:914} INFO - Processing file /home/airflow/.local/lib/python3.12/site-packages/airflow/example_dags/example_complex.py for tasks to queue
[2025-02-14T23:46:58.126+0000] {logging_mixin.py:190} INFO - [2025-02-14T23:46:58.126+0000] {dagbag.py:588} INFO - Filling up the DagBag from /home/airflow/.local/lib/python3.12/site-packages/airflow/example_dags/example_complex.py
[2025-02-14T23:46:58.134+0000] {processor.py:925} INFO - DAG(s) 'example_complex' retrieved from /home/airflow/.local/lib/python3.12/site-packages/airflow/example_dags/example_complex.py
[2025-02-14T23:46:58.152+0000] {logging_mixin.py:190} INFO - [2025-02-14T23:46:58.152+0000] {dag.py:3239} INFO - Sync 1 DAGs
[2025-02-14T23:46:58.160+0000] {logging_mixin.py:190} INFO - [2025-02-14T23:46:58.160+0000] {dag.py:4180} INFO - Setting next_dagrun for example_complex to None, run_after=None
[2025-02-14T23:46:58.169+0000] {processor.py:208} INFO - Processing /home/airflow/.local/lib/python3.12/site-packages/airflow/example_dags/example_complex.py took 0.048 seconds
[2025-02-14T23:47:28.749+0000] {processor.py:186} INFO - Started process (PID=1415) to work on /home/airflow/.local/lib/python3.12/site-packages/airflow/example_dags/example_complex.py
[2025-02-14T23:47:28.750+0000] {processor.py:914} INFO - Processing file /home/airflow/.local/lib/python3.12/site-packages/airflow/example_dags/example_complex.py for tasks to queue
[2025-02-14T23:47:28.752+0000] {logging_mixin.py:190} INFO - [2025-02-14T23:47:28.752+0000] {dagbag.py:588} INFO - Filling up the DagBag from /home/airflow/.local/lib/python3.12/site-packages/airflow/example_dags/example_complex.py
[2025-02-14T23:47:28.761+0000] {processor.py:925} INFO - DAG(s) 'example_complex' retrieved from /home/airflow/.local/lib/python3.12/site-packages/airflow/example_dags/example_complex.py
[2025-02-14T23:47:28.781+0000] {logging_mixin.py:190} INFO - [2025-02-14T23:47:28.781+0000] {dag.py:3239} INFO - Sync 1 DAGs
[2025-02-14T23:47:28.790+0000] {logging_mixin.py:190} INFO - [2025-02-14T23:47:28.790+0000] {dag.py:4180} INFO - Setting next_dagrun for example_complex to None, run_after=None
[2025-02-14T23:47:28.801+0000] {processor.py:208} INFO - Processing /home/airflow/.local/lib/python3.12/site-packages/airflow/example_dags/example_complex.py took 0.057 seconds
[2025-02-14T23:47:59.197+0000] {processor.py:186} INFO - Started process (PID=1479) to work on /home/airflow/.local/lib/python3.12/site-packages/airflow/example_dags/example_complex.py
[2025-02-14T23:47:59.200+0000] {processor.py:914} INFO - Processing file /home/airflow/.local/lib/python3.12/site-packages/airflow/example_dags/example_complex.py for tasks to queue
[2025-02-14T23:47:59.202+0000] {logging_mixin.py:190} INFO - [2025-02-14T23:47:59.202+0000] {dagbag.py:588} INFO - Filling up the DagBag from /home/airflow/.local/lib/python3.12/site-packages/airflow/example_dags/example_complex.py
[2025-02-14T23:47:59.212+0000] {processor.py:925} INFO - DAG(s) 'example_complex' retrieved from /home/airflow/.local/lib/python3.12/site-packages/airflow/example_dags/example_complex.py
[2025-02-14T23:47:59.239+0000] {logging_mixin.py:190} INFO - [2025-02-14T23:47:59.239+0000] {dag.py:3239} INFO - Sync 1 DAGs
[2025-02-14T23:47:59.249+0000] {logging_mixin.py:190} INFO - [2025-02-14T23:47:59.249+0000] {dag.py:4180} INFO - Setting next_dagrun for example_complex to None, run_after=None
[2025-02-14T23:47:59.264+0000] {processor.py:208} INFO - Processing /home/airflow/.local/lib/python3.12/site-packages/airflow/example_dags/example_complex.py took 0.071 seconds
[2025-02-14T23:48:29.536+0000] {processor.py:186} INFO - Started process (PID=1542) to work on /home/airflow/.local/lib/python3.12/site-packages/airflow/example_dags/example_complex.py
[2025-02-14T23:48:29.537+0000] {processor.py:914} INFO - Processing file /home/airflow/.local/lib/python3.12/site-packages/airflow/example_dags/example_complex.py for tasks to queue
[2025-02-14T23:48:29.538+0000] {logging_mixin.py:190} INFO - [2025-02-14T23:48:29.538+0000] {dagbag.py:588} INFO - Filling up the DagBag from /home/airflow/.local/lib/python3.12/site-packages/airflow/example_dags/example_complex.py
[2025-02-14T23:48:29.547+0000] {processor.py:925} INFO - DAG(s) 'example_complex' retrieved from /home/airflow/.local/lib/python3.12/site-packages/airflow/example_dags/example_complex.py
[2025-02-14T23:48:29.568+0000] {logging_mixin.py:190} INFO - [2025-02-14T23:48:29.567+0000] {dag.py:3239} INFO - Sync 1 DAGs
[2025-02-14T23:48:29.577+0000] {logging_mixin.py:190} INFO - [2025-02-14T23:48:29.577+0000] {dag.py:4180} INFO - Setting next_dagrun for example_complex to None, run_after=None
[2025-02-14T23:48:29.590+0000] {processor.py:208} INFO - Processing /home/airflow/.local/lib/python3.12/site-packages/airflow/example_dags/example_complex.py took 0.058 seconds
[2025-02-14T23:48:59.810+0000] {processor.py:186} INFO - Started process (PID=1604) to work on /home/airflow/.local/lib/python3.12/site-packages/airflow/example_dags/example_complex.py
[2025-02-14T23:48:59.810+0000] {processor.py:914} INFO - Processing file /home/airflow/.local/lib/python3.12/site-packages/airflow/example_dags/example_complex.py for tasks to queue
[2025-02-14T23:48:59.813+0000] {logging_mixin.py:190} INFO - [2025-02-14T23:48:59.813+0000] {dagbag.py:588} INFO - Filling up the DagBag from /home/airflow/.local/lib/python3.12/site-packages/airflow/example_dags/example_complex.py
[2025-02-14T23:48:59.821+0000] {processor.py:925} INFO - DAG(s) 'example_complex' retrieved from /home/airflow/.local/lib/python3.12/site-packages/airflow/example_dags/example_complex.py
[2025-02-14T23:48:59.843+0000] {logging_mixin.py:190} INFO - [2025-02-14T23:48:59.843+0000] {dag.py:3239} INFO - Sync 1 DAGs
[2025-02-14T23:48:59.852+0000] {logging_mixin.py:190} INFO - [2025-02-14T23:48:59.852+0000] {dag.py:4180} INFO - Setting next_dagrun for example_complex to None, run_after=None
[2025-02-14T23:48:59.862+0000] {processor.py:208} INFO - Processing /home/airflow/.local/lib/python3.12/site-packages/airflow/example_dags/example_complex.py took 0.057 seconds
[2025-02-14T23:49:30.005+0000] {processor.py:186} INFO - Started process (PID=1667) to work on /home/airflow/.local/lib/python3.12/site-packages/airflow/example_dags/example_complex.py
[2025-02-14T23:49:30.006+0000] {processor.py:914} INFO - Processing file /home/airflow/.local/lib/python3.12/site-packages/airflow/example_dags/example_complex.py for tasks to queue
[2025-02-14T23:49:30.008+0000] {logging_mixin.py:190} INFO - [2025-02-14T23:49:30.007+0000] {dagbag.py:588} INFO - Filling up the DagBag from /home/airflow/.local/lib/python3.12/site-packages/airflow/example_dags/example_complex.py
[2025-02-14T23:49:30.016+0000] {processor.py:925} INFO - DAG(s) 'example_complex' retrieved from /home/airflow/.local/lib/python3.12/site-packages/airflow/example_dags/example_complex.py
[2025-02-14T23:49:30.037+0000] {logging_mixin.py:190} INFO - [2025-02-14T23:49:30.037+0000] {dag.py:3239} INFO - Sync 1 DAGs
[2025-02-14T23:49:30.050+0000] {logging_mixin.py:190} INFO - [2025-02-14T23:49:30.050+0000] {dag.py:4180} INFO - Setting next_dagrun for example_complex to None, run_after=None
[2025-02-14T23:49:30.061+0000] {processor.py:208} INFO - Processing /home/airflow/.local/lib/python3.12/site-packages/airflow/example_dags/example_complex.py took 0.060 seconds
[2025-02-14T23:50:00.370+0000] {processor.py:186} INFO - Started process (PID=1730) to work on /home/airflow/.local/lib/python3.12/site-packages/airflow/example_dags/example_complex.py
[2025-02-14T23:50:00.371+0000] {processor.py:914} INFO - Processing file /home/airflow/.local/lib/python3.12/site-packages/airflow/example_dags/example_complex.py for tasks to queue
[2025-02-14T23:50:00.373+0000] {logging_mixin.py:190} INFO - [2025-02-14T23:50:00.373+0000] {dagbag.py:588} INFO - Filling up the DagBag from /home/airflow/.local/lib/python3.12/site-packages/airflow/example_dags/example_complex.py
[2025-02-14T23:50:00.383+0000] {processor.py:925} INFO - DAG(s) 'example_complex' retrieved from /home/airflow/.local/lib/python3.12/site-packages/airflow/example_dags/example_complex.py
[2025-02-14T23:50:00.402+0000] {logging_mixin.py:190} INFO - [2025-02-14T23:50:00.402+0000] {dag.py:3239} INFO - Sync 1 DAGs
[2025-02-14T23:50:00.411+0000] {logging_mixin.py:190} INFO - [2025-02-14T23:50:00.411+0000] {dag.py:4180} INFO - Setting next_dagrun for example_complex to None, run_after=None
[2025-02-14T23:50:00.430+0000] {processor.py:208} INFO - Processing /home/airflow/.local/lib/python3.12/site-packages/airflow/example_dags/example_complex.py took 0.064 seconds
[2025-02-14T23:50:31.314+0000] {processor.py:186} INFO - Started process (PID=1793) to work on /home/airflow/.local/lib/python3.12/site-packages/airflow/example_dags/example_complex.py
[2025-02-14T23:50:31.316+0000] {processor.py:914} INFO - Processing file /home/airflow/.local/lib/python3.12/site-packages/airflow/example_dags/example_complex.py for tasks to queue
[2025-02-14T23:50:31.318+0000] {logging_mixin.py:190} INFO - [2025-02-14T23:50:31.318+0000] {dagbag.py:588} INFO - Filling up the DagBag from /home/airflow/.local/lib/python3.12/site-packages/airflow/example_dags/example_complex.py
[2025-02-14T23:50:31.332+0000] {processor.py:925} INFO - DAG(s) 'example_complex' retrieved from /home/airflow/.local/lib/python3.12/site-packages/airflow/example_dags/example_complex.py
[2025-02-14T23:50:31.366+0000] {logging_mixin.py:190} INFO - [2025-02-14T23:50:31.365+0000] {dag.py:3239} INFO - Sync 1 DAGs
[2025-02-14T23:50:31.388+0000] {logging_mixin.py:190} INFO - [2025-02-14T23:50:31.388+0000] {dag.py:4180} INFO - Setting next_dagrun for example_complex to None, run_after=None
[2025-02-14T23:50:31.411+0000] {processor.py:208} INFO - Processing /home/airflow/.local/lib/python3.12/site-packages/airflow/example_dags/example_complex.py took 0.103 seconds
[2025-02-14T23:51:01.751+0000] {processor.py:186} INFO - Started process (PID=1856) to work on /home/airflow/.local/lib/python3.12/site-packages/airflow/example_dags/example_complex.py
[2025-02-14T23:51:01.753+0000] {processor.py:914} INFO - Processing file /home/airflow/.local/lib/python3.12/site-packages/airflow/example_dags/example_complex.py for tasks to queue
[2025-02-14T23:51:01.755+0000] {logging_mixin.py:190} INFO - [2025-02-14T23:51:01.755+0000] {dagbag.py:588} INFO - Filling up the DagBag from /home/airflow/.local/lib/python3.12/site-packages/airflow/example_dags/example_complex.py
[2025-02-14T23:51:01.763+0000] {processor.py:925} INFO - DAG(s) 'example_complex' retrieved from /home/airflow/.local/lib/python3.12/site-packages/airflow/example_dags/example_complex.py
[2025-02-14T23:51:01.782+0000] {logging_mixin.py:190} INFO - [2025-02-14T23:51:01.782+0000] {dag.py:3239} INFO - Sync 1 DAGs
[2025-02-14T23:51:01.790+0000] {logging_mixin.py:190} INFO - [2025-02-14T23:51:01.790+0000] {dag.py:4180} INFO - Setting next_dagrun for example_complex to None, run_after=None
[2025-02-14T23:51:01.803+0000] {processor.py:208} INFO - Processing /home/airflow/.local/lib/python3.12/site-packages/airflow/example_dags/example_complex.py took 0.056 seconds
[2025-02-14T23:51:32.135+0000] {processor.py:186} INFO - Started process (PID=1919) to work on /home/airflow/.local/lib/python3.12/site-packages/airflow/example_dags/example_complex.py
[2025-02-14T23:51:32.136+0000] {processor.py:914} INFO - Processing file /home/airflow/.local/lib/python3.12/site-packages/airflow/example_dags/example_complex.py for tasks to queue
[2025-02-14T23:51:32.137+0000] {logging_mixin.py:190} INFO - [2025-02-14T23:51:32.137+0000] {dagbag.py:588} INFO - Filling up the DagBag from /home/airflow/.local/lib/python3.12/site-packages/airflow/example_dags/example_complex.py
[2025-02-14T23:51:32.145+0000] {processor.py:925} INFO - DAG(s) 'example_complex' retrieved from /home/airflow/.local/lib/python3.12/site-packages/airflow/example_dags/example_complex.py
[2025-02-14T23:51:32.174+0000] {logging_mixin.py:190} INFO - [2025-02-14T23:51:32.174+0000] {dag.py:3239} INFO - Sync 1 DAGs
[2025-02-14T23:51:32.185+0000] {logging_mixin.py:190} INFO - [2025-02-14T23:51:32.185+0000] {dag.py:4180} INFO - Setting next_dagrun for example_complex to None, run_after=None
[2025-02-14T23:51:32.201+0000] {processor.py:208} INFO - Processing /home/airflow/.local/lib/python3.12/site-packages/airflow/example_dags/example_complex.py took 0.070 seconds
[2025-02-14T23:52:02.417+0000] {processor.py:186} INFO - Started process (PID=1982) to work on /home/airflow/.local/lib/python3.12/site-packages/airflow/example_dags/example_complex.py
[2025-02-14T23:52:02.418+0000] {processor.py:914} INFO - Processing file /home/airflow/.local/lib/python3.12/site-packages/airflow/example_dags/example_complex.py for tasks to queue
[2025-02-14T23:52:02.420+0000] {logging_mixin.py:190} INFO - [2025-02-14T23:52:02.420+0000] {dagbag.py:588} INFO - Filling up the DagBag from /home/airflow/.local/lib/python3.12/site-packages/airflow/example_dags/example_complex.py
[2025-02-14T23:52:02.429+0000] {processor.py:925} INFO - DAG(s) 'example_complex' retrieved from /home/airflow/.local/lib/python3.12/site-packages/airflow/example_dags/example_complex.py
[2025-02-14T23:52:02.449+0000] {logging_mixin.py:190} INFO - [2025-02-14T23:52:02.449+0000] {dag.py:3239} INFO - Sync 1 DAGs
[2025-02-14T23:52:02.461+0000] {logging_mixin.py:190} INFO - [2025-02-14T23:52:02.461+0000] {dag.py:4180} INFO - Setting next_dagrun for example_complex to None, run_after=None
[2025-02-14T23:52:02.473+0000] {processor.py:208} INFO - Processing /home/airflow/.local/lib/python3.12/site-packages/airflow/example_dags/example_complex.py took 0.061 seconds
[2025-02-14T23:52:33.180+0000] {processor.py:186} INFO - Started process (PID=2045) to work on /home/airflow/.local/lib/python3.12/site-packages/airflow/example_dags/example_complex.py
[2025-02-14T23:52:33.181+0000] {processor.py:914} INFO - Processing file /home/airflow/.local/lib/python3.12/site-packages/airflow/example_dags/example_complex.py for tasks to queue
[2025-02-14T23:52:33.182+0000] {logging_mixin.py:190} INFO - [2025-02-14T23:52:33.182+0000] {dagbag.py:588} INFO - Filling up the DagBag from /home/airflow/.local/lib/python3.12/site-packages/airflow/example_dags/example_complex.py
[2025-02-14T23:52:33.190+0000] {processor.py:925} INFO - DAG(s) 'example_complex' retrieved from /home/airflow/.local/lib/python3.12/site-packages/airflow/example_dags/example_complex.py
[2025-02-14T23:52:33.210+0000] {logging_mixin.py:190} INFO - [2025-02-14T23:52:33.210+0000] {dag.py:3239} INFO - Sync 1 DAGs
[2025-02-14T23:52:33.218+0000] {logging_mixin.py:190} INFO - [2025-02-14T23:52:33.218+0000] {dag.py:4180} INFO - Setting next_dagrun for example_complex to None, run_after=None
[2025-02-14T23:52:33.232+0000] {processor.py:208} INFO - Processing /home/airflow/.local/lib/python3.12/site-packages/airflow/example_dags/example_complex.py took 0.056 seconds
[2025-02-14T23:53:03.402+0000] {processor.py:186} INFO - Started process (PID=2108) to work on /home/airflow/.local/lib/python3.12/site-packages/airflow/example_dags/example_complex.py
[2025-02-14T23:53:03.402+0000] {processor.py:914} INFO - Processing file /home/airflow/.local/lib/python3.12/site-packages/airflow/example_dags/example_complex.py for tasks to queue
[2025-02-14T23:53:03.404+0000] {logging_mixin.py:190} INFO - [2025-02-14T23:53:03.404+0000] {dagbag.py:588} INFO - Filling up the DagBag from /home/airflow/.local/lib/python3.12/site-packages/airflow/example_dags/example_complex.py
[2025-02-14T23:53:03.411+0000] {processor.py:925} INFO - DAG(s) 'example_complex' retrieved from /home/airflow/.local/lib/python3.12/site-packages/airflow/example_dags/example_complex.py
[2025-02-14T23:53:03.430+0000] {logging_mixin.py:190} INFO - [2025-02-14T23:53:03.429+0000] {dag.py:3239} INFO - Sync 1 DAGs
[2025-02-14T23:53:03.438+0000] {logging_mixin.py:190} INFO - [2025-02-14T23:53:03.438+0000] {dag.py:4180} INFO - Setting next_dagrun for example_complex to None, run_after=None
[2025-02-14T23:53:03.446+0000] {processor.py:208} INFO - Processing /home/airflow/.local/lib/python3.12/site-packages/airflow/example_dags/example_complex.py took 0.048 seconds
[2025-02-14T23:53:33.808+0000] {processor.py:186} INFO - Started process (PID=2171) to work on /home/airflow/.local/lib/python3.12/site-packages/airflow/example_dags/example_complex.py
[2025-02-14T23:53:33.808+0000] {processor.py:914} INFO - Processing file /home/airflow/.local/lib/python3.12/site-packages/airflow/example_dags/example_complex.py for tasks to queue
[2025-02-14T23:53:33.810+0000] {logging_mixin.py:190} INFO - [2025-02-14T23:53:33.810+0000] {dagbag.py:588} INFO - Filling up the DagBag from /home/airflow/.local/lib/python3.12/site-packages/airflow/example_dags/example_complex.py
[2025-02-14T23:53:33.818+0000] {processor.py:925} INFO - DAG(s) 'example_complex' retrieved from /home/airflow/.local/lib/python3.12/site-packages/airflow/example_dags/example_complex.py
[2025-02-14T23:53:33.839+0000] {logging_mixin.py:190} INFO - [2025-02-14T23:53:33.839+0000] {dag.py:3239} INFO - Sync 1 DAGs
[2025-02-14T23:53:33.848+0000] {logging_mixin.py:190} INFO - [2025-02-14T23:53:33.848+0000] {dag.py:4180} INFO - Setting next_dagrun for example_complex to None, run_after=None
[2025-02-14T23:53:33.860+0000] {processor.py:208} INFO - Processing /home/airflow/.local/lib/python3.12/site-packages/airflow/example_dags/example_complex.py took 0.056 seconds
[2025-02-14T23:54:04.522+0000] {processor.py:186} INFO - Started process (PID=2234) to work on /home/airflow/.local/lib/python3.12/site-packages/airflow/example_dags/example_complex.py
[2025-02-14T23:54:04.523+0000] {processor.py:914} INFO - Processing file /home/airflow/.local/lib/python3.12/site-packages/airflow/example_dags/example_complex.py for tasks to queue
[2025-02-14T23:54:04.525+0000] {logging_mixin.py:190} INFO - [2025-02-14T23:54:04.525+0000] {dagbag.py:588} INFO - Filling up the DagBag from /home/airflow/.local/lib/python3.12/site-packages/airflow/example_dags/example_complex.py
[2025-02-14T23:54:04.535+0000] {processor.py:925} INFO - DAG(s) 'example_complex' retrieved from /home/airflow/.local/lib/python3.12/site-packages/airflow/example_dags/example_complex.py
[2025-02-14T23:54:04.556+0000] {logging_mixin.py:190} INFO - [2025-02-14T23:54:04.556+0000] {dag.py:3239} INFO - Sync 1 DAGs
[2025-02-14T23:54:04.565+0000] {logging_mixin.py:190} INFO - [2025-02-14T23:54:04.565+0000] {dag.py:4180} INFO - Setting next_dagrun for example_complex to None, run_after=None
[2025-02-14T23:54:04.575+0000] {processor.py:208} INFO - Processing /home/airflow/.local/lib/python3.12/site-packages/airflow/example_dags/example_complex.py took 0.057 seconds
[2025-02-14T23:54:34.628+0000] {processor.py:186} INFO - Started process (PID=2297) to work on /home/airflow/.local/lib/python3.12/site-packages/airflow/example_dags/example_complex.py
[2025-02-14T23:54:34.629+0000] {processor.py:914} INFO - Processing file /home/airflow/.local/lib/python3.12/site-packages/airflow/example_dags/example_complex.py for tasks to queue
[2025-02-14T23:54:34.631+0000] {logging_mixin.py:190} INFO - [2025-02-14T23:54:34.631+0000] {dagbag.py:588} INFO - Filling up the DagBag from /home/airflow/.local/lib/python3.12/site-packages/airflow/example_dags/example_complex.py
[2025-02-14T23:54:34.640+0000] {processor.py:925} INFO - DAG(s) 'example_complex' retrieved from /home/airflow/.local/lib/python3.12/site-packages/airflow/example_dags/example_complex.py
[2025-02-14T23:54:34.661+0000] {logging_mixin.py:190} INFO - [2025-02-14T23:54:34.660+0000] {dag.py:3239} INFO - Sync 1 DAGs
[2025-02-14T23:54:34.669+0000] {logging_mixin.py:190} INFO - [2025-02-14T23:54:34.669+0000] {dag.py:4180} INFO - Setting next_dagrun for example_complex to None, run_after=None
[2025-02-14T23:54:34.681+0000] {processor.py:208} INFO - Processing /home/airflow/.local/lib/python3.12/site-packages/airflow/example_dags/example_complex.py took 0.057 seconds
[2025-02-14T23:55:06.675+0000] {processor.py:186} INFO - Started process (PID=2360) to work on /home/airflow/.local/lib/python3.12/site-packages/airflow/example_dags/example_complex.py
[2025-02-14T23:55:06.677+0000] {processor.py:914} INFO - Processing file /home/airflow/.local/lib/python3.12/site-packages/airflow/example_dags/example_complex.py for tasks to queue
[2025-02-14T23:55:06.679+0000] {logging_mixin.py:190} INFO - [2025-02-14T23:55:06.679+0000] {dagbag.py:588} INFO - Filling up the DagBag from /home/airflow/.local/lib/python3.12/site-packages/airflow/example_dags/example_complex.py
[2025-02-14T23:55:06.689+0000] {processor.py:925} INFO - DAG(s) 'example_complex' retrieved from /home/airflow/.local/lib/python3.12/site-packages/airflow/example_dags/example_complex.py
[2025-02-14T23:55:06.711+0000] {logging_mixin.py:190} INFO - [2025-02-14T23:55:06.711+0000] {dag.py:3239} INFO - Sync 1 DAGs
[2025-02-14T23:55:06.720+0000] {logging_mixin.py:190} INFO - [2025-02-14T23:55:06.719+0000] {dag.py:4180} INFO - Setting next_dagrun for example_complex to None, run_after=None
[2025-02-14T23:55:06.733+0000] {processor.py:208} INFO - Processing /home/airflow/.local/lib/python3.12/site-packages/airflow/example_dags/example_complex.py took 0.063 seconds
