[2025-02-14T23:36:44.329+0000] {processor.py:186} INFO - Started process (PID=63) to work on /home/airflow/.local/lib/python3.12/site-packages/airflow/example_dags/example_external_task_marker_dag.py
[2025-02-14T23:36:44.330+0000] {processor.py:914} INFO - Processing file /home/airflow/.local/lib/python3.12/site-packages/airflow/example_dags/example_external_task_marker_dag.py for tasks to queue
[2025-02-14T23:36:44.334+0000] {logging_mixin.py:190} INFO - [2025-02-14T23:36:44.334+0000] {dagbag.py:588} INFO - Filling up the DagBag from /home/airflow/.local/lib/python3.12/site-packages/airflow/example_dags/example_external_task_marker_dag.py
[2025-02-14T23:36:44.345+0000] {processor.py:925} INFO - DAG(s) 'example_external_task_marker_child', 'example_external_task_marker_parent' retrieved from /home/airflow/.local/lib/python3.12/site-packages/airflow/example_dags/example_external_task_marker_dag.py
[2025-02-14T23:36:44.371+0000] {logging_mixin.py:190} INFO - [2025-02-14T23:36:44.370+0000] {dag.py:3239} INFO - Sync 2 DAGs
[2025-02-14T23:36:44.385+0000] {logging_mixin.py:190} INFO - [2025-02-14T23:36:44.385+0000] {dag.py:4180} INFO - Setting next_dagrun for example_external_task_marker_child to None, run_after=None
[2025-02-14T23:36:44.389+0000] {logging_mixin.py:190} INFO - [2025-02-14T23:36:44.389+0000] {dag.py:4180} INFO - Setting next_dagrun for example_external_task_marker_parent to None, run_after=None
[2025-02-14T23:36:44.403+0000] {processor.py:208} INFO - Processing /home/airflow/.local/lib/python3.12/site-packages/airflow/example_dags/example_external_task_marker_dag.py took 0.080 seconds
[2025-02-14T23:37:14.624+0000] {processor.py:186} INFO - Started process (PID=125) to work on /home/airflow/.local/lib/python3.12/site-packages/airflow/example_dags/example_external_task_marker_dag.py
[2025-02-14T23:37:14.625+0000] {processor.py:914} INFO - Processing file /home/airflow/.local/lib/python3.12/site-packages/airflow/example_dags/example_external_task_marker_dag.py for tasks to queue
[2025-02-14T23:37:14.627+0000] {logging_mixin.py:190} INFO - [2025-02-14T23:37:14.627+0000] {dagbag.py:588} INFO - Filling up the DagBag from /home/airflow/.local/lib/python3.12/site-packages/airflow/example_dags/example_external_task_marker_dag.py
[2025-02-14T23:37:14.634+0000] {processor.py:925} INFO - DAG(s) 'example_external_task_marker_child', 'example_external_task_marker_parent' retrieved from /home/airflow/.local/lib/python3.12/site-packages/airflow/example_dags/example_external_task_marker_dag.py
[2025-02-14T23:37:14.649+0000] {logging_mixin.py:190} INFO - [2025-02-14T23:37:14.649+0000] {dag.py:3239} INFO - Sync 2 DAGs
[2025-02-14T23:37:14.658+0000] {logging_mixin.py:190} INFO - [2025-02-14T23:37:14.658+0000] {dag.py:4180} INFO - Setting next_dagrun for example_external_task_marker_child to None, run_after=None
[2025-02-14T23:37:14.662+0000] {logging_mixin.py:190} INFO - [2025-02-14T23:37:14.662+0000] {dag.py:4180} INFO - Setting next_dagrun for example_external_task_marker_parent to None, run_after=None
[2025-02-14T23:37:14.676+0000] {processor.py:208} INFO - Processing /home/airflow/.local/lib/python3.12/site-packages/airflow/example_dags/example_external_task_marker_dag.py took 0.055 seconds
[2025-02-14T23:37:45.379+0000] {processor.py:186} INFO - Started process (PID=188) to work on /home/airflow/.local/lib/python3.12/site-packages/airflow/example_dags/example_external_task_marker_dag.py
[2025-02-14T23:37:45.382+0000] {processor.py:914} INFO - Processing file /home/airflow/.local/lib/python3.12/site-packages/airflow/example_dags/example_external_task_marker_dag.py for tasks to queue
[2025-02-14T23:37:45.383+0000] {logging_mixin.py:190} INFO - [2025-02-14T23:37:45.383+0000] {dagbag.py:588} INFO - Filling up the DagBag from /home/airflow/.local/lib/python3.12/site-packages/airflow/example_dags/example_external_task_marker_dag.py
[2025-02-14T23:37:45.389+0000] {processor.py:925} INFO - DAG(s) 'example_external_task_marker_parent', 'example_external_task_marker_child' retrieved from /home/airflow/.local/lib/python3.12/site-packages/airflow/example_dags/example_external_task_marker_dag.py
[2025-02-14T23:37:45.410+0000] {logging_mixin.py:190} INFO - [2025-02-14T23:37:45.410+0000] {dag.py:3239} INFO - Sync 2 DAGs
[2025-02-14T23:37:45.419+0000] {logging_mixin.py:190} INFO - [2025-02-14T23:37:45.419+0000] {dag.py:4180} INFO - Setting next_dagrun for example_external_task_marker_child to None, run_after=None
[2025-02-14T23:37:45.421+0000] {logging_mixin.py:190} INFO - [2025-02-14T23:37:45.421+0000] {dag.py:4180} INFO - Setting next_dagrun for example_external_task_marker_parent to None, run_after=None
[2025-02-14T23:37:45.433+0000] {processor.py:208} INFO - Processing /home/airflow/.local/lib/python3.12/site-packages/airflow/example_dags/example_external_task_marker_dag.py took 0.057 seconds
[2025-02-14T23:38:15.987+0000] {processor.py:186} INFO - Started process (PID=251) to work on /home/airflow/.local/lib/python3.12/site-packages/airflow/example_dags/example_external_task_marker_dag.py
[2025-02-14T23:38:15.988+0000] {processor.py:914} INFO - Processing file /home/airflow/.local/lib/python3.12/site-packages/airflow/example_dags/example_external_task_marker_dag.py for tasks to queue
[2025-02-14T23:38:15.989+0000] {logging_mixin.py:190} INFO - [2025-02-14T23:38:15.989+0000] {dagbag.py:588} INFO - Filling up the DagBag from /home/airflow/.local/lib/python3.12/site-packages/airflow/example_dags/example_external_task_marker_dag.py
[2025-02-14T23:38:15.995+0000] {processor.py:925} INFO - DAG(s) 'example_external_task_marker_child', 'example_external_task_marker_parent' retrieved from /home/airflow/.local/lib/python3.12/site-packages/airflow/example_dags/example_external_task_marker_dag.py
[2025-02-14T23:38:16.010+0000] {logging_mixin.py:190} INFO - [2025-02-14T23:38:16.010+0000] {dag.py:3239} INFO - Sync 2 DAGs
[2025-02-14T23:38:16.022+0000] {logging_mixin.py:190} INFO - [2025-02-14T23:38:16.021+0000] {dag.py:4180} INFO - Setting next_dagrun for example_external_task_marker_child to None, run_after=None
[2025-02-14T23:38:16.026+0000] {logging_mixin.py:190} INFO - [2025-02-14T23:38:16.026+0000] {dag.py:4180} INFO - Setting next_dagrun for example_external_task_marker_parent to None, run_after=None
[2025-02-14T23:38:16.039+0000] {processor.py:208} INFO - Processing /home/airflow/.local/lib/python3.12/site-packages/airflow/example_dags/example_external_task_marker_dag.py took 0.056 seconds
[2025-02-14T23:38:46.837+0000] {processor.py:186} INFO - Started process (PID=314) to work on /home/airflow/.local/lib/python3.12/site-packages/airflow/example_dags/example_external_task_marker_dag.py
[2025-02-14T23:38:46.838+0000] {processor.py:914} INFO - Processing file /home/airflow/.local/lib/python3.12/site-packages/airflow/example_dags/example_external_task_marker_dag.py for tasks to queue
[2025-02-14T23:38:46.840+0000] {logging_mixin.py:190} INFO - [2025-02-14T23:38:46.839+0000] {dagbag.py:588} INFO - Filling up the DagBag from /home/airflow/.local/lib/python3.12/site-packages/airflow/example_dags/example_external_task_marker_dag.py
[2025-02-14T23:38:46.845+0000] {processor.py:925} INFO - DAG(s) 'example_external_task_marker_child', 'example_external_task_marker_parent' retrieved from /home/airflow/.local/lib/python3.12/site-packages/airflow/example_dags/example_external_task_marker_dag.py
[2025-02-14T23:38:46.859+0000] {logging_mixin.py:190} INFO - [2025-02-14T23:38:46.859+0000] {dag.py:3239} INFO - Sync 2 DAGs
[2025-02-14T23:38:46.868+0000] {logging_mixin.py:190} INFO - [2025-02-14T23:38:46.868+0000] {dag.py:4180} INFO - Setting next_dagrun for example_external_task_marker_child to None, run_after=None
[2025-02-14T23:38:46.870+0000] {logging_mixin.py:190} INFO - [2025-02-14T23:38:46.870+0000] {dag.py:4180} INFO - Setting next_dagrun for example_external_task_marker_parent to None, run_after=None
[2025-02-14T23:38:46.878+0000] {processor.py:208} INFO - Processing /home/airflow/.local/lib/python3.12/site-packages/airflow/example_dags/example_external_task_marker_dag.py took 0.044 seconds
[2025-02-14T23:39:17.145+0000] {processor.py:186} INFO - Started process (PID=377) to work on /home/airflow/.local/lib/python3.12/site-packages/airflow/example_dags/example_external_task_marker_dag.py
[2025-02-14T23:39:17.146+0000] {processor.py:914} INFO - Processing file /home/airflow/.local/lib/python3.12/site-packages/airflow/example_dags/example_external_task_marker_dag.py for tasks to queue
[2025-02-14T23:39:17.147+0000] {logging_mixin.py:190} INFO - [2025-02-14T23:39:17.147+0000] {dagbag.py:588} INFO - Filling up the DagBag from /home/airflow/.local/lib/python3.12/site-packages/airflow/example_dags/example_external_task_marker_dag.py
[2025-02-14T23:39:17.152+0000] {processor.py:925} INFO - DAG(s) 'example_external_task_marker_child', 'example_external_task_marker_parent' retrieved from /home/airflow/.local/lib/python3.12/site-packages/airflow/example_dags/example_external_task_marker_dag.py
[2025-02-14T23:39:17.166+0000] {logging_mixin.py:190} INFO - [2025-02-14T23:39:17.166+0000] {dag.py:3239} INFO - Sync 2 DAGs
[2025-02-14T23:39:17.174+0000] {logging_mixin.py:190} INFO - [2025-02-14T23:39:17.174+0000] {dag.py:4180} INFO - Setting next_dagrun for example_external_task_marker_child to None, run_after=None
[2025-02-14T23:39:17.176+0000] {logging_mixin.py:190} INFO - [2025-02-14T23:39:17.176+0000] {dag.py:4180} INFO - Setting next_dagrun for example_external_task_marker_parent to None, run_after=None
[2025-02-14T23:39:17.184+0000] {processor.py:208} INFO - Processing /home/airflow/.local/lib/python3.12/site-packages/airflow/example_dags/example_external_task_marker_dag.py took 0.042 seconds
[2025-02-14T23:39:47.385+0000] {processor.py:186} INFO - Started process (PID=440) to work on /home/airflow/.local/lib/python3.12/site-packages/airflow/example_dags/example_external_task_marker_dag.py
[2025-02-14T23:39:47.386+0000] {processor.py:914} INFO - Processing file /home/airflow/.local/lib/python3.12/site-packages/airflow/example_dags/example_external_task_marker_dag.py for tasks to queue
[2025-02-14T23:39:47.387+0000] {logging_mixin.py:190} INFO - [2025-02-14T23:39:47.387+0000] {dagbag.py:588} INFO - Filling up the DagBag from /home/airflow/.local/lib/python3.12/site-packages/airflow/example_dags/example_external_task_marker_dag.py
[2025-02-14T23:39:47.392+0000] {processor.py:925} INFO - DAG(s) 'example_external_task_marker_parent', 'example_external_task_marker_child' retrieved from /home/airflow/.local/lib/python3.12/site-packages/airflow/example_dags/example_external_task_marker_dag.py
[2025-02-14T23:39:47.406+0000] {logging_mixin.py:190} INFO - [2025-02-14T23:39:47.406+0000] {dag.py:3239} INFO - Sync 2 DAGs
[2025-02-14T23:39:47.414+0000] {logging_mixin.py:190} INFO - [2025-02-14T23:39:47.414+0000] {dag.py:4180} INFO - Setting next_dagrun for example_external_task_marker_child to None, run_after=None
[2025-02-14T23:39:47.416+0000] {logging_mixin.py:190} INFO - [2025-02-14T23:39:47.416+0000] {dag.py:4180} INFO - Setting next_dagrun for example_external_task_marker_parent to None, run_after=None
[2025-02-14T23:39:47.424+0000] {processor.py:208} INFO - Processing /home/airflow/.local/lib/python3.12/site-packages/airflow/example_dags/example_external_task_marker_dag.py took 0.043 seconds
[2025-02-14T23:40:17.931+0000] {processor.py:186} INFO - Started process (PID=509) to work on /home/airflow/.local/lib/python3.12/site-packages/airflow/example_dags/example_external_task_marker_dag.py
[2025-02-14T23:40:17.931+0000] {processor.py:914} INFO - Processing file /home/airflow/.local/lib/python3.12/site-packages/airflow/example_dags/example_external_task_marker_dag.py for tasks to queue
[2025-02-14T23:40:17.932+0000] {logging_mixin.py:190} INFO - [2025-02-14T23:40:17.932+0000] {dagbag.py:588} INFO - Filling up the DagBag from /home/airflow/.local/lib/python3.12/site-packages/airflow/example_dags/example_external_task_marker_dag.py
[2025-02-14T23:40:17.938+0000] {processor.py:925} INFO - DAG(s) 'example_external_task_marker_parent', 'example_external_task_marker_child' retrieved from /home/airflow/.local/lib/python3.12/site-packages/airflow/example_dags/example_external_task_marker_dag.py
[2025-02-14T23:40:17.952+0000] {logging_mixin.py:190} INFO - [2025-02-14T23:40:17.952+0000] {dag.py:3239} INFO - Sync 2 DAGs
[2025-02-14T23:40:17.961+0000] {logging_mixin.py:190} INFO - [2025-02-14T23:40:17.961+0000] {dag.py:4180} INFO - Setting next_dagrun for example_external_task_marker_child to None, run_after=None
[2025-02-14T23:40:17.963+0000] {logging_mixin.py:190} INFO - [2025-02-14T23:40:17.963+0000] {dag.py:4180} INFO - Setting next_dagrun for example_external_task_marker_parent to None, run_after=None
[2025-02-14T23:40:17.971+0000] {processor.py:208} INFO - Processing /home/airflow/.local/lib/python3.12/site-packages/airflow/example_dags/example_external_task_marker_dag.py took 0.045 seconds
[2025-02-14T23:40:48.813+0000] {processor.py:186} INFO - Started process (PID=572) to work on /home/airflow/.local/lib/python3.12/site-packages/airflow/example_dags/example_external_task_marker_dag.py
[2025-02-14T23:40:48.816+0000] {processor.py:914} INFO - Processing file /home/airflow/.local/lib/python3.12/site-packages/airflow/example_dags/example_external_task_marker_dag.py for tasks to queue
[2025-02-14T23:40:48.818+0000] {logging_mixin.py:190} INFO - [2025-02-14T23:40:48.818+0000] {dagbag.py:588} INFO - Filling up the DagBag from /home/airflow/.local/lib/python3.12/site-packages/airflow/example_dags/example_external_task_marker_dag.py
[2025-02-14T23:40:48.824+0000] {processor.py:925} INFO - DAG(s) 'example_external_task_marker_parent', 'example_external_task_marker_child' retrieved from /home/airflow/.local/lib/python3.12/site-packages/airflow/example_dags/example_external_task_marker_dag.py
[2025-02-14T23:40:48.844+0000] {logging_mixin.py:190} INFO - [2025-02-14T23:40:48.844+0000] {dag.py:3239} INFO - Sync 2 DAGs
[2025-02-14T23:40:48.853+0000] {logging_mixin.py:190} INFO - [2025-02-14T23:40:48.853+0000] {dag.py:4180} INFO - Setting next_dagrun for example_external_task_marker_child to None, run_after=None
[2025-02-14T23:40:48.857+0000] {logging_mixin.py:190} INFO - [2025-02-14T23:40:48.857+0000] {dag.py:4180} INFO - Setting next_dagrun for example_external_task_marker_parent to None, run_after=None
[2025-02-14T23:40:48.869+0000] {processor.py:208} INFO - Processing /home/airflow/.local/lib/python3.12/site-packages/airflow/example_dags/example_external_task_marker_dag.py took 0.060 seconds
[2025-02-14T23:41:19.774+0000] {processor.py:186} INFO - Started process (PID=635) to work on /home/airflow/.local/lib/python3.12/site-packages/airflow/example_dags/example_external_task_marker_dag.py
[2025-02-14T23:41:19.777+0000] {processor.py:914} INFO - Processing file /home/airflow/.local/lib/python3.12/site-packages/airflow/example_dags/example_external_task_marker_dag.py for tasks to queue
[2025-02-14T23:41:19.780+0000] {logging_mixin.py:190} INFO - [2025-02-14T23:41:19.780+0000] {dagbag.py:588} INFO - Filling up the DagBag from /home/airflow/.local/lib/python3.12/site-packages/airflow/example_dags/example_external_task_marker_dag.py
[2025-02-14T23:41:19.785+0000] {processor.py:925} INFO - DAG(s) 'example_external_task_marker_parent', 'example_external_task_marker_child' retrieved from /home/airflow/.local/lib/python3.12/site-packages/airflow/example_dags/example_external_task_marker_dag.py
[2025-02-14T23:41:19.803+0000] {logging_mixin.py:190} INFO - [2025-02-14T23:41:19.803+0000] {dag.py:3239} INFO - Sync 2 DAGs
[2025-02-14T23:41:19.812+0000] {logging_mixin.py:190} INFO - [2025-02-14T23:41:19.812+0000] {dag.py:4180} INFO - Setting next_dagrun for example_external_task_marker_child to None, run_after=None
[2025-02-14T23:41:19.814+0000] {logging_mixin.py:190} INFO - [2025-02-14T23:41:19.814+0000] {dag.py:4180} INFO - Setting next_dagrun for example_external_task_marker_parent to None, run_after=None
[2025-02-14T23:41:19.826+0000] {processor.py:208} INFO - Processing /home/airflow/.local/lib/python3.12/site-packages/airflow/example_dags/example_external_task_marker_dag.py took 0.056 seconds
[2025-02-14T23:41:50.633+0000] {processor.py:186} INFO - Started process (PID=698) to work on /home/airflow/.local/lib/python3.12/site-packages/airflow/example_dags/example_external_task_marker_dag.py
[2025-02-14T23:41:50.634+0000] {processor.py:914} INFO - Processing file /home/airflow/.local/lib/python3.12/site-packages/airflow/example_dags/example_external_task_marker_dag.py for tasks to queue
[2025-02-14T23:41:50.635+0000] {logging_mixin.py:190} INFO - [2025-02-14T23:41:50.635+0000] {dagbag.py:588} INFO - Filling up the DagBag from /home/airflow/.local/lib/python3.12/site-packages/airflow/example_dags/example_external_task_marker_dag.py
[2025-02-14T23:41:50.640+0000] {processor.py:925} INFO - DAG(s) 'example_external_task_marker_parent', 'example_external_task_marker_child' retrieved from /home/airflow/.local/lib/python3.12/site-packages/airflow/example_dags/example_external_task_marker_dag.py
[2025-02-14T23:41:50.654+0000] {logging_mixin.py:190} INFO - [2025-02-14T23:41:50.654+0000] {dag.py:3239} INFO - Sync 2 DAGs
[2025-02-14T23:41:50.662+0000] {logging_mixin.py:190} INFO - [2025-02-14T23:41:50.662+0000] {dag.py:4180} INFO - Setting next_dagrun for example_external_task_marker_child to None, run_after=None
[2025-02-14T23:41:50.664+0000] {logging_mixin.py:190} INFO - [2025-02-14T23:41:50.664+0000] {dag.py:4180} INFO - Setting next_dagrun for example_external_task_marker_parent to None, run_after=None
[2025-02-14T23:41:50.672+0000] {processor.py:208} INFO - Processing /home/airflow/.local/lib/python3.12/site-packages/airflow/example_dags/example_external_task_marker_dag.py took 0.042 seconds
[2025-02-14T23:42:20.833+0000] {processor.py:186} INFO - Started process (PID=761) to work on /home/airflow/.local/lib/python3.12/site-packages/airflow/example_dags/example_external_task_marker_dag.py
[2025-02-14T23:42:20.834+0000] {processor.py:914} INFO - Processing file /home/airflow/.local/lib/python3.12/site-packages/airflow/example_dags/example_external_task_marker_dag.py for tasks to queue
[2025-02-14T23:42:20.836+0000] {logging_mixin.py:190} INFO - [2025-02-14T23:42:20.835+0000] {dagbag.py:588} INFO - Filling up the DagBag from /home/airflow/.local/lib/python3.12/site-packages/airflow/example_dags/example_external_task_marker_dag.py
[2025-02-14T23:42:20.842+0000] {processor.py:925} INFO - DAG(s) 'example_external_task_marker_parent', 'example_external_task_marker_child' retrieved from /home/airflow/.local/lib/python3.12/site-packages/airflow/example_dags/example_external_task_marker_dag.py
[2025-02-14T23:42:20.859+0000] {logging_mixin.py:190} INFO - [2025-02-14T23:42:20.859+0000] {dag.py:3239} INFO - Sync 2 DAGs
[2025-02-14T23:42:20.869+0000] {logging_mixin.py:190} INFO - [2025-02-14T23:42:20.869+0000] {dag.py:4180} INFO - Setting next_dagrun for example_external_task_marker_child to None, run_after=None
[2025-02-14T23:42:20.872+0000] {logging_mixin.py:190} INFO - [2025-02-14T23:42:20.872+0000] {dag.py:4180} INFO - Setting next_dagrun for example_external_task_marker_parent to None, run_after=None
[2025-02-14T23:42:20.881+0000] {processor.py:208} INFO - Processing /home/airflow/.local/lib/python3.12/site-packages/airflow/example_dags/example_external_task_marker_dag.py took 0.054 seconds
[2025-02-14T23:42:51.753+0000] {processor.py:186} INFO - Started process (PID=824) to work on /home/airflow/.local/lib/python3.12/site-packages/airflow/example_dags/example_external_task_marker_dag.py
[2025-02-14T23:42:51.754+0000] {processor.py:914} INFO - Processing file /home/airflow/.local/lib/python3.12/site-packages/airflow/example_dags/example_external_task_marker_dag.py for tasks to queue
[2025-02-14T23:42:51.755+0000] {logging_mixin.py:190} INFO - [2025-02-14T23:42:51.755+0000] {dagbag.py:588} INFO - Filling up the DagBag from /home/airflow/.local/lib/python3.12/site-packages/airflow/example_dags/example_external_task_marker_dag.py
[2025-02-14T23:42:51.760+0000] {processor.py:925} INFO - DAG(s) 'example_external_task_marker_parent', 'example_external_task_marker_child' retrieved from /home/airflow/.local/lib/python3.12/site-packages/airflow/example_dags/example_external_task_marker_dag.py
[2025-02-14T23:42:51.775+0000] {logging_mixin.py:190} INFO - [2025-02-14T23:42:51.775+0000] {dag.py:3239} INFO - Sync 2 DAGs
[2025-02-14T23:42:51.785+0000] {logging_mixin.py:190} INFO - [2025-02-14T23:42:51.785+0000] {dag.py:4180} INFO - Setting next_dagrun for example_external_task_marker_child to None, run_after=None
[2025-02-14T23:42:51.788+0000] {logging_mixin.py:190} INFO - [2025-02-14T23:42:51.788+0000] {dag.py:4180} INFO - Setting next_dagrun for example_external_task_marker_parent to None, run_after=None
[2025-02-14T23:42:51.796+0000] {processor.py:208} INFO - Processing /home/airflow/.local/lib/python3.12/site-packages/airflow/example_dags/example_external_task_marker_dag.py took 0.046 seconds
[2025-02-14T23:43:22.308+0000] {processor.py:186} INFO - Started process (PID=887) to work on /home/airflow/.local/lib/python3.12/site-packages/airflow/example_dags/example_external_task_marker_dag.py
[2025-02-14T23:43:22.311+0000] {processor.py:914} INFO - Processing file /home/airflow/.local/lib/python3.12/site-packages/airflow/example_dags/example_external_task_marker_dag.py for tasks to queue
[2025-02-14T23:43:22.315+0000] {logging_mixin.py:190} INFO - [2025-02-14T23:43:22.315+0000] {dagbag.py:588} INFO - Filling up the DagBag from /home/airflow/.local/lib/python3.12/site-packages/airflow/example_dags/example_external_task_marker_dag.py
[2025-02-14T23:43:22.336+0000] {processor.py:925} INFO - DAG(s) 'example_external_task_marker_parent', 'example_external_task_marker_child' retrieved from /home/airflow/.local/lib/python3.12/site-packages/airflow/example_dags/example_external_task_marker_dag.py
[2025-02-14T23:43:22.374+0000] {logging_mixin.py:190} INFO - [2025-02-14T23:43:22.374+0000] {dag.py:3239} INFO - Sync 2 DAGs
[2025-02-14T23:43:22.397+0000] {logging_mixin.py:190} INFO - [2025-02-14T23:43:22.396+0000] {dag.py:4180} INFO - Setting next_dagrun for example_external_task_marker_child to None, run_after=None
[2025-02-14T23:43:22.403+0000] {logging_mixin.py:190} INFO - [2025-02-14T23:43:22.402+0000] {dag.py:4180} INFO - Setting next_dagrun for example_external_task_marker_parent to None, run_after=None
[2025-02-14T23:43:22.438+0000] {processor.py:208} INFO - Processing /home/airflow/.local/lib/python3.12/site-packages/airflow/example_dags/example_external_task_marker_dag.py took 0.141 seconds
[2025-02-14T23:43:53.210+0000] {processor.py:186} INFO - Started process (PID=950) to work on /home/airflow/.local/lib/python3.12/site-packages/airflow/example_dags/example_external_task_marker_dag.py
[2025-02-14T23:43:53.210+0000] {processor.py:914} INFO - Processing file /home/airflow/.local/lib/python3.12/site-packages/airflow/example_dags/example_external_task_marker_dag.py for tasks to queue
[2025-02-14T23:43:53.212+0000] {logging_mixin.py:190} INFO - [2025-02-14T23:43:53.212+0000] {dagbag.py:588} INFO - Filling up the DagBag from /home/airflow/.local/lib/python3.12/site-packages/airflow/example_dags/example_external_task_marker_dag.py
[2025-02-14T23:43:53.217+0000] {processor.py:925} INFO - DAG(s) 'example_external_task_marker_parent', 'example_external_task_marker_child' retrieved from /home/airflow/.local/lib/python3.12/site-packages/airflow/example_dags/example_external_task_marker_dag.py
[2025-02-14T23:43:53.231+0000] {logging_mixin.py:190} INFO - [2025-02-14T23:43:53.231+0000] {dag.py:3239} INFO - Sync 2 DAGs
[2025-02-14T23:43:53.239+0000] {logging_mixin.py:190} INFO - [2025-02-14T23:43:53.239+0000] {dag.py:4180} INFO - Setting next_dagrun for example_external_task_marker_child to None, run_after=None
[2025-02-14T23:43:53.241+0000] {logging_mixin.py:190} INFO - [2025-02-14T23:43:53.241+0000] {dag.py:4180} INFO - Setting next_dagrun for example_external_task_marker_parent to None, run_after=None
[2025-02-14T23:43:53.249+0000] {processor.py:208} INFO - Processing /home/airflow/.local/lib/python3.12/site-packages/airflow/example_dags/example_external_task_marker_dag.py took 0.044 seconds
[2025-02-14T23:44:23.913+0000] {processor.py:186} INFO - Started process (PID=1012) to work on /home/airflow/.local/lib/python3.12/site-packages/airflow/example_dags/example_external_task_marker_dag.py
[2025-02-14T23:44:23.913+0000] {processor.py:914} INFO - Processing file /home/airflow/.local/lib/python3.12/site-packages/airflow/example_dags/example_external_task_marker_dag.py for tasks to queue
[2025-02-14T23:44:23.915+0000] {logging_mixin.py:190} INFO - [2025-02-14T23:44:23.914+0000] {dagbag.py:588} INFO - Filling up the DagBag from /home/airflow/.local/lib/python3.12/site-packages/airflow/example_dags/example_external_task_marker_dag.py
[2025-02-14T23:44:23.920+0000] {processor.py:925} INFO - DAG(s) 'example_external_task_marker_parent', 'example_external_task_marker_child' retrieved from /home/airflow/.local/lib/python3.12/site-packages/airflow/example_dags/example_external_task_marker_dag.py
[2025-02-14T23:44:23.934+0000] {logging_mixin.py:190} INFO - [2025-02-14T23:44:23.934+0000] {dag.py:3239} INFO - Sync 2 DAGs
[2025-02-14T23:44:23.942+0000] {logging_mixin.py:190} INFO - [2025-02-14T23:44:23.942+0000] {dag.py:4180} INFO - Setting next_dagrun for example_external_task_marker_child to None, run_after=None
[2025-02-14T23:44:23.944+0000] {logging_mixin.py:190} INFO - [2025-02-14T23:44:23.944+0000] {dag.py:4180} INFO - Setting next_dagrun for example_external_task_marker_parent to None, run_after=None
[2025-02-14T23:44:23.952+0000] {processor.py:208} INFO - Processing /home/airflow/.local/lib/python3.12/site-packages/airflow/example_dags/example_external_task_marker_dag.py took 0.043 seconds
[2025-02-14T23:44:54.863+0000] {processor.py:186} INFO - Started process (PID=1075) to work on /home/airflow/.local/lib/python3.12/site-packages/airflow/example_dags/example_external_task_marker_dag.py
[2025-02-14T23:44:54.864+0000] {processor.py:914} INFO - Processing file /home/airflow/.local/lib/python3.12/site-packages/airflow/example_dags/example_external_task_marker_dag.py for tasks to queue
[2025-02-14T23:44:54.866+0000] {logging_mixin.py:190} INFO - [2025-02-14T23:44:54.865+0000] {dagbag.py:588} INFO - Filling up the DagBag from /home/airflow/.local/lib/python3.12/site-packages/airflow/example_dags/example_external_task_marker_dag.py
[2025-02-14T23:44:54.871+0000] {processor.py:925} INFO - DAG(s) 'example_external_task_marker_child', 'example_external_task_marker_parent' retrieved from /home/airflow/.local/lib/python3.12/site-packages/airflow/example_dags/example_external_task_marker_dag.py
[2025-02-14T23:44:54.885+0000] {logging_mixin.py:190} INFO - [2025-02-14T23:44:54.885+0000] {dag.py:3239} INFO - Sync 2 DAGs
[2025-02-14T23:44:54.894+0000] {logging_mixin.py:190} INFO - [2025-02-14T23:44:54.894+0000] {dag.py:4180} INFO - Setting next_dagrun for example_external_task_marker_child to None, run_after=None
[2025-02-14T23:44:54.896+0000] {logging_mixin.py:190} INFO - [2025-02-14T23:44:54.896+0000] {dag.py:4180} INFO - Setting next_dagrun for example_external_task_marker_parent to None, run_after=None
[2025-02-14T23:44:54.905+0000] {processor.py:208} INFO - Processing /home/airflow/.local/lib/python3.12/site-packages/airflow/example_dags/example_external_task_marker_dag.py took 0.045 seconds
[2025-02-14T23:45:25.010+0000] {processor.py:186} INFO - Started process (PID=1138) to work on /home/airflow/.local/lib/python3.12/site-packages/airflow/example_dags/example_external_task_marker_dag.py
[2025-02-14T23:45:25.011+0000] {processor.py:914} INFO - Processing file /home/airflow/.local/lib/python3.12/site-packages/airflow/example_dags/example_external_task_marker_dag.py for tasks to queue
[2025-02-14T23:45:25.013+0000] {logging_mixin.py:190} INFO - [2025-02-14T23:45:25.012+0000] {dagbag.py:588} INFO - Filling up the DagBag from /home/airflow/.local/lib/python3.12/site-packages/airflow/example_dags/example_external_task_marker_dag.py
[2025-02-14T23:45:25.018+0000] {processor.py:925} INFO - DAG(s) 'example_external_task_marker_child', 'example_external_task_marker_parent' retrieved from /home/airflow/.local/lib/python3.12/site-packages/airflow/example_dags/example_external_task_marker_dag.py
[2025-02-14T23:45:25.033+0000] {logging_mixin.py:190} INFO - [2025-02-14T23:45:25.033+0000] {dag.py:3239} INFO - Sync 2 DAGs
[2025-02-14T23:45:25.042+0000] {logging_mixin.py:190} INFO - [2025-02-14T23:45:25.042+0000] {dag.py:4180} INFO - Setting next_dagrun for example_external_task_marker_child to None, run_after=None
[2025-02-14T23:45:25.044+0000] {logging_mixin.py:190} INFO - [2025-02-14T23:45:25.044+0000] {dag.py:4180} INFO - Setting next_dagrun for example_external_task_marker_parent to None, run_after=None
[2025-02-14T23:45:25.052+0000] {processor.py:208} INFO - Processing /home/airflow/.local/lib/python3.12/site-packages/airflow/example_dags/example_external_task_marker_dag.py took 0.046 seconds
[2025-02-14T23:45:55.312+0000] {processor.py:186} INFO - Started process (PID=1201) to work on /home/airflow/.local/lib/python3.12/site-packages/airflow/example_dags/example_external_task_marker_dag.py
[2025-02-14T23:45:55.313+0000] {processor.py:914} INFO - Processing file /home/airflow/.local/lib/python3.12/site-packages/airflow/example_dags/example_external_task_marker_dag.py for tasks to queue
[2025-02-14T23:45:55.314+0000] {logging_mixin.py:190} INFO - [2025-02-14T23:45:55.314+0000] {dagbag.py:588} INFO - Filling up the DagBag from /home/airflow/.local/lib/python3.12/site-packages/airflow/example_dags/example_external_task_marker_dag.py
[2025-02-14T23:45:55.321+0000] {processor.py:925} INFO - DAG(s) 'example_external_task_marker_parent', 'example_external_task_marker_child' retrieved from /home/airflow/.local/lib/python3.12/site-packages/airflow/example_dags/example_external_task_marker_dag.py
[2025-02-14T23:45:55.338+0000] {logging_mixin.py:190} INFO - [2025-02-14T23:45:55.338+0000] {dag.py:3239} INFO - Sync 2 DAGs
[2025-02-14T23:45:55.349+0000] {logging_mixin.py:190} INFO - [2025-02-14T23:45:55.349+0000] {dag.py:4180} INFO - Setting next_dagrun for example_external_task_marker_child to None, run_after=None
[2025-02-14T23:45:55.351+0000] {logging_mixin.py:190} INFO - [2025-02-14T23:45:55.351+0000] {dag.py:4180} INFO - Setting next_dagrun for example_external_task_marker_parent to None, run_after=None
[2025-02-14T23:45:55.361+0000] {processor.py:208} INFO - Processing /home/airflow/.local/lib/python3.12/site-packages/airflow/example_dags/example_external_task_marker_dag.py took 0.054 seconds
[2025-02-14T23:46:25.560+0000] {processor.py:186} INFO - Started process (PID=1264) to work on /home/airflow/.local/lib/python3.12/site-packages/airflow/example_dags/example_external_task_marker_dag.py
[2025-02-14T23:46:25.561+0000] {processor.py:914} INFO - Processing file /home/airflow/.local/lib/python3.12/site-packages/airflow/example_dags/example_external_task_marker_dag.py for tasks to queue
[2025-02-14T23:46:25.562+0000] {logging_mixin.py:190} INFO - [2025-02-14T23:46:25.562+0000] {dagbag.py:588} INFO - Filling up the DagBag from /home/airflow/.local/lib/python3.12/site-packages/airflow/example_dags/example_external_task_marker_dag.py
[2025-02-14T23:46:25.567+0000] {processor.py:925} INFO - DAG(s) 'example_external_task_marker_parent', 'example_external_task_marker_child' retrieved from /home/airflow/.local/lib/python3.12/site-packages/airflow/example_dags/example_external_task_marker_dag.py
[2025-02-14T23:46:25.581+0000] {logging_mixin.py:190} INFO - [2025-02-14T23:46:25.581+0000] {dag.py:3239} INFO - Sync 2 DAGs
[2025-02-14T23:46:25.591+0000] {logging_mixin.py:190} INFO - [2025-02-14T23:46:25.591+0000] {dag.py:4180} INFO - Setting next_dagrun for example_external_task_marker_child to None, run_after=None
[2025-02-14T23:46:25.593+0000] {logging_mixin.py:190} INFO - [2025-02-14T23:46:25.593+0000] {dag.py:4180} INFO - Setting next_dagrun for example_external_task_marker_parent to None, run_after=None
[2025-02-14T23:46:25.601+0000] {processor.py:208} INFO - Processing /home/airflow/.local/lib/python3.12/site-packages/airflow/example_dags/example_external_task_marker_dag.py took 0.045 seconds
[2025-02-14T23:46:56.088+0000] {processor.py:186} INFO - Started process (PID=1327) to work on /home/airflow/.local/lib/python3.12/site-packages/airflow/example_dags/example_external_task_marker_dag.py
[2025-02-14T23:46:56.089+0000] {processor.py:914} INFO - Processing file /home/airflow/.local/lib/python3.12/site-packages/airflow/example_dags/example_external_task_marker_dag.py for tasks to queue
[2025-02-14T23:46:56.090+0000] {logging_mixin.py:190} INFO - [2025-02-14T23:46:56.090+0000] {dagbag.py:588} INFO - Filling up the DagBag from /home/airflow/.local/lib/python3.12/site-packages/airflow/example_dags/example_external_task_marker_dag.py
[2025-02-14T23:46:56.096+0000] {processor.py:925} INFO - DAG(s) 'example_external_task_marker_parent', 'example_external_task_marker_child' retrieved from /home/airflow/.local/lib/python3.12/site-packages/airflow/example_dags/example_external_task_marker_dag.py
[2025-02-14T23:46:56.110+0000] {logging_mixin.py:190} INFO - [2025-02-14T23:46:56.110+0000] {dag.py:3239} INFO - Sync 2 DAGs
[2025-02-14T23:46:56.119+0000] {logging_mixin.py:190} INFO - [2025-02-14T23:46:56.119+0000] {dag.py:4180} INFO - Setting next_dagrun for example_external_task_marker_child to None, run_after=None
[2025-02-14T23:46:56.121+0000] {logging_mixin.py:190} INFO - [2025-02-14T23:46:56.121+0000] {dag.py:4180} INFO - Setting next_dagrun for example_external_task_marker_parent to None, run_after=None
[2025-02-14T23:46:56.129+0000] {processor.py:208} INFO - Processing /home/airflow/.local/lib/python3.12/site-packages/airflow/example_dags/example_external_task_marker_dag.py took 0.044 seconds
[2025-02-14T23:47:26.533+0000] {processor.py:186} INFO - Started process (PID=1389) to work on /home/airflow/.local/lib/python3.12/site-packages/airflow/example_dags/example_external_task_marker_dag.py
[2025-02-14T23:47:26.534+0000] {processor.py:914} INFO - Processing file /home/airflow/.local/lib/python3.12/site-packages/airflow/example_dags/example_external_task_marker_dag.py for tasks to queue
[2025-02-14T23:47:26.536+0000] {logging_mixin.py:190} INFO - [2025-02-14T23:47:26.536+0000] {dagbag.py:588} INFO - Filling up the DagBag from /home/airflow/.local/lib/python3.12/site-packages/airflow/example_dags/example_external_task_marker_dag.py
[2025-02-14T23:47:26.542+0000] {processor.py:925} INFO - DAG(s) 'example_external_task_marker_parent', 'example_external_task_marker_child' retrieved from /home/airflow/.local/lib/python3.12/site-packages/airflow/example_dags/example_external_task_marker_dag.py
[2025-02-14T23:47:26.557+0000] {logging_mixin.py:190} INFO - [2025-02-14T23:47:26.557+0000] {dag.py:3239} INFO - Sync 2 DAGs
[2025-02-14T23:47:26.569+0000] {logging_mixin.py:190} INFO - [2025-02-14T23:47:26.569+0000] {dag.py:4180} INFO - Setting next_dagrun for example_external_task_marker_child to None, run_after=None
[2025-02-14T23:47:26.574+0000] {logging_mixin.py:190} INFO - [2025-02-14T23:47:26.574+0000] {dag.py:4180} INFO - Setting next_dagrun for example_external_task_marker_parent to None, run_after=None
[2025-02-14T23:47:26.588+0000] {processor.py:208} INFO - Processing /home/airflow/.local/lib/python3.12/site-packages/airflow/example_dags/example_external_task_marker_dag.py took 0.059 seconds
[2025-02-14T23:47:57.172+0000] {processor.py:186} INFO - Started process (PID=1452) to work on /home/airflow/.local/lib/python3.12/site-packages/airflow/example_dags/example_external_task_marker_dag.py
[2025-02-14T23:47:57.173+0000] {processor.py:914} INFO - Processing file /home/airflow/.local/lib/python3.12/site-packages/airflow/example_dags/example_external_task_marker_dag.py for tasks to queue
[2025-02-14T23:47:57.175+0000] {logging_mixin.py:190} INFO - [2025-02-14T23:47:57.175+0000] {dagbag.py:588} INFO - Filling up the DagBag from /home/airflow/.local/lib/python3.12/site-packages/airflow/example_dags/example_external_task_marker_dag.py
[2025-02-14T23:47:57.180+0000] {processor.py:925} INFO - DAG(s) 'example_external_task_marker_parent', 'example_external_task_marker_child' retrieved from /home/airflow/.local/lib/python3.12/site-packages/airflow/example_dags/example_external_task_marker_dag.py
[2025-02-14T23:47:57.194+0000] {logging_mixin.py:190} INFO - [2025-02-14T23:47:57.194+0000] {dag.py:3239} INFO - Sync 2 DAGs
[2025-02-14T23:47:57.203+0000] {logging_mixin.py:190} INFO - [2025-02-14T23:47:57.203+0000] {dag.py:4180} INFO - Setting next_dagrun for example_external_task_marker_child to None, run_after=None
[2025-02-14T23:47:57.205+0000] {logging_mixin.py:190} INFO - [2025-02-14T23:47:57.205+0000] {dag.py:4180} INFO - Setting next_dagrun for example_external_task_marker_parent to None, run_after=None
[2025-02-14T23:47:57.213+0000] {processor.py:208} INFO - Processing /home/airflow/.local/lib/python3.12/site-packages/airflow/example_dags/example_external_task_marker_dag.py took 0.044 seconds
[2025-02-14T23:48:27.467+0000] {processor.py:186} INFO - Started process (PID=1515) to work on /home/airflow/.local/lib/python3.12/site-packages/airflow/example_dags/example_external_task_marker_dag.py
[2025-02-14T23:48:27.467+0000] {processor.py:914} INFO - Processing file /home/airflow/.local/lib/python3.12/site-packages/airflow/example_dags/example_external_task_marker_dag.py for tasks to queue
[2025-02-14T23:48:27.469+0000] {logging_mixin.py:190} INFO - [2025-02-14T23:48:27.469+0000] {dagbag.py:588} INFO - Filling up the DagBag from /home/airflow/.local/lib/python3.12/site-packages/airflow/example_dags/example_external_task_marker_dag.py
[2025-02-14T23:48:27.475+0000] {processor.py:925} INFO - DAG(s) 'example_external_task_marker_parent', 'example_external_task_marker_child' retrieved from /home/airflow/.local/lib/python3.12/site-packages/airflow/example_dags/example_external_task_marker_dag.py
[2025-02-14T23:48:27.489+0000] {logging_mixin.py:190} INFO - [2025-02-14T23:48:27.489+0000] {dag.py:3239} INFO - Sync 2 DAGs
[2025-02-14T23:48:27.497+0000] {logging_mixin.py:190} INFO - [2025-02-14T23:48:27.497+0000] {dag.py:4180} INFO - Setting next_dagrun for example_external_task_marker_child to None, run_after=None
[2025-02-14T23:48:27.499+0000] {logging_mixin.py:190} INFO - [2025-02-14T23:48:27.499+0000] {dag.py:4180} INFO - Setting next_dagrun for example_external_task_marker_parent to None, run_after=None
[2025-02-14T23:48:27.507+0000] {processor.py:208} INFO - Processing /home/airflow/.local/lib/python3.12/site-packages/airflow/example_dags/example_external_task_marker_dag.py took 0.044 seconds
[2025-02-14T23:48:57.717+0000] {processor.py:186} INFO - Started process (PID=1578) to work on /home/airflow/.local/lib/python3.12/site-packages/airflow/example_dags/example_external_task_marker_dag.py
[2025-02-14T23:48:57.718+0000] {processor.py:914} INFO - Processing file /home/airflow/.local/lib/python3.12/site-packages/airflow/example_dags/example_external_task_marker_dag.py for tasks to queue
[2025-02-14T23:48:57.720+0000] {logging_mixin.py:190} INFO - [2025-02-14T23:48:57.720+0000] {dagbag.py:588} INFO - Filling up the DagBag from /home/airflow/.local/lib/python3.12/site-packages/airflow/example_dags/example_external_task_marker_dag.py
[2025-02-14T23:48:57.725+0000] {processor.py:925} INFO - DAG(s) 'example_external_task_marker_child', 'example_external_task_marker_parent' retrieved from /home/airflow/.local/lib/python3.12/site-packages/airflow/example_dags/example_external_task_marker_dag.py
[2025-02-14T23:48:57.740+0000] {logging_mixin.py:190} INFO - [2025-02-14T23:48:57.740+0000] {dag.py:3239} INFO - Sync 2 DAGs
[2025-02-14T23:48:57.749+0000] {logging_mixin.py:190} INFO - [2025-02-14T23:48:57.749+0000] {dag.py:4180} INFO - Setting next_dagrun for example_external_task_marker_child to None, run_after=None
[2025-02-14T23:48:57.751+0000] {logging_mixin.py:190} INFO - [2025-02-14T23:48:57.751+0000] {dag.py:4180} INFO - Setting next_dagrun for example_external_task_marker_parent to None, run_after=None
[2025-02-14T23:48:57.760+0000] {processor.py:208} INFO - Processing /home/airflow/.local/lib/python3.12/site-packages/airflow/example_dags/example_external_task_marker_dag.py took 0.046 seconds
[2025-02-14T23:49:28.028+0000] {processor.py:186} INFO - Started process (PID=1641) to work on /home/airflow/.local/lib/python3.12/site-packages/airflow/example_dags/example_external_task_marker_dag.py
[2025-02-14T23:49:28.029+0000] {processor.py:914} INFO - Processing file /home/airflow/.local/lib/python3.12/site-packages/airflow/example_dags/example_external_task_marker_dag.py for tasks to queue
[2025-02-14T23:49:28.030+0000] {logging_mixin.py:190} INFO - [2025-02-14T23:49:28.030+0000] {dagbag.py:588} INFO - Filling up the DagBag from /home/airflow/.local/lib/python3.12/site-packages/airflow/example_dags/example_external_task_marker_dag.py
[2025-02-14T23:49:28.036+0000] {processor.py:925} INFO - DAG(s) 'example_external_task_marker_child', 'example_external_task_marker_parent' retrieved from /home/airflow/.local/lib/python3.12/site-packages/airflow/example_dags/example_external_task_marker_dag.py
[2025-02-14T23:49:28.064+0000] {logging_mixin.py:190} INFO - [2025-02-14T23:49:28.064+0000] {dag.py:3239} INFO - Sync 2 DAGs
[2025-02-14T23:49:28.075+0000] {logging_mixin.py:190} INFO - [2025-02-14T23:49:28.074+0000] {dag.py:4180} INFO - Setting next_dagrun for example_external_task_marker_child to None, run_after=None
[2025-02-14T23:49:28.077+0000] {logging_mixin.py:190} INFO - [2025-02-14T23:49:28.077+0000] {dag.py:4180} INFO - Setting next_dagrun for example_external_task_marker_parent to None, run_after=None
[2025-02-14T23:49:28.086+0000] {processor.py:208} INFO - Processing /home/airflow/.local/lib/python3.12/site-packages/airflow/example_dags/example_external_task_marker_dag.py took 0.062 seconds
[2025-02-14T23:49:58.409+0000] {processor.py:186} INFO - Started process (PID=1704) to work on /home/airflow/.local/lib/python3.12/site-packages/airflow/example_dags/example_external_task_marker_dag.py
[2025-02-14T23:49:58.409+0000] {processor.py:914} INFO - Processing file /home/airflow/.local/lib/python3.12/site-packages/airflow/example_dags/example_external_task_marker_dag.py for tasks to queue
[2025-02-14T23:49:58.411+0000] {logging_mixin.py:190} INFO - [2025-02-14T23:49:58.411+0000] {dagbag.py:588} INFO - Filling up the DagBag from /home/airflow/.local/lib/python3.12/site-packages/airflow/example_dags/example_external_task_marker_dag.py
[2025-02-14T23:49:58.416+0000] {processor.py:925} INFO - DAG(s) 'example_external_task_marker_child', 'example_external_task_marker_parent' retrieved from /home/airflow/.local/lib/python3.12/site-packages/airflow/example_dags/example_external_task_marker_dag.py
[2025-02-14T23:49:58.430+0000] {logging_mixin.py:190} INFO - [2025-02-14T23:49:58.430+0000] {dag.py:3239} INFO - Sync 2 DAGs
[2025-02-14T23:49:58.439+0000] {logging_mixin.py:190} INFO - [2025-02-14T23:49:58.439+0000] {dag.py:4180} INFO - Setting next_dagrun for example_external_task_marker_child to None, run_after=None
[2025-02-14T23:49:58.441+0000] {logging_mixin.py:190} INFO - [2025-02-14T23:49:58.441+0000] {dag.py:4180} INFO - Setting next_dagrun for example_external_task_marker_parent to None, run_after=None
[2025-02-14T23:49:58.448+0000] {processor.py:208} INFO - Processing /home/airflow/.local/lib/python3.12/site-packages/airflow/example_dags/example_external_task_marker_dag.py took 0.043 seconds
[2025-02-14T23:50:29.244+0000] {processor.py:186} INFO - Started process (PID=1767) to work on /home/airflow/.local/lib/python3.12/site-packages/airflow/example_dags/example_external_task_marker_dag.py
[2025-02-14T23:50:29.245+0000] {processor.py:914} INFO - Processing file /home/airflow/.local/lib/python3.12/site-packages/airflow/example_dags/example_external_task_marker_dag.py for tasks to queue
[2025-02-14T23:50:29.246+0000] {logging_mixin.py:190} INFO - [2025-02-14T23:50:29.246+0000] {dagbag.py:588} INFO - Filling up the DagBag from /home/airflow/.local/lib/python3.12/site-packages/airflow/example_dags/example_external_task_marker_dag.py
[2025-02-14T23:50:29.253+0000] {processor.py:925} INFO - DAG(s) 'example_external_task_marker_parent', 'example_external_task_marker_child' retrieved from /home/airflow/.local/lib/python3.12/site-packages/airflow/example_dags/example_external_task_marker_dag.py
[2025-02-14T23:50:29.269+0000] {logging_mixin.py:190} INFO - [2025-02-14T23:50:29.268+0000] {dag.py:3239} INFO - Sync 2 DAGs
[2025-02-14T23:50:29.278+0000] {logging_mixin.py:190} INFO - [2025-02-14T23:50:29.278+0000] {dag.py:4180} INFO - Setting next_dagrun for example_external_task_marker_child to None, run_after=None
[2025-02-14T23:50:29.281+0000] {logging_mixin.py:190} INFO - [2025-02-14T23:50:29.280+0000] {dag.py:4180} INFO - Setting next_dagrun for example_external_task_marker_parent to None, run_after=None
[2025-02-14T23:50:29.289+0000] {processor.py:208} INFO - Processing /home/airflow/.local/lib/python3.12/site-packages/airflow/example_dags/example_external_task_marker_dag.py took 0.049 seconds
[2025-02-14T23:50:59.793+0000] {processor.py:186} INFO - Started process (PID=1830) to work on /home/airflow/.local/lib/python3.12/site-packages/airflow/example_dags/example_external_task_marker_dag.py
[2025-02-14T23:50:59.794+0000] {processor.py:914} INFO - Processing file /home/airflow/.local/lib/python3.12/site-packages/airflow/example_dags/example_external_task_marker_dag.py for tasks to queue
[2025-02-14T23:50:59.795+0000] {logging_mixin.py:190} INFO - [2025-02-14T23:50:59.795+0000] {dagbag.py:588} INFO - Filling up the DagBag from /home/airflow/.local/lib/python3.12/site-packages/airflow/example_dags/example_external_task_marker_dag.py
[2025-02-14T23:50:59.801+0000] {processor.py:925} INFO - DAG(s) 'example_external_task_marker_child', 'example_external_task_marker_parent' retrieved from /home/airflow/.local/lib/python3.12/site-packages/airflow/example_dags/example_external_task_marker_dag.py
[2025-02-14T23:50:59.815+0000] {logging_mixin.py:190} INFO - [2025-02-14T23:50:59.815+0000] {dag.py:3239} INFO - Sync 2 DAGs
[2025-02-14T23:50:59.823+0000] {logging_mixin.py:190} INFO - [2025-02-14T23:50:59.823+0000] {dag.py:4180} INFO - Setting next_dagrun for example_external_task_marker_child to None, run_after=None
[2025-02-14T23:50:59.826+0000] {logging_mixin.py:190} INFO - [2025-02-14T23:50:59.826+0000] {dag.py:4180} INFO - Setting next_dagrun for example_external_task_marker_parent to None, run_after=None
[2025-02-14T23:50:59.834+0000] {processor.py:208} INFO - Processing /home/airflow/.local/lib/python3.12/site-packages/airflow/example_dags/example_external_task_marker_dag.py took 0.045 seconds
[2025-02-14T23:51:30.132+0000] {processor.py:186} INFO - Started process (PID=1893) to work on /home/airflow/.local/lib/python3.12/site-packages/airflow/example_dags/example_external_task_marker_dag.py
[2025-02-14T23:51:30.133+0000] {processor.py:914} INFO - Processing file /home/airflow/.local/lib/python3.12/site-packages/airflow/example_dags/example_external_task_marker_dag.py for tasks to queue
[2025-02-14T23:51:30.134+0000] {logging_mixin.py:190} INFO - [2025-02-14T23:51:30.134+0000] {dagbag.py:588} INFO - Filling up the DagBag from /home/airflow/.local/lib/python3.12/site-packages/airflow/example_dags/example_external_task_marker_dag.py
[2025-02-14T23:51:30.140+0000] {processor.py:925} INFO - DAG(s) 'example_external_task_marker_parent', 'example_external_task_marker_child' retrieved from /home/airflow/.local/lib/python3.12/site-packages/airflow/example_dags/example_external_task_marker_dag.py
[2025-02-14T23:51:30.154+0000] {logging_mixin.py:190} INFO - [2025-02-14T23:51:30.153+0000] {dag.py:3239} INFO - Sync 2 DAGs
[2025-02-14T23:51:30.162+0000] {logging_mixin.py:190} INFO - [2025-02-14T23:51:30.162+0000] {dag.py:4180} INFO - Setting next_dagrun for example_external_task_marker_child to None, run_after=None
[2025-02-14T23:51:30.164+0000] {logging_mixin.py:190} INFO - [2025-02-14T23:51:30.164+0000] {dag.py:4180} INFO - Setting next_dagrun for example_external_task_marker_parent to None, run_after=None
[2025-02-14T23:51:30.172+0000] {processor.py:208} INFO - Processing /home/airflow/.local/lib/python3.12/site-packages/airflow/example_dags/example_external_task_marker_dag.py took 0.043 seconds
[2025-02-14T23:52:00.370+0000] {processor.py:186} INFO - Started process (PID=1956) to work on /home/airflow/.local/lib/python3.12/site-packages/airflow/example_dags/example_external_task_marker_dag.py
[2025-02-14T23:52:00.371+0000] {processor.py:914} INFO - Processing file /home/airflow/.local/lib/python3.12/site-packages/airflow/example_dags/example_external_task_marker_dag.py for tasks to queue
[2025-02-14T23:52:00.374+0000] {logging_mixin.py:190} INFO - [2025-02-14T23:52:00.374+0000] {dagbag.py:588} INFO - Filling up the DagBag from /home/airflow/.local/lib/python3.12/site-packages/airflow/example_dags/example_external_task_marker_dag.py
[2025-02-14T23:52:00.382+0000] {processor.py:925} INFO - DAG(s) 'example_external_task_marker_parent', 'example_external_task_marker_child' retrieved from /home/airflow/.local/lib/python3.12/site-packages/airflow/example_dags/example_external_task_marker_dag.py
[2025-02-14T23:52:00.409+0000] {logging_mixin.py:190} INFO - [2025-02-14T23:52:00.408+0000] {dag.py:3239} INFO - Sync 2 DAGs
[2025-02-14T23:52:00.423+0000] {logging_mixin.py:190} INFO - [2025-02-14T23:52:00.423+0000] {dag.py:4180} INFO - Setting next_dagrun for example_external_task_marker_child to None, run_after=None
[2025-02-14T23:52:00.427+0000] {logging_mixin.py:190} INFO - [2025-02-14T23:52:00.427+0000] {dag.py:4180} INFO - Setting next_dagrun for example_external_task_marker_parent to None, run_after=None
[2025-02-14T23:52:00.441+0000] {processor.py:208} INFO - Processing /home/airflow/.local/lib/python3.12/site-packages/airflow/example_dags/example_external_task_marker_dag.py took 0.076 seconds
[2025-02-14T23:52:31.313+0000] {processor.py:186} INFO - Started process (PID=2019) to work on /home/airflow/.local/lib/python3.12/site-packages/airflow/example_dags/example_external_task_marker_dag.py
[2025-02-14T23:52:31.315+0000] {processor.py:914} INFO - Processing file /home/airflow/.local/lib/python3.12/site-packages/airflow/example_dags/example_external_task_marker_dag.py for tasks to queue
[2025-02-14T23:52:31.317+0000] {logging_mixin.py:190} INFO - [2025-02-14T23:52:31.317+0000] {dagbag.py:588} INFO - Filling up the DagBag from /home/airflow/.local/lib/python3.12/site-packages/airflow/example_dags/example_external_task_marker_dag.py
[2025-02-14T23:52:31.322+0000] {processor.py:925} INFO - DAG(s) 'example_external_task_marker_child', 'example_external_task_marker_parent' retrieved from /home/airflow/.local/lib/python3.12/site-packages/airflow/example_dags/example_external_task_marker_dag.py
[2025-02-14T23:52:31.337+0000] {logging_mixin.py:190} INFO - [2025-02-14T23:52:31.337+0000] {dag.py:3239} INFO - Sync 2 DAGs
[2025-02-14T23:52:31.347+0000] {logging_mixin.py:190} INFO - [2025-02-14T23:52:31.347+0000] {dag.py:4180} INFO - Setting next_dagrun for example_external_task_marker_child to None, run_after=None
[2025-02-14T23:52:31.350+0000] {logging_mixin.py:190} INFO - [2025-02-14T23:52:31.350+0000] {dag.py:4180} INFO - Setting next_dagrun for example_external_task_marker_parent to None, run_after=None
[2025-02-14T23:52:31.360+0000] {processor.py:208} INFO - Processing /home/airflow/.local/lib/python3.12/site-packages/airflow/example_dags/example_external_task_marker_dag.py took 0.051 seconds
[2025-02-14T23:53:01.440+0000] {processor.py:186} INFO - Started process (PID=2082) to work on /home/airflow/.local/lib/python3.12/site-packages/airflow/example_dags/example_external_task_marker_dag.py
[2025-02-14T23:53:01.440+0000] {processor.py:914} INFO - Processing file /home/airflow/.local/lib/python3.12/site-packages/airflow/example_dags/example_external_task_marker_dag.py for tasks to queue
[2025-02-14T23:53:01.442+0000] {logging_mixin.py:190} INFO - [2025-02-14T23:53:01.441+0000] {dagbag.py:588} INFO - Filling up the DagBag from /home/airflow/.local/lib/python3.12/site-packages/airflow/example_dags/example_external_task_marker_dag.py
[2025-02-14T23:53:01.447+0000] {processor.py:925} INFO - DAG(s) 'example_external_task_marker_child', 'example_external_task_marker_parent' retrieved from /home/airflow/.local/lib/python3.12/site-packages/airflow/example_dags/example_external_task_marker_dag.py
[2025-02-14T23:53:01.461+0000] {logging_mixin.py:190} INFO - [2025-02-14T23:53:01.460+0000] {dag.py:3239} INFO - Sync 2 DAGs
[2025-02-14T23:53:01.469+0000] {logging_mixin.py:190} INFO - [2025-02-14T23:53:01.469+0000] {dag.py:4180} INFO - Setting next_dagrun for example_external_task_marker_child to None, run_after=None
[2025-02-14T23:53:01.472+0000] {logging_mixin.py:190} INFO - [2025-02-14T23:53:01.472+0000] {dag.py:4180} INFO - Setting next_dagrun for example_external_task_marker_parent to None, run_after=None
[2025-02-14T23:53:01.479+0000] {processor.py:208} INFO - Processing /home/airflow/.local/lib/python3.12/site-packages/airflow/example_dags/example_external_task_marker_dag.py took 0.043 seconds
[2025-02-14T23:53:31.898+0000] {processor.py:186} INFO - Started process (PID=2145) to work on /home/airflow/.local/lib/python3.12/site-packages/airflow/example_dags/example_external_task_marker_dag.py
[2025-02-14T23:53:31.898+0000] {processor.py:914} INFO - Processing file /home/airflow/.local/lib/python3.12/site-packages/airflow/example_dags/example_external_task_marker_dag.py for tasks to queue
[2025-02-14T23:53:31.900+0000] {logging_mixin.py:190} INFO - [2025-02-14T23:53:31.900+0000] {dagbag.py:588} INFO - Filling up the DagBag from /home/airflow/.local/lib/python3.12/site-packages/airflow/example_dags/example_external_task_marker_dag.py
[2025-02-14T23:53:31.905+0000] {processor.py:925} INFO - DAG(s) 'example_external_task_marker_child', 'example_external_task_marker_parent' retrieved from /home/airflow/.local/lib/python3.12/site-packages/airflow/example_dags/example_external_task_marker_dag.py
[2025-02-14T23:53:31.919+0000] {logging_mixin.py:190} INFO - [2025-02-14T23:53:31.918+0000] {dag.py:3239} INFO - Sync 2 DAGs
[2025-02-14T23:53:31.927+0000] {logging_mixin.py:190} INFO - [2025-02-14T23:53:31.927+0000] {dag.py:4180} INFO - Setting next_dagrun for example_external_task_marker_child to None, run_after=None
[2025-02-14T23:53:31.929+0000] {logging_mixin.py:190} INFO - [2025-02-14T23:53:31.929+0000] {dag.py:4180} INFO - Setting next_dagrun for example_external_task_marker_parent to None, run_after=None
[2025-02-14T23:53:31.937+0000] {processor.py:208} INFO - Processing /home/airflow/.local/lib/python3.12/site-packages/airflow/example_dags/example_external_task_marker_dag.py took 0.042 seconds
[2025-02-14T23:54:02.600+0000] {processor.py:186} INFO - Started process (PID=2208) to work on /home/airflow/.local/lib/python3.12/site-packages/airflow/example_dags/example_external_task_marker_dag.py
[2025-02-14T23:54:02.600+0000] {processor.py:914} INFO - Processing file /home/airflow/.local/lib/python3.12/site-packages/airflow/example_dags/example_external_task_marker_dag.py for tasks to queue
[2025-02-14T23:54:02.602+0000] {logging_mixin.py:190} INFO - [2025-02-14T23:54:02.601+0000] {dagbag.py:588} INFO - Filling up the DagBag from /home/airflow/.local/lib/python3.12/site-packages/airflow/example_dags/example_external_task_marker_dag.py
[2025-02-14T23:54:02.607+0000] {processor.py:925} INFO - DAG(s) 'example_external_task_marker_parent', 'example_external_task_marker_child' retrieved from /home/airflow/.local/lib/python3.12/site-packages/airflow/example_dags/example_external_task_marker_dag.py
[2025-02-14T23:54:02.621+0000] {logging_mixin.py:190} INFO - [2025-02-14T23:54:02.621+0000] {dag.py:3239} INFO - Sync 2 DAGs
[2025-02-14T23:54:02.629+0000] {logging_mixin.py:190} INFO - [2025-02-14T23:54:02.629+0000] {dag.py:4180} INFO - Setting next_dagrun for example_external_task_marker_child to None, run_after=None
[2025-02-14T23:54:02.631+0000] {logging_mixin.py:190} INFO - [2025-02-14T23:54:02.631+0000] {dag.py:4180} INFO - Setting next_dagrun for example_external_task_marker_parent to None, run_after=None
[2025-02-14T23:54:02.639+0000] {processor.py:208} INFO - Processing /home/airflow/.local/lib/python3.12/site-packages/airflow/example_dags/example_external_task_marker_dag.py took 0.043 seconds
[2025-02-14T23:54:32.717+0000] {processor.py:186} INFO - Started process (PID=2271) to work on /home/airflow/.local/lib/python3.12/site-packages/airflow/example_dags/example_external_task_marker_dag.py
[2025-02-14T23:54:32.717+0000] {processor.py:914} INFO - Processing file /home/airflow/.local/lib/python3.12/site-packages/airflow/example_dags/example_external_task_marker_dag.py for tasks to queue
[2025-02-14T23:54:32.719+0000] {logging_mixin.py:190} INFO - [2025-02-14T23:54:32.719+0000] {dagbag.py:588} INFO - Filling up the DagBag from /home/airflow/.local/lib/python3.12/site-packages/airflow/example_dags/example_external_task_marker_dag.py
[2025-02-14T23:54:32.725+0000] {processor.py:925} INFO - DAG(s) 'example_external_task_marker_parent', 'example_external_task_marker_child' retrieved from /home/airflow/.local/lib/python3.12/site-packages/airflow/example_dags/example_external_task_marker_dag.py
[2025-02-14T23:54:32.739+0000] {logging_mixin.py:190} INFO - [2025-02-14T23:54:32.739+0000] {dag.py:3239} INFO - Sync 2 DAGs
[2025-02-14T23:54:32.747+0000] {logging_mixin.py:190} INFO - [2025-02-14T23:54:32.747+0000] {dag.py:4180} INFO - Setting next_dagrun for example_external_task_marker_child to None, run_after=None
[2025-02-14T23:54:32.749+0000] {logging_mixin.py:190} INFO - [2025-02-14T23:54:32.749+0000] {dag.py:4180} INFO - Setting next_dagrun for example_external_task_marker_parent to None, run_after=None
[2025-02-14T23:54:32.757+0000] {processor.py:208} INFO - Processing /home/airflow/.local/lib/python3.12/site-packages/airflow/example_dags/example_external_task_marker_dag.py took 0.043 seconds
[2025-02-14T23:55:03.051+0000] {processor.py:186} INFO - Started process (PID=2334) to work on /home/airflow/.local/lib/python3.12/site-packages/airflow/example_dags/example_external_task_marker_dag.py
[2025-02-14T23:55:03.051+0000] {processor.py:914} INFO - Processing file /home/airflow/.local/lib/python3.12/site-packages/airflow/example_dags/example_external_task_marker_dag.py for tasks to queue
[2025-02-14T23:55:03.053+0000] {logging_mixin.py:190} INFO - [2025-02-14T23:55:03.052+0000] {dagbag.py:588} INFO - Filling up the DagBag from /home/airflow/.local/lib/python3.12/site-packages/airflow/example_dags/example_external_task_marker_dag.py
[2025-02-14T23:55:03.058+0000] {processor.py:925} INFO - DAG(s) 'example_external_task_marker_parent', 'example_external_task_marker_child' retrieved from /home/airflow/.local/lib/python3.12/site-packages/airflow/example_dags/example_external_task_marker_dag.py
[2025-02-14T23:55:03.078+0000] {logging_mixin.py:190} INFO - [2025-02-14T23:55:03.078+0000] {dag.py:3239} INFO - Sync 2 DAGs
[2025-02-14T23:55:03.088+0000] {logging_mixin.py:190} INFO - [2025-02-14T23:55:03.087+0000] {dag.py:4180} INFO - Setting next_dagrun for example_external_task_marker_child to None, run_after=None
[2025-02-14T23:55:03.091+0000] {logging_mixin.py:190} INFO - [2025-02-14T23:55:03.091+0000] {dag.py:4180} INFO - Setting next_dagrun for example_external_task_marker_parent to None, run_after=None
[2025-02-14T23:55:03.105+0000] {processor.py:208} INFO - Processing /home/airflow/.local/lib/python3.12/site-packages/airflow/example_dags/example_external_task_marker_dag.py took 0.058 seconds
