[2025-02-14T23:36:43.283+0000] {processor.py:186} INFO - Started process (PID=58) to work on /home/airflow/.local/lib/python3.12/site-packages/airflow/example_dags/example_sla_dag.py
[2025-02-14T23:36:43.287+0000] {processor.py:914} INFO - Processing file /home/airflow/.local/lib/python3.12/site-packages/airflow/example_dags/example_sla_dag.py for tasks to queue
[2025-02-14T23:36:43.304+0000] {logging_mixin.py:190} INFO - [2025-02-14T23:36:43.302+0000] {dagbag.py:588} INFO - Filling up the DagBag from /home/airflow/.local/lib/python3.12/site-packages/airflow/example_dags/example_sla_dag.py
[2025-02-14T23:36:43.375+0000] {processor.py:925} INFO - DAG(s) 'example_sla_dag' retrieved from /home/airflow/.local/lib/python3.12/site-packages/airflow/example_dags/example_sla_dag.py
[2025-02-14T23:36:43.443+0000] {logging_mixin.py:190} INFO - [2025-02-14T23:36:43.443+0000] {dag.py:3239} INFO - Sync 1 DAGs
[2025-02-14T23:36:43.474+0000] {logging_mixin.py:190} INFO - [2025-02-14T23:36:43.473+0000] {dag.py:4180} INFO - Setting next_dagrun for example_sla_dag to 2025-02-14 23:34:00+00:00, run_after=2025-02-14 23:36:00+00:00
[2025-02-14T23:36:43.494+0000] {processor.py:208} INFO - Processing /home/airflow/.local/lib/python3.12/site-packages/airflow/example_dags/example_sla_dag.py took 0.225 seconds
[2025-02-14T23:37:14.496+0000] {processor.py:186} INFO - Started process (PID=121) to work on /home/airflow/.local/lib/python3.12/site-packages/airflow/example_dags/example_sla_dag.py
[2025-02-14T23:37:14.497+0000] {processor.py:914} INFO - Processing file /home/airflow/.local/lib/python3.12/site-packages/airflow/example_dags/example_sla_dag.py for tasks to queue
[2025-02-14T23:37:14.499+0000] {logging_mixin.py:190} INFO - [2025-02-14T23:37:14.499+0000] {dagbag.py:588} INFO - Filling up the DagBag from /home/airflow/.local/lib/python3.12/site-packages/airflow/example_dags/example_sla_dag.py
[2025-02-14T23:37:14.508+0000] {processor.py:925} INFO - DAG(s) 'example_sla_dag' retrieved from /home/airflow/.local/lib/python3.12/site-packages/airflow/example_dags/example_sla_dag.py
[2025-02-14T23:37:14.524+0000] {logging_mixin.py:190} INFO - [2025-02-14T23:37:14.524+0000] {dag.py:3239} INFO - Sync 1 DAGs
[2025-02-14T23:37:14.541+0000] {logging_mixin.py:190} INFO - [2025-02-14T23:37:14.541+0000] {dag.py:4180} INFO - Setting next_dagrun for example_sla_dag to 2025-02-14 23:34:00+00:00, run_after=2025-02-14 23:36:00+00:00
[2025-02-14T23:37:14.555+0000] {processor.py:208} INFO - Processing /home/airflow/.local/lib/python3.12/site-packages/airflow/example_dags/example_sla_dag.py took 0.066 seconds
[2025-02-14T23:37:45.216+0000] {processor.py:186} INFO - Started process (PID=184) to work on /home/airflow/.local/lib/python3.12/site-packages/airflow/example_dags/example_sla_dag.py
[2025-02-14T23:37:45.217+0000] {processor.py:914} INFO - Processing file /home/airflow/.local/lib/python3.12/site-packages/airflow/example_dags/example_sla_dag.py for tasks to queue
[2025-02-14T23:37:45.221+0000] {logging_mixin.py:190} INFO - [2025-02-14T23:37:45.221+0000] {dagbag.py:588} INFO - Filling up the DagBag from /home/airflow/.local/lib/python3.12/site-packages/airflow/example_dags/example_sla_dag.py
[2025-02-14T23:37:45.235+0000] {processor.py:925} INFO - DAG(s) 'example_sla_dag' retrieved from /home/airflow/.local/lib/python3.12/site-packages/airflow/example_dags/example_sla_dag.py
[2025-02-14T23:37:45.254+0000] {logging_mixin.py:190} INFO - [2025-02-14T23:37:45.254+0000] {dag.py:3239} INFO - Sync 1 DAGs
[2025-02-14T23:37:45.276+0000] {logging_mixin.py:190} INFO - [2025-02-14T23:37:45.276+0000] {dag.py:4180} INFO - Setting next_dagrun for example_sla_dag to 2025-02-14 23:34:00+00:00, run_after=2025-02-14 23:36:00+00:00
[2025-02-14T23:37:45.289+0000] {processor.py:208} INFO - Processing /home/airflow/.local/lib/python3.12/site-packages/airflow/example_dags/example_sla_dag.py took 0.082 seconds
[2025-02-14T23:38:15.832+0000] {processor.py:186} INFO - Started process (PID=247) to work on /home/airflow/.local/lib/python3.12/site-packages/airflow/example_dags/example_sla_dag.py
[2025-02-14T23:38:15.834+0000] {processor.py:914} INFO - Processing file /home/airflow/.local/lib/python3.12/site-packages/airflow/example_dags/example_sla_dag.py for tasks to queue
[2025-02-14T23:38:15.837+0000] {logging_mixin.py:190} INFO - [2025-02-14T23:38:15.836+0000] {dagbag.py:588} INFO - Filling up the DagBag from /home/airflow/.local/lib/python3.12/site-packages/airflow/example_dags/example_sla_dag.py
[2025-02-14T23:38:15.851+0000] {processor.py:925} INFO - DAG(s) 'example_sla_dag' retrieved from /home/airflow/.local/lib/python3.12/site-packages/airflow/example_dags/example_sla_dag.py
[2025-02-14T23:38:15.869+0000] {logging_mixin.py:190} INFO - [2025-02-14T23:38:15.869+0000] {dag.py:3239} INFO - Sync 1 DAGs
[2025-02-14T23:38:15.889+0000] {logging_mixin.py:190} INFO - [2025-02-14T23:38:15.889+0000] {dag.py:4180} INFO - Setting next_dagrun for example_sla_dag to 2025-02-14 23:36:00+00:00, run_after=2025-02-14 23:38:00+00:00
[2025-02-14T23:38:15.903+0000] {processor.py:208} INFO - Processing /home/airflow/.local/lib/python3.12/site-packages/airflow/example_dags/example_sla_dag.py took 0.080 seconds
[2025-02-14T23:38:46.694+0000] {processor.py:186} INFO - Started process (PID=310) to work on /home/airflow/.local/lib/python3.12/site-packages/airflow/example_dags/example_sla_dag.py
[2025-02-14T23:38:46.694+0000] {processor.py:914} INFO - Processing file /home/airflow/.local/lib/python3.12/site-packages/airflow/example_dags/example_sla_dag.py for tasks to queue
[2025-02-14T23:38:46.696+0000] {logging_mixin.py:190} INFO - [2025-02-14T23:38:46.695+0000] {dagbag.py:588} INFO - Filling up the DagBag from /home/airflow/.local/lib/python3.12/site-packages/airflow/example_dags/example_sla_dag.py
[2025-02-14T23:38:46.707+0000] {processor.py:925} INFO - DAG(s) 'example_sla_dag' retrieved from /home/airflow/.local/lib/python3.12/site-packages/airflow/example_dags/example_sla_dag.py
[2025-02-14T23:38:46.722+0000] {logging_mixin.py:190} INFO - [2025-02-14T23:38:46.721+0000] {dag.py:3239} INFO - Sync 1 DAGs
[2025-02-14T23:38:46.740+0000] {logging_mixin.py:190} INFO - [2025-02-14T23:38:46.740+0000] {dag.py:4180} INFO - Setting next_dagrun for example_sla_dag to 2025-02-14 23:36:00+00:00, run_after=2025-02-14 23:38:00+00:00
[2025-02-14T23:38:46.753+0000] {processor.py:208} INFO - Processing /home/airflow/.local/lib/python3.12/site-packages/airflow/example_dags/example_sla_dag.py took 0.064 seconds
[2025-02-14T23:39:16.993+0000] {processor.py:186} INFO - Started process (PID=373) to work on /home/airflow/.local/lib/python3.12/site-packages/airflow/example_dags/example_sla_dag.py
[2025-02-14T23:39:16.994+0000] {processor.py:914} INFO - Processing file /home/airflow/.local/lib/python3.12/site-packages/airflow/example_dags/example_sla_dag.py for tasks to queue
[2025-02-14T23:39:16.996+0000] {logging_mixin.py:190} INFO - [2025-02-14T23:39:16.996+0000] {dagbag.py:588} INFO - Filling up the DagBag from /home/airflow/.local/lib/python3.12/site-packages/airflow/example_dags/example_sla_dag.py
[2025-02-14T23:39:17.008+0000] {processor.py:925} INFO - DAG(s) 'example_sla_dag' retrieved from /home/airflow/.local/lib/python3.12/site-packages/airflow/example_dags/example_sla_dag.py
[2025-02-14T23:39:17.025+0000] {logging_mixin.py:190} INFO - [2025-02-14T23:39:17.024+0000] {dag.py:3239} INFO - Sync 1 DAGs
[2025-02-14T23:39:17.046+0000] {logging_mixin.py:190} INFO - [2025-02-14T23:39:17.046+0000] {dag.py:4180} INFO - Setting next_dagrun for example_sla_dag to 2025-02-14 23:36:00+00:00, run_after=2025-02-14 23:38:00+00:00
[2025-02-14T23:39:17.060+0000] {processor.py:208} INFO - Processing /home/airflow/.local/lib/python3.12/site-packages/airflow/example_dags/example_sla_dag.py took 0.074 seconds
[2025-02-14T23:39:47.245+0000] {processor.py:186} INFO - Started process (PID=436) to work on /home/airflow/.local/lib/python3.12/site-packages/airflow/example_dags/example_sla_dag.py
[2025-02-14T23:39:47.246+0000] {processor.py:914} INFO - Processing file /home/airflow/.local/lib/python3.12/site-packages/airflow/example_dags/example_sla_dag.py for tasks to queue
[2025-02-14T23:39:47.250+0000] {logging_mixin.py:190} INFO - [2025-02-14T23:39:47.250+0000] {dagbag.py:588} INFO - Filling up the DagBag from /home/airflow/.local/lib/python3.12/site-packages/airflow/example_dags/example_sla_dag.py
[2025-02-14T23:39:47.258+0000] {processor.py:925} INFO - DAG(s) 'example_sla_dag' retrieved from /home/airflow/.local/lib/python3.12/site-packages/airflow/example_dags/example_sla_dag.py
[2025-02-14T23:39:47.273+0000] {logging_mixin.py:190} INFO - [2025-02-14T23:39:47.273+0000] {dag.py:3239} INFO - Sync 1 DAGs
[2025-02-14T23:39:47.292+0000] {logging_mixin.py:190} INFO - [2025-02-14T23:39:47.292+0000] {dag.py:4180} INFO - Setting next_dagrun for example_sla_dag to 2025-02-14 23:36:00+00:00, run_after=2025-02-14 23:38:00+00:00
[2025-02-14T23:39:47.305+0000] {processor.py:208} INFO - Processing /home/airflow/.local/lib/python3.12/site-packages/airflow/example_dags/example_sla_dag.py took 0.068 seconds
[2025-02-14T23:40:17.749+0000] {processor.py:186} INFO - Started process (PID=499) to work on /home/airflow/.local/lib/python3.12/site-packages/airflow/example_dags/example_sla_dag.py
[2025-02-14T23:40:17.750+0000] {processor.py:914} INFO - Processing file /home/airflow/.local/lib/python3.12/site-packages/airflow/example_dags/example_sla_dag.py for tasks to queue
[2025-02-14T23:40:17.753+0000] {logging_mixin.py:190} INFO - [2025-02-14T23:40:17.753+0000] {dagbag.py:588} INFO - Filling up the DagBag from /home/airflow/.local/lib/python3.12/site-packages/airflow/example_dags/example_sla_dag.py
[2025-02-14T23:40:17.766+0000] {processor.py:925} INFO - DAG(s) 'example_sla_dag' retrieved from /home/airflow/.local/lib/python3.12/site-packages/airflow/example_dags/example_sla_dag.py
[2025-02-14T23:40:17.789+0000] {logging_mixin.py:190} INFO - [2025-02-14T23:40:17.789+0000] {dag.py:3239} INFO - Sync 1 DAGs
[2025-02-14T23:40:17.810+0000] {logging_mixin.py:190} INFO - [2025-02-14T23:40:17.809+0000] {dag.py:4180} INFO - Setting next_dagrun for example_sla_dag to 2025-02-14 23:38:00+00:00, run_after=2025-02-14 23:40:00+00:00
[2025-02-14T23:40:17.825+0000] {processor.py:208} INFO - Processing /home/airflow/.local/lib/python3.12/site-packages/airflow/example_dags/example_sla_dag.py took 0.083 seconds
[2025-02-14T23:40:48.670+0000] {processor.py:186} INFO - Started process (PID=568) to work on /home/airflow/.local/lib/python3.12/site-packages/airflow/example_dags/example_sla_dag.py
[2025-02-14T23:40:48.671+0000] {processor.py:914} INFO - Processing file /home/airflow/.local/lib/python3.12/site-packages/airflow/example_dags/example_sla_dag.py for tasks to queue
[2025-02-14T23:40:48.674+0000] {logging_mixin.py:190} INFO - [2025-02-14T23:40:48.673+0000] {dagbag.py:588} INFO - Filling up the DagBag from /home/airflow/.local/lib/python3.12/site-packages/airflow/example_dags/example_sla_dag.py
[2025-02-14T23:40:48.688+0000] {processor.py:925} INFO - DAG(s) 'example_sla_dag' retrieved from /home/airflow/.local/lib/python3.12/site-packages/airflow/example_dags/example_sla_dag.py
[2025-02-14T23:40:48.706+0000] {logging_mixin.py:190} INFO - [2025-02-14T23:40:48.706+0000] {dag.py:3239} INFO - Sync 1 DAGs
[2025-02-14T23:40:48.727+0000] {logging_mixin.py:190} INFO - [2025-02-14T23:40:48.727+0000] {dag.py:4180} INFO - Setting next_dagrun for example_sla_dag to 2025-02-14 23:38:00+00:00, run_after=2025-02-14 23:40:00+00:00
[2025-02-14T23:40:48.740+0000] {processor.py:208} INFO - Processing /home/airflow/.local/lib/python3.12/site-packages/airflow/example_dags/example_sla_dag.py took 0.079 seconds
[2025-02-14T23:41:19.644+0000] {processor.py:186} INFO - Started process (PID=631) to work on /home/airflow/.local/lib/python3.12/site-packages/airflow/example_dags/example_sla_dag.py
[2025-02-14T23:41:19.645+0000] {processor.py:914} INFO - Processing file /home/airflow/.local/lib/python3.12/site-packages/airflow/example_dags/example_sla_dag.py for tasks to queue
[2025-02-14T23:41:19.646+0000] {logging_mixin.py:190} INFO - [2025-02-14T23:41:19.646+0000] {dagbag.py:588} INFO - Filling up the DagBag from /home/airflow/.local/lib/python3.12/site-packages/airflow/example_dags/example_sla_dag.py
[2025-02-14T23:41:19.656+0000] {processor.py:925} INFO - DAG(s) 'example_sla_dag' retrieved from /home/airflow/.local/lib/python3.12/site-packages/airflow/example_dags/example_sla_dag.py
[2025-02-14T23:41:19.668+0000] {logging_mixin.py:190} INFO - [2025-02-14T23:41:19.667+0000] {dag.py:3239} INFO - Sync 1 DAGs
[2025-02-14T23:41:19.687+0000] {logging_mixin.py:190} INFO - [2025-02-14T23:41:19.686+0000] {dag.py:4180} INFO - Setting next_dagrun for example_sla_dag to 2025-02-14 23:38:00+00:00, run_after=2025-02-14 23:40:00+00:00
[2025-02-14T23:41:19.699+0000] {processor.py:208} INFO - Processing /home/airflow/.local/lib/python3.12/site-packages/airflow/example_dags/example_sla_dag.py took 0.062 seconds
[2025-02-14T23:41:50.514+0000] {processor.py:186} INFO - Started process (PID=694) to work on /home/airflow/.local/lib/python3.12/site-packages/airflow/example_dags/example_sla_dag.py
[2025-02-14T23:41:50.515+0000] {processor.py:914} INFO - Processing file /home/airflow/.local/lib/python3.12/site-packages/airflow/example_dags/example_sla_dag.py for tasks to queue
[2025-02-14T23:41:50.518+0000] {logging_mixin.py:190} INFO - [2025-02-14T23:41:50.517+0000] {dagbag.py:588} INFO - Filling up the DagBag from /home/airflow/.local/lib/python3.12/site-packages/airflow/example_dags/example_sla_dag.py
[2025-02-14T23:41:50.525+0000] {processor.py:925} INFO - DAG(s) 'example_sla_dag' retrieved from /home/airflow/.local/lib/python3.12/site-packages/airflow/example_dags/example_sla_dag.py
[2025-02-14T23:41:50.537+0000] {logging_mixin.py:190} INFO - [2025-02-14T23:41:50.537+0000] {dag.py:3239} INFO - Sync 1 DAGs
[2025-02-14T23:41:50.552+0000] {logging_mixin.py:190} INFO - [2025-02-14T23:41:50.551+0000] {dag.py:4180} INFO - Setting next_dagrun for example_sla_dag to 2025-02-14 23:38:00+00:00, run_after=2025-02-14 23:40:00+00:00
[2025-02-14T23:41:50.560+0000] {processor.py:208} INFO - Processing /home/airflow/.local/lib/python3.12/site-packages/airflow/example_dags/example_sla_dag.py took 0.052 seconds
[2025-02-14T23:42:20.584+0000] {processor.py:186} INFO - Started process (PID=757) to work on /home/airflow/.local/lib/python3.12/site-packages/airflow/example_dags/example_sla_dag.py
[2025-02-14T23:42:20.585+0000] {processor.py:914} INFO - Processing file /home/airflow/.local/lib/python3.12/site-packages/airflow/example_dags/example_sla_dag.py for tasks to queue
[2025-02-14T23:42:20.587+0000] {logging_mixin.py:190} INFO - [2025-02-14T23:42:20.587+0000] {dagbag.py:588} INFO - Filling up the DagBag from /home/airflow/.local/lib/python3.12/site-packages/airflow/example_dags/example_sla_dag.py
[2025-02-14T23:42:20.596+0000] {processor.py:925} INFO - DAG(s) 'example_sla_dag' retrieved from /home/airflow/.local/lib/python3.12/site-packages/airflow/example_dags/example_sla_dag.py
[2025-02-14T23:42:20.611+0000] {logging_mixin.py:190} INFO - [2025-02-14T23:42:20.611+0000] {dag.py:3239} INFO - Sync 1 DAGs
[2025-02-14T23:42:20.631+0000] {logging_mixin.py:190} INFO - [2025-02-14T23:42:20.631+0000] {dag.py:4180} INFO - Setting next_dagrun for example_sla_dag to 2025-02-14 23:40:00+00:00, run_after=2025-02-14 23:42:00+00:00
[2025-02-14T23:42:20.645+0000] {processor.py:208} INFO - Processing /home/airflow/.local/lib/python3.12/site-packages/airflow/example_dags/example_sla_dag.py took 0.066 seconds
[2025-02-14T23:42:51.609+0000] {processor.py:186} INFO - Started process (PID=820) to work on /home/airflow/.local/lib/python3.12/site-packages/airflow/example_dags/example_sla_dag.py
[2025-02-14T23:42:51.611+0000] {processor.py:914} INFO - Processing file /home/airflow/.local/lib/python3.12/site-packages/airflow/example_dags/example_sla_dag.py for tasks to queue
[2025-02-14T23:42:51.615+0000] {logging_mixin.py:190} INFO - [2025-02-14T23:42:51.614+0000] {dagbag.py:588} INFO - Filling up the DagBag from /home/airflow/.local/lib/python3.12/site-packages/airflow/example_dags/example_sla_dag.py
[2025-02-14T23:42:51.630+0000] {processor.py:925} INFO - DAG(s) 'example_sla_dag' retrieved from /home/airflow/.local/lib/python3.12/site-packages/airflow/example_dags/example_sla_dag.py
[2025-02-14T23:42:51.649+0000] {logging_mixin.py:190} INFO - [2025-02-14T23:42:51.649+0000] {dag.py:3239} INFO - Sync 1 DAGs
[2025-02-14T23:42:51.669+0000] {logging_mixin.py:190} INFO - [2025-02-14T23:42:51.669+0000] {dag.py:4180} INFO - Setting next_dagrun for example_sla_dag to 2025-02-14 23:40:00+00:00, run_after=2025-02-14 23:42:00+00:00
[2025-02-14T23:42:51.678+0000] {processor.py:208} INFO - Processing /home/airflow/.local/lib/python3.12/site-packages/airflow/example_dags/example_sla_dag.py took 0.080 seconds
[2025-02-14T23:43:21.902+0000] {processor.py:186} INFO - Started process (PID=883) to work on /home/airflow/.local/lib/python3.12/site-packages/airflow/example_dags/example_sla_dag.py
[2025-02-14T23:43:21.908+0000] {processor.py:914} INFO - Processing file /home/airflow/.local/lib/python3.12/site-packages/airflow/example_dags/example_sla_dag.py for tasks to queue
[2025-02-14T23:43:21.911+0000] {logging_mixin.py:190} INFO - [2025-02-14T23:43:21.911+0000] {dagbag.py:588} INFO - Filling up the DagBag from /home/airflow/.local/lib/python3.12/site-packages/airflow/example_dags/example_sla_dag.py
[2025-02-14T23:43:21.939+0000] {processor.py:925} INFO - DAG(s) 'example_sla_dag' retrieved from /home/airflow/.local/lib/python3.12/site-packages/airflow/example_dags/example_sla_dag.py
[2025-02-14T23:43:21.969+0000] {logging_mixin.py:190} INFO - [2025-02-14T23:43:21.967+0000] {dag.py:3239} INFO - Sync 1 DAGs
[2025-02-14T23:43:22.007+0000] {logging_mixin.py:190} INFO - [2025-02-14T23:43:22.006+0000] {dag.py:4180} INFO - Setting next_dagrun for example_sla_dag to 2025-02-14 23:40:00+00:00, run_after=2025-02-14 23:42:00+00:00
[2025-02-14T23:43:22.032+0000] {processor.py:208} INFO - Processing /home/airflow/.local/lib/python3.12/site-packages/airflow/example_dags/example_sla_dag.py took 0.144 seconds
[2025-02-14T23:43:52.073+0000] {processor.py:186} INFO - Started process (PID=947) to work on /home/airflow/.local/lib/python3.12/site-packages/airflow/example_dags/example_sla_dag.py
[2025-02-14T23:43:52.074+0000] {processor.py:914} INFO - Processing file /home/airflow/.local/lib/python3.12/site-packages/airflow/example_dags/example_sla_dag.py for tasks to queue
[2025-02-14T23:43:52.076+0000] {logging_mixin.py:190} INFO - [2025-02-14T23:43:52.076+0000] {dagbag.py:588} INFO - Filling up the DagBag from /home/airflow/.local/lib/python3.12/site-packages/airflow/example_dags/example_sla_dag.py
[2025-02-14T23:43:52.086+0000] {processor.py:925} INFO - DAG(s) 'example_sla_dag' retrieved from /home/airflow/.local/lib/python3.12/site-packages/airflow/example_dags/example_sla_dag.py
[2025-02-14T23:43:52.107+0000] {logging_mixin.py:190} INFO - [2025-02-14T23:43:52.106+0000] {dag.py:3239} INFO - Sync 1 DAGs
[2025-02-14T23:43:52.130+0000] {logging_mixin.py:190} INFO - [2025-02-14T23:43:52.129+0000] {dag.py:4180} INFO - Setting next_dagrun for example_sla_dag to 2025-02-14 23:40:00+00:00, run_after=2025-02-14 23:42:00+00:00
[2025-02-14T23:43:52.143+0000] {processor.py:208} INFO - Processing /home/airflow/.local/lib/python3.12/site-packages/airflow/example_dags/example_sla_dag.py took 0.075 seconds
[2025-02-14T23:44:22.824+0000] {processor.py:186} INFO - Started process (PID=1008) to work on /home/airflow/.local/lib/python3.12/site-packages/airflow/example_dags/example_sla_dag.py
[2025-02-14T23:44:22.826+0000] {processor.py:914} INFO - Processing file /home/airflow/.local/lib/python3.12/site-packages/airflow/example_dags/example_sla_dag.py for tasks to queue
[2025-02-14T23:44:22.828+0000] {logging_mixin.py:190} INFO - [2025-02-14T23:44:22.827+0000] {dagbag.py:588} INFO - Filling up the DagBag from /home/airflow/.local/lib/python3.12/site-packages/airflow/example_dags/example_sla_dag.py
[2025-02-14T23:44:22.834+0000] {processor.py:925} INFO - DAG(s) 'example_sla_dag' retrieved from /home/airflow/.local/lib/python3.12/site-packages/airflow/example_dags/example_sla_dag.py
[2025-02-14T23:44:22.847+0000] {logging_mixin.py:190} INFO - [2025-02-14T23:44:22.847+0000] {dag.py:3239} INFO - Sync 1 DAGs
[2025-02-14T23:44:22.862+0000] {logging_mixin.py:190} INFO - [2025-02-14T23:44:22.861+0000] {dag.py:4180} INFO - Setting next_dagrun for example_sla_dag to 2025-02-14 23:42:00+00:00, run_after=2025-02-14 23:44:00+00:00
[2025-02-14T23:44:22.872+0000] {processor.py:208} INFO - Processing /home/airflow/.local/lib/python3.12/site-packages/airflow/example_dags/example_sla_dag.py took 0.053 seconds
[2025-02-14T23:44:53.766+0000] {processor.py:186} INFO - Started process (PID=1071) to work on /home/airflow/.local/lib/python3.12/site-packages/airflow/example_dags/example_sla_dag.py
[2025-02-14T23:44:53.767+0000] {processor.py:914} INFO - Processing file /home/airflow/.local/lib/python3.12/site-packages/airflow/example_dags/example_sla_dag.py for tasks to queue
[2025-02-14T23:44:53.769+0000] {logging_mixin.py:190} INFO - [2025-02-14T23:44:53.769+0000] {dagbag.py:588} INFO - Filling up the DagBag from /home/airflow/.local/lib/python3.12/site-packages/airflow/example_dags/example_sla_dag.py
[2025-02-14T23:44:53.775+0000] {processor.py:925} INFO - DAG(s) 'example_sla_dag' retrieved from /home/airflow/.local/lib/python3.12/site-packages/airflow/example_dags/example_sla_dag.py
[2025-02-14T23:44:53.787+0000] {logging_mixin.py:190} INFO - [2025-02-14T23:44:53.787+0000] {dag.py:3239} INFO - Sync 1 DAGs
[2025-02-14T23:44:53.802+0000] {logging_mixin.py:190} INFO - [2025-02-14T23:44:53.802+0000] {dag.py:4180} INFO - Setting next_dagrun for example_sla_dag to 2025-02-14 23:42:00+00:00, run_after=2025-02-14 23:44:00+00:00
[2025-02-14T23:44:53.811+0000] {processor.py:208} INFO - Processing /home/airflow/.local/lib/python3.12/site-packages/airflow/example_dags/example_sla_dag.py took 0.050 seconds
[2025-02-14T23:45:23.909+0000] {processor.py:186} INFO - Started process (PID=1134) to work on /home/airflow/.local/lib/python3.12/site-packages/airflow/example_dags/example_sla_dag.py
[2025-02-14T23:45:23.910+0000] {processor.py:914} INFO - Processing file /home/airflow/.local/lib/python3.12/site-packages/airflow/example_dags/example_sla_dag.py for tasks to queue
[2025-02-14T23:45:23.913+0000] {logging_mixin.py:190} INFO - [2025-02-14T23:45:23.912+0000] {dagbag.py:588} INFO - Filling up the DagBag from /home/airflow/.local/lib/python3.12/site-packages/airflow/example_dags/example_sla_dag.py
[2025-02-14T23:45:23.921+0000] {processor.py:925} INFO - DAG(s) 'example_sla_dag' retrieved from /home/airflow/.local/lib/python3.12/site-packages/airflow/example_dags/example_sla_dag.py
[2025-02-14T23:45:23.934+0000] {logging_mixin.py:190} INFO - [2025-02-14T23:45:23.934+0000] {dag.py:3239} INFO - Sync 1 DAGs
[2025-02-14T23:45:23.950+0000] {logging_mixin.py:190} INFO - [2025-02-14T23:45:23.950+0000] {dag.py:4180} INFO - Setting next_dagrun for example_sla_dag to 2025-02-14 23:42:00+00:00, run_after=2025-02-14 23:44:00+00:00
[2025-02-14T23:45:23.959+0000] {processor.py:208} INFO - Processing /home/airflow/.local/lib/python3.12/site-packages/airflow/example_dags/example_sla_dag.py took 0.054 seconds
[2025-02-14T23:45:54.209+0000] {processor.py:186} INFO - Started process (PID=1197) to work on /home/airflow/.local/lib/python3.12/site-packages/airflow/example_dags/example_sla_dag.py
[2025-02-14T23:45:54.210+0000] {processor.py:914} INFO - Processing file /home/airflow/.local/lib/python3.12/site-packages/airflow/example_dags/example_sla_dag.py for tasks to queue
[2025-02-14T23:45:54.212+0000] {logging_mixin.py:190} INFO - [2025-02-14T23:45:54.212+0000] {dagbag.py:588} INFO - Filling up the DagBag from /home/airflow/.local/lib/python3.12/site-packages/airflow/example_dags/example_sla_dag.py
[2025-02-14T23:45:54.218+0000] {processor.py:925} INFO - DAG(s) 'example_sla_dag' retrieved from /home/airflow/.local/lib/python3.12/site-packages/airflow/example_dags/example_sla_dag.py
[2025-02-14T23:45:54.229+0000] {logging_mixin.py:190} INFO - [2025-02-14T23:45:54.229+0000] {dag.py:3239} INFO - Sync 1 DAGs
[2025-02-14T23:45:54.247+0000] {logging_mixin.py:190} INFO - [2025-02-14T23:45:54.247+0000] {dag.py:4180} INFO - Setting next_dagrun for example_sla_dag to 2025-02-14 23:42:00+00:00, run_after=2025-02-14 23:44:00+00:00
[2025-02-14T23:45:54.257+0000] {processor.py:208} INFO - Processing /home/airflow/.local/lib/python3.12/site-packages/airflow/example_dags/example_sla_dag.py took 0.053 seconds
[2025-02-14T23:46:24.425+0000] {processor.py:186} INFO - Started process (PID=1260) to work on /home/airflow/.local/lib/python3.12/site-packages/airflow/example_dags/example_sla_dag.py
[2025-02-14T23:46:24.427+0000] {processor.py:914} INFO - Processing file /home/airflow/.local/lib/python3.12/site-packages/airflow/example_dags/example_sla_dag.py for tasks to queue
[2025-02-14T23:46:24.429+0000] {logging_mixin.py:190} INFO - [2025-02-14T23:46:24.429+0000] {dagbag.py:588} INFO - Filling up the DagBag from /home/airflow/.local/lib/python3.12/site-packages/airflow/example_dags/example_sla_dag.py
[2025-02-14T23:46:24.436+0000] {processor.py:925} INFO - DAG(s) 'example_sla_dag' retrieved from /home/airflow/.local/lib/python3.12/site-packages/airflow/example_dags/example_sla_dag.py
[2025-02-14T23:46:24.450+0000] {logging_mixin.py:190} INFO - [2025-02-14T23:46:24.450+0000] {dag.py:3239} INFO - Sync 1 DAGs
[2025-02-14T23:46:24.465+0000] {logging_mixin.py:190} INFO - [2025-02-14T23:46:24.465+0000] {dag.py:4180} INFO - Setting next_dagrun for example_sla_dag to 2025-02-14 23:44:00+00:00, run_after=2025-02-14 23:46:00+00:00
[2025-02-14T23:46:24.476+0000] {processor.py:208} INFO - Processing /home/airflow/.local/lib/python3.12/site-packages/airflow/example_dags/example_sla_dag.py took 0.056 seconds
[2025-02-14T23:46:54.996+0000] {processor.py:186} INFO - Started process (PID=1323) to work on /home/airflow/.local/lib/python3.12/site-packages/airflow/example_dags/example_sla_dag.py
[2025-02-14T23:46:54.997+0000] {processor.py:914} INFO - Processing file /home/airflow/.local/lib/python3.12/site-packages/airflow/example_dags/example_sla_dag.py for tasks to queue
[2025-02-14T23:46:54.998+0000] {logging_mixin.py:190} INFO - [2025-02-14T23:46:54.998+0000] {dagbag.py:588} INFO - Filling up the DagBag from /home/airflow/.local/lib/python3.12/site-packages/airflow/example_dags/example_sla_dag.py
[2025-02-14T23:46:55.006+0000] {processor.py:925} INFO - DAG(s) 'example_sla_dag' retrieved from /home/airflow/.local/lib/python3.12/site-packages/airflow/example_dags/example_sla_dag.py
[2025-02-14T23:46:55.019+0000] {logging_mixin.py:190} INFO - [2025-02-14T23:46:55.019+0000] {dag.py:3239} INFO - Sync 1 DAGs
[2025-02-14T23:46:55.039+0000] {logging_mixin.py:190} INFO - [2025-02-14T23:46:55.039+0000] {dag.py:4180} INFO - Setting next_dagrun for example_sla_dag to 2025-02-14 23:44:00+00:00, run_after=2025-02-14 23:46:00+00:00
[2025-02-14T23:46:55.051+0000] {processor.py:208} INFO - Processing /home/airflow/.local/lib/python3.12/site-packages/airflow/example_dags/example_sla_dag.py took 0.059 seconds
[2025-02-14T23:47:25.448+0000] {processor.py:186} INFO - Started process (PID=1385) to work on /home/airflow/.local/lib/python3.12/site-packages/airflow/example_dags/example_sla_dag.py
[2025-02-14T23:47:25.448+0000] {processor.py:914} INFO - Processing file /home/airflow/.local/lib/python3.12/site-packages/airflow/example_dags/example_sla_dag.py for tasks to queue
[2025-02-14T23:47:25.450+0000] {logging_mixin.py:190} INFO - [2025-02-14T23:47:25.449+0000] {dagbag.py:588} INFO - Filling up the DagBag from /home/airflow/.local/lib/python3.12/site-packages/airflow/example_dags/example_sla_dag.py
[2025-02-14T23:47:25.460+0000] {processor.py:925} INFO - DAG(s) 'example_sla_dag' retrieved from /home/airflow/.local/lib/python3.12/site-packages/airflow/example_dags/example_sla_dag.py
[2025-02-14T23:47:25.473+0000] {logging_mixin.py:190} INFO - [2025-02-14T23:47:25.473+0000] {dag.py:3239} INFO - Sync 1 DAGs
[2025-02-14T23:47:25.488+0000] {logging_mixin.py:190} INFO - [2025-02-14T23:47:25.488+0000] {dag.py:4180} INFO - Setting next_dagrun for example_sla_dag to 2025-02-14 23:44:00+00:00, run_after=2025-02-14 23:46:00+00:00
[2025-02-14T23:47:25.499+0000] {processor.py:208} INFO - Processing /home/airflow/.local/lib/python3.12/site-packages/airflow/example_dags/example_sla_dag.py took 0.056 seconds
[2025-02-14T23:47:56.066+0000] {processor.py:186} INFO - Started process (PID=1448) to work on /home/airflow/.local/lib/python3.12/site-packages/airflow/example_dags/example_sla_dag.py
[2025-02-14T23:47:56.067+0000] {processor.py:914} INFO - Processing file /home/airflow/.local/lib/python3.12/site-packages/airflow/example_dags/example_sla_dag.py for tasks to queue
[2025-02-14T23:47:56.069+0000] {logging_mixin.py:190} INFO - [2025-02-14T23:47:56.069+0000] {dagbag.py:588} INFO - Filling up the DagBag from /home/airflow/.local/lib/python3.12/site-packages/airflow/example_dags/example_sla_dag.py
[2025-02-14T23:47:56.078+0000] {processor.py:925} INFO - DAG(s) 'example_sla_dag' retrieved from /home/airflow/.local/lib/python3.12/site-packages/airflow/example_dags/example_sla_dag.py
[2025-02-14T23:47:56.090+0000] {logging_mixin.py:190} INFO - [2025-02-14T23:47:56.090+0000] {dag.py:3239} INFO - Sync 1 DAGs
[2025-02-14T23:47:56.104+0000] {logging_mixin.py:190} INFO - [2025-02-14T23:47:56.104+0000] {dag.py:4180} INFO - Setting next_dagrun for example_sla_dag to 2025-02-14 23:44:00+00:00, run_after=2025-02-14 23:46:00+00:00
[2025-02-14T23:47:56.116+0000] {processor.py:208} INFO - Processing /home/airflow/.local/lib/python3.12/site-packages/airflow/example_dags/example_sla_dag.py took 0.056 seconds
[2025-02-14T23:48:26.309+0000] {processor.py:186} INFO - Started process (PID=1511) to work on /home/airflow/.local/lib/python3.12/site-packages/airflow/example_dags/example_sla_dag.py
[2025-02-14T23:48:26.309+0000] {processor.py:914} INFO - Processing file /home/airflow/.local/lib/python3.12/site-packages/airflow/example_dags/example_sla_dag.py for tasks to queue
[2025-02-14T23:48:26.312+0000] {logging_mixin.py:190} INFO - [2025-02-14T23:48:26.311+0000] {dagbag.py:588} INFO - Filling up the DagBag from /home/airflow/.local/lib/python3.12/site-packages/airflow/example_dags/example_sla_dag.py
[2025-02-14T23:48:26.318+0000] {processor.py:925} INFO - DAG(s) 'example_sla_dag' retrieved from /home/airflow/.local/lib/python3.12/site-packages/airflow/example_dags/example_sla_dag.py
[2025-02-14T23:48:26.335+0000] {logging_mixin.py:190} INFO - [2025-02-14T23:48:26.335+0000] {dag.py:3239} INFO - Sync 1 DAGs
[2025-02-14T23:48:26.351+0000] {logging_mixin.py:190} INFO - [2025-02-14T23:48:26.350+0000] {dag.py:4180} INFO - Setting next_dagrun for example_sla_dag to 2025-02-14 23:46:00+00:00, run_after=2025-02-14 23:48:00+00:00
[2025-02-14T23:48:26.364+0000] {processor.py:208} INFO - Processing /home/airflow/.local/lib/python3.12/site-packages/airflow/example_dags/example_sla_dag.py took 0.060 seconds
[2025-02-14T23:48:56.554+0000] {processor.py:186} INFO - Started process (PID=1574) to work on /home/airflow/.local/lib/python3.12/site-packages/airflow/example_dags/example_sla_dag.py
[2025-02-14T23:48:56.555+0000] {processor.py:914} INFO - Processing file /home/airflow/.local/lib/python3.12/site-packages/airflow/example_dags/example_sla_dag.py for tasks to queue
[2025-02-14T23:48:56.558+0000] {logging_mixin.py:190} INFO - [2025-02-14T23:48:56.557+0000] {dagbag.py:588} INFO - Filling up the DagBag from /home/airflow/.local/lib/python3.12/site-packages/airflow/example_dags/example_sla_dag.py
[2025-02-14T23:48:56.568+0000] {processor.py:925} INFO - DAG(s) 'example_sla_dag' retrieved from /home/airflow/.local/lib/python3.12/site-packages/airflow/example_dags/example_sla_dag.py
[2025-02-14T23:48:56.588+0000] {logging_mixin.py:190} INFO - [2025-02-14T23:48:56.588+0000] {dag.py:3239} INFO - Sync 1 DAGs
[2025-02-14T23:48:56.605+0000] {logging_mixin.py:190} INFO - [2025-02-14T23:48:56.605+0000] {dag.py:4180} INFO - Setting next_dagrun for example_sla_dag to 2025-02-14 23:46:00+00:00, run_after=2025-02-14 23:48:00+00:00
[2025-02-14T23:48:56.618+0000] {processor.py:208} INFO - Processing /home/airflow/.local/lib/python3.12/site-packages/airflow/example_dags/example_sla_dag.py took 0.069 seconds
[2025-02-14T23:49:26.917+0000] {processor.py:186} INFO - Started process (PID=1637) to work on /home/airflow/.local/lib/python3.12/site-packages/airflow/example_dags/example_sla_dag.py
[2025-02-14T23:49:26.918+0000] {processor.py:914} INFO - Processing file /home/airflow/.local/lib/python3.12/site-packages/airflow/example_dags/example_sla_dag.py for tasks to queue
[2025-02-14T23:49:26.920+0000] {logging_mixin.py:190} INFO - [2025-02-14T23:49:26.920+0000] {dagbag.py:588} INFO - Filling up the DagBag from /home/airflow/.local/lib/python3.12/site-packages/airflow/example_dags/example_sla_dag.py
[2025-02-14T23:49:26.931+0000] {processor.py:925} INFO - DAG(s) 'example_sla_dag' retrieved from /home/airflow/.local/lib/python3.12/site-packages/airflow/example_dags/example_sla_dag.py
[2025-02-14T23:49:26.946+0000] {logging_mixin.py:190} INFO - [2025-02-14T23:49:26.946+0000] {dag.py:3239} INFO - Sync 1 DAGs
[2025-02-14T23:49:26.960+0000] {logging_mixin.py:190} INFO - [2025-02-14T23:49:26.960+0000] {dag.py:4180} INFO - Setting next_dagrun for example_sla_dag to 2025-02-14 23:46:00+00:00, run_after=2025-02-14 23:48:00+00:00
[2025-02-14T23:49:26.972+0000] {processor.py:208} INFO - Processing /home/airflow/.local/lib/python3.12/site-packages/airflow/example_dags/example_sla_dag.py took 0.060 seconds
[2025-02-14T23:49:57.251+0000] {processor.py:186} INFO - Started process (PID=1700) to work on /home/airflow/.local/lib/python3.12/site-packages/airflow/example_dags/example_sla_dag.py
[2025-02-14T23:49:57.252+0000] {processor.py:914} INFO - Processing file /home/airflow/.local/lib/python3.12/site-packages/airflow/example_dags/example_sla_dag.py for tasks to queue
[2025-02-14T23:49:57.254+0000] {logging_mixin.py:190} INFO - [2025-02-14T23:49:57.254+0000] {dagbag.py:588} INFO - Filling up the DagBag from /home/airflow/.local/lib/python3.12/site-packages/airflow/example_dags/example_sla_dag.py
[2025-02-14T23:49:57.264+0000] {processor.py:925} INFO - DAG(s) 'example_sla_dag' retrieved from /home/airflow/.local/lib/python3.12/site-packages/airflow/example_dags/example_sla_dag.py
[2025-02-14T23:49:57.279+0000] {logging_mixin.py:190} INFO - [2025-02-14T23:49:57.278+0000] {dag.py:3239} INFO - Sync 1 DAGs
[2025-02-14T23:49:57.294+0000] {logging_mixin.py:190} INFO - [2025-02-14T23:49:57.294+0000] {dag.py:4180} INFO - Setting next_dagrun for example_sla_dag to 2025-02-14 23:46:00+00:00, run_after=2025-02-14 23:48:00+00:00
[2025-02-14T23:49:57.307+0000] {processor.py:208} INFO - Processing /home/airflow/.local/lib/python3.12/site-packages/airflow/example_dags/example_sla_dag.py took 0.061 seconds
[2025-02-14T23:50:28.025+0000] {processor.py:186} INFO - Started process (PID=1763) to work on /home/airflow/.local/lib/python3.12/site-packages/airflow/example_dags/example_sla_dag.py
[2025-02-14T23:50:28.029+0000] {processor.py:914} INFO - Processing file /home/airflow/.local/lib/python3.12/site-packages/airflow/example_dags/example_sla_dag.py for tasks to queue
[2025-02-14T23:50:28.033+0000] {logging_mixin.py:190} INFO - [2025-02-14T23:50:28.032+0000] {dagbag.py:588} INFO - Filling up the DagBag from /home/airflow/.local/lib/python3.12/site-packages/airflow/example_dags/example_sla_dag.py
[2025-02-14T23:50:28.061+0000] {processor.py:925} INFO - DAG(s) 'example_sla_dag' retrieved from /home/airflow/.local/lib/python3.12/site-packages/airflow/example_dags/example_sla_dag.py
[2025-02-14T23:50:28.085+0000] {logging_mixin.py:190} INFO - [2025-02-14T23:50:28.085+0000] {dag.py:3239} INFO - Sync 1 DAGs
[2025-02-14T23:50:28.114+0000] {logging_mixin.py:190} INFO - [2025-02-14T23:50:28.114+0000] {dag.py:4180} INFO - Setting next_dagrun for example_sla_dag to 2025-02-14 23:48:00+00:00, run_after=2025-02-14 23:50:00+00:00
[2025-02-14T23:50:28.126+0000] {processor.py:208} INFO - Processing /home/airflow/.local/lib/python3.12/site-packages/airflow/example_dags/example_sla_dag.py took 0.112 seconds
[2025-02-14T23:50:58.650+0000] {processor.py:186} INFO - Started process (PID=1826) to work on /home/airflow/.local/lib/python3.12/site-packages/airflow/example_dags/example_sla_dag.py
[2025-02-14T23:50:58.650+0000] {processor.py:914} INFO - Processing file /home/airflow/.local/lib/python3.12/site-packages/airflow/example_dags/example_sla_dag.py for tasks to queue
[2025-02-14T23:50:58.652+0000] {logging_mixin.py:190} INFO - [2025-02-14T23:50:58.652+0000] {dagbag.py:588} INFO - Filling up the DagBag from /home/airflow/.local/lib/python3.12/site-packages/airflow/example_dags/example_sla_dag.py
[2025-02-14T23:50:58.659+0000] {processor.py:925} INFO - DAG(s) 'example_sla_dag' retrieved from /home/airflow/.local/lib/python3.12/site-packages/airflow/example_dags/example_sla_dag.py
[2025-02-14T23:50:58.672+0000] {logging_mixin.py:190} INFO - [2025-02-14T23:50:58.672+0000] {dag.py:3239} INFO - Sync 1 DAGs
[2025-02-14T23:50:58.690+0000] {logging_mixin.py:190} INFO - [2025-02-14T23:50:58.690+0000] {dag.py:4180} INFO - Setting next_dagrun for example_sla_dag to 2025-02-14 23:48:00+00:00, run_after=2025-02-14 23:50:00+00:00
[2025-02-14T23:50:58.703+0000] {processor.py:208} INFO - Processing /home/airflow/.local/lib/python3.12/site-packages/airflow/example_dags/example_sla_dag.py took 0.057 seconds
[2025-02-14T23:51:28.962+0000] {processor.py:186} INFO - Started process (PID=1889) to work on /home/airflow/.local/lib/python3.12/site-packages/airflow/example_dags/example_sla_dag.py
[2025-02-14T23:51:28.963+0000] {processor.py:914} INFO - Processing file /home/airflow/.local/lib/python3.12/site-packages/airflow/example_dags/example_sla_dag.py for tasks to queue
[2025-02-14T23:51:28.965+0000] {logging_mixin.py:190} INFO - [2025-02-14T23:51:28.965+0000] {dagbag.py:588} INFO - Filling up the DagBag from /home/airflow/.local/lib/python3.12/site-packages/airflow/example_dags/example_sla_dag.py
[2025-02-14T23:51:28.972+0000] {processor.py:925} INFO - DAG(s) 'example_sla_dag' retrieved from /home/airflow/.local/lib/python3.12/site-packages/airflow/example_dags/example_sla_dag.py
[2025-02-14T23:51:28.984+0000] {logging_mixin.py:190} INFO - [2025-02-14T23:51:28.984+0000] {dag.py:3239} INFO - Sync 1 DAGs
[2025-02-14T23:51:28.998+0000] {logging_mixin.py:190} INFO - [2025-02-14T23:51:28.998+0000] {dag.py:4180} INFO - Setting next_dagrun for example_sla_dag to 2025-02-14 23:48:00+00:00, run_after=2025-02-14 23:50:00+00:00
[2025-02-14T23:51:29.009+0000] {processor.py:208} INFO - Processing /home/airflow/.local/lib/python3.12/site-packages/airflow/example_dags/example_sla_dag.py took 0.053 seconds
[2025-02-14T23:51:59.253+0000] {processor.py:186} INFO - Started process (PID=1952) to work on /home/airflow/.local/lib/python3.12/site-packages/airflow/example_dags/example_sla_dag.py
[2025-02-14T23:51:59.254+0000] {processor.py:914} INFO - Processing file /home/airflow/.local/lib/python3.12/site-packages/airflow/example_dags/example_sla_dag.py for tasks to queue
[2025-02-14T23:51:59.256+0000] {logging_mixin.py:190} INFO - [2025-02-14T23:51:59.256+0000] {dagbag.py:588} INFO - Filling up the DagBag from /home/airflow/.local/lib/python3.12/site-packages/airflow/example_dags/example_sla_dag.py
[2025-02-14T23:51:59.263+0000] {processor.py:925} INFO - DAG(s) 'example_sla_dag' retrieved from /home/airflow/.local/lib/python3.12/site-packages/airflow/example_dags/example_sla_dag.py
[2025-02-14T23:51:59.277+0000] {logging_mixin.py:190} INFO - [2025-02-14T23:51:59.277+0000] {dag.py:3239} INFO - Sync 1 DAGs
[2025-02-14T23:51:59.292+0000] {logging_mixin.py:190} INFO - [2025-02-14T23:51:59.292+0000] {dag.py:4180} INFO - Setting next_dagrun for example_sla_dag to 2025-02-14 23:48:00+00:00, run_after=2025-02-14 23:50:00+00:00
[2025-02-14T23:51:59.305+0000] {processor.py:208} INFO - Processing /home/airflow/.local/lib/python3.12/site-packages/airflow/example_dags/example_sla_dag.py took 0.058 seconds
[2025-02-14T23:52:30.167+0000] {processor.py:186} INFO - Started process (PID=2015) to work on /home/airflow/.local/lib/python3.12/site-packages/airflow/example_dags/example_sla_dag.py
[2025-02-14T23:52:30.168+0000] {processor.py:914} INFO - Processing file /home/airflow/.local/lib/python3.12/site-packages/airflow/example_dags/example_sla_dag.py for tasks to queue
[2025-02-14T23:52:30.169+0000] {logging_mixin.py:190} INFO - [2025-02-14T23:52:30.169+0000] {dagbag.py:588} INFO - Filling up the DagBag from /home/airflow/.local/lib/python3.12/site-packages/airflow/example_dags/example_sla_dag.py
[2025-02-14T23:52:30.176+0000] {processor.py:925} INFO - DAG(s) 'example_sla_dag' retrieved from /home/airflow/.local/lib/python3.12/site-packages/airflow/example_dags/example_sla_dag.py
[2025-02-14T23:52:30.193+0000] {logging_mixin.py:190} INFO - [2025-02-14T23:52:30.192+0000] {dag.py:3239} INFO - Sync 1 DAGs
[2025-02-14T23:52:30.211+0000] {logging_mixin.py:190} INFO - [2025-02-14T23:52:30.211+0000] {dag.py:4180} INFO - Setting next_dagrun for example_sla_dag to 2025-02-14 23:50:00+00:00, run_after=2025-02-14 23:52:00+00:00
[2025-02-14T23:52:30.220+0000] {processor.py:208} INFO - Processing /home/airflow/.local/lib/python3.12/site-packages/airflow/example_dags/example_sla_dag.py took 0.058 seconds
[2025-02-14T23:53:00.292+0000] {processor.py:186} INFO - Started process (PID=2078) to work on /home/airflow/.local/lib/python3.12/site-packages/airflow/example_dags/example_sla_dag.py
[2025-02-14T23:53:00.292+0000] {processor.py:914} INFO - Processing file /home/airflow/.local/lib/python3.12/site-packages/airflow/example_dags/example_sla_dag.py for tasks to queue
[2025-02-14T23:53:00.295+0000] {logging_mixin.py:190} INFO - [2025-02-14T23:53:00.294+0000] {dagbag.py:588} INFO - Filling up the DagBag from /home/airflow/.local/lib/python3.12/site-packages/airflow/example_dags/example_sla_dag.py
[2025-02-14T23:53:00.303+0000] {processor.py:925} INFO - DAG(s) 'example_sla_dag' retrieved from /home/airflow/.local/lib/python3.12/site-packages/airflow/example_dags/example_sla_dag.py
[2025-02-14T23:53:00.316+0000] {logging_mixin.py:190} INFO - [2025-02-14T23:53:00.316+0000] {dag.py:3239} INFO - Sync 1 DAGs
[2025-02-14T23:53:00.331+0000] {logging_mixin.py:190} INFO - [2025-02-14T23:53:00.331+0000] {dag.py:4180} INFO - Setting next_dagrun for example_sla_dag to 2025-02-14 23:50:00+00:00, run_after=2025-02-14 23:52:00+00:00
[2025-02-14T23:53:00.342+0000] {processor.py:208} INFO - Processing /home/airflow/.local/lib/python3.12/site-packages/airflow/example_dags/example_sla_dag.py took 0.055 seconds
[2025-02-14T23:53:30.797+0000] {processor.py:186} INFO - Started process (PID=2141) to work on /home/airflow/.local/lib/python3.12/site-packages/airflow/example_dags/example_sla_dag.py
[2025-02-14T23:53:30.798+0000] {processor.py:914} INFO - Processing file /home/airflow/.local/lib/python3.12/site-packages/airflow/example_dags/example_sla_dag.py for tasks to queue
[2025-02-14T23:53:30.799+0000] {logging_mixin.py:190} INFO - [2025-02-14T23:53:30.799+0000] {dagbag.py:588} INFO - Filling up the DagBag from /home/airflow/.local/lib/python3.12/site-packages/airflow/example_dags/example_sla_dag.py
[2025-02-14T23:53:30.806+0000] {processor.py:925} INFO - DAG(s) 'example_sla_dag' retrieved from /home/airflow/.local/lib/python3.12/site-packages/airflow/example_dags/example_sla_dag.py
[2025-02-14T23:53:30.818+0000] {logging_mixin.py:190} INFO - [2025-02-14T23:53:30.818+0000] {dag.py:3239} INFO - Sync 1 DAGs
[2025-02-14T23:53:30.832+0000] {logging_mixin.py:190} INFO - [2025-02-14T23:53:30.832+0000] {dag.py:4180} INFO - Setting next_dagrun for example_sla_dag to 2025-02-14 23:50:00+00:00, run_after=2025-02-14 23:52:00+00:00
[2025-02-14T23:53:30.844+0000] {processor.py:208} INFO - Processing /home/airflow/.local/lib/python3.12/site-packages/airflow/example_dags/example_sla_dag.py took 0.052 seconds
[2025-02-14T23:54:01.462+0000] {processor.py:186} INFO - Started process (PID=2204) to work on /home/airflow/.local/lib/python3.12/site-packages/airflow/example_dags/example_sla_dag.py
[2025-02-14T23:54:01.464+0000] {processor.py:914} INFO - Processing file /home/airflow/.local/lib/python3.12/site-packages/airflow/example_dags/example_sla_dag.py for tasks to queue
[2025-02-14T23:54:01.465+0000] {logging_mixin.py:190} INFO - [2025-02-14T23:54:01.465+0000] {dagbag.py:588} INFO - Filling up the DagBag from /home/airflow/.local/lib/python3.12/site-packages/airflow/example_dags/example_sla_dag.py
[2025-02-14T23:54:01.477+0000] {processor.py:925} INFO - DAG(s) 'example_sla_dag' retrieved from /home/airflow/.local/lib/python3.12/site-packages/airflow/example_dags/example_sla_dag.py
[2025-02-14T23:54:01.492+0000] {logging_mixin.py:190} INFO - [2025-02-14T23:54:01.492+0000] {dag.py:3239} INFO - Sync 1 DAGs
[2025-02-14T23:54:01.510+0000] {logging_mixin.py:190} INFO - [2025-02-14T23:54:01.510+0000] {dag.py:4180} INFO - Setting next_dagrun for example_sla_dag to 2025-02-14 23:52:00+00:00, run_after=2025-02-14 23:54:00+00:00
[2025-02-14T23:54:01.520+0000] {processor.py:208} INFO - Processing /home/airflow/.local/lib/python3.12/site-packages/airflow/example_dags/example_sla_dag.py took 0.064 seconds
[2025-02-14T23:54:31.577+0000] {processor.py:186} INFO - Started process (PID=2267) to work on /home/airflow/.local/lib/python3.12/site-packages/airflow/example_dags/example_sla_dag.py
[2025-02-14T23:54:31.578+0000] {processor.py:914} INFO - Processing file /home/airflow/.local/lib/python3.12/site-packages/airflow/example_dags/example_sla_dag.py for tasks to queue
[2025-02-14T23:54:31.580+0000] {logging_mixin.py:190} INFO - [2025-02-14T23:54:31.580+0000] {dagbag.py:588} INFO - Filling up the DagBag from /home/airflow/.local/lib/python3.12/site-packages/airflow/example_dags/example_sla_dag.py
[2025-02-14T23:54:31.587+0000] {processor.py:925} INFO - DAG(s) 'example_sla_dag' retrieved from /home/airflow/.local/lib/python3.12/site-packages/airflow/example_dags/example_sla_dag.py
[2025-02-14T23:54:31.602+0000] {logging_mixin.py:190} INFO - [2025-02-14T23:54:31.602+0000] {dag.py:3239} INFO - Sync 1 DAGs
[2025-02-14T23:54:31.619+0000] {logging_mixin.py:190} INFO - [2025-02-14T23:54:31.619+0000] {dag.py:4180} INFO - Setting next_dagrun for example_sla_dag to 2025-02-14 23:52:00+00:00, run_after=2025-02-14 23:54:00+00:00
[2025-02-14T23:54:31.629+0000] {processor.py:208} INFO - Processing /home/airflow/.local/lib/python3.12/site-packages/airflow/example_dags/example_sla_dag.py took 0.056 seconds
[2025-02-14T23:55:01.889+0000] {processor.py:186} INFO - Started process (PID=2330) to work on /home/airflow/.local/lib/python3.12/site-packages/airflow/example_dags/example_sla_dag.py
[2025-02-14T23:55:01.890+0000] {processor.py:914} INFO - Processing file /home/airflow/.local/lib/python3.12/site-packages/airflow/example_dags/example_sla_dag.py for tasks to queue
[2025-02-14T23:55:01.892+0000] {logging_mixin.py:190} INFO - [2025-02-14T23:55:01.891+0000] {dagbag.py:588} INFO - Filling up the DagBag from /home/airflow/.local/lib/python3.12/site-packages/airflow/example_dags/example_sla_dag.py
[2025-02-14T23:55:01.900+0000] {processor.py:925} INFO - DAG(s) 'example_sla_dag' retrieved from /home/airflow/.local/lib/python3.12/site-packages/airflow/example_dags/example_sla_dag.py
[2025-02-14T23:55:01.915+0000] {logging_mixin.py:190} INFO - [2025-02-14T23:55:01.915+0000] {dag.py:3239} INFO - Sync 1 DAGs
[2025-02-14T23:55:01.933+0000] {logging_mixin.py:190} INFO - [2025-02-14T23:55:01.933+0000] {dag.py:4180} INFO - Setting next_dagrun for example_sla_dag to 2025-02-14 23:52:00+00:00, run_after=2025-02-14 23:54:00+00:00
[2025-02-14T23:55:01.947+0000] {processor.py:208} INFO - Processing /home/airflow/.local/lib/python3.12/site-packages/airflow/example_dags/example_sla_dag.py took 0.064 seconds
