[2025-02-14T23:36:45.670+0000] {processor.py:186} INFO - Started process (PID=75) to work on /home/airflow/.local/lib/python3.12/site-packages/airflow/example_dags/example_xcomargs.py
[2025-02-14T23:36:45.671+0000] {processor.py:914} INFO - Processing file /home/airflow/.local/lib/python3.12/site-packages/airflow/example_dags/example_xcomargs.py for tasks to queue
[2025-02-14T23:36:45.673+0000] {logging_mixin.py:190} INFO - [2025-02-14T23:36:45.673+0000] {dagbag.py:588} INFO - Filling up the DagBag from /home/airflow/.local/lib/python3.12/site-packages/airflow/example_dags/example_xcomargs.py
[2025-02-14T23:36:45.683+0000] {processor.py:925} INFO - DAG(s) 'example_xcom_args', 'example_xcom_args_with_operators' retrieved from /home/airflow/.local/lib/python3.12/site-packages/airflow/example_dags/example_xcomargs.py
[2025-02-14T23:36:45.703+0000] {logging_mixin.py:190} INFO - [2025-02-14T23:36:45.703+0000] {dag.py:3239} INFO - Sync 2 DAGs
[2025-02-14T23:36:45.716+0000] {logging_mixin.py:190} INFO - [2025-02-14T23:36:45.716+0000] {dag.py:4180} INFO - Setting next_dagrun for example_xcom_args to None, run_after=None
[2025-02-14T23:36:45.719+0000] {logging_mixin.py:190} INFO - [2025-02-14T23:36:45.719+0000] {dag.py:4180} INFO - Setting next_dagrun for example_xcom_args_with_operators to None, run_after=None
[2025-02-14T23:36:45.732+0000] {processor.py:208} INFO - Processing /home/airflow/.local/lib/python3.12/site-packages/airflow/example_dags/example_xcomargs.py took 0.067 seconds
[2025-02-14T23:37:16.358+0000] {processor.py:186} INFO - Started process (PID=138) to work on /home/airflow/.local/lib/python3.12/site-packages/airflow/example_dags/example_xcomargs.py
[2025-02-14T23:37:16.359+0000] {processor.py:914} INFO - Processing file /home/airflow/.local/lib/python3.12/site-packages/airflow/example_dags/example_xcomargs.py for tasks to queue
[2025-02-14T23:37:16.361+0000] {logging_mixin.py:190} INFO - [2025-02-14T23:37:16.361+0000] {dagbag.py:588} INFO - Filling up the DagBag from /home/airflow/.local/lib/python3.12/site-packages/airflow/example_dags/example_xcomargs.py
[2025-02-14T23:37:16.368+0000] {processor.py:925} INFO - DAG(s) 'example_xcom_args_with_operators', 'example_xcom_args' retrieved from /home/airflow/.local/lib/python3.12/site-packages/airflow/example_dags/example_xcomargs.py
[2025-02-14T23:37:16.382+0000] {logging_mixin.py:190} INFO - [2025-02-14T23:37:16.382+0000] {dag.py:3239} INFO - Sync 2 DAGs
[2025-02-14T23:37:16.390+0000] {logging_mixin.py:190} INFO - [2025-02-14T23:37:16.390+0000] {dag.py:4180} INFO - Setting next_dagrun for example_xcom_args to None, run_after=None
[2025-02-14T23:37:16.393+0000] {logging_mixin.py:190} INFO - [2025-02-14T23:37:16.393+0000] {dag.py:4180} INFO - Setting next_dagrun for example_xcom_args_with_operators to None, run_after=None
[2025-02-14T23:37:16.405+0000] {processor.py:208} INFO - Processing /home/airflow/.local/lib/python3.12/site-packages/airflow/example_dags/example_xcomargs.py took 0.052 seconds
[2025-02-14T23:37:47.138+0000] {processor.py:186} INFO - Started process (PID=201) to work on /home/airflow/.local/lib/python3.12/site-packages/airflow/example_dags/example_xcomargs.py
[2025-02-14T23:37:47.139+0000] {processor.py:914} INFO - Processing file /home/airflow/.local/lib/python3.12/site-packages/airflow/example_dags/example_xcomargs.py for tasks to queue
[2025-02-14T23:37:47.141+0000] {logging_mixin.py:190} INFO - [2025-02-14T23:37:47.141+0000] {dagbag.py:588} INFO - Filling up the DagBag from /home/airflow/.local/lib/python3.12/site-packages/airflow/example_dags/example_xcomargs.py
[2025-02-14T23:37:47.148+0000] {processor.py:925} INFO - DAG(s) 'example_xcom_args_with_operators', 'example_xcom_args' retrieved from /home/airflow/.local/lib/python3.12/site-packages/airflow/example_dags/example_xcomargs.py
[2025-02-14T23:37:47.163+0000] {logging_mixin.py:190} INFO - [2025-02-14T23:37:47.162+0000] {dag.py:3239} INFO - Sync 2 DAGs
[2025-02-14T23:37:47.171+0000] {logging_mixin.py:190} INFO - [2025-02-14T23:37:47.171+0000] {dag.py:4180} INFO - Setting next_dagrun for example_xcom_args to None, run_after=None
[2025-02-14T23:37:47.174+0000] {logging_mixin.py:190} INFO - [2025-02-14T23:37:47.174+0000] {dag.py:4180} INFO - Setting next_dagrun for example_xcom_args_with_operators to None, run_after=None
[2025-02-14T23:37:47.182+0000] {processor.py:208} INFO - Processing /home/airflow/.local/lib/python3.12/site-packages/airflow/example_dags/example_xcomargs.py took 0.048 seconds
[2025-02-14T23:38:17.599+0000] {processor.py:186} INFO - Started process (PID=264) to work on /home/airflow/.local/lib/python3.12/site-packages/airflow/example_dags/example_xcomargs.py
[2025-02-14T23:38:17.599+0000] {processor.py:914} INFO - Processing file /home/airflow/.local/lib/python3.12/site-packages/airflow/example_dags/example_xcomargs.py for tasks to queue
[2025-02-14T23:38:17.601+0000] {logging_mixin.py:190} INFO - [2025-02-14T23:38:17.601+0000] {dagbag.py:588} INFO - Filling up the DagBag from /home/airflow/.local/lib/python3.12/site-packages/airflow/example_dags/example_xcomargs.py
[2025-02-14T23:38:17.611+0000] {processor.py:925} INFO - DAG(s) 'example_xcom_args_with_operators', 'example_xcom_args' retrieved from /home/airflow/.local/lib/python3.12/site-packages/airflow/example_dags/example_xcomargs.py
[2025-02-14T23:38:17.631+0000] {logging_mixin.py:190} INFO - [2025-02-14T23:38:17.631+0000] {dag.py:3239} INFO - Sync 2 DAGs
[2025-02-14T23:38:17.648+0000] {logging_mixin.py:190} INFO - [2025-02-14T23:38:17.647+0000] {dag.py:4180} INFO - Setting next_dagrun for example_xcom_args to None, run_after=None
[2025-02-14T23:38:17.652+0000] {logging_mixin.py:190} INFO - [2025-02-14T23:38:17.652+0000] {dag.py:4180} INFO - Setting next_dagrun for example_xcom_args_with_operators to None, run_after=None
[2025-02-14T23:38:17.664+0000] {processor.py:208} INFO - Processing /home/airflow/.local/lib/python3.12/site-packages/airflow/example_dags/example_xcomargs.py took 0.070 seconds
[2025-02-14T23:38:48.282+0000] {processor.py:186} INFO - Started process (PID=332) to work on /home/airflow/.local/lib/python3.12/site-packages/airflow/example_dags/example_xcomargs.py
[2025-02-14T23:38:48.285+0000] {processor.py:914} INFO - Processing file /home/airflow/.local/lib/python3.12/site-packages/airflow/example_dags/example_xcomargs.py for tasks to queue
[2025-02-14T23:38:48.288+0000] {logging_mixin.py:190} INFO - [2025-02-14T23:38:48.288+0000] {dagbag.py:588} INFO - Filling up the DagBag from /home/airflow/.local/lib/python3.12/site-packages/airflow/example_dags/example_xcomargs.py
[2025-02-14T23:38:48.296+0000] {processor.py:925} INFO - DAG(s) 'example_xcom_args', 'example_xcom_args_with_operators' retrieved from /home/airflow/.local/lib/python3.12/site-packages/airflow/example_dags/example_xcomargs.py
[2025-02-14T23:38:48.313+0000] {logging_mixin.py:190} INFO - [2025-02-14T23:38:48.313+0000] {dag.py:3239} INFO - Sync 2 DAGs
[2025-02-14T23:38:48.321+0000] {logging_mixin.py:190} INFO - [2025-02-14T23:38:48.321+0000] {dag.py:4180} INFO - Setting next_dagrun for example_xcom_args to None, run_after=None
[2025-02-14T23:38:48.326+0000] {logging_mixin.py:190} INFO - [2025-02-14T23:38:48.326+0000] {dag.py:4180} INFO - Setting next_dagrun for example_xcom_args_with_operators to None, run_after=None
[2025-02-14T23:38:48.336+0000] {processor.py:208} INFO - Processing /home/airflow/.local/lib/python3.12/site-packages/airflow/example_dags/example_xcomargs.py took 0.058 seconds
[2025-02-14T23:39:18.592+0000] {processor.py:186} INFO - Started process (PID=395) to work on /home/airflow/.local/lib/python3.12/site-packages/airflow/example_dags/example_xcomargs.py
[2025-02-14T23:39:18.594+0000] {processor.py:914} INFO - Processing file /home/airflow/.local/lib/python3.12/site-packages/airflow/example_dags/example_xcomargs.py for tasks to queue
[2025-02-14T23:39:18.596+0000] {logging_mixin.py:190} INFO - [2025-02-14T23:39:18.595+0000] {dagbag.py:588} INFO - Filling up the DagBag from /home/airflow/.local/lib/python3.12/site-packages/airflow/example_dags/example_xcomargs.py
[2025-02-14T23:39:18.602+0000] {processor.py:925} INFO - DAG(s) 'example_xcom_args', 'example_xcom_args_with_operators' retrieved from /home/airflow/.local/lib/python3.12/site-packages/airflow/example_dags/example_xcomargs.py
[2025-02-14T23:39:18.618+0000] {logging_mixin.py:190} INFO - [2025-02-14T23:39:18.618+0000] {dag.py:3239} INFO - Sync 2 DAGs
[2025-02-14T23:39:18.630+0000] {logging_mixin.py:190} INFO - [2025-02-14T23:39:18.630+0000] {dag.py:4180} INFO - Setting next_dagrun for example_xcom_args to None, run_after=None
[2025-02-14T23:39:18.633+0000] {logging_mixin.py:190} INFO - [2025-02-14T23:39:18.633+0000] {dag.py:4180} INFO - Setting next_dagrun for example_xcom_args_with_operators to None, run_after=None
[2025-02-14T23:39:18.642+0000] {processor.py:208} INFO - Processing /home/airflow/.local/lib/python3.12/site-packages/airflow/example_dags/example_xcomargs.py took 0.054 seconds
[2025-02-14T23:39:48.853+0000] {processor.py:186} INFO - Started process (PID=458) to work on /home/airflow/.local/lib/python3.12/site-packages/airflow/example_dags/example_xcomargs.py
[2025-02-14T23:39:48.853+0000] {processor.py:914} INFO - Processing file /home/airflow/.local/lib/python3.12/site-packages/airflow/example_dags/example_xcomargs.py for tasks to queue
[2025-02-14T23:39:48.855+0000] {logging_mixin.py:190} INFO - [2025-02-14T23:39:48.855+0000] {dagbag.py:588} INFO - Filling up the DagBag from /home/airflow/.local/lib/python3.12/site-packages/airflow/example_dags/example_xcomargs.py
[2025-02-14T23:39:48.861+0000] {processor.py:925} INFO - DAG(s) 'example_xcom_args_with_operators', 'example_xcom_args' retrieved from /home/airflow/.local/lib/python3.12/site-packages/airflow/example_dags/example_xcomargs.py
[2025-02-14T23:39:48.878+0000] {logging_mixin.py:190} INFO - [2025-02-14T23:39:48.878+0000] {dag.py:3239} INFO - Sync 2 DAGs
[2025-02-14T23:39:48.887+0000] {logging_mixin.py:190} INFO - [2025-02-14T23:39:48.887+0000] {dag.py:4180} INFO - Setting next_dagrun for example_xcom_args to None, run_after=None
[2025-02-14T23:39:48.892+0000] {logging_mixin.py:190} INFO - [2025-02-14T23:39:48.892+0000] {dag.py:4180} INFO - Setting next_dagrun for example_xcom_args_with_operators to None, run_after=None
[2025-02-14T23:39:48.901+0000] {processor.py:208} INFO - Processing /home/airflow/.local/lib/python3.12/site-packages/airflow/example_dags/example_xcomargs.py took 0.053 seconds
[2025-02-14T23:40:19.540+0000] {processor.py:186} INFO - Started process (PID=521) to work on /home/airflow/.local/lib/python3.12/site-packages/airflow/example_dags/example_xcomargs.py
[2025-02-14T23:40:19.541+0000] {processor.py:914} INFO - Processing file /home/airflow/.local/lib/python3.12/site-packages/airflow/example_dags/example_xcomargs.py for tasks to queue
[2025-02-14T23:40:19.543+0000] {logging_mixin.py:190} INFO - [2025-02-14T23:40:19.543+0000] {dagbag.py:588} INFO - Filling up the DagBag from /home/airflow/.local/lib/python3.12/site-packages/airflow/example_dags/example_xcomargs.py
[2025-02-14T23:40:19.551+0000] {processor.py:925} INFO - DAG(s) 'example_xcom_args_with_operators', 'example_xcom_args' retrieved from /home/airflow/.local/lib/python3.12/site-packages/airflow/example_dags/example_xcomargs.py
[2025-02-14T23:40:19.570+0000] {logging_mixin.py:190} INFO - [2025-02-14T23:40:19.570+0000] {dag.py:3239} INFO - Sync 2 DAGs
[2025-02-14T23:40:19.581+0000] {logging_mixin.py:190} INFO - [2025-02-14T23:40:19.581+0000] {dag.py:4180} INFO - Setting next_dagrun for example_xcom_args to None, run_after=None
[2025-02-14T23:40:19.585+0000] {logging_mixin.py:190} INFO - [2025-02-14T23:40:19.585+0000] {dag.py:4180} INFO - Setting next_dagrun for example_xcom_args_with_operators to None, run_after=None
[2025-02-14T23:40:19.595+0000] {processor.py:208} INFO - Processing /home/airflow/.local/lib/python3.12/site-packages/airflow/example_dags/example_xcomargs.py took 0.060 seconds
[2025-02-14T23:40:50.320+0000] {processor.py:186} INFO - Started process (PID=584) to work on /home/airflow/.local/lib/python3.12/site-packages/airflow/example_dags/example_xcomargs.py
[2025-02-14T23:40:50.323+0000] {processor.py:914} INFO - Processing file /home/airflow/.local/lib/python3.12/site-packages/airflow/example_dags/example_xcomargs.py for tasks to queue
[2025-02-14T23:40:50.325+0000] {logging_mixin.py:190} INFO - [2025-02-14T23:40:50.325+0000] {dagbag.py:588} INFO - Filling up the DagBag from /home/airflow/.local/lib/python3.12/site-packages/airflow/example_dags/example_xcomargs.py
[2025-02-14T23:40:50.332+0000] {processor.py:925} INFO - DAG(s) 'example_xcom_args', 'example_xcom_args_with_operators' retrieved from /home/airflow/.local/lib/python3.12/site-packages/airflow/example_dags/example_xcomargs.py
[2025-02-14T23:40:50.350+0000] {logging_mixin.py:190} INFO - [2025-02-14T23:40:50.350+0000] {dag.py:3239} INFO - Sync 2 DAGs
[2025-02-14T23:40:50.361+0000] {logging_mixin.py:190} INFO - [2025-02-14T23:40:50.361+0000] {dag.py:4180} INFO - Setting next_dagrun for example_xcom_args to None, run_after=None
[2025-02-14T23:40:50.364+0000] {logging_mixin.py:190} INFO - [2025-02-14T23:40:50.364+0000] {dag.py:4180} INFO - Setting next_dagrun for example_xcom_args_with_operators to None, run_after=None
[2025-02-14T23:40:50.375+0000] {processor.py:208} INFO - Processing /home/airflow/.local/lib/python3.12/site-packages/airflow/example_dags/example_xcomargs.py took 0.058 seconds
[2025-02-14T23:41:21.248+0000] {processor.py:186} INFO - Started process (PID=647) to work on /home/airflow/.local/lib/python3.12/site-packages/airflow/example_dags/example_xcomargs.py
[2025-02-14T23:41:21.248+0000] {processor.py:914} INFO - Processing file /home/airflow/.local/lib/python3.12/site-packages/airflow/example_dags/example_xcomargs.py for tasks to queue
[2025-02-14T23:41:21.250+0000] {logging_mixin.py:190} INFO - [2025-02-14T23:41:21.250+0000] {dagbag.py:588} INFO - Filling up the DagBag from /home/airflow/.local/lib/python3.12/site-packages/airflow/example_dags/example_xcomargs.py
[2025-02-14T23:41:21.256+0000] {processor.py:925} INFO - DAG(s) 'example_xcom_args_with_operators', 'example_xcom_args' retrieved from /home/airflow/.local/lib/python3.12/site-packages/airflow/example_dags/example_xcomargs.py
[2025-02-14T23:41:21.269+0000] {logging_mixin.py:190} INFO - [2025-02-14T23:41:21.269+0000] {dag.py:3239} INFO - Sync 2 DAGs
[2025-02-14T23:41:21.278+0000] {logging_mixin.py:190} INFO - [2025-02-14T23:41:21.278+0000] {dag.py:4180} INFO - Setting next_dagrun for example_xcom_args to None, run_after=None
[2025-02-14T23:41:21.280+0000] {logging_mixin.py:190} INFO - [2025-02-14T23:41:21.280+0000] {dag.py:4180} INFO - Setting next_dagrun for example_xcom_args_with_operators to None, run_after=None
[2025-02-14T23:41:21.287+0000] {processor.py:208} INFO - Processing /home/airflow/.local/lib/python3.12/site-packages/airflow/example_dags/example_xcomargs.py took 0.043 seconds
[2025-02-14T23:41:51.999+0000] {processor.py:186} INFO - Started process (PID=710) to work on /home/airflow/.local/lib/python3.12/site-packages/airflow/example_dags/example_xcomargs.py
[2025-02-14T23:41:52.003+0000] {processor.py:914} INFO - Processing file /home/airflow/.local/lib/python3.12/site-packages/airflow/example_dags/example_xcomargs.py for tasks to queue
[2025-02-14T23:41:52.004+0000] {logging_mixin.py:190} INFO - [2025-02-14T23:41:52.004+0000] {dagbag.py:588} INFO - Filling up the DagBag from /home/airflow/.local/lib/python3.12/site-packages/airflow/example_dags/example_xcomargs.py
[2025-02-14T23:41:52.011+0000] {processor.py:925} INFO - DAG(s) 'example_xcom_args_with_operators', 'example_xcom_args' retrieved from /home/airflow/.local/lib/python3.12/site-packages/airflow/example_dags/example_xcomargs.py
[2025-02-14T23:41:52.027+0000] {logging_mixin.py:190} INFO - [2025-02-14T23:41:52.027+0000] {dag.py:3239} INFO - Sync 2 DAGs
[2025-02-14T23:41:52.040+0000] {logging_mixin.py:190} INFO - [2025-02-14T23:41:52.040+0000] {dag.py:4180} INFO - Setting next_dagrun for example_xcom_args to None, run_after=None
[2025-02-14T23:41:52.045+0000] {logging_mixin.py:190} INFO - [2025-02-14T23:41:52.045+0000] {dag.py:4180} INFO - Setting next_dagrun for example_xcom_args_with_operators to None, run_after=None
[2025-02-14T23:41:52.057+0000] {processor.py:208} INFO - Processing /home/airflow/.local/lib/python3.12/site-packages/airflow/example_dags/example_xcomargs.py took 0.061 seconds
[2025-02-14T23:42:22.373+0000] {processor.py:186} INFO - Started process (PID=773) to work on /home/airflow/.local/lib/python3.12/site-packages/airflow/example_dags/example_xcomargs.py
[2025-02-14T23:42:22.374+0000] {processor.py:914} INFO - Processing file /home/airflow/.local/lib/python3.12/site-packages/airflow/example_dags/example_xcomargs.py for tasks to queue
[2025-02-14T23:42:22.377+0000] {logging_mixin.py:190} INFO - [2025-02-14T23:42:22.376+0000] {dagbag.py:588} INFO - Filling up the DagBag from /home/airflow/.local/lib/python3.12/site-packages/airflow/example_dags/example_xcomargs.py
[2025-02-14T23:42:22.386+0000] {processor.py:925} INFO - DAG(s) 'example_xcom_args_with_operators', 'example_xcom_args' retrieved from /home/airflow/.local/lib/python3.12/site-packages/airflow/example_dags/example_xcomargs.py
[2025-02-14T23:42:22.406+0000] {logging_mixin.py:190} INFO - [2025-02-14T23:42:22.406+0000] {dag.py:3239} INFO - Sync 2 DAGs
[2025-02-14T23:42:22.418+0000] {logging_mixin.py:190} INFO - [2025-02-14T23:42:22.417+0000] {dag.py:4180} INFO - Setting next_dagrun for example_xcom_args to None, run_after=None
[2025-02-14T23:42:22.421+0000] {logging_mixin.py:190} INFO - [2025-02-14T23:42:22.421+0000] {dag.py:4180} INFO - Setting next_dagrun for example_xcom_args_with_operators to None, run_after=None
[2025-02-14T23:42:22.431+0000] {processor.py:208} INFO - Processing /home/airflow/.local/lib/python3.12/site-packages/airflow/example_dags/example_xcomargs.py took 0.063 seconds
[2025-02-14T23:42:53.223+0000] {processor.py:186} INFO - Started process (PID=836) to work on /home/airflow/.local/lib/python3.12/site-packages/airflow/example_dags/example_xcomargs.py
[2025-02-14T23:42:53.225+0000] {processor.py:914} INFO - Processing file /home/airflow/.local/lib/python3.12/site-packages/airflow/example_dags/example_xcomargs.py for tasks to queue
[2025-02-14T23:42:53.227+0000] {logging_mixin.py:190} INFO - [2025-02-14T23:42:53.227+0000] {dagbag.py:588} INFO - Filling up the DagBag from /home/airflow/.local/lib/python3.12/site-packages/airflow/example_dags/example_xcomargs.py
[2025-02-14T23:42:53.236+0000] {processor.py:925} INFO - DAG(s) 'example_xcom_args_with_operators', 'example_xcom_args' retrieved from /home/airflow/.local/lib/python3.12/site-packages/airflow/example_dags/example_xcomargs.py
[2025-02-14T23:42:53.256+0000] {logging_mixin.py:190} INFO - [2025-02-14T23:42:53.255+0000] {dag.py:3239} INFO - Sync 2 DAGs
[2025-02-14T23:42:53.267+0000] {logging_mixin.py:190} INFO - [2025-02-14T23:42:53.267+0000] {dag.py:4180} INFO - Setting next_dagrun for example_xcom_args to None, run_after=None
[2025-02-14T23:42:53.269+0000] {logging_mixin.py:190} INFO - [2025-02-14T23:42:53.269+0000] {dag.py:4180} INFO - Setting next_dagrun for example_xcom_args_with_operators to None, run_after=None
[2025-02-14T23:42:53.278+0000] {processor.py:208} INFO - Processing /home/airflow/.local/lib/python3.12/site-packages/airflow/example_dags/example_xcomargs.py took 0.060 seconds
[2025-02-14T23:43:24.039+0000] {processor.py:186} INFO - Started process (PID=899) to work on /home/airflow/.local/lib/python3.12/site-packages/airflow/example_dags/example_xcomargs.py
[2025-02-14T23:43:24.041+0000] {processor.py:914} INFO - Processing file /home/airflow/.local/lib/python3.12/site-packages/airflow/example_dags/example_xcomargs.py for tasks to queue
[2025-02-14T23:43:24.043+0000] {logging_mixin.py:190} INFO - [2025-02-14T23:43:24.043+0000] {dagbag.py:588} INFO - Filling up the DagBag from /home/airflow/.local/lib/python3.12/site-packages/airflow/example_dags/example_xcomargs.py
[2025-02-14T23:43:24.050+0000] {processor.py:925} INFO - DAG(s) 'example_xcom_args', 'example_xcom_args_with_operators' retrieved from /home/airflow/.local/lib/python3.12/site-packages/airflow/example_dags/example_xcomargs.py
[2025-02-14T23:43:24.065+0000] {logging_mixin.py:190} INFO - [2025-02-14T23:43:24.065+0000] {dag.py:3239} INFO - Sync 2 DAGs
[2025-02-14T23:43:24.077+0000] {logging_mixin.py:190} INFO - [2025-02-14T23:43:24.077+0000] {dag.py:4180} INFO - Setting next_dagrun for example_xcom_args to None, run_after=None
[2025-02-14T23:43:24.079+0000] {logging_mixin.py:190} INFO - [2025-02-14T23:43:24.079+0000] {dag.py:4180} INFO - Setting next_dagrun for example_xcom_args_with_operators to None, run_after=None
[2025-02-14T23:43:24.089+0000] {processor.py:208} INFO - Processing /home/airflow/.local/lib/python3.12/site-packages/airflow/example_dags/example_xcomargs.py took 0.054 seconds
[2025-02-14T23:43:54.627+0000] {processor.py:186} INFO - Started process (PID=962) to work on /home/airflow/.local/lib/python3.12/site-packages/airflow/example_dags/example_xcomargs.py
[2025-02-14T23:43:54.628+0000] {processor.py:914} INFO - Processing file /home/airflow/.local/lib/python3.12/site-packages/airflow/example_dags/example_xcomargs.py for tasks to queue
[2025-02-14T23:43:54.631+0000] {logging_mixin.py:190} INFO - [2025-02-14T23:43:54.631+0000] {dagbag.py:588} INFO - Filling up the DagBag from /home/airflow/.local/lib/python3.12/site-packages/airflow/example_dags/example_xcomargs.py
[2025-02-14T23:43:54.638+0000] {processor.py:925} INFO - DAG(s) 'example_xcom_args_with_operators', 'example_xcom_args' retrieved from /home/airflow/.local/lib/python3.12/site-packages/airflow/example_dags/example_xcomargs.py
[2025-02-14T23:43:54.652+0000] {logging_mixin.py:190} INFO - [2025-02-14T23:43:54.652+0000] {dag.py:3239} INFO - Sync 2 DAGs
[2025-02-14T23:43:54.663+0000] {logging_mixin.py:190} INFO - [2025-02-14T23:43:54.663+0000] {dag.py:4180} INFO - Setting next_dagrun for example_xcom_args to None, run_after=None
[2025-02-14T23:43:54.667+0000] {logging_mixin.py:190} INFO - [2025-02-14T23:43:54.667+0000] {dag.py:4180} INFO - Setting next_dagrun for example_xcom_args_with_operators to None, run_after=None
[2025-02-14T23:43:54.677+0000] {processor.py:208} INFO - Processing /home/airflow/.local/lib/python3.12/site-packages/airflow/example_dags/example_xcomargs.py took 0.054 seconds
[2025-02-14T23:44:25.378+0000] {processor.py:186} INFO - Started process (PID=1024) to work on /home/airflow/.local/lib/python3.12/site-packages/airflow/example_dags/example_xcomargs.py
[2025-02-14T23:44:25.380+0000] {processor.py:914} INFO - Processing file /home/airflow/.local/lib/python3.12/site-packages/airflow/example_dags/example_xcomargs.py for tasks to queue
[2025-02-14T23:44:25.383+0000] {logging_mixin.py:190} INFO - [2025-02-14T23:44:25.383+0000] {dagbag.py:588} INFO - Filling up the DagBag from /home/airflow/.local/lib/python3.12/site-packages/airflow/example_dags/example_xcomargs.py
[2025-02-14T23:44:25.390+0000] {processor.py:925} INFO - DAG(s) 'example_xcom_args', 'example_xcom_args_with_operators' retrieved from /home/airflow/.local/lib/python3.12/site-packages/airflow/example_dags/example_xcomargs.py
[2025-02-14T23:44:25.406+0000] {logging_mixin.py:190} INFO - [2025-02-14T23:44:25.405+0000] {dag.py:3239} INFO - Sync 2 DAGs
[2025-02-14T23:44:25.415+0000] {logging_mixin.py:190} INFO - [2025-02-14T23:44:25.414+0000] {dag.py:4180} INFO - Setting next_dagrun for example_xcom_args to None, run_after=None
[2025-02-14T23:44:25.417+0000] {logging_mixin.py:190} INFO - [2025-02-14T23:44:25.417+0000] {dag.py:4180} INFO - Setting next_dagrun for example_xcom_args_with_operators to None, run_after=None
[2025-02-14T23:44:25.425+0000] {processor.py:208} INFO - Processing /home/airflow/.local/lib/python3.12/site-packages/airflow/example_dags/example_xcomargs.py took 0.051 seconds
[2025-02-14T23:44:56.291+0000] {processor.py:186} INFO - Started process (PID=1087) to work on /home/airflow/.local/lib/python3.12/site-packages/airflow/example_dags/example_xcomargs.py
[2025-02-14T23:44:56.291+0000] {processor.py:914} INFO - Processing file /home/airflow/.local/lib/python3.12/site-packages/airflow/example_dags/example_xcomargs.py for tasks to queue
[2025-02-14T23:44:56.293+0000] {logging_mixin.py:190} INFO - [2025-02-14T23:44:56.293+0000] {dagbag.py:588} INFO - Filling up the DagBag from /home/airflow/.local/lib/python3.12/site-packages/airflow/example_dags/example_xcomargs.py
[2025-02-14T23:44:56.300+0000] {processor.py:925} INFO - DAG(s) 'example_xcom_args_with_operators', 'example_xcom_args' retrieved from /home/airflow/.local/lib/python3.12/site-packages/airflow/example_dags/example_xcomargs.py
[2025-02-14T23:44:56.315+0000] {logging_mixin.py:190} INFO - [2025-02-14T23:44:56.314+0000] {dag.py:3239} INFO - Sync 2 DAGs
[2025-02-14T23:44:56.324+0000] {logging_mixin.py:190} INFO - [2025-02-14T23:44:56.323+0000] {dag.py:4180} INFO - Setting next_dagrun for example_xcom_args to None, run_after=None
[2025-02-14T23:44:56.326+0000] {logging_mixin.py:190} INFO - [2025-02-14T23:44:56.326+0000] {dag.py:4180} INFO - Setting next_dagrun for example_xcom_args_with_operators to None, run_after=None
[2025-02-14T23:44:56.334+0000] {processor.py:208} INFO - Processing /home/airflow/.local/lib/python3.12/site-packages/airflow/example_dags/example_xcomargs.py took 0.047 seconds
[2025-02-14T23:45:26.455+0000] {processor.py:186} INFO - Started process (PID=1150) to work on /home/airflow/.local/lib/python3.12/site-packages/airflow/example_dags/example_xcomargs.py
[2025-02-14T23:45:26.455+0000] {processor.py:914} INFO - Processing file /home/airflow/.local/lib/python3.12/site-packages/airflow/example_dags/example_xcomargs.py for tasks to queue
[2025-02-14T23:45:26.457+0000] {logging_mixin.py:190} INFO - [2025-02-14T23:45:26.457+0000] {dagbag.py:588} INFO - Filling up the DagBag from /home/airflow/.local/lib/python3.12/site-packages/airflow/example_dags/example_xcomargs.py
[2025-02-14T23:45:26.463+0000] {processor.py:925} INFO - DAG(s) 'example_xcom_args_with_operators', 'example_xcom_args' retrieved from /home/airflow/.local/lib/python3.12/site-packages/airflow/example_dags/example_xcomargs.py
[2025-02-14T23:45:26.477+0000] {logging_mixin.py:190} INFO - [2025-02-14T23:45:26.477+0000] {dag.py:3239} INFO - Sync 2 DAGs
[2025-02-14T23:45:26.485+0000] {logging_mixin.py:190} INFO - [2025-02-14T23:45:26.485+0000] {dag.py:4180} INFO - Setting next_dagrun for example_xcom_args to None, run_after=None
[2025-02-14T23:45:26.487+0000] {logging_mixin.py:190} INFO - [2025-02-14T23:45:26.487+0000] {dag.py:4180} INFO - Setting next_dagrun for example_xcom_args_with_operators to None, run_after=None
[2025-02-14T23:45:26.495+0000] {processor.py:208} INFO - Processing /home/airflow/.local/lib/python3.12/site-packages/airflow/example_dags/example_xcomargs.py took 0.045 seconds
[2025-02-14T23:45:56.728+0000] {processor.py:186} INFO - Started process (PID=1213) to work on /home/airflow/.local/lib/python3.12/site-packages/airflow/example_dags/example_xcomargs.py
[2025-02-14T23:45:56.729+0000] {processor.py:914} INFO - Processing file /home/airflow/.local/lib/python3.12/site-packages/airflow/example_dags/example_xcomargs.py for tasks to queue
[2025-02-14T23:45:56.731+0000] {logging_mixin.py:190} INFO - [2025-02-14T23:45:56.731+0000] {dagbag.py:588} INFO - Filling up the DagBag from /home/airflow/.local/lib/python3.12/site-packages/airflow/example_dags/example_xcomargs.py
[2025-02-14T23:45:56.737+0000] {processor.py:925} INFO - DAG(s) 'example_xcom_args', 'example_xcom_args_with_operators' retrieved from /home/airflow/.local/lib/python3.12/site-packages/airflow/example_dags/example_xcomargs.py
[2025-02-14T23:45:56.752+0000] {logging_mixin.py:190} INFO - [2025-02-14T23:45:56.751+0000] {dag.py:3239} INFO - Sync 2 DAGs
[2025-02-14T23:45:56.762+0000] {logging_mixin.py:190} INFO - [2025-02-14T23:45:56.762+0000] {dag.py:4180} INFO - Setting next_dagrun for example_xcom_args to None, run_after=None
[2025-02-14T23:45:56.767+0000] {logging_mixin.py:190} INFO - [2025-02-14T23:45:56.767+0000] {dag.py:4180} INFO - Setting next_dagrun for example_xcom_args_with_operators to None, run_after=None
[2025-02-14T23:45:56.776+0000] {processor.py:208} INFO - Processing /home/airflow/.local/lib/python3.12/site-packages/airflow/example_dags/example_xcomargs.py took 0.052 seconds
[2025-02-14T23:46:26.987+0000] {processor.py:186} INFO - Started process (PID=1276) to work on /home/airflow/.local/lib/python3.12/site-packages/airflow/example_dags/example_xcomargs.py
[2025-02-14T23:46:26.989+0000] {processor.py:914} INFO - Processing file /home/airflow/.local/lib/python3.12/site-packages/airflow/example_dags/example_xcomargs.py for tasks to queue
[2025-02-14T23:46:26.990+0000] {logging_mixin.py:190} INFO - [2025-02-14T23:46:26.990+0000] {dagbag.py:588} INFO - Filling up the DagBag from /home/airflow/.local/lib/python3.12/site-packages/airflow/example_dags/example_xcomargs.py
[2025-02-14T23:46:26.998+0000] {processor.py:925} INFO - DAG(s) 'example_xcom_args', 'example_xcom_args_with_operators' retrieved from /home/airflow/.local/lib/python3.12/site-packages/airflow/example_dags/example_xcomargs.py
[2025-02-14T23:46:27.013+0000] {logging_mixin.py:190} INFO - [2025-02-14T23:46:27.012+0000] {dag.py:3239} INFO - Sync 2 DAGs
[2025-02-14T23:46:27.021+0000] {logging_mixin.py:190} INFO - [2025-02-14T23:46:27.021+0000] {dag.py:4180} INFO - Setting next_dagrun for example_xcom_args to None, run_after=None
[2025-02-14T23:46:27.023+0000] {logging_mixin.py:190} INFO - [2025-02-14T23:46:27.023+0000] {dag.py:4180} INFO - Setting next_dagrun for example_xcom_args_with_operators to None, run_after=None
[2025-02-14T23:46:27.031+0000] {processor.py:208} INFO - Processing /home/airflow/.local/lib/python3.12/site-packages/airflow/example_dags/example_xcomargs.py took 0.048 seconds
[2025-02-14T23:46:57.517+0000] {processor.py:186} INFO - Started process (PID=1339) to work on /home/airflow/.local/lib/python3.12/site-packages/airflow/example_dags/example_xcomargs.py
[2025-02-14T23:46:57.519+0000] {processor.py:914} INFO - Processing file /home/airflow/.local/lib/python3.12/site-packages/airflow/example_dags/example_xcomargs.py for tasks to queue
[2025-02-14T23:46:57.520+0000] {logging_mixin.py:190} INFO - [2025-02-14T23:46:57.520+0000] {dagbag.py:588} INFO - Filling up the DagBag from /home/airflow/.local/lib/python3.12/site-packages/airflow/example_dags/example_xcomargs.py
[2025-02-14T23:46:57.527+0000] {processor.py:925} INFO - DAG(s) 'example_xcom_args_with_operators', 'example_xcom_args' retrieved from /home/airflow/.local/lib/python3.12/site-packages/airflow/example_dags/example_xcomargs.py
[2025-02-14T23:46:57.541+0000] {logging_mixin.py:190} INFO - [2025-02-14T23:46:57.541+0000] {dag.py:3239} INFO - Sync 2 DAGs
[2025-02-14T23:46:57.551+0000] {logging_mixin.py:190} INFO - [2025-02-14T23:46:57.551+0000] {dag.py:4180} INFO - Setting next_dagrun for example_xcom_args to None, run_after=None
[2025-02-14T23:46:57.553+0000] {logging_mixin.py:190} INFO - [2025-02-14T23:46:57.553+0000] {dag.py:4180} INFO - Setting next_dagrun for example_xcom_args_with_operators to None, run_after=None
[2025-02-14T23:46:57.561+0000] {processor.py:208} INFO - Processing /home/airflow/.local/lib/python3.12/site-packages/airflow/example_dags/example_xcomargs.py took 0.048 seconds
[2025-02-14T23:47:28.093+0000] {processor.py:186} INFO - Started process (PID=1401) to work on /home/airflow/.local/lib/python3.12/site-packages/airflow/example_dags/example_xcomargs.py
[2025-02-14T23:47:28.094+0000] {processor.py:914} INFO - Processing file /home/airflow/.local/lib/python3.12/site-packages/airflow/example_dags/example_xcomargs.py for tasks to queue
[2025-02-14T23:47:28.097+0000] {logging_mixin.py:190} INFO - [2025-02-14T23:47:28.097+0000] {dagbag.py:588} INFO - Filling up the DagBag from /home/airflow/.local/lib/python3.12/site-packages/airflow/example_dags/example_xcomargs.py
[2025-02-14T23:47:28.110+0000] {processor.py:925} INFO - DAG(s) 'example_xcom_args_with_operators', 'example_xcom_args' retrieved from /home/airflow/.local/lib/python3.12/site-packages/airflow/example_dags/example_xcomargs.py
[2025-02-14T23:47:28.132+0000] {logging_mixin.py:190} INFO - [2025-02-14T23:47:28.132+0000] {dag.py:3239} INFO - Sync 2 DAGs
[2025-02-14T23:47:28.145+0000] {logging_mixin.py:190} INFO - [2025-02-14T23:47:28.144+0000] {dag.py:4180} INFO - Setting next_dagrun for example_xcom_args to None, run_after=None
[2025-02-14T23:47:28.149+0000] {logging_mixin.py:190} INFO - [2025-02-14T23:47:28.148+0000] {dag.py:4180} INFO - Setting next_dagrun for example_xcom_args_with_operators to None, run_after=None
[2025-02-14T23:47:28.160+0000] {processor.py:208} INFO - Processing /home/airflow/.local/lib/python3.12/site-packages/airflow/example_dags/example_xcomargs.py took 0.074 seconds
[2025-02-14T23:47:58.602+0000] {processor.py:186} INFO - Started process (PID=1464) to work on /home/airflow/.local/lib/python3.12/site-packages/airflow/example_dags/example_xcomargs.py
[2025-02-14T23:47:58.602+0000] {processor.py:914} INFO - Processing file /home/airflow/.local/lib/python3.12/site-packages/airflow/example_dags/example_xcomargs.py for tasks to queue
[2025-02-14T23:47:58.604+0000] {logging_mixin.py:190} INFO - [2025-02-14T23:47:58.604+0000] {dagbag.py:588} INFO - Filling up the DagBag from /home/airflow/.local/lib/python3.12/site-packages/airflow/example_dags/example_xcomargs.py
[2025-02-14T23:47:58.611+0000] {processor.py:925} INFO - DAG(s) 'example_xcom_args', 'example_xcom_args_with_operators' retrieved from /home/airflow/.local/lib/python3.12/site-packages/airflow/example_dags/example_xcomargs.py
[2025-02-14T23:47:58.626+0000] {logging_mixin.py:190} INFO - [2025-02-14T23:47:58.626+0000] {dag.py:3239} INFO - Sync 2 DAGs
[2025-02-14T23:47:58.640+0000] {logging_mixin.py:190} INFO - [2025-02-14T23:47:58.640+0000] {dag.py:4180} INFO - Setting next_dagrun for example_xcom_args to None, run_after=None
[2025-02-14T23:47:58.643+0000] {logging_mixin.py:190} INFO - [2025-02-14T23:47:58.643+0000] {dag.py:4180} INFO - Setting next_dagrun for example_xcom_args_with_operators to None, run_after=None
[2025-02-14T23:47:58.652+0000] {processor.py:208} INFO - Processing /home/airflow/.local/lib/python3.12/site-packages/airflow/example_dags/example_xcomargs.py took 0.055 seconds
[2025-02-14T23:48:28.986+0000] {processor.py:186} INFO - Started process (PID=1527) to work on /home/airflow/.local/lib/python3.12/site-packages/airflow/example_dags/example_xcomargs.py
[2025-02-14T23:48:28.987+0000] {processor.py:914} INFO - Processing file /home/airflow/.local/lib/python3.12/site-packages/airflow/example_dags/example_xcomargs.py for tasks to queue
[2025-02-14T23:48:28.989+0000] {logging_mixin.py:190} INFO - [2025-02-14T23:48:28.988+0000] {dagbag.py:588} INFO - Filling up the DagBag from /home/airflow/.local/lib/python3.12/site-packages/airflow/example_dags/example_xcomargs.py
[2025-02-14T23:48:28.995+0000] {processor.py:925} INFO - DAG(s) 'example_xcom_args_with_operators', 'example_xcom_args' retrieved from /home/airflow/.local/lib/python3.12/site-packages/airflow/example_dags/example_xcomargs.py
[2025-02-14T23:48:29.011+0000] {logging_mixin.py:190} INFO - [2025-02-14T23:48:29.011+0000] {dag.py:3239} INFO - Sync 2 DAGs
[2025-02-14T23:48:29.020+0000] {logging_mixin.py:190} INFO - [2025-02-14T23:48:29.020+0000] {dag.py:4180} INFO - Setting next_dagrun for example_xcom_args to None, run_after=None
[2025-02-14T23:48:29.023+0000] {logging_mixin.py:190} INFO - [2025-02-14T23:48:29.023+0000] {dag.py:4180} INFO - Setting next_dagrun for example_xcom_args_with_operators to None, run_after=None
[2025-02-14T23:48:29.034+0000] {processor.py:208} INFO - Processing /home/airflow/.local/lib/python3.12/site-packages/airflow/example_dags/example_xcomargs.py took 0.051 seconds
[2025-02-14T23:48:59.205+0000] {processor.py:186} INFO - Started process (PID=1590) to work on /home/airflow/.local/lib/python3.12/site-packages/airflow/example_dags/example_xcomargs.py
[2025-02-14T23:48:59.206+0000] {processor.py:914} INFO - Processing file /home/airflow/.local/lib/python3.12/site-packages/airflow/example_dags/example_xcomargs.py for tasks to queue
[2025-02-14T23:48:59.208+0000] {logging_mixin.py:190} INFO - [2025-02-14T23:48:59.208+0000] {dagbag.py:588} INFO - Filling up the DagBag from /home/airflow/.local/lib/python3.12/site-packages/airflow/example_dags/example_xcomargs.py
[2025-02-14T23:48:59.214+0000] {processor.py:925} INFO - DAG(s) 'example_xcom_args_with_operators', 'example_xcom_args' retrieved from /home/airflow/.local/lib/python3.12/site-packages/airflow/example_dags/example_xcomargs.py
[2025-02-14T23:48:59.230+0000] {logging_mixin.py:190} INFO - [2025-02-14T23:48:59.230+0000] {dag.py:3239} INFO - Sync 2 DAGs
[2025-02-14T23:48:59.238+0000] {logging_mixin.py:190} INFO - [2025-02-14T23:48:59.238+0000] {dag.py:4180} INFO - Setting next_dagrun for example_xcom_args to None, run_after=None
[2025-02-14T23:48:59.241+0000] {logging_mixin.py:190} INFO - [2025-02-14T23:48:59.241+0000] {dag.py:4180} INFO - Setting next_dagrun for example_xcom_args_with_operators to None, run_after=None
[2025-02-14T23:48:59.252+0000] {processor.py:208} INFO - Processing /home/airflow/.local/lib/python3.12/site-packages/airflow/example_dags/example_xcomargs.py took 0.051 seconds
[2025-02-14T23:49:29.473+0000] {processor.py:186} INFO - Started process (PID=1653) to work on /home/airflow/.local/lib/python3.12/site-packages/airflow/example_dags/example_xcomargs.py
[2025-02-14T23:49:29.474+0000] {processor.py:914} INFO - Processing file /home/airflow/.local/lib/python3.12/site-packages/airflow/example_dags/example_xcomargs.py for tasks to queue
[2025-02-14T23:49:29.476+0000] {logging_mixin.py:190} INFO - [2025-02-14T23:49:29.475+0000] {dagbag.py:588} INFO - Filling up the DagBag from /home/airflow/.local/lib/python3.12/site-packages/airflow/example_dags/example_xcomargs.py
[2025-02-14T23:49:29.482+0000] {processor.py:925} INFO - DAG(s) 'example_xcom_args_with_operators', 'example_xcom_args' retrieved from /home/airflow/.local/lib/python3.12/site-packages/airflow/example_dags/example_xcomargs.py
[2025-02-14T23:49:29.497+0000] {logging_mixin.py:190} INFO - [2025-02-14T23:49:29.497+0000] {dag.py:3239} INFO - Sync 2 DAGs
[2025-02-14T23:49:29.507+0000] {logging_mixin.py:190} INFO - [2025-02-14T23:49:29.507+0000] {dag.py:4180} INFO - Setting next_dagrun for example_xcom_args to None, run_after=None
[2025-02-14T23:49:29.512+0000] {logging_mixin.py:190} INFO - [2025-02-14T23:49:29.512+0000] {dag.py:4180} INFO - Setting next_dagrun for example_xcom_args_with_operators to None, run_after=None
[2025-02-14T23:49:29.523+0000] {processor.py:208} INFO - Processing /home/airflow/.local/lib/python3.12/site-packages/airflow/example_dags/example_xcomargs.py took 0.054 seconds
[2025-02-14T23:49:59.848+0000] {processor.py:186} INFO - Started process (PID=1716) to work on /home/airflow/.local/lib/python3.12/site-packages/airflow/example_dags/example_xcomargs.py
[2025-02-14T23:49:59.849+0000] {processor.py:914} INFO - Processing file /home/airflow/.local/lib/python3.12/site-packages/airflow/example_dags/example_xcomargs.py for tasks to queue
[2025-02-14T23:49:59.851+0000] {logging_mixin.py:190} INFO - [2025-02-14T23:49:59.850+0000] {dagbag.py:588} INFO - Filling up the DagBag from /home/airflow/.local/lib/python3.12/site-packages/airflow/example_dags/example_xcomargs.py
[2025-02-14T23:49:59.859+0000] {processor.py:925} INFO - DAG(s) 'example_xcom_args', 'example_xcom_args_with_operators' retrieved from /home/airflow/.local/lib/python3.12/site-packages/airflow/example_dags/example_xcomargs.py
[2025-02-14T23:49:59.875+0000] {logging_mixin.py:190} INFO - [2025-02-14T23:49:59.875+0000] {dag.py:3239} INFO - Sync 2 DAGs
[2025-02-14T23:49:59.884+0000] {logging_mixin.py:190} INFO - [2025-02-14T23:49:59.884+0000] {dag.py:4180} INFO - Setting next_dagrun for example_xcom_args to None, run_after=None
[2025-02-14T23:49:59.887+0000] {logging_mixin.py:190} INFO - [2025-02-14T23:49:59.887+0000] {dag.py:4180} INFO - Setting next_dagrun for example_xcom_args_with_operators to None, run_after=None
[2025-02-14T23:49:59.897+0000] {processor.py:208} INFO - Processing /home/airflow/.local/lib/python3.12/site-packages/airflow/example_dags/example_xcomargs.py took 0.053 seconds
[2025-02-14T23:50:30.715+0000] {processor.py:186} INFO - Started process (PID=1779) to work on /home/airflow/.local/lib/python3.12/site-packages/airflow/example_dags/example_xcomargs.py
[2025-02-14T23:50:30.716+0000] {processor.py:914} INFO - Processing file /home/airflow/.local/lib/python3.12/site-packages/airflow/example_dags/example_xcomargs.py for tasks to queue
[2025-02-14T23:50:30.718+0000] {logging_mixin.py:190} INFO - [2025-02-14T23:50:30.718+0000] {dagbag.py:588} INFO - Filling up the DagBag from /home/airflow/.local/lib/python3.12/site-packages/airflow/example_dags/example_xcomargs.py
[2025-02-14T23:50:30.725+0000] {processor.py:925} INFO - DAG(s) 'example_xcom_args', 'example_xcom_args_with_operators' retrieved from /home/airflow/.local/lib/python3.12/site-packages/airflow/example_dags/example_xcomargs.py
[2025-02-14T23:50:30.741+0000] {logging_mixin.py:190} INFO - [2025-02-14T23:50:30.740+0000] {dag.py:3239} INFO - Sync 2 DAGs
[2025-02-14T23:50:30.751+0000] {logging_mixin.py:190} INFO - [2025-02-14T23:50:30.750+0000] {dag.py:4180} INFO - Setting next_dagrun for example_xcom_args to None, run_after=None
[2025-02-14T23:50:30.754+0000] {logging_mixin.py:190} INFO - [2025-02-14T23:50:30.754+0000] {dag.py:4180} INFO - Setting next_dagrun for example_xcom_args_with_operators to None, run_after=None
[2025-02-14T23:50:30.766+0000] {processor.py:208} INFO - Processing /home/airflow/.local/lib/python3.12/site-packages/airflow/example_dags/example_xcomargs.py took 0.055 seconds
[2025-02-14T23:51:01.235+0000] {processor.py:186} INFO - Started process (PID=1842) to work on /home/airflow/.local/lib/python3.12/site-packages/airflow/example_dags/example_xcomargs.py
[2025-02-14T23:51:01.236+0000] {processor.py:914} INFO - Processing file /home/airflow/.local/lib/python3.12/site-packages/airflow/example_dags/example_xcomargs.py for tasks to queue
[2025-02-14T23:51:01.238+0000] {logging_mixin.py:190} INFO - [2025-02-14T23:51:01.238+0000] {dagbag.py:588} INFO - Filling up the DagBag from /home/airflow/.local/lib/python3.12/site-packages/airflow/example_dags/example_xcomargs.py
[2025-02-14T23:51:01.245+0000] {processor.py:925} INFO - DAG(s) 'example_xcom_args', 'example_xcom_args_with_operators' retrieved from /home/airflow/.local/lib/python3.12/site-packages/airflow/example_dags/example_xcomargs.py
[2025-02-14T23:51:01.259+0000] {logging_mixin.py:190} INFO - [2025-02-14T23:51:01.259+0000] {dag.py:3239} INFO - Sync 2 DAGs
[2025-02-14T23:51:01.269+0000] {logging_mixin.py:190} INFO - [2025-02-14T23:51:01.269+0000] {dag.py:4180} INFO - Setting next_dagrun for example_xcom_args to None, run_after=None
[2025-02-14T23:51:01.275+0000] {logging_mixin.py:190} INFO - [2025-02-14T23:51:01.275+0000] {dag.py:4180} INFO - Setting next_dagrun for example_xcom_args_with_operators to None, run_after=None
[2025-02-14T23:51:01.286+0000] {processor.py:208} INFO - Processing /home/airflow/.local/lib/python3.12/site-packages/airflow/example_dags/example_xcomargs.py took 0.055 seconds
[2025-02-14T23:51:31.550+0000] {processor.py:186} INFO - Started process (PID=1905) to work on /home/airflow/.local/lib/python3.12/site-packages/airflow/example_dags/example_xcomargs.py
[2025-02-14T23:51:31.551+0000] {processor.py:914} INFO - Processing file /home/airflow/.local/lib/python3.12/site-packages/airflow/example_dags/example_xcomargs.py for tasks to queue
[2025-02-14T23:51:31.553+0000] {logging_mixin.py:190} INFO - [2025-02-14T23:51:31.553+0000] {dagbag.py:588} INFO - Filling up the DagBag from /home/airflow/.local/lib/python3.12/site-packages/airflow/example_dags/example_xcomargs.py
[2025-02-14T23:51:31.559+0000] {processor.py:925} INFO - DAG(s) 'example_xcom_args_with_operators', 'example_xcom_args' retrieved from /home/airflow/.local/lib/python3.12/site-packages/airflow/example_dags/example_xcomargs.py
[2025-02-14T23:51:31.575+0000] {logging_mixin.py:190} INFO - [2025-02-14T23:51:31.575+0000] {dag.py:3239} INFO - Sync 2 DAGs
[2025-02-14T23:51:31.585+0000] {logging_mixin.py:190} INFO - [2025-02-14T23:51:31.585+0000] {dag.py:4180} INFO - Setting next_dagrun for example_xcom_args to None, run_after=None
[2025-02-14T23:51:31.589+0000] {logging_mixin.py:190} INFO - [2025-02-14T23:51:31.589+0000] {dag.py:4180} INFO - Setting next_dagrun for example_xcom_args_with_operators to None, run_after=None
[2025-02-14T23:51:31.599+0000] {processor.py:208} INFO - Processing /home/airflow/.local/lib/python3.12/site-packages/airflow/example_dags/example_xcomargs.py took 0.054 seconds
[2025-02-14T23:52:01.845+0000] {processor.py:186} INFO - Started process (PID=1968) to work on /home/airflow/.local/lib/python3.12/site-packages/airflow/example_dags/example_xcomargs.py
[2025-02-14T23:52:01.848+0000] {processor.py:914} INFO - Processing file /home/airflow/.local/lib/python3.12/site-packages/airflow/example_dags/example_xcomargs.py for tasks to queue
[2025-02-14T23:52:01.851+0000] {logging_mixin.py:190} INFO - [2025-02-14T23:52:01.850+0000] {dagbag.py:588} INFO - Filling up the DagBag from /home/airflow/.local/lib/python3.12/site-packages/airflow/example_dags/example_xcomargs.py
[2025-02-14T23:52:01.858+0000] {processor.py:925} INFO - DAG(s) 'example_xcom_args', 'example_xcom_args_with_operators' retrieved from /home/airflow/.local/lib/python3.12/site-packages/airflow/example_dags/example_xcomargs.py
[2025-02-14T23:52:01.873+0000] {logging_mixin.py:190} INFO - [2025-02-14T23:52:01.873+0000] {dag.py:3239} INFO - Sync 2 DAGs
[2025-02-14T23:52:01.884+0000] {logging_mixin.py:190} INFO - [2025-02-14T23:52:01.884+0000] {dag.py:4180} INFO - Setting next_dagrun for example_xcom_args to None, run_after=None
[2025-02-14T23:52:01.887+0000] {logging_mixin.py:190} INFO - [2025-02-14T23:52:01.887+0000] {dag.py:4180} INFO - Setting next_dagrun for example_xcom_args_with_operators to None, run_after=None
[2025-02-14T23:52:01.895+0000] {processor.py:208} INFO - Processing /home/airflow/.local/lib/python3.12/site-packages/airflow/example_dags/example_xcomargs.py took 0.055 seconds
[2025-02-14T23:52:32.678+0000] {processor.py:186} INFO - Started process (PID=2031) to work on /home/airflow/.local/lib/python3.12/site-packages/airflow/example_dags/example_xcomargs.py
[2025-02-14T23:52:32.679+0000] {processor.py:914} INFO - Processing file /home/airflow/.local/lib/python3.12/site-packages/airflow/example_dags/example_xcomargs.py for tasks to queue
[2025-02-14T23:52:32.681+0000] {logging_mixin.py:190} INFO - [2025-02-14T23:52:32.681+0000] {dagbag.py:588} INFO - Filling up the DagBag from /home/airflow/.local/lib/python3.12/site-packages/airflow/example_dags/example_xcomargs.py
[2025-02-14T23:52:32.687+0000] {processor.py:925} INFO - DAG(s) 'example_xcom_args', 'example_xcom_args_with_operators' retrieved from /home/airflow/.local/lib/python3.12/site-packages/airflow/example_dags/example_xcomargs.py
[2025-02-14T23:52:32.705+0000] {logging_mixin.py:190} INFO - [2025-02-14T23:52:32.705+0000] {dag.py:3239} INFO - Sync 2 DAGs
[2025-02-14T23:52:32.714+0000] {logging_mixin.py:190} INFO - [2025-02-14T23:52:32.714+0000] {dag.py:4180} INFO - Setting next_dagrun for example_xcom_args to None, run_after=None
[2025-02-14T23:52:32.717+0000] {logging_mixin.py:190} INFO - [2025-02-14T23:52:32.717+0000] {dag.py:4180} INFO - Setting next_dagrun for example_xcom_args_with_operators to None, run_after=None
[2025-02-14T23:52:32.728+0000] {processor.py:208} INFO - Processing /home/airflow/.local/lib/python3.12/site-packages/airflow/example_dags/example_xcomargs.py took 0.055 seconds
[2025-02-14T23:53:02.857+0000] {processor.py:186} INFO - Started process (PID=2094) to work on /home/airflow/.local/lib/python3.12/site-packages/airflow/example_dags/example_xcomargs.py
[2025-02-14T23:53:02.858+0000] {processor.py:914} INFO - Processing file /home/airflow/.local/lib/python3.12/site-packages/airflow/example_dags/example_xcomargs.py for tasks to queue
[2025-02-14T23:53:02.860+0000] {logging_mixin.py:190} INFO - [2025-02-14T23:53:02.860+0000] {dagbag.py:588} INFO - Filling up the DagBag from /home/airflow/.local/lib/python3.12/site-packages/airflow/example_dags/example_xcomargs.py
[2025-02-14T23:53:02.866+0000] {processor.py:925} INFO - DAG(s) 'example_xcom_args', 'example_xcom_args_with_operators' retrieved from /home/airflow/.local/lib/python3.12/site-packages/airflow/example_dags/example_xcomargs.py
[2025-02-14T23:53:02.881+0000] {logging_mixin.py:190} INFO - [2025-02-14T23:53:02.881+0000] {dag.py:3239} INFO - Sync 2 DAGs
[2025-02-14T23:53:02.893+0000] {logging_mixin.py:190} INFO - [2025-02-14T23:53:02.893+0000] {dag.py:4180} INFO - Setting next_dagrun for example_xcom_args to None, run_after=None
[2025-02-14T23:53:02.900+0000] {logging_mixin.py:190} INFO - [2025-02-14T23:53:02.900+0000] {dag.py:4180} INFO - Setting next_dagrun for example_xcom_args_with_operators to None, run_after=None
[2025-02-14T23:53:02.908+0000] {processor.py:208} INFO - Processing /home/airflow/.local/lib/python3.12/site-packages/airflow/example_dags/example_xcomargs.py took 0.054 seconds
[2025-02-14T23:53:33.315+0000] {processor.py:186} INFO - Started process (PID=2157) to work on /home/airflow/.local/lib/python3.12/site-packages/airflow/example_dags/example_xcomargs.py
[2025-02-14T23:53:33.315+0000] {processor.py:914} INFO - Processing file /home/airflow/.local/lib/python3.12/site-packages/airflow/example_dags/example_xcomargs.py for tasks to queue
[2025-02-14T23:53:33.317+0000] {logging_mixin.py:190} INFO - [2025-02-14T23:53:33.317+0000] {dagbag.py:588} INFO - Filling up the DagBag from /home/airflow/.local/lib/python3.12/site-packages/airflow/example_dags/example_xcomargs.py
[2025-02-14T23:53:33.324+0000] {processor.py:925} INFO - DAG(s) 'example_xcom_args_with_operators', 'example_xcom_args' retrieved from /home/airflow/.local/lib/python3.12/site-packages/airflow/example_dags/example_xcomargs.py
[2025-02-14T23:53:33.338+0000] {logging_mixin.py:190} INFO - [2025-02-14T23:53:33.337+0000] {dag.py:3239} INFO - Sync 2 DAGs
[2025-02-14T23:53:33.347+0000] {logging_mixin.py:190} INFO - [2025-02-14T23:53:33.347+0000] {dag.py:4180} INFO - Setting next_dagrun for example_xcom_args to None, run_after=None
[2025-02-14T23:53:33.349+0000] {logging_mixin.py:190} INFO - [2025-02-14T23:53:33.349+0000] {dag.py:4180} INFO - Setting next_dagrun for example_xcom_args_with_operators to None, run_after=None
[2025-02-14T23:53:33.363+0000] {processor.py:208} INFO - Processing /home/airflow/.local/lib/python3.12/site-packages/airflow/example_dags/example_xcomargs.py took 0.052 seconds
[2025-02-14T23:54:04.015+0000] {processor.py:186} INFO - Started process (PID=2220) to work on /home/airflow/.local/lib/python3.12/site-packages/airflow/example_dags/example_xcomargs.py
[2025-02-14T23:54:04.015+0000] {processor.py:914} INFO - Processing file /home/airflow/.local/lib/python3.12/site-packages/airflow/example_dags/example_xcomargs.py for tasks to queue
[2025-02-14T23:54:04.017+0000] {logging_mixin.py:190} INFO - [2025-02-14T23:54:04.017+0000] {dagbag.py:588} INFO - Filling up the DagBag from /home/airflow/.local/lib/python3.12/site-packages/airflow/example_dags/example_xcomargs.py
[2025-02-14T23:54:04.024+0000] {processor.py:925} INFO - DAG(s) 'example_xcom_args_with_operators', 'example_xcom_args' retrieved from /home/airflow/.local/lib/python3.12/site-packages/airflow/example_dags/example_xcomargs.py
[2025-02-14T23:54:04.039+0000] {logging_mixin.py:190} INFO - [2025-02-14T23:54:04.039+0000] {dag.py:3239} INFO - Sync 2 DAGs
[2025-02-14T23:54:04.048+0000] {logging_mixin.py:190} INFO - [2025-02-14T23:54:04.048+0000] {dag.py:4180} INFO - Setting next_dagrun for example_xcom_args to None, run_after=None
[2025-02-14T23:54:04.050+0000] {logging_mixin.py:190} INFO - [2025-02-14T23:54:04.050+0000] {dag.py:4180} INFO - Setting next_dagrun for example_xcom_args_with_operators to None, run_after=None
[2025-02-14T23:54:04.059+0000] {processor.py:208} INFO - Processing /home/airflow/.local/lib/python3.12/site-packages/airflow/example_dags/example_xcomargs.py took 0.049 seconds
[2025-02-14T23:54:34.132+0000] {processor.py:186} INFO - Started process (PID=2283) to work on /home/airflow/.local/lib/python3.12/site-packages/airflow/example_dags/example_xcomargs.py
[2025-02-14T23:54:34.134+0000] {processor.py:914} INFO - Processing file /home/airflow/.local/lib/python3.12/site-packages/airflow/example_dags/example_xcomargs.py for tasks to queue
[2025-02-14T23:54:34.135+0000] {logging_mixin.py:190} INFO - [2025-02-14T23:54:34.135+0000] {dagbag.py:588} INFO - Filling up the DagBag from /home/airflow/.local/lib/python3.12/site-packages/airflow/example_dags/example_xcomargs.py
[2025-02-14T23:54:34.141+0000] {processor.py:925} INFO - DAG(s) 'example_xcom_args', 'example_xcom_args_with_operators' retrieved from /home/airflow/.local/lib/python3.12/site-packages/airflow/example_dags/example_xcomargs.py
[2025-02-14T23:54:34.158+0000] {logging_mixin.py:190} INFO - [2025-02-14T23:54:34.158+0000] {dag.py:3239} INFO - Sync 2 DAGs
[2025-02-14T23:54:34.167+0000] {logging_mixin.py:190} INFO - [2025-02-14T23:54:34.167+0000] {dag.py:4180} INFO - Setting next_dagrun for example_xcom_args to None, run_after=None
[2025-02-14T23:54:34.173+0000] {logging_mixin.py:190} INFO - [2025-02-14T23:54:34.173+0000] {dag.py:4180} INFO - Setting next_dagrun for example_xcom_args_with_operators to None, run_after=None
[2025-02-14T23:54:34.183+0000] {processor.py:208} INFO - Processing /home/airflow/.local/lib/python3.12/site-packages/airflow/example_dags/example_xcomargs.py took 0.055 seconds
[2025-02-14T23:55:05.902+0000] {processor.py:186} INFO - Started process (PID=2346) to work on /home/airflow/.local/lib/python3.12/site-packages/airflow/example_dags/example_xcomargs.py
[2025-02-14T23:55:05.903+0000] {processor.py:914} INFO - Processing file /home/airflow/.local/lib/python3.12/site-packages/airflow/example_dags/example_xcomargs.py for tasks to queue
[2025-02-14T23:55:05.905+0000] {logging_mixin.py:190} INFO - [2025-02-14T23:55:05.905+0000] {dagbag.py:588} INFO - Filling up the DagBag from /home/airflow/.local/lib/python3.12/site-packages/airflow/example_dags/example_xcomargs.py
[2025-02-14T23:55:05.916+0000] {processor.py:925} INFO - DAG(s) 'example_xcom_args', 'example_xcom_args_with_operators' retrieved from /home/airflow/.local/lib/python3.12/site-packages/airflow/example_dags/example_xcomargs.py
[2025-02-14T23:55:05.934+0000] {logging_mixin.py:190} INFO - [2025-02-14T23:55:05.934+0000] {dag.py:3239} INFO - Sync 2 DAGs
[2025-02-14T23:55:05.945+0000] {logging_mixin.py:190} INFO - [2025-02-14T23:55:05.945+0000] {dag.py:4180} INFO - Setting next_dagrun for example_xcom_args to None, run_after=None
[2025-02-14T23:55:05.948+0000] {logging_mixin.py:190} INFO - [2025-02-14T23:55:05.948+0000] {dag.py:4180} INFO - Setting next_dagrun for example_xcom_args_with_operators to None, run_after=None
[2025-02-14T23:55:05.963+0000] {processor.py:208} INFO - Processing /home/airflow/.local/lib/python3.12/site-packages/airflow/example_dags/example_xcomargs.py took 0.066 seconds
