[2025-02-14T23:36:48.161+0000] {processor.py:186} INFO - Started process (PID=109) to work on /home/airflow/.local/lib/python3.12/site-packages/airflow/example_dags/example_dag_decorator.py
[2025-02-14T23:36:48.163+0000] {processor.py:914} INFO - Processing file /home/airflow/.local/lib/python3.12/site-packages/airflow/example_dags/example_dag_decorator.py for tasks to queue
[2025-02-14T23:36:48.170+0000] {logging_mixin.py:190} INFO - [2025-02-14T23:36:48.169+0000] {dagbag.py:588} INFO - Filling up the DagBag from /home/airflow/.local/lib/python3.12/site-packages/airflow/example_dags/example_dag_decorator.py
[2025-02-14T23:36:48.553+0000] {processor.py:925} INFO - DAG(s) 'example_dag_decorator' retrieved from /home/airflow/.local/lib/python3.12/site-packages/airflow/example_dags/example_dag_decorator.py
[2025-02-14T23:36:48.648+0000] {logging_mixin.py:190} INFO - [2025-02-14T23:36:48.648+0000] {dag.py:3239} INFO - Sync 1 DAGs
[2025-02-14T23:36:48.660+0000] {logging_mixin.py:190} INFO - [2025-02-14T23:36:48.660+0000] {dag.py:4180} INFO - Setting next_dagrun for example_dag_decorator to None, run_after=None
[2025-02-14T23:36:48.680+0000] {processor.py:208} INFO - Processing /home/airflow/.local/lib/python3.12/site-packages/airflow/example_dags/example_dag_decorator.py took 0.524 seconds
[2025-02-14T23:37:19.116+0000] {processor.py:186} INFO - Started process (PID=172) to work on /home/airflow/.local/lib/python3.12/site-packages/airflow/example_dags/example_dag_decorator.py
[2025-02-14T23:37:19.118+0000] {processor.py:914} INFO - Processing file /home/airflow/.local/lib/python3.12/site-packages/airflow/example_dags/example_dag_decorator.py for tasks to queue
[2025-02-14T23:37:19.122+0000] {logging_mixin.py:190} INFO - [2025-02-14T23:37:19.121+0000] {dagbag.py:588} INFO - Filling up the DagBag from /home/airflow/.local/lib/python3.12/site-packages/airflow/example_dags/example_dag_decorator.py
[2025-02-14T23:37:19.208+0000] {processor.py:925} INFO - DAG(s) 'example_dag_decorator' retrieved from /home/airflow/.local/lib/python3.12/site-packages/airflow/example_dags/example_dag_decorator.py
[2025-02-14T23:37:19.306+0000] {logging_mixin.py:190} INFO - [2025-02-14T23:37:19.306+0000] {dag.py:3239} INFO - Sync 1 DAGs
[2025-02-14T23:37:19.317+0000] {logging_mixin.py:190} INFO - [2025-02-14T23:37:19.317+0000] {dag.py:4180} INFO - Setting next_dagrun for example_dag_decorator to None, run_after=None
[2025-02-14T23:37:19.333+0000] {processor.py:208} INFO - Processing /home/airflow/.local/lib/python3.12/site-packages/airflow/example_dags/example_dag_decorator.py took 0.222 seconds
[2025-02-14T23:37:49.992+0000] {processor.py:186} INFO - Started process (PID=235) to work on /home/airflow/.local/lib/python3.12/site-packages/airflow/example_dags/example_dag_decorator.py
[2025-02-14T23:37:49.993+0000] {processor.py:914} INFO - Processing file /home/airflow/.local/lib/python3.12/site-packages/airflow/example_dags/example_dag_decorator.py for tasks to queue
[2025-02-14T23:37:49.996+0000] {logging_mixin.py:190} INFO - [2025-02-14T23:37:49.995+0000] {dagbag.py:588} INFO - Filling up the DagBag from /home/airflow/.local/lib/python3.12/site-packages/airflow/example_dags/example_dag_decorator.py
[2025-02-14T23:37:50.060+0000] {processor.py:925} INFO - DAG(s) 'example_dag_decorator' retrieved from /home/airflow/.local/lib/python3.12/site-packages/airflow/example_dags/example_dag_decorator.py
[2025-02-14T23:37:50.137+0000] {logging_mixin.py:190} INFO - [2025-02-14T23:37:50.137+0000] {dag.py:3239} INFO - Sync 1 DAGs
[2025-02-14T23:37:50.144+0000] {logging_mixin.py:190} INFO - [2025-02-14T23:37:50.144+0000] {dag.py:4180} INFO - Setting next_dagrun for example_dag_decorator to None, run_after=None
[2025-02-14T23:37:50.155+0000] {processor.py:208} INFO - Processing /home/airflow/.local/lib/python3.12/site-packages/airflow/example_dags/example_dag_decorator.py took 0.167 seconds
[2025-02-14T23:38:20.741+0000] {processor.py:186} INFO - Started process (PID=298) to work on /home/airflow/.local/lib/python3.12/site-packages/airflow/example_dags/example_dag_decorator.py
[2025-02-14T23:38:20.743+0000] {processor.py:914} INFO - Processing file /home/airflow/.local/lib/python3.12/site-packages/airflow/example_dags/example_dag_decorator.py for tasks to queue
[2025-02-14T23:38:20.746+0000] {logging_mixin.py:190} INFO - [2025-02-14T23:38:20.746+0000] {dagbag.py:588} INFO - Filling up the DagBag from /home/airflow/.local/lib/python3.12/site-packages/airflow/example_dags/example_dag_decorator.py
[2025-02-14T23:38:20.811+0000] {processor.py:925} INFO - DAG(s) 'example_dag_decorator' retrieved from /home/airflow/.local/lib/python3.12/site-packages/airflow/example_dags/example_dag_decorator.py
[2025-02-14T23:38:20.884+0000] {logging_mixin.py:190} INFO - [2025-02-14T23:38:20.884+0000] {dag.py:3239} INFO - Sync 1 DAGs
[2025-02-14T23:38:20.892+0000] {logging_mixin.py:190} INFO - [2025-02-14T23:38:20.892+0000] {dag.py:4180} INFO - Setting next_dagrun for example_dag_decorator to None, run_after=None
[2025-02-14T23:38:20.911+0000] {processor.py:208} INFO - Processing /home/airflow/.local/lib/python3.12/site-packages/airflow/example_dags/example_dag_decorator.py took 0.174 seconds
[2025-02-14T23:38:52.181+0000] {processor.py:186} INFO - Started process (PID=361) to work on /home/airflow/.local/lib/python3.12/site-packages/airflow/example_dags/example_dag_decorator.py
[2025-02-14T23:38:52.182+0000] {processor.py:914} INFO - Processing file /home/airflow/.local/lib/python3.12/site-packages/airflow/example_dags/example_dag_decorator.py for tasks to queue
[2025-02-14T23:38:52.183+0000] {logging_mixin.py:190} INFO - [2025-02-14T23:38:52.183+0000] {dagbag.py:588} INFO - Filling up the DagBag from /home/airflow/.local/lib/python3.12/site-packages/airflow/example_dags/example_dag_decorator.py
[2025-02-14T23:38:52.239+0000] {processor.py:925} INFO - DAG(s) 'example_dag_decorator' retrieved from /home/airflow/.local/lib/python3.12/site-packages/airflow/example_dags/example_dag_decorator.py
[2025-02-14T23:38:52.301+0000] {logging_mixin.py:190} INFO - [2025-02-14T23:38:52.300+0000] {dag.py:3239} INFO - Sync 1 DAGs
[2025-02-14T23:38:52.307+0000] {logging_mixin.py:190} INFO - [2025-02-14T23:38:52.307+0000] {dag.py:4180} INFO - Setting next_dagrun for example_dag_decorator to None, run_after=None
[2025-02-14T23:38:52.317+0000] {processor.py:208} INFO - Processing /home/airflow/.local/lib/python3.12/site-packages/airflow/example_dags/example_dag_decorator.py took 0.140 seconds
[2025-02-14T23:39:23.408+0000] {processor.py:186} INFO - Started process (PID=424) to work on /home/airflow/.local/lib/python3.12/site-packages/airflow/example_dags/example_dag_decorator.py
[2025-02-14T23:39:23.408+0000] {processor.py:914} INFO - Processing file /home/airflow/.local/lib/python3.12/site-packages/airflow/example_dags/example_dag_decorator.py for tasks to queue
[2025-02-14T23:39:23.410+0000] {logging_mixin.py:190} INFO - [2025-02-14T23:39:23.409+0000] {dagbag.py:588} INFO - Filling up the DagBag from /home/airflow/.local/lib/python3.12/site-packages/airflow/example_dags/example_dag_decorator.py
[2025-02-14T23:39:23.469+0000] {processor.py:925} INFO - DAG(s) 'example_dag_decorator' retrieved from /home/airflow/.local/lib/python3.12/site-packages/airflow/example_dags/example_dag_decorator.py
[2025-02-14T23:39:23.535+0000] {logging_mixin.py:190} INFO - [2025-02-14T23:39:23.535+0000] {dag.py:3239} INFO - Sync 1 DAGs
[2025-02-14T23:39:23.543+0000] {logging_mixin.py:190} INFO - [2025-02-14T23:39:23.543+0000] {dag.py:4180} INFO - Setting next_dagrun for example_dag_decorator to None, run_after=None
[2025-02-14T23:39:23.552+0000] {processor.py:208} INFO - Processing /home/airflow/.local/lib/python3.12/site-packages/airflow/example_dags/example_dag_decorator.py took 0.149 seconds
[2025-02-14T23:39:53.860+0000] {processor.py:186} INFO - Started process (PID=486) to work on /home/airflow/.local/lib/python3.12/site-packages/airflow/example_dags/example_dag_decorator.py
[2025-02-14T23:39:53.862+0000] {processor.py:914} INFO - Processing file /home/airflow/.local/lib/python3.12/site-packages/airflow/example_dags/example_dag_decorator.py for tasks to queue
[2025-02-14T23:39:53.865+0000] {logging_mixin.py:190} INFO - [2025-02-14T23:39:53.864+0000] {dagbag.py:588} INFO - Filling up the DagBag from /home/airflow/.local/lib/python3.12/site-packages/airflow/example_dags/example_dag_decorator.py
[2025-02-14T23:39:53.943+0000] {processor.py:925} INFO - DAG(s) 'example_dag_decorator' retrieved from /home/airflow/.local/lib/python3.12/site-packages/airflow/example_dags/example_dag_decorator.py
[2025-02-14T23:39:54.010+0000] {logging_mixin.py:190} INFO - [2025-02-14T23:39:54.010+0000] {dag.py:3239} INFO - Sync 1 DAGs
[2025-02-14T23:39:54.019+0000] {logging_mixin.py:190} INFO - [2025-02-14T23:39:54.019+0000] {dag.py:4180} INFO - Setting next_dagrun for example_dag_decorator to None, run_after=None
[2025-02-14T23:39:54.034+0000] {processor.py:208} INFO - Processing /home/airflow/.local/lib/python3.12/site-packages/airflow/example_dags/example_dag_decorator.py took 0.177 seconds
[2025-02-14T23:40:24.740+0000] {processor.py:186} INFO - Started process (PID=550) to work on /home/airflow/.local/lib/python3.12/site-packages/airflow/example_dags/example_dag_decorator.py
[2025-02-14T23:40:24.741+0000] {processor.py:914} INFO - Processing file /home/airflow/.local/lib/python3.12/site-packages/airflow/example_dags/example_dag_decorator.py for tasks to queue
[2025-02-14T23:40:24.743+0000] {logging_mixin.py:190} INFO - [2025-02-14T23:40:24.743+0000] {dagbag.py:588} INFO - Filling up the DagBag from /home/airflow/.local/lib/python3.12/site-packages/airflow/example_dags/example_dag_decorator.py
[2025-02-14T23:40:24.804+0000] {processor.py:925} INFO - DAG(s) 'example_dag_decorator' retrieved from /home/airflow/.local/lib/python3.12/site-packages/airflow/example_dags/example_dag_decorator.py
[2025-02-14T23:40:24.878+0000] {logging_mixin.py:190} INFO - [2025-02-14T23:40:24.877+0000] {dag.py:3239} INFO - Sync 1 DAGs
[2025-02-14T23:40:24.885+0000] {logging_mixin.py:190} INFO - [2025-02-14T23:40:24.885+0000] {dag.py:4180} INFO - Setting next_dagrun for example_dag_decorator to None, run_after=None
[2025-02-14T23:40:24.894+0000] {processor.py:208} INFO - Processing /home/airflow/.local/lib/python3.12/site-packages/airflow/example_dags/example_dag_decorator.py took 0.158 seconds
[2025-02-14T23:40:55.843+0000] {processor.py:186} INFO - Started process (PID=612) to work on /home/airflow/.local/lib/python3.12/site-packages/airflow/example_dags/example_dag_decorator.py
[2025-02-14T23:40:55.843+0000] {processor.py:914} INFO - Processing file /home/airflow/.local/lib/python3.12/site-packages/airflow/example_dags/example_dag_decorator.py for tasks to queue
[2025-02-14T23:40:55.845+0000] {logging_mixin.py:190} INFO - [2025-02-14T23:40:55.845+0000] {dagbag.py:588} INFO - Filling up the DagBag from /home/airflow/.local/lib/python3.12/site-packages/airflow/example_dags/example_dag_decorator.py
[2025-02-14T23:40:55.908+0000] {processor.py:925} INFO - DAG(s) 'example_dag_decorator' retrieved from /home/airflow/.local/lib/python3.12/site-packages/airflow/example_dags/example_dag_decorator.py
[2025-02-14T23:40:55.979+0000] {logging_mixin.py:190} INFO - [2025-02-14T23:40:55.978+0000] {dag.py:3239} INFO - Sync 1 DAGs
[2025-02-14T23:40:55.990+0000] {logging_mixin.py:190} INFO - [2025-02-14T23:40:55.990+0000] {dag.py:4180} INFO - Setting next_dagrun for example_dag_decorator to None, run_after=None
[2025-02-14T23:40:56.001+0000] {processor.py:208} INFO - Processing /home/airflow/.local/lib/python3.12/site-packages/airflow/example_dags/example_dag_decorator.py took 0.162 seconds
[2025-02-14T23:41:26.420+0000] {processor.py:186} INFO - Started process (PID=675) to work on /home/airflow/.local/lib/python3.12/site-packages/airflow/example_dags/example_dag_decorator.py
[2025-02-14T23:41:26.420+0000] {processor.py:914} INFO - Processing file /home/airflow/.local/lib/python3.12/site-packages/airflow/example_dags/example_dag_decorator.py for tasks to queue
[2025-02-14T23:41:26.423+0000] {logging_mixin.py:190} INFO - [2025-02-14T23:41:26.422+0000] {dagbag.py:588} INFO - Filling up the DagBag from /home/airflow/.local/lib/python3.12/site-packages/airflow/example_dags/example_dag_decorator.py
[2025-02-14T23:41:26.487+0000] {processor.py:925} INFO - DAG(s) 'example_dag_decorator' retrieved from /home/airflow/.local/lib/python3.12/site-packages/airflow/example_dags/example_dag_decorator.py
[2025-02-14T23:41:26.554+0000] {logging_mixin.py:190} INFO - [2025-02-14T23:41:26.554+0000] {dag.py:3239} INFO - Sync 1 DAGs
[2025-02-14T23:41:26.562+0000] {logging_mixin.py:190} INFO - [2025-02-14T23:41:26.562+0000] {dag.py:4180} INFO - Setting next_dagrun for example_dag_decorator to None, run_after=None
[2025-02-14T23:41:26.574+0000] {processor.py:208} INFO - Processing /home/airflow/.local/lib/python3.12/site-packages/airflow/example_dags/example_dag_decorator.py took 0.158 seconds
[2025-02-14T23:41:56.950+0000] {processor.py:186} INFO - Started process (PID=738) to work on /home/airflow/.local/lib/python3.12/site-packages/airflow/example_dags/example_dag_decorator.py
[2025-02-14T23:41:56.951+0000] {processor.py:914} INFO - Processing file /home/airflow/.local/lib/python3.12/site-packages/airflow/example_dags/example_dag_decorator.py for tasks to queue
[2025-02-14T23:41:56.952+0000] {logging_mixin.py:190} INFO - [2025-02-14T23:41:56.952+0000] {dagbag.py:588} INFO - Filling up the DagBag from /home/airflow/.local/lib/python3.12/site-packages/airflow/example_dags/example_dag_decorator.py
[2025-02-14T23:41:57.014+0000] {processor.py:925} INFO - DAG(s) 'example_dag_decorator' retrieved from /home/airflow/.local/lib/python3.12/site-packages/airflow/example_dags/example_dag_decorator.py
[2025-02-14T23:41:57.078+0000] {logging_mixin.py:190} INFO - [2025-02-14T23:41:57.078+0000] {dag.py:3239} INFO - Sync 1 DAGs
[2025-02-14T23:41:57.085+0000] {logging_mixin.py:190} INFO - [2025-02-14T23:41:57.085+0000] {dag.py:4180} INFO - Setting next_dagrun for example_dag_decorator to None, run_after=None
[2025-02-14T23:41:57.094+0000] {processor.py:208} INFO - Processing /home/airflow/.local/lib/python3.12/site-packages/airflow/example_dags/example_dag_decorator.py took 0.147 seconds
[2025-02-14T23:42:28.194+0000] {processor.py:186} INFO - Started process (PID=802) to work on /home/airflow/.local/lib/python3.12/site-packages/airflow/example_dags/example_dag_decorator.py
[2025-02-14T23:42:28.195+0000] {processor.py:914} INFO - Processing file /home/airflow/.local/lib/python3.12/site-packages/airflow/example_dags/example_dag_decorator.py for tasks to queue
[2025-02-14T23:42:28.197+0000] {logging_mixin.py:190} INFO - [2025-02-14T23:42:28.196+0000] {dagbag.py:588} INFO - Filling up the DagBag from /home/airflow/.local/lib/python3.12/site-packages/airflow/example_dags/example_dag_decorator.py
[2025-02-14T23:42:28.275+0000] {processor.py:925} INFO - DAG(s) 'example_dag_decorator' retrieved from /home/airflow/.local/lib/python3.12/site-packages/airflow/example_dags/example_dag_decorator.py
[2025-02-14T23:42:28.356+0000] {logging_mixin.py:190} INFO - [2025-02-14T23:42:28.356+0000] {dag.py:3239} INFO - Sync 1 DAGs
[2025-02-14T23:42:28.365+0000] {logging_mixin.py:190} INFO - [2025-02-14T23:42:28.365+0000] {dag.py:4180} INFO - Setting next_dagrun for example_dag_decorator to None, run_after=None
[2025-02-14T23:42:28.379+0000] {processor.py:208} INFO - Processing /home/airflow/.local/lib/python3.12/site-packages/airflow/example_dags/example_dag_decorator.py took 0.190 seconds
[2025-02-14T23:42:59.049+0000] {processor.py:186} INFO - Started process (PID=864) to work on /home/airflow/.local/lib/python3.12/site-packages/airflow/example_dags/example_dag_decorator.py
[2025-02-14T23:42:59.051+0000] {processor.py:914} INFO - Processing file /home/airflow/.local/lib/python3.12/site-packages/airflow/example_dags/example_dag_decorator.py for tasks to queue
[2025-02-14T23:42:59.052+0000] {logging_mixin.py:190} INFO - [2025-02-14T23:42:59.052+0000] {dagbag.py:588} INFO - Filling up the DagBag from /home/airflow/.local/lib/python3.12/site-packages/airflow/example_dags/example_dag_decorator.py
[2025-02-14T23:42:59.115+0000] {processor.py:925} INFO - DAG(s) 'example_dag_decorator' retrieved from /home/airflow/.local/lib/python3.12/site-packages/airflow/example_dags/example_dag_decorator.py
[2025-02-14T23:42:59.182+0000] {logging_mixin.py:190} INFO - [2025-02-14T23:42:59.182+0000] {dag.py:3239} INFO - Sync 1 DAGs
[2025-02-14T23:42:59.189+0000] {logging_mixin.py:190} INFO - [2025-02-14T23:42:59.189+0000] {dag.py:4180} INFO - Setting next_dagrun for example_dag_decorator to None, run_after=None
[2025-02-14T23:42:59.198+0000] {processor.py:208} INFO - Processing /home/airflow/.local/lib/python3.12/site-packages/airflow/example_dags/example_dag_decorator.py took 0.153 seconds
[2025-02-14T23:43:30.224+0000] {processor.py:186} INFO - Started process (PID=927) to work on /home/airflow/.local/lib/python3.12/site-packages/airflow/example_dags/example_dag_decorator.py
[2025-02-14T23:43:30.225+0000] {processor.py:914} INFO - Processing file /home/airflow/.local/lib/python3.12/site-packages/airflow/example_dags/example_dag_decorator.py for tasks to queue
[2025-02-14T23:43:30.226+0000] {logging_mixin.py:190} INFO - [2025-02-14T23:43:30.226+0000] {dagbag.py:588} INFO - Filling up the DagBag from /home/airflow/.local/lib/python3.12/site-packages/airflow/example_dags/example_dag_decorator.py
[2025-02-14T23:43:30.289+0000] {processor.py:925} INFO - DAG(s) 'example_dag_decorator' retrieved from /home/airflow/.local/lib/python3.12/site-packages/airflow/example_dags/example_dag_decorator.py
[2025-02-14T23:43:30.302+0000] {logging_mixin.py:190} INFO - [2025-02-14T23:43:30.302+0000] {dag.py:3239} INFO - Sync 1 DAGs
[2025-02-14T23:43:30.310+0000] {logging_mixin.py:190} INFO - [2025-02-14T23:43:30.310+0000] {dag.py:4180} INFO - Setting next_dagrun for example_dag_decorator to None, run_after=None
[2025-02-14T23:43:30.322+0000] {processor.py:208} INFO - Processing /home/airflow/.local/lib/python3.12/site-packages/airflow/example_dags/example_dag_decorator.py took 0.101 seconds
[2025-02-14T23:44:01.020+0000] {processor.py:186} INFO - Started process (PID=991) to work on /home/airflow/.local/lib/python3.12/site-packages/airflow/example_dags/example_dag_decorator.py
[2025-02-14T23:44:01.021+0000] {processor.py:914} INFO - Processing file /home/airflow/.local/lib/python3.12/site-packages/airflow/example_dags/example_dag_decorator.py for tasks to queue
[2025-02-14T23:44:01.023+0000] {logging_mixin.py:190} INFO - [2025-02-14T23:44:01.022+0000] {dagbag.py:588} INFO - Filling up the DagBag from /home/airflow/.local/lib/python3.12/site-packages/airflow/example_dags/example_dag_decorator.py
[2025-02-14T23:44:01.084+0000] {processor.py:925} INFO - DAG(s) 'example_dag_decorator' retrieved from /home/airflow/.local/lib/python3.12/site-packages/airflow/example_dags/example_dag_decorator.py
[2025-02-14T23:44:01.153+0000] {logging_mixin.py:190} INFO - [2025-02-14T23:44:01.153+0000] {dag.py:3239} INFO - Sync 1 DAGs
[2025-02-14T23:44:01.160+0000] {logging_mixin.py:190} INFO - [2025-02-14T23:44:01.160+0000] {dag.py:4180} INFO - Setting next_dagrun for example_dag_decorator to None, run_after=None
[2025-02-14T23:44:01.170+0000] {processor.py:208} INFO - Processing /home/airflow/.local/lib/python3.12/site-packages/airflow/example_dags/example_dag_decorator.py took 0.154 seconds
[2025-02-14T23:44:31.818+0000] {processor.py:186} INFO - Started process (PID=1053) to work on /home/airflow/.local/lib/python3.12/site-packages/airflow/example_dags/example_dag_decorator.py
[2025-02-14T23:44:31.819+0000] {processor.py:914} INFO - Processing file /home/airflow/.local/lib/python3.12/site-packages/airflow/example_dags/example_dag_decorator.py for tasks to queue
[2025-02-14T23:44:31.821+0000] {logging_mixin.py:190} INFO - [2025-02-14T23:44:31.820+0000] {dagbag.py:588} INFO - Filling up the DagBag from /home/airflow/.local/lib/python3.12/site-packages/airflow/example_dags/example_dag_decorator.py
[2025-02-14T23:44:31.889+0000] {processor.py:925} INFO - DAG(s) 'example_dag_decorator' retrieved from /home/airflow/.local/lib/python3.12/site-packages/airflow/example_dags/example_dag_decorator.py
[2025-02-14T23:44:31.961+0000] {logging_mixin.py:190} INFO - [2025-02-14T23:44:31.960+0000] {dag.py:3239} INFO - Sync 1 DAGs
[2025-02-14T23:44:31.969+0000] {logging_mixin.py:190} INFO - [2025-02-14T23:44:31.969+0000] {dag.py:4180} INFO - Setting next_dagrun for example_dag_decorator to None, run_after=None
[2025-02-14T23:44:31.987+0000] {processor.py:208} INFO - Processing /home/airflow/.local/lib/python3.12/site-packages/airflow/example_dags/example_dag_decorator.py took 0.174 seconds
[2025-02-14T23:45:03.158+0000] {processor.py:186} INFO - Started process (PID=1116) to work on /home/airflow/.local/lib/python3.12/site-packages/airflow/example_dags/example_dag_decorator.py
[2025-02-14T23:45:03.158+0000] {processor.py:914} INFO - Processing file /home/airflow/.local/lib/python3.12/site-packages/airflow/example_dags/example_dag_decorator.py for tasks to queue
[2025-02-14T23:45:03.160+0000] {logging_mixin.py:190} INFO - [2025-02-14T23:45:03.159+0000] {dagbag.py:588} INFO - Filling up the DagBag from /home/airflow/.local/lib/python3.12/site-packages/airflow/example_dags/example_dag_decorator.py
[2025-02-14T23:45:03.216+0000] {processor.py:925} INFO - DAG(s) 'example_dag_decorator' retrieved from /home/airflow/.local/lib/python3.12/site-packages/airflow/example_dags/example_dag_decorator.py
[2025-02-14T23:45:03.284+0000] {logging_mixin.py:190} INFO - [2025-02-14T23:45:03.283+0000] {dag.py:3239} INFO - Sync 1 DAGs
[2025-02-14T23:45:03.290+0000] {logging_mixin.py:190} INFO - [2025-02-14T23:45:03.290+0000] {dag.py:4180} INFO - Setting next_dagrun for example_dag_decorator to None, run_after=None
[2025-02-14T23:45:03.300+0000] {processor.py:208} INFO - Processing /home/airflow/.local/lib/python3.12/site-packages/airflow/example_dags/example_dag_decorator.py took 0.146 seconds
[2025-02-14T23:45:34.310+0000] {processor.py:186} INFO - Started process (PID=1179) to work on /home/airflow/.local/lib/python3.12/site-packages/airflow/example_dags/example_dag_decorator.py
[2025-02-14T23:45:34.310+0000] {processor.py:914} INFO - Processing file /home/airflow/.local/lib/python3.12/site-packages/airflow/example_dags/example_dag_decorator.py for tasks to queue
[2025-02-14T23:45:34.312+0000] {logging_mixin.py:190} INFO - [2025-02-14T23:45:34.311+0000] {dagbag.py:588} INFO - Filling up the DagBag from /home/airflow/.local/lib/python3.12/site-packages/airflow/example_dags/example_dag_decorator.py
[2025-02-14T23:45:34.370+0000] {processor.py:925} INFO - DAG(s) 'example_dag_decorator' retrieved from /home/airflow/.local/lib/python3.12/site-packages/airflow/example_dags/example_dag_decorator.py
[2025-02-14T23:45:34.435+0000] {logging_mixin.py:190} INFO - [2025-02-14T23:45:34.434+0000] {dag.py:3239} INFO - Sync 1 DAGs
[2025-02-14T23:45:34.443+0000] {logging_mixin.py:190} INFO - [2025-02-14T23:45:34.443+0000] {dag.py:4180} INFO - Setting next_dagrun for example_dag_decorator to None, run_after=None
[2025-02-14T23:45:34.453+0000] {processor.py:208} INFO - Processing /home/airflow/.local/lib/python3.12/site-packages/airflow/example_dags/example_dag_decorator.py took 0.147 seconds
[2025-02-14T23:46:05.539+0000] {processor.py:186} INFO - Started process (PID=1242) to work on /home/airflow/.local/lib/python3.12/site-packages/airflow/example_dags/example_dag_decorator.py
[2025-02-14T23:46:05.539+0000] {processor.py:914} INFO - Processing file /home/airflow/.local/lib/python3.12/site-packages/airflow/example_dags/example_dag_decorator.py for tasks to queue
[2025-02-14T23:46:05.541+0000] {logging_mixin.py:190} INFO - [2025-02-14T23:46:05.540+0000] {dagbag.py:588} INFO - Filling up the DagBag from /home/airflow/.local/lib/python3.12/site-packages/airflow/example_dags/example_dag_decorator.py
[2025-02-14T23:46:05.610+0000] {processor.py:925} INFO - DAG(s) 'example_dag_decorator' retrieved from /home/airflow/.local/lib/python3.12/site-packages/airflow/example_dags/example_dag_decorator.py
[2025-02-14T23:46:05.747+0000] {logging_mixin.py:190} INFO - [2025-02-14T23:46:05.747+0000] {dag.py:3239} INFO - Sync 1 DAGs
[2025-02-14T23:46:05.762+0000] {logging_mixin.py:190} INFO - [2025-02-14T23:46:05.762+0000] {dag.py:4180} INFO - Setting next_dagrun for example_dag_decorator to None, run_after=None
[2025-02-14T23:46:05.778+0000] {processor.py:208} INFO - Processing /home/airflow/.local/lib/python3.12/site-packages/airflow/example_dags/example_dag_decorator.py took 0.243 seconds
[2025-02-14T23:46:35.995+0000] {processor.py:186} INFO - Started process (PID=1304) to work on /home/airflow/.local/lib/python3.12/site-packages/airflow/example_dags/example_dag_decorator.py
[2025-02-14T23:46:35.996+0000] {processor.py:914} INFO - Processing file /home/airflow/.local/lib/python3.12/site-packages/airflow/example_dags/example_dag_decorator.py for tasks to queue
[2025-02-14T23:46:35.997+0000] {logging_mixin.py:190} INFO - [2025-02-14T23:46:35.997+0000] {dagbag.py:588} INFO - Filling up the DagBag from /home/airflow/.local/lib/python3.12/site-packages/airflow/example_dags/example_dag_decorator.py
[2025-02-14T23:46:36.055+0000] {processor.py:925} INFO - DAG(s) 'example_dag_decorator' retrieved from /home/airflow/.local/lib/python3.12/site-packages/airflow/example_dags/example_dag_decorator.py
[2025-02-14T23:46:36.119+0000] {logging_mixin.py:190} INFO - [2025-02-14T23:46:36.119+0000] {dag.py:3239} INFO - Sync 1 DAGs
[2025-02-14T23:46:36.126+0000] {logging_mixin.py:190} INFO - [2025-02-14T23:46:36.126+0000] {dag.py:4180} INFO - Setting next_dagrun for example_dag_decorator to None, run_after=None
[2025-02-14T23:46:36.135+0000] {processor.py:208} INFO - Processing /home/airflow/.local/lib/python3.12/site-packages/airflow/example_dags/example_dag_decorator.py took 0.144 seconds
[2025-02-14T23:47:06.456+0000] {processor.py:186} INFO - Started process (PID=1367) to work on /home/airflow/.local/lib/python3.12/site-packages/airflow/example_dags/example_dag_decorator.py
[2025-02-14T23:47:06.457+0000] {processor.py:914} INFO - Processing file /home/airflow/.local/lib/python3.12/site-packages/airflow/example_dags/example_dag_decorator.py for tasks to queue
[2025-02-14T23:47:06.459+0000] {logging_mixin.py:190} INFO - [2025-02-14T23:47:06.458+0000] {dagbag.py:588} INFO - Filling up the DagBag from /home/airflow/.local/lib/python3.12/site-packages/airflow/example_dags/example_dag_decorator.py
[2025-02-14T23:47:06.519+0000] {processor.py:925} INFO - DAG(s) 'example_dag_decorator' retrieved from /home/airflow/.local/lib/python3.12/site-packages/airflow/example_dags/example_dag_decorator.py
[2025-02-14T23:47:06.589+0000] {logging_mixin.py:190} INFO - [2025-02-14T23:47:06.588+0000] {dag.py:3239} INFO - Sync 1 DAGs
[2025-02-14T23:47:06.596+0000] {logging_mixin.py:190} INFO - [2025-02-14T23:47:06.596+0000] {dag.py:4180} INFO - Setting next_dagrun for example_dag_decorator to None, run_after=None
[2025-02-14T23:47:06.611+0000] {processor.py:208} INFO - Processing /home/airflow/.local/lib/python3.12/site-packages/airflow/example_dags/example_dag_decorator.py took 0.158 seconds
[2025-02-14T23:47:37.068+0000] {processor.py:186} INFO - Started process (PID=1429) to work on /home/airflow/.local/lib/python3.12/site-packages/airflow/example_dags/example_dag_decorator.py
[2025-02-14T23:47:37.069+0000] {processor.py:914} INFO - Processing file /home/airflow/.local/lib/python3.12/site-packages/airflow/example_dags/example_dag_decorator.py for tasks to queue
[2025-02-14T23:47:37.071+0000] {logging_mixin.py:190} INFO - [2025-02-14T23:47:37.071+0000] {dagbag.py:588} INFO - Filling up the DagBag from /home/airflow/.local/lib/python3.12/site-packages/airflow/example_dags/example_dag_decorator.py
[2025-02-14T23:47:37.132+0000] {processor.py:925} INFO - DAG(s) 'example_dag_decorator' retrieved from /home/airflow/.local/lib/python3.12/site-packages/airflow/example_dags/example_dag_decorator.py
[2025-02-14T23:47:37.202+0000] {logging_mixin.py:190} INFO - [2025-02-14T23:47:37.202+0000] {dag.py:3239} INFO - Sync 1 DAGs
[2025-02-14T23:47:37.212+0000] {logging_mixin.py:190} INFO - [2025-02-14T23:47:37.212+0000] {dag.py:4180} INFO - Setting next_dagrun for example_dag_decorator to None, run_after=None
[2025-02-14T23:47:37.225+0000] {processor.py:208} INFO - Processing /home/airflow/.local/lib/python3.12/site-packages/airflow/example_dags/example_dag_decorator.py took 0.161 seconds
[2025-02-14T23:48:08.568+0000] {processor.py:186} INFO - Started process (PID=1493) to work on /home/airflow/.local/lib/python3.12/site-packages/airflow/example_dags/example_dag_decorator.py
[2025-02-14T23:48:08.568+0000] {processor.py:914} INFO - Processing file /home/airflow/.local/lib/python3.12/site-packages/airflow/example_dags/example_dag_decorator.py for tasks to queue
[2025-02-14T23:48:08.570+0000] {logging_mixin.py:190} INFO - [2025-02-14T23:48:08.569+0000] {dagbag.py:588} INFO - Filling up the DagBag from /home/airflow/.local/lib/python3.12/site-packages/airflow/example_dags/example_dag_decorator.py
[2025-02-14T23:48:08.625+0000] {processor.py:925} INFO - DAG(s) 'example_dag_decorator' retrieved from /home/airflow/.local/lib/python3.12/site-packages/airflow/example_dags/example_dag_decorator.py
[2025-02-14T23:48:08.686+0000] {logging_mixin.py:190} INFO - [2025-02-14T23:48:08.686+0000] {dag.py:3239} INFO - Sync 1 DAGs
[2025-02-14T23:48:08.693+0000] {logging_mixin.py:190} INFO - [2025-02-14T23:48:08.693+0000] {dag.py:4180} INFO - Setting next_dagrun for example_dag_decorator to None, run_after=None
[2025-02-14T23:48:08.703+0000] {processor.py:208} INFO - Processing /home/airflow/.local/lib/python3.12/site-packages/airflow/example_dags/example_dag_decorator.py took 0.139 seconds
[2025-02-14T23:48:39.831+0000] {processor.py:186} INFO - Started process (PID=1556) to work on /home/airflow/.local/lib/python3.12/site-packages/airflow/example_dags/example_dag_decorator.py
[2025-02-14T23:48:39.832+0000] {processor.py:914} INFO - Processing file /home/airflow/.local/lib/python3.12/site-packages/airflow/example_dags/example_dag_decorator.py for tasks to queue
[2025-02-14T23:48:39.835+0000] {logging_mixin.py:190} INFO - [2025-02-14T23:48:39.834+0000] {dagbag.py:588} INFO - Filling up the DagBag from /home/airflow/.local/lib/python3.12/site-packages/airflow/example_dags/example_dag_decorator.py
[2025-02-14T23:48:39.891+0000] {processor.py:925} INFO - DAG(s) 'example_dag_decorator' retrieved from /home/airflow/.local/lib/python3.12/site-packages/airflow/example_dags/example_dag_decorator.py
[2025-02-14T23:48:39.956+0000] {logging_mixin.py:190} INFO - [2025-02-14T23:48:39.956+0000] {dag.py:3239} INFO - Sync 1 DAGs
[2025-02-14T23:48:39.964+0000] {logging_mixin.py:190} INFO - [2025-02-14T23:48:39.964+0000] {dag.py:4180} INFO - Setting next_dagrun for example_dag_decorator to None, run_after=None
[2025-02-14T23:48:39.974+0000] {processor.py:208} INFO - Processing /home/airflow/.local/lib/python3.12/site-packages/airflow/example_dags/example_dag_decorator.py took 0.147 seconds
[2025-02-14T23:49:11.186+0000] {processor.py:186} INFO - Started process (PID=1619) to work on /home/airflow/.local/lib/python3.12/site-packages/airflow/example_dags/example_dag_decorator.py
[2025-02-14T23:49:11.186+0000] {processor.py:914} INFO - Processing file /home/airflow/.local/lib/python3.12/site-packages/airflow/example_dags/example_dag_decorator.py for tasks to queue
[2025-02-14T23:49:11.188+0000] {logging_mixin.py:190} INFO - [2025-02-14T23:49:11.187+0000] {dagbag.py:588} INFO - Filling up the DagBag from /home/airflow/.local/lib/python3.12/site-packages/airflow/example_dags/example_dag_decorator.py
[2025-02-14T23:49:11.247+0000] {processor.py:925} INFO - DAG(s) 'example_dag_decorator' retrieved from /home/airflow/.local/lib/python3.12/site-packages/airflow/example_dags/example_dag_decorator.py
[2025-02-14T23:49:11.312+0000] {logging_mixin.py:190} INFO - [2025-02-14T23:49:11.311+0000] {dag.py:3239} INFO - Sync 1 DAGs
[2025-02-14T23:49:11.320+0000] {logging_mixin.py:190} INFO - [2025-02-14T23:49:11.319+0000] {dag.py:4180} INFO - Setting next_dagrun for example_dag_decorator to None, run_after=None
[2025-02-14T23:49:11.329+0000] {processor.py:208} INFO - Processing /home/airflow/.local/lib/python3.12/site-packages/airflow/example_dags/example_dag_decorator.py took 0.148 seconds
[2025-02-14T23:49:42.748+0000] {processor.py:186} INFO - Started process (PID=1682) to work on /home/airflow/.local/lib/python3.12/site-packages/airflow/example_dags/example_dag_decorator.py
[2025-02-14T23:49:42.751+0000] {processor.py:914} INFO - Processing file /home/airflow/.local/lib/python3.12/site-packages/airflow/example_dags/example_dag_decorator.py for tasks to queue
[2025-02-14T23:49:42.753+0000] {logging_mixin.py:190} INFO - [2025-02-14T23:49:42.753+0000] {dagbag.py:588} INFO - Filling up the DagBag from /home/airflow/.local/lib/python3.12/site-packages/airflow/example_dags/example_dag_decorator.py
[2025-02-14T23:49:42.810+0000] {processor.py:925} INFO - DAG(s) 'example_dag_decorator' retrieved from /home/airflow/.local/lib/python3.12/site-packages/airflow/example_dags/example_dag_decorator.py
[2025-02-14T23:49:42.875+0000] {logging_mixin.py:190} INFO - [2025-02-14T23:49:42.875+0000] {dag.py:3239} INFO - Sync 1 DAGs
[2025-02-14T23:49:42.882+0000] {logging_mixin.py:190} INFO - [2025-02-14T23:49:42.882+0000] {dag.py:4180} INFO - Setting next_dagrun for example_dag_decorator to None, run_after=None
[2025-02-14T23:49:42.894+0000] {processor.py:208} INFO - Processing /home/airflow/.local/lib/python3.12/site-packages/airflow/example_dags/example_dag_decorator.py took 0.149 seconds
[2025-02-14T23:50:13.284+0000] {processor.py:186} INFO - Started process (PID=1745) to work on /home/airflow/.local/lib/python3.12/site-packages/airflow/example_dags/example_dag_decorator.py
[2025-02-14T23:50:13.285+0000] {processor.py:914} INFO - Processing file /home/airflow/.local/lib/python3.12/site-packages/airflow/example_dags/example_dag_decorator.py for tasks to queue
[2025-02-14T23:50:13.287+0000] {logging_mixin.py:190} INFO - [2025-02-14T23:50:13.287+0000] {dagbag.py:588} INFO - Filling up the DagBag from /home/airflow/.local/lib/python3.12/site-packages/airflow/example_dags/example_dag_decorator.py
[2025-02-14T23:50:13.348+0000] {processor.py:925} INFO - DAG(s) 'example_dag_decorator' retrieved from /home/airflow/.local/lib/python3.12/site-packages/airflow/example_dags/example_dag_decorator.py
[2025-02-14T23:50:13.413+0000] {logging_mixin.py:190} INFO - [2025-02-14T23:50:13.413+0000] {dag.py:3239} INFO - Sync 1 DAGs
[2025-02-14T23:50:13.421+0000] {logging_mixin.py:190} INFO - [2025-02-14T23:50:13.420+0000] {dag.py:4180} INFO - Setting next_dagrun for example_dag_decorator to None, run_after=None
[2025-02-14T23:50:13.431+0000] {processor.py:208} INFO - Processing /home/airflow/.local/lib/python3.12/site-packages/airflow/example_dags/example_dag_decorator.py took 0.151 seconds
[2025-02-14T23:50:43.910+0000] {processor.py:186} INFO - Started process (PID=1808) to work on /home/airflow/.local/lib/python3.12/site-packages/airflow/example_dags/example_dag_decorator.py
[2025-02-14T23:50:43.911+0000] {processor.py:914} INFO - Processing file /home/airflow/.local/lib/python3.12/site-packages/airflow/example_dags/example_dag_decorator.py for tasks to queue
[2025-02-14T23:50:43.912+0000] {logging_mixin.py:190} INFO - [2025-02-14T23:50:43.912+0000] {dagbag.py:588} INFO - Filling up the DagBag from /home/airflow/.local/lib/python3.12/site-packages/airflow/example_dags/example_dag_decorator.py
[2025-02-14T23:50:43.968+0000] {processor.py:925} INFO - DAG(s) 'example_dag_decorator' retrieved from /home/airflow/.local/lib/python3.12/site-packages/airflow/example_dags/example_dag_decorator.py
[2025-02-14T23:50:44.031+0000] {logging_mixin.py:190} INFO - [2025-02-14T23:50:44.031+0000] {dag.py:3239} INFO - Sync 1 DAGs
[2025-02-14T23:50:44.038+0000] {logging_mixin.py:190} INFO - [2025-02-14T23:50:44.038+0000] {dag.py:4180} INFO - Setting next_dagrun for example_dag_decorator to None, run_after=None
[2025-02-14T23:50:44.047+0000] {processor.py:208} INFO - Processing /home/airflow/.local/lib/python3.12/site-packages/airflow/example_dags/example_dag_decorator.py took 0.141 seconds
[2025-02-14T23:51:15.195+0000] {processor.py:186} INFO - Started process (PID=1871) to work on /home/airflow/.local/lib/python3.12/site-packages/airflow/example_dags/example_dag_decorator.py
[2025-02-14T23:51:15.196+0000] {processor.py:914} INFO - Processing file /home/airflow/.local/lib/python3.12/site-packages/airflow/example_dags/example_dag_decorator.py for tasks to queue
[2025-02-14T23:51:15.197+0000] {logging_mixin.py:190} INFO - [2025-02-14T23:51:15.197+0000] {dagbag.py:588} INFO - Filling up the DagBag from /home/airflow/.local/lib/python3.12/site-packages/airflow/example_dags/example_dag_decorator.py
[2025-02-14T23:51:15.252+0000] {processor.py:925} INFO - DAG(s) 'example_dag_decorator' retrieved from /home/airflow/.local/lib/python3.12/site-packages/airflow/example_dags/example_dag_decorator.py
[2025-02-14T23:51:15.316+0000] {logging_mixin.py:190} INFO - [2025-02-14T23:51:15.316+0000] {dag.py:3239} INFO - Sync 1 DAGs
[2025-02-14T23:51:15.329+0000] {logging_mixin.py:190} INFO - [2025-02-14T23:51:15.328+0000] {dag.py:4180} INFO - Setting next_dagrun for example_dag_decorator to None, run_after=None
[2025-02-14T23:51:15.342+0000] {processor.py:208} INFO - Processing /home/airflow/.local/lib/python3.12/site-packages/airflow/example_dags/example_dag_decorator.py took 0.151 seconds
[2025-02-14T23:51:46.544+0000] {processor.py:186} INFO - Started process (PID=1934) to work on /home/airflow/.local/lib/python3.12/site-packages/airflow/example_dags/example_dag_decorator.py
[2025-02-14T23:51:46.544+0000] {processor.py:914} INFO - Processing file /home/airflow/.local/lib/python3.12/site-packages/airflow/example_dags/example_dag_decorator.py for tasks to queue
[2025-02-14T23:51:46.546+0000] {logging_mixin.py:190} INFO - [2025-02-14T23:51:46.546+0000] {dagbag.py:588} INFO - Filling up the DagBag from /home/airflow/.local/lib/python3.12/site-packages/airflow/example_dags/example_dag_decorator.py
[2025-02-14T23:51:46.603+0000] {processor.py:925} INFO - DAG(s) 'example_dag_decorator' retrieved from /home/airflow/.local/lib/python3.12/site-packages/airflow/example_dags/example_dag_decorator.py
[2025-02-14T23:51:46.666+0000] {logging_mixin.py:190} INFO - [2025-02-14T23:51:46.666+0000] {dag.py:3239} INFO - Sync 1 DAGs
[2025-02-14T23:51:46.674+0000] {logging_mixin.py:190} INFO - [2025-02-14T23:51:46.674+0000] {dag.py:4180} INFO - Setting next_dagrun for example_dag_decorator to None, run_after=None
[2025-02-14T23:51:46.685+0000] {processor.py:208} INFO - Processing /home/airflow/.local/lib/python3.12/site-packages/airflow/example_dags/example_dag_decorator.py took 0.145 seconds
[2025-02-14T23:52:17.364+0000] {processor.py:186} INFO - Started process (PID=1996) to work on /home/airflow/.local/lib/python3.12/site-packages/airflow/example_dags/example_dag_decorator.py
[2025-02-14T23:52:17.367+0000] {processor.py:914} INFO - Processing file /home/airflow/.local/lib/python3.12/site-packages/airflow/example_dags/example_dag_decorator.py for tasks to queue
[2025-02-14T23:52:17.368+0000] {logging_mixin.py:190} INFO - [2025-02-14T23:52:17.368+0000] {dagbag.py:588} INFO - Filling up the DagBag from /home/airflow/.local/lib/python3.12/site-packages/airflow/example_dags/example_dag_decorator.py
[2025-02-14T23:52:17.431+0000] {processor.py:925} INFO - DAG(s) 'example_dag_decorator' retrieved from /home/airflow/.local/lib/python3.12/site-packages/airflow/example_dags/example_dag_decorator.py
[2025-02-14T23:52:17.510+0000] {logging_mixin.py:190} INFO - [2025-02-14T23:52:17.509+0000] {dag.py:3239} INFO - Sync 1 DAGs
[2025-02-14T23:52:17.518+0000] {logging_mixin.py:190} INFO - [2025-02-14T23:52:17.518+0000] {dag.py:4180} INFO - Setting next_dagrun for example_dag_decorator to None, run_after=None
[2025-02-14T23:52:17.529+0000] {processor.py:208} INFO - Processing /home/airflow/.local/lib/python3.12/site-packages/airflow/example_dags/example_dag_decorator.py took 0.170 seconds
[2025-02-14T23:52:48.598+0000] {processor.py:186} INFO - Started process (PID=2060) to work on /home/airflow/.local/lib/python3.12/site-packages/airflow/example_dags/example_dag_decorator.py
[2025-02-14T23:52:48.600+0000] {processor.py:914} INFO - Processing file /home/airflow/.local/lib/python3.12/site-packages/airflow/example_dags/example_dag_decorator.py for tasks to queue
[2025-02-14T23:52:48.601+0000] {logging_mixin.py:190} INFO - [2025-02-14T23:52:48.601+0000] {dagbag.py:588} INFO - Filling up the DagBag from /home/airflow/.local/lib/python3.12/site-packages/airflow/example_dags/example_dag_decorator.py
[2025-02-14T23:52:48.658+0000] {processor.py:925} INFO - DAG(s) 'example_dag_decorator' retrieved from /home/airflow/.local/lib/python3.12/site-packages/airflow/example_dags/example_dag_decorator.py
[2025-02-14T23:52:48.725+0000] {logging_mixin.py:190} INFO - [2025-02-14T23:52:48.725+0000] {dag.py:3239} INFO - Sync 1 DAGs
[2025-02-14T23:52:48.732+0000] {logging_mixin.py:190} INFO - [2025-02-14T23:52:48.732+0000] {dag.py:4180} INFO - Setting next_dagrun for example_dag_decorator to None, run_after=None
[2025-02-14T23:52:48.742+0000] {processor.py:208} INFO - Processing /home/airflow/.local/lib/python3.12/site-packages/airflow/example_dags/example_dag_decorator.py took 0.147 seconds
[2025-02-14T23:53:20.273+0000] {processor.py:186} INFO - Started process (PID=2129) to work on /home/airflow/.local/lib/python3.12/site-packages/airflow/example_dags/example_dag_decorator.py
[2025-02-14T23:53:20.274+0000] {processor.py:914} INFO - Processing file /home/airflow/.local/lib/python3.12/site-packages/airflow/example_dags/example_dag_decorator.py for tasks to queue
[2025-02-14T23:53:20.277+0000] {logging_mixin.py:190} INFO - [2025-02-14T23:53:20.277+0000] {dagbag.py:588} INFO - Filling up the DagBag from /home/airflow/.local/lib/python3.12/site-packages/airflow/example_dags/example_dag_decorator.py
[2025-02-14T23:53:20.369+0000] {processor.py:925} INFO - DAG(s) 'example_dag_decorator' retrieved from /home/airflow/.local/lib/python3.12/site-packages/airflow/example_dags/example_dag_decorator.py
[2025-02-14T23:53:20.459+0000] {logging_mixin.py:190} INFO - [2025-02-14T23:53:20.459+0000] {dag.py:3239} INFO - Sync 1 DAGs
[2025-02-14T23:53:20.467+0000] {logging_mixin.py:190} INFO - [2025-02-14T23:53:20.467+0000] {dag.py:4180} INFO - Setting next_dagrun for example_dag_decorator to None, run_after=None
[2025-02-14T23:53:20.482+0000] {processor.py:208} INFO - Processing /home/airflow/.local/lib/python3.12/site-packages/airflow/example_dags/example_dag_decorator.py took 0.215 seconds
[2025-02-14T23:53:50.784+0000] {processor.py:186} INFO - Started process (PID=2192) to work on /home/airflow/.local/lib/python3.12/site-packages/airflow/example_dags/example_dag_decorator.py
[2025-02-14T23:53:50.785+0000] {processor.py:914} INFO - Processing file /home/airflow/.local/lib/python3.12/site-packages/airflow/example_dags/example_dag_decorator.py for tasks to queue
[2025-02-14T23:53:50.786+0000] {logging_mixin.py:190} INFO - [2025-02-14T23:53:50.786+0000] {dagbag.py:588} INFO - Filling up the DagBag from /home/airflow/.local/lib/python3.12/site-packages/airflow/example_dags/example_dag_decorator.py
[2025-02-14T23:53:50.842+0000] {processor.py:925} INFO - DAG(s) 'example_dag_decorator' retrieved from /home/airflow/.local/lib/python3.12/site-packages/airflow/example_dags/example_dag_decorator.py
[2025-02-14T23:53:50.906+0000] {logging_mixin.py:190} INFO - [2025-02-14T23:53:50.905+0000] {dag.py:3239} INFO - Sync 1 DAGs
[2025-02-14T23:53:50.914+0000] {logging_mixin.py:190} INFO - [2025-02-14T23:53:50.914+0000] {dag.py:4180} INFO - Setting next_dagrun for example_dag_decorator to None, run_after=None
[2025-02-14T23:53:50.924+0000] {processor.py:208} INFO - Processing /home/airflow/.local/lib/python3.12/site-packages/airflow/example_dags/example_dag_decorator.py took 0.143 seconds
[2025-02-14T23:54:21.928+0000] {processor.py:186} INFO - Started process (PID=2255) to work on /home/airflow/.local/lib/python3.12/site-packages/airflow/example_dags/example_dag_decorator.py
[2025-02-14T23:54:21.928+0000] {processor.py:914} INFO - Processing file /home/airflow/.local/lib/python3.12/site-packages/airflow/example_dags/example_dag_decorator.py for tasks to queue
[2025-02-14T23:54:21.930+0000] {logging_mixin.py:190} INFO - [2025-02-14T23:54:21.930+0000] {dagbag.py:588} INFO - Filling up the DagBag from /home/airflow/.local/lib/python3.12/site-packages/airflow/example_dags/example_dag_decorator.py
[2025-02-14T23:54:21.990+0000] {processor.py:925} INFO - DAG(s) 'example_dag_decorator' retrieved from /home/airflow/.local/lib/python3.12/site-packages/airflow/example_dags/example_dag_decorator.py
[2025-02-14T23:54:22.059+0000] {logging_mixin.py:190} INFO - [2025-02-14T23:54:22.059+0000] {dag.py:3239} INFO - Sync 1 DAGs
[2025-02-14T23:54:22.066+0000] {logging_mixin.py:190} INFO - [2025-02-14T23:54:22.066+0000] {dag.py:4180} INFO - Setting next_dagrun for example_dag_decorator to None, run_after=None
[2025-02-14T23:54:22.076+0000] {processor.py:208} INFO - Processing /home/airflow/.local/lib/python3.12/site-packages/airflow/example_dags/example_dag_decorator.py took 0.154 seconds
[2025-02-14T23:54:53.106+0000] {processor.py:186} INFO - Started process (PID=2318) to work on /home/airflow/.local/lib/python3.12/site-packages/airflow/example_dags/example_dag_decorator.py
[2025-02-14T23:54:53.107+0000] {processor.py:914} INFO - Processing file /home/airflow/.local/lib/python3.12/site-packages/airflow/example_dags/example_dag_decorator.py for tasks to queue
[2025-02-14T23:54:53.110+0000] {logging_mixin.py:190} INFO - [2025-02-14T23:54:53.110+0000] {dagbag.py:588} INFO - Filling up the DagBag from /home/airflow/.local/lib/python3.12/site-packages/airflow/example_dags/example_dag_decorator.py
[2025-02-14T23:54:53.169+0000] {processor.py:925} INFO - DAG(s) 'example_dag_decorator' retrieved from /home/airflow/.local/lib/python3.12/site-packages/airflow/example_dags/example_dag_decorator.py
[2025-02-14T23:54:53.236+0000] {logging_mixin.py:190} INFO - [2025-02-14T23:54:53.236+0000] {dag.py:3239} INFO - Sync 1 DAGs
[2025-02-14T23:54:53.244+0000] {logging_mixin.py:190} INFO - [2025-02-14T23:54:53.244+0000] {dag.py:4180} INFO - Setting next_dagrun for example_dag_decorator to None, run_after=None
[2025-02-14T23:54:53.256+0000] {processor.py:208} INFO - Processing /home/airflow/.local/lib/python3.12/site-packages/airflow/example_dags/example_dag_decorator.py took 0.155 seconds
[2025-02-14T23:55:24.355+0000] {processor.py:186} INFO - Started process (PID=2381) to work on /home/airflow/.local/lib/python3.12/site-packages/airflow/example_dags/example_dag_decorator.py
[2025-02-14T23:55:24.356+0000] {processor.py:914} INFO - Processing file /home/airflow/.local/lib/python3.12/site-packages/airflow/example_dags/example_dag_decorator.py for tasks to queue
[2025-02-14T23:55:24.357+0000] {logging_mixin.py:190} INFO - [2025-02-14T23:55:24.357+0000] {dagbag.py:588} INFO - Filling up the DagBag from /home/airflow/.local/lib/python3.12/site-packages/airflow/example_dags/example_dag_decorator.py
[2025-02-14T23:55:24.437+0000] {processor.py:925} INFO - DAG(s) 'example_dag_decorator' retrieved from /home/airflow/.local/lib/python3.12/site-packages/airflow/example_dags/example_dag_decorator.py
[2025-02-14T23:55:24.540+0000] {logging_mixin.py:190} INFO - [2025-02-14T23:55:24.540+0000] {dag.py:3239} INFO - Sync 1 DAGs
[2025-02-14T23:55:24.549+0000] {logging_mixin.py:190} INFO - [2025-02-14T23:55:24.549+0000] {dag.py:4180} INFO - Setting next_dagrun for example_dag_decorator to None, run_after=None
[2025-02-14T23:55:24.561+0000] {processor.py:208} INFO - Processing /home/airflow/.local/lib/python3.12/site-packages/airflow/example_dags/example_dag_decorator.py took 0.211 seconds
