[2025-02-14T23:36:44.642+0000] {processor.py:186} INFO - Started process (PID=66) to work on /home/airflow/.local/lib/python3.12/site-packages/airflow/example_dags/example_task_group.py
[2025-02-14T23:36:44.643+0000] {processor.py:914} INFO - Processing file /home/airflow/.local/lib/python3.12/site-packages/airflow/example_dags/example_task_group.py for tasks to queue
[2025-02-14T23:36:44.645+0000] {logging_mixin.py:190} INFO - [2025-02-14T23:36:44.645+0000] {dagbag.py:588} INFO - Filling up the DagBag from /home/airflow/.local/lib/python3.12/site-packages/airflow/example_dags/example_task_group.py
[2025-02-14T23:36:44.655+0000] {processor.py:925} INFO - DAG(s) 'example_task_group' retrieved from /home/airflow/.local/lib/python3.12/site-packages/airflow/example_dags/example_task_group.py
[2025-02-14T23:36:44.675+0000] {logging_mixin.py:190} INFO - [2025-02-14T23:36:44.675+0000] {dag.py:3239} INFO - Sync 1 DAGs
[2025-02-14T23:36:44.693+0000] {logging_mixin.py:190} INFO - [2025-02-14T23:36:44.693+0000] {dag.py:4180} INFO - Setting next_dagrun for example_task_group to None, run_after=None
[2025-02-14T23:36:44.718+0000] {processor.py:208} INFO - Processing /home/airflow/.local/lib/python3.12/site-packages/airflow/example_dags/example_task_group.py took 0.082 seconds
[2025-02-14T23:37:14.793+0000] {processor.py:186} INFO - Started process (PID=128) to work on /home/airflow/.local/lib/python3.12/site-packages/airflow/example_dags/example_task_group.py
[2025-02-14T23:37:14.793+0000] {processor.py:914} INFO - Processing file /home/airflow/.local/lib/python3.12/site-packages/airflow/example_dags/example_task_group.py for tasks to queue
[2025-02-14T23:37:14.795+0000] {logging_mixin.py:190} INFO - [2025-02-14T23:37:14.795+0000] {dagbag.py:588} INFO - Filling up the DagBag from /home/airflow/.local/lib/python3.12/site-packages/airflow/example_dags/example_task_group.py
[2025-02-14T23:37:14.800+0000] {processor.py:925} INFO - DAG(s) 'example_task_group' retrieved from /home/airflow/.local/lib/python3.12/site-packages/airflow/example_dags/example_task_group.py
[2025-02-14T23:37:14.812+0000] {logging_mixin.py:190} INFO - [2025-02-14T23:37:14.812+0000] {dag.py:3239} INFO - Sync 1 DAGs
[2025-02-14T23:37:14.820+0000] {logging_mixin.py:190} INFO - [2025-02-14T23:37:14.820+0000] {dag.py:4180} INFO - Setting next_dagrun for example_task_group to None, run_after=None
[2025-02-14T23:37:14.829+0000] {processor.py:208} INFO - Processing /home/airflow/.local/lib/python3.12/site-packages/airflow/example_dags/example_task_group.py took 0.039 seconds
[2025-02-14T23:37:45.512+0000] {processor.py:186} INFO - Started process (PID=191) to work on /home/airflow/.local/lib/python3.12/site-packages/airflow/example_dags/example_task_group.py
[2025-02-14T23:37:45.513+0000] {processor.py:914} INFO - Processing file /home/airflow/.local/lib/python3.12/site-packages/airflow/example_dags/example_task_group.py for tasks to queue
[2025-02-14T23:37:45.515+0000] {logging_mixin.py:190} INFO - [2025-02-14T23:37:45.514+0000] {dagbag.py:588} INFO - Filling up the DagBag from /home/airflow/.local/lib/python3.12/site-packages/airflow/example_dags/example_task_group.py
[2025-02-14T23:37:45.522+0000] {processor.py:925} INFO - DAG(s) 'example_task_group' retrieved from /home/airflow/.local/lib/python3.12/site-packages/airflow/example_dags/example_task_group.py
[2025-02-14T23:37:45.544+0000] {logging_mixin.py:190} INFO - [2025-02-14T23:37:45.543+0000] {dag.py:3239} INFO - Sync 1 DAGs
[2025-02-14T23:37:45.555+0000] {logging_mixin.py:190} INFO - [2025-02-14T23:37:45.555+0000] {dag.py:4180} INFO - Setting next_dagrun for example_task_group to None, run_after=None
[2025-02-14T23:37:45.570+0000] {processor.py:208} INFO - Processing /home/airflow/.local/lib/python3.12/site-packages/airflow/example_dags/example_task_group.py took 0.062 seconds
[2025-02-14T23:38:16.118+0000] {processor.py:186} INFO - Started process (PID=254) to work on /home/airflow/.local/lib/python3.12/site-packages/airflow/example_dags/example_task_group.py
[2025-02-14T23:38:16.119+0000] {processor.py:914} INFO - Processing file /home/airflow/.local/lib/python3.12/site-packages/airflow/example_dags/example_task_group.py for tasks to queue
[2025-02-14T23:38:16.120+0000] {logging_mixin.py:190} INFO - [2025-02-14T23:38:16.120+0000] {dagbag.py:588} INFO - Filling up the DagBag from /home/airflow/.local/lib/python3.12/site-packages/airflow/example_dags/example_task_group.py
[2025-02-14T23:38:16.126+0000] {processor.py:925} INFO - DAG(s) 'example_task_group' retrieved from /home/airflow/.local/lib/python3.12/site-packages/airflow/example_dags/example_task_group.py
[2025-02-14T23:38:16.143+0000] {logging_mixin.py:190} INFO - [2025-02-14T23:38:16.143+0000] {dag.py:3239} INFO - Sync 1 DAGs
[2025-02-14T23:38:16.154+0000] {logging_mixin.py:190} INFO - [2025-02-14T23:38:16.154+0000] {dag.py:4180} INFO - Setting next_dagrun for example_task_group to None, run_after=None
[2025-02-14T23:38:16.165+0000] {processor.py:208} INFO - Processing /home/airflow/.local/lib/python3.12/site-packages/airflow/example_dags/example_task_group.py took 0.052 seconds
[2025-02-14T23:38:46.960+0000] {processor.py:186} INFO - Started process (PID=317) to work on /home/airflow/.local/lib/python3.12/site-packages/airflow/example_dags/example_task_group.py
[2025-02-14T23:38:46.961+0000] {processor.py:914} INFO - Processing file /home/airflow/.local/lib/python3.12/site-packages/airflow/example_dags/example_task_group.py for tasks to queue
[2025-02-14T23:38:46.962+0000] {logging_mixin.py:190} INFO - [2025-02-14T23:38:46.962+0000] {dagbag.py:588} INFO - Filling up the DagBag from /home/airflow/.local/lib/python3.12/site-packages/airflow/example_dags/example_task_group.py
[2025-02-14T23:38:46.968+0000] {processor.py:925} INFO - DAG(s) 'example_task_group' retrieved from /home/airflow/.local/lib/python3.12/site-packages/airflow/example_dags/example_task_group.py
[2025-02-14T23:38:46.983+0000] {logging_mixin.py:190} INFO - [2025-02-14T23:38:46.983+0000] {dag.py:3239} INFO - Sync 1 DAGs
[2025-02-14T23:38:46.992+0000] {logging_mixin.py:190} INFO - [2025-02-14T23:38:46.992+0000] {dag.py:4180} INFO - Setting next_dagrun for example_task_group to None, run_after=None
[2025-02-14T23:38:47.004+0000] {processor.py:208} INFO - Processing /home/airflow/.local/lib/python3.12/site-packages/airflow/example_dags/example_task_group.py took 0.048 seconds
[2025-02-14T23:39:17.274+0000] {processor.py:186} INFO - Started process (PID=380) to work on /home/airflow/.local/lib/python3.12/site-packages/airflow/example_dags/example_task_group.py
[2025-02-14T23:39:17.274+0000] {processor.py:914} INFO - Processing file /home/airflow/.local/lib/python3.12/site-packages/airflow/example_dags/example_task_group.py for tasks to queue
[2025-02-14T23:39:17.276+0000] {logging_mixin.py:190} INFO - [2025-02-14T23:39:17.275+0000] {dagbag.py:588} INFO - Filling up the DagBag from /home/airflow/.local/lib/python3.12/site-packages/airflow/example_dags/example_task_group.py
[2025-02-14T23:39:17.282+0000] {processor.py:925} INFO - DAG(s) 'example_task_group' retrieved from /home/airflow/.local/lib/python3.12/site-packages/airflow/example_dags/example_task_group.py
[2025-02-14T23:39:17.299+0000] {logging_mixin.py:190} INFO - [2025-02-14T23:39:17.299+0000] {dag.py:3239} INFO - Sync 1 DAGs
[2025-02-14T23:39:17.307+0000] {logging_mixin.py:190} INFO - [2025-02-14T23:39:17.307+0000] {dag.py:4180} INFO - Setting next_dagrun for example_task_group to None, run_after=None
[2025-02-14T23:39:17.320+0000] {processor.py:208} INFO - Processing /home/airflow/.local/lib/python3.12/site-packages/airflow/example_dags/example_task_group.py took 0.050 seconds
[2025-02-14T23:39:47.506+0000] {processor.py:186} INFO - Started process (PID=443) to work on /home/airflow/.local/lib/python3.12/site-packages/airflow/example_dags/example_task_group.py
[2025-02-14T23:39:47.507+0000] {processor.py:914} INFO - Processing file /home/airflow/.local/lib/python3.12/site-packages/airflow/example_dags/example_task_group.py for tasks to queue
[2025-02-14T23:39:47.509+0000] {logging_mixin.py:190} INFO - [2025-02-14T23:39:47.509+0000] {dagbag.py:588} INFO - Filling up the DagBag from /home/airflow/.local/lib/python3.12/site-packages/airflow/example_dags/example_task_group.py
[2025-02-14T23:39:47.515+0000] {processor.py:925} INFO - DAG(s) 'example_task_group' retrieved from /home/airflow/.local/lib/python3.12/site-packages/airflow/example_dags/example_task_group.py
[2025-02-14T23:39:47.529+0000] {logging_mixin.py:190} INFO - [2025-02-14T23:39:47.528+0000] {dag.py:3239} INFO - Sync 1 DAGs
[2025-02-14T23:39:47.537+0000] {logging_mixin.py:190} INFO - [2025-02-14T23:39:47.536+0000] {dag.py:4180} INFO - Setting next_dagrun for example_task_group to None, run_after=None
[2025-02-14T23:39:47.552+0000] {processor.py:208} INFO - Processing /home/airflow/.local/lib/python3.12/site-packages/airflow/example_dags/example_task_group.py took 0.050 seconds
[2025-02-14T23:40:18.066+0000] {processor.py:186} INFO - Started process (PID=512) to work on /home/airflow/.local/lib/python3.12/site-packages/airflow/example_dags/example_task_group.py
[2025-02-14T23:40:18.068+0000] {processor.py:914} INFO - Processing file /home/airflow/.local/lib/python3.12/site-packages/airflow/example_dags/example_task_group.py for tasks to queue
[2025-02-14T23:40:18.072+0000] {logging_mixin.py:190} INFO - [2025-02-14T23:40:18.071+0000] {dagbag.py:588} INFO - Filling up the DagBag from /home/airflow/.local/lib/python3.12/site-packages/airflow/example_dags/example_task_group.py
[2025-02-14T23:40:18.080+0000] {processor.py:925} INFO - DAG(s) 'example_task_group' retrieved from /home/airflow/.local/lib/python3.12/site-packages/airflow/example_dags/example_task_group.py
[2025-02-14T23:40:18.104+0000] {logging_mixin.py:190} INFO - [2025-02-14T23:40:18.104+0000] {dag.py:3239} INFO - Sync 1 DAGs
[2025-02-14T23:40:18.115+0000] {logging_mixin.py:190} INFO - [2025-02-14T23:40:18.115+0000] {dag.py:4180} INFO - Setting next_dagrun for example_task_group to None, run_after=None
[2025-02-14T23:40:18.133+0000] {processor.py:208} INFO - Processing /home/airflow/.local/lib/python3.12/site-packages/airflow/example_dags/example_task_group.py took 0.074 seconds
[2025-02-14T23:40:48.946+0000] {processor.py:186} INFO - Started process (PID=575) to work on /home/airflow/.local/lib/python3.12/site-packages/airflow/example_dags/example_task_group.py
[2025-02-14T23:40:48.947+0000] {processor.py:914} INFO - Processing file /home/airflow/.local/lib/python3.12/site-packages/airflow/example_dags/example_task_group.py for tasks to queue
[2025-02-14T23:40:48.949+0000] {logging_mixin.py:190} INFO - [2025-02-14T23:40:48.949+0000] {dagbag.py:588} INFO - Filling up the DagBag from /home/airflow/.local/lib/python3.12/site-packages/airflow/example_dags/example_task_group.py
[2025-02-14T23:40:48.955+0000] {processor.py:925} INFO - DAG(s) 'example_task_group' retrieved from /home/airflow/.local/lib/python3.12/site-packages/airflow/example_dags/example_task_group.py
[2025-02-14T23:40:48.970+0000] {logging_mixin.py:190} INFO - [2025-02-14T23:40:48.969+0000] {dag.py:3239} INFO - Sync 1 DAGs
[2025-02-14T23:40:48.979+0000] {logging_mixin.py:190} INFO - [2025-02-14T23:40:48.979+0000] {dag.py:4180} INFO - Setting next_dagrun for example_task_group to None, run_after=None
[2025-02-14T23:40:48.995+0000] {processor.py:208} INFO - Processing /home/airflow/.local/lib/python3.12/site-packages/airflow/example_dags/example_task_group.py took 0.053 seconds
[2025-02-14T23:41:19.903+0000] {processor.py:186} INFO - Started process (PID=638) to work on /home/airflow/.local/lib/python3.12/site-packages/airflow/example_dags/example_task_group.py
[2025-02-14T23:41:19.904+0000] {processor.py:914} INFO - Processing file /home/airflow/.local/lib/python3.12/site-packages/airflow/example_dags/example_task_group.py for tasks to queue
[2025-02-14T23:41:19.907+0000] {logging_mixin.py:190} INFO - [2025-02-14T23:41:19.907+0000] {dagbag.py:588} INFO - Filling up the DagBag from /home/airflow/.local/lib/python3.12/site-packages/airflow/example_dags/example_task_group.py
[2025-02-14T23:41:19.914+0000] {processor.py:925} INFO - DAG(s) 'example_task_group' retrieved from /home/airflow/.local/lib/python3.12/site-packages/airflow/example_dags/example_task_group.py
[2025-02-14T23:41:19.934+0000] {logging_mixin.py:190} INFO - [2025-02-14T23:41:19.933+0000] {dag.py:3239} INFO - Sync 1 DAGs
[2025-02-14T23:41:19.942+0000] {logging_mixin.py:190} INFO - [2025-02-14T23:41:19.942+0000] {dag.py:4180} INFO - Setting next_dagrun for example_task_group to None, run_after=None
[2025-02-14T23:41:19.955+0000] {processor.py:208} INFO - Processing /home/airflow/.local/lib/python3.12/site-packages/airflow/example_dags/example_task_group.py took 0.058 seconds
[2025-02-14T23:41:50.689+0000] {processor.py:186} INFO - Started process (PID=701) to work on /home/airflow/.local/lib/python3.12/site-packages/airflow/example_dags/example_task_group.py
[2025-02-14T23:41:50.693+0000] {processor.py:914} INFO - Processing file /home/airflow/.local/lib/python3.12/site-packages/airflow/example_dags/example_task_group.py for tasks to queue
[2025-02-14T23:41:50.694+0000] {logging_mixin.py:190} INFO - [2025-02-14T23:41:50.694+0000] {dagbag.py:588} INFO - Filling up the DagBag from /home/airflow/.local/lib/python3.12/site-packages/airflow/example_dags/example_task_group.py
[2025-02-14T23:41:50.699+0000] {processor.py:925} INFO - DAG(s) 'example_task_group' retrieved from /home/airflow/.local/lib/python3.12/site-packages/airflow/example_dags/example_task_group.py
[2025-02-14T23:41:50.711+0000] {logging_mixin.py:190} INFO - [2025-02-14T23:41:50.710+0000] {dag.py:3239} INFO - Sync 1 DAGs
[2025-02-14T23:41:50.719+0000] {logging_mixin.py:190} INFO - [2025-02-14T23:41:50.719+0000] {dag.py:4180} INFO - Setting next_dagrun for example_task_group to None, run_after=None
[2025-02-14T23:41:50.728+0000] {processor.py:208} INFO - Processing /home/airflow/.local/lib/python3.12/site-packages/airflow/example_dags/example_task_group.py took 0.043 seconds
[2025-02-14T23:42:20.992+0000] {processor.py:186} INFO - Started process (PID=764) to work on /home/airflow/.local/lib/python3.12/site-packages/airflow/example_dags/example_task_group.py
[2025-02-14T23:42:20.992+0000] {processor.py:914} INFO - Processing file /home/airflow/.local/lib/python3.12/site-packages/airflow/example_dags/example_task_group.py for tasks to queue
[2025-02-14T23:42:20.994+0000] {logging_mixin.py:190} INFO - [2025-02-14T23:42:20.994+0000] {dagbag.py:588} INFO - Filling up the DagBag from /home/airflow/.local/lib/python3.12/site-packages/airflow/example_dags/example_task_group.py
[2025-02-14T23:42:21.001+0000] {processor.py:925} INFO - DAG(s) 'example_task_group' retrieved from /home/airflow/.local/lib/python3.12/site-packages/airflow/example_dags/example_task_group.py
[2025-02-14T23:42:21.017+0000] {logging_mixin.py:190} INFO - [2025-02-14T23:42:21.017+0000] {dag.py:3239} INFO - Sync 1 DAGs
[2025-02-14T23:42:21.026+0000] {logging_mixin.py:190} INFO - [2025-02-14T23:42:21.026+0000] {dag.py:4180} INFO - Setting next_dagrun for example_task_group to None, run_after=None
[2025-02-14T23:42:21.038+0000] {processor.py:208} INFO - Processing /home/airflow/.local/lib/python3.12/site-packages/airflow/example_dags/example_task_group.py took 0.051 seconds
[2025-02-14T23:42:51.862+0000] {processor.py:186} INFO - Started process (PID=827) to work on /home/airflow/.local/lib/python3.12/site-packages/airflow/example_dags/example_task_group.py
[2025-02-14T23:42:51.865+0000] {processor.py:914} INFO - Processing file /home/airflow/.local/lib/python3.12/site-packages/airflow/example_dags/example_task_group.py for tasks to queue
[2025-02-14T23:42:51.867+0000] {logging_mixin.py:190} INFO - [2025-02-14T23:42:51.866+0000] {dagbag.py:588} INFO - Filling up the DagBag from /home/airflow/.local/lib/python3.12/site-packages/airflow/example_dags/example_task_group.py
[2025-02-14T23:42:51.874+0000] {processor.py:925} INFO - DAG(s) 'example_task_group' retrieved from /home/airflow/.local/lib/python3.12/site-packages/airflow/example_dags/example_task_group.py
[2025-02-14T23:42:51.886+0000] {logging_mixin.py:190} INFO - [2025-02-14T23:42:51.886+0000] {dag.py:3239} INFO - Sync 1 DAGs
[2025-02-14T23:42:51.898+0000] {logging_mixin.py:190} INFO - [2025-02-14T23:42:51.897+0000] {dag.py:4180} INFO - Setting next_dagrun for example_task_group to None, run_after=None
[2025-02-14T23:42:51.909+0000] {processor.py:208} INFO - Processing /home/airflow/.local/lib/python3.12/site-packages/airflow/example_dags/example_task_group.py took 0.050 seconds
[2025-02-14T23:43:22.631+0000] {processor.py:186} INFO - Started process (PID=890) to work on /home/airflow/.local/lib/python3.12/site-packages/airflow/example_dags/example_task_group.py
[2025-02-14T23:43:22.634+0000] {processor.py:914} INFO - Processing file /home/airflow/.local/lib/python3.12/site-packages/airflow/example_dags/example_task_group.py for tasks to queue
[2025-02-14T23:43:22.637+0000] {logging_mixin.py:190} INFO - [2025-02-14T23:43:22.637+0000] {dagbag.py:588} INFO - Filling up the DagBag from /home/airflow/.local/lib/python3.12/site-packages/airflow/example_dags/example_task_group.py
[2025-02-14T23:43:22.658+0000] {processor.py:925} INFO - DAG(s) 'example_task_group' retrieved from /home/airflow/.local/lib/python3.12/site-packages/airflow/example_dags/example_task_group.py
[2025-02-14T23:43:22.689+0000] {logging_mixin.py:190} INFO - [2025-02-14T23:43:22.688+0000] {dag.py:3239} INFO - Sync 1 DAGs
[2025-02-14T23:43:22.711+0000] {logging_mixin.py:190} INFO - [2025-02-14T23:43:22.710+0000] {dag.py:4180} INFO - Setting next_dagrun for example_task_group to None, run_after=None
[2025-02-14T23:43:22.735+0000] {processor.py:208} INFO - Processing /home/airflow/.local/lib/python3.12/site-packages/airflow/example_dags/example_task_group.py took 0.118 seconds
[2025-02-14T23:43:53.326+0000] {processor.py:186} INFO - Started process (PID=953) to work on /home/airflow/.local/lib/python3.12/site-packages/airflow/example_dags/example_task_group.py
[2025-02-14T23:43:53.327+0000] {processor.py:914} INFO - Processing file /home/airflow/.local/lib/python3.12/site-packages/airflow/example_dags/example_task_group.py for tasks to queue
[2025-02-14T23:43:53.329+0000] {logging_mixin.py:190} INFO - [2025-02-14T23:43:53.329+0000] {dagbag.py:588} INFO - Filling up the DagBag from /home/airflow/.local/lib/python3.12/site-packages/airflow/example_dags/example_task_group.py
[2025-02-14T23:43:53.336+0000] {processor.py:925} INFO - DAG(s) 'example_task_group' retrieved from /home/airflow/.local/lib/python3.12/site-packages/airflow/example_dags/example_task_group.py
[2025-02-14T23:43:53.352+0000] {logging_mixin.py:190} INFO - [2025-02-14T23:43:53.352+0000] {dag.py:3239} INFO - Sync 1 DAGs
[2025-02-14T23:43:53.364+0000] {logging_mixin.py:190} INFO - [2025-02-14T23:43:53.363+0000] {dag.py:4180} INFO - Setting next_dagrun for example_task_group to None, run_after=None
[2025-02-14T23:43:53.374+0000] {processor.py:208} INFO - Processing /home/airflow/.local/lib/python3.12/site-packages/airflow/example_dags/example_task_group.py took 0.053 seconds
[2025-02-14T23:44:24.024+0000] {processor.py:186} INFO - Started process (PID=1015) to work on /home/airflow/.local/lib/python3.12/site-packages/airflow/example_dags/example_task_group.py
[2025-02-14T23:44:24.025+0000] {processor.py:914} INFO - Processing file /home/airflow/.local/lib/python3.12/site-packages/airflow/example_dags/example_task_group.py for tasks to queue
[2025-02-14T23:44:24.026+0000] {logging_mixin.py:190} INFO - [2025-02-14T23:44:24.026+0000] {dagbag.py:588} INFO - Filling up the DagBag from /home/airflow/.local/lib/python3.12/site-packages/airflow/example_dags/example_task_group.py
[2025-02-14T23:44:24.032+0000] {processor.py:925} INFO - DAG(s) 'example_task_group' retrieved from /home/airflow/.local/lib/python3.12/site-packages/airflow/example_dags/example_task_group.py
[2025-02-14T23:44:24.046+0000] {logging_mixin.py:190} INFO - [2025-02-14T23:44:24.046+0000] {dag.py:3239} INFO - Sync 1 DAGs
[2025-02-14T23:44:24.054+0000] {logging_mixin.py:190} INFO - [2025-02-14T23:44:24.054+0000] {dag.py:4180} INFO - Setting next_dagrun for example_task_group to None, run_after=None
[2025-02-14T23:44:24.064+0000] {processor.py:208} INFO - Processing /home/airflow/.local/lib/python3.12/site-packages/airflow/example_dags/example_task_group.py took 0.043 seconds
[2025-02-14T23:44:54.980+0000] {processor.py:186} INFO - Started process (PID=1078) to work on /home/airflow/.local/lib/python3.12/site-packages/airflow/example_dags/example_task_group.py
[2025-02-14T23:44:54.983+0000] {processor.py:914} INFO - Processing file /home/airflow/.local/lib/python3.12/site-packages/airflow/example_dags/example_task_group.py for tasks to queue
[2025-02-14T23:44:54.985+0000] {logging_mixin.py:190} INFO - [2025-02-14T23:44:54.984+0000] {dagbag.py:588} INFO - Filling up the DagBag from /home/airflow/.local/lib/python3.12/site-packages/airflow/example_dags/example_task_group.py
[2025-02-14T23:44:54.991+0000] {processor.py:925} INFO - DAG(s) 'example_task_group' retrieved from /home/airflow/.local/lib/python3.12/site-packages/airflow/example_dags/example_task_group.py
[2025-02-14T23:44:55.005+0000] {logging_mixin.py:190} INFO - [2025-02-14T23:44:55.005+0000] {dag.py:3239} INFO - Sync 1 DAGs
[2025-02-14T23:44:55.014+0000] {logging_mixin.py:190} INFO - [2025-02-14T23:44:55.014+0000] {dag.py:4180} INFO - Setting next_dagrun for example_task_group to None, run_after=None
[2025-02-14T23:44:55.024+0000] {processor.py:208} INFO - Processing /home/airflow/.local/lib/python3.12/site-packages/airflow/example_dags/example_task_group.py took 0.048 seconds
[2025-02-14T23:45:25.125+0000] {processor.py:186} INFO - Started process (PID=1141) to work on /home/airflow/.local/lib/python3.12/site-packages/airflow/example_dags/example_task_group.py
[2025-02-14T23:45:25.126+0000] {processor.py:914} INFO - Processing file /home/airflow/.local/lib/python3.12/site-packages/airflow/example_dags/example_task_group.py for tasks to queue
[2025-02-14T23:45:25.127+0000] {logging_mixin.py:190} INFO - [2025-02-14T23:45:25.127+0000] {dagbag.py:588} INFO - Filling up the DagBag from /home/airflow/.local/lib/python3.12/site-packages/airflow/example_dags/example_task_group.py
[2025-02-14T23:45:25.135+0000] {processor.py:925} INFO - DAG(s) 'example_task_group' retrieved from /home/airflow/.local/lib/python3.12/site-packages/airflow/example_dags/example_task_group.py
[2025-02-14T23:45:25.148+0000] {logging_mixin.py:190} INFO - [2025-02-14T23:45:25.148+0000] {dag.py:3239} INFO - Sync 1 DAGs
[2025-02-14T23:45:25.156+0000] {logging_mixin.py:190} INFO - [2025-02-14T23:45:25.156+0000] {dag.py:4180} INFO - Setting next_dagrun for example_task_group to None, run_after=None
[2025-02-14T23:45:25.166+0000] {processor.py:208} INFO - Processing /home/airflow/.local/lib/python3.12/site-packages/airflow/example_dags/example_task_group.py took 0.045 seconds
[2025-02-14T23:45:55.443+0000] {processor.py:186} INFO - Started process (PID=1204) to work on /home/airflow/.local/lib/python3.12/site-packages/airflow/example_dags/example_task_group.py
[2025-02-14T23:45:55.444+0000] {processor.py:914} INFO - Processing file /home/airflow/.local/lib/python3.12/site-packages/airflow/example_dags/example_task_group.py for tasks to queue
[2025-02-14T23:45:55.445+0000] {logging_mixin.py:190} INFO - [2025-02-14T23:45:55.445+0000] {dagbag.py:588} INFO - Filling up the DagBag from /home/airflow/.local/lib/python3.12/site-packages/airflow/example_dags/example_task_group.py
[2025-02-14T23:45:55.451+0000] {processor.py:925} INFO - DAG(s) 'example_task_group' retrieved from /home/airflow/.local/lib/python3.12/site-packages/airflow/example_dags/example_task_group.py
[2025-02-14T23:45:55.464+0000] {logging_mixin.py:190} INFO - [2025-02-14T23:45:55.464+0000] {dag.py:3239} INFO - Sync 1 DAGs
[2025-02-14T23:45:55.472+0000] {logging_mixin.py:190} INFO - [2025-02-14T23:45:55.472+0000] {dag.py:4180} INFO - Setting next_dagrun for example_task_group to None, run_after=None
[2025-02-14T23:45:55.482+0000] {processor.py:208} INFO - Processing /home/airflow/.local/lib/python3.12/site-packages/airflow/example_dags/example_task_group.py took 0.043 seconds
[2025-02-14T23:46:25.674+0000] {processor.py:186} INFO - Started process (PID=1267) to work on /home/airflow/.local/lib/python3.12/site-packages/airflow/example_dags/example_task_group.py
[2025-02-14T23:46:25.675+0000] {processor.py:914} INFO - Processing file /home/airflow/.local/lib/python3.12/site-packages/airflow/example_dags/example_task_group.py for tasks to queue
[2025-02-14T23:46:25.676+0000] {logging_mixin.py:190} INFO - [2025-02-14T23:46:25.676+0000] {dagbag.py:588} INFO - Filling up the DagBag from /home/airflow/.local/lib/python3.12/site-packages/airflow/example_dags/example_task_group.py
[2025-02-14T23:46:25.681+0000] {processor.py:925} INFO - DAG(s) 'example_task_group' retrieved from /home/airflow/.local/lib/python3.12/site-packages/airflow/example_dags/example_task_group.py
[2025-02-14T23:46:25.695+0000] {logging_mixin.py:190} INFO - [2025-02-14T23:46:25.695+0000] {dag.py:3239} INFO - Sync 1 DAGs
[2025-02-14T23:46:25.703+0000] {logging_mixin.py:190} INFO - [2025-02-14T23:46:25.703+0000] {dag.py:4180} INFO - Setting next_dagrun for example_task_group to None, run_after=None
[2025-02-14T23:46:25.712+0000] {processor.py:208} INFO - Processing /home/airflow/.local/lib/python3.12/site-packages/airflow/example_dags/example_task_group.py took 0.043 seconds
[2025-02-14T23:46:56.198+0000] {processor.py:186} INFO - Started process (PID=1330) to work on /home/airflow/.local/lib/python3.12/site-packages/airflow/example_dags/example_task_group.py
[2025-02-14T23:46:56.199+0000] {processor.py:914} INFO - Processing file /home/airflow/.local/lib/python3.12/site-packages/airflow/example_dags/example_task_group.py for tasks to queue
[2025-02-14T23:46:56.200+0000] {logging_mixin.py:190} INFO - [2025-02-14T23:46:56.200+0000] {dagbag.py:588} INFO - Filling up the DagBag from /home/airflow/.local/lib/python3.12/site-packages/airflow/example_dags/example_task_group.py
[2025-02-14T23:46:56.209+0000] {processor.py:925} INFO - DAG(s) 'example_task_group' retrieved from /home/airflow/.local/lib/python3.12/site-packages/airflow/example_dags/example_task_group.py
[2025-02-14T23:46:56.223+0000] {logging_mixin.py:190} INFO - [2025-02-14T23:46:56.223+0000] {dag.py:3239} INFO - Sync 1 DAGs
[2025-02-14T23:46:56.232+0000] {logging_mixin.py:190} INFO - [2025-02-14T23:46:56.232+0000] {dag.py:4180} INFO - Setting next_dagrun for example_task_group to None, run_after=None
[2025-02-14T23:46:56.242+0000] {processor.py:208} INFO - Processing /home/airflow/.local/lib/python3.12/site-packages/airflow/example_dags/example_task_group.py took 0.048 seconds
[2025-02-14T23:47:26.663+0000] {processor.py:186} INFO - Started process (PID=1392) to work on /home/airflow/.local/lib/python3.12/site-packages/airflow/example_dags/example_task_group.py
[2025-02-14T23:47:26.664+0000] {processor.py:914} INFO - Processing file /home/airflow/.local/lib/python3.12/site-packages/airflow/example_dags/example_task_group.py for tasks to queue
[2025-02-14T23:47:26.665+0000] {logging_mixin.py:190} INFO - [2025-02-14T23:47:26.665+0000] {dagbag.py:588} INFO - Filling up the DagBag from /home/airflow/.local/lib/python3.12/site-packages/airflow/example_dags/example_task_group.py
[2025-02-14T23:47:26.671+0000] {processor.py:925} INFO - DAG(s) 'example_task_group' retrieved from /home/airflow/.local/lib/python3.12/site-packages/airflow/example_dags/example_task_group.py
[2025-02-14T23:47:26.691+0000] {logging_mixin.py:190} INFO - [2025-02-14T23:47:26.690+0000] {dag.py:3239} INFO - Sync 1 DAGs
[2025-02-14T23:47:26.699+0000] {logging_mixin.py:190} INFO - [2025-02-14T23:47:26.699+0000] {dag.py:4180} INFO - Setting next_dagrun for example_task_group to None, run_after=None
[2025-02-14T23:47:26.709+0000] {processor.py:208} INFO - Processing /home/airflow/.local/lib/python3.12/site-packages/airflow/example_dags/example_task_group.py took 0.051 seconds
[2025-02-14T23:47:57.288+0000] {processor.py:186} INFO - Started process (PID=1455) to work on /home/airflow/.local/lib/python3.12/site-packages/airflow/example_dags/example_task_group.py
[2025-02-14T23:47:57.289+0000] {processor.py:914} INFO - Processing file /home/airflow/.local/lib/python3.12/site-packages/airflow/example_dags/example_task_group.py for tasks to queue
[2025-02-14T23:47:57.290+0000] {logging_mixin.py:190} INFO - [2025-02-14T23:47:57.290+0000] {dagbag.py:588} INFO - Filling up the DagBag from /home/airflow/.local/lib/python3.12/site-packages/airflow/example_dags/example_task_group.py
[2025-02-14T23:47:57.296+0000] {processor.py:925} INFO - DAG(s) 'example_task_group' retrieved from /home/airflow/.local/lib/python3.12/site-packages/airflow/example_dags/example_task_group.py
[2025-02-14T23:47:57.311+0000] {logging_mixin.py:190} INFO - [2025-02-14T23:47:57.311+0000] {dag.py:3239} INFO - Sync 1 DAGs
[2025-02-14T23:47:57.319+0000] {logging_mixin.py:190} INFO - [2025-02-14T23:47:57.319+0000] {dag.py:4180} INFO - Setting next_dagrun for example_task_group to None, run_after=None
[2025-02-14T23:47:57.335+0000] {processor.py:208} INFO - Processing /home/airflow/.local/lib/python3.12/site-packages/airflow/example_dags/example_task_group.py took 0.051 seconds
[2025-02-14T23:48:27.583+0000] {processor.py:186} INFO - Started process (PID=1518) to work on /home/airflow/.local/lib/python3.12/site-packages/airflow/example_dags/example_task_group.py
[2025-02-14T23:48:27.584+0000] {processor.py:914} INFO - Processing file /home/airflow/.local/lib/python3.12/site-packages/airflow/example_dags/example_task_group.py for tasks to queue
[2025-02-14T23:48:27.586+0000] {logging_mixin.py:190} INFO - [2025-02-14T23:48:27.586+0000] {dagbag.py:588} INFO - Filling up the DagBag from /home/airflow/.local/lib/python3.12/site-packages/airflow/example_dags/example_task_group.py
[2025-02-14T23:48:27.592+0000] {processor.py:925} INFO - DAG(s) 'example_task_group' retrieved from /home/airflow/.local/lib/python3.12/site-packages/airflow/example_dags/example_task_group.py
[2025-02-14T23:48:27.609+0000] {logging_mixin.py:190} INFO - [2025-02-14T23:48:27.609+0000] {dag.py:3239} INFO - Sync 1 DAGs
[2025-02-14T23:48:27.620+0000] {logging_mixin.py:190} INFO - [2025-02-14T23:48:27.620+0000] {dag.py:4180} INFO - Setting next_dagrun for example_task_group to None, run_after=None
[2025-02-14T23:48:27.632+0000] {processor.py:208} INFO - Processing /home/airflow/.local/lib/python3.12/site-packages/airflow/example_dags/example_task_group.py took 0.053 seconds
[2025-02-14T23:48:57.851+0000] {processor.py:186} INFO - Started process (PID=1581) to work on /home/airflow/.local/lib/python3.12/site-packages/airflow/example_dags/example_task_group.py
[2025-02-14T23:48:57.852+0000] {processor.py:914} INFO - Processing file /home/airflow/.local/lib/python3.12/site-packages/airflow/example_dags/example_task_group.py for tasks to queue
[2025-02-14T23:48:57.854+0000] {logging_mixin.py:190} INFO - [2025-02-14T23:48:57.853+0000] {dagbag.py:588} INFO - Filling up the DagBag from /home/airflow/.local/lib/python3.12/site-packages/airflow/example_dags/example_task_group.py
[2025-02-14T23:48:57.860+0000] {processor.py:925} INFO - DAG(s) 'example_task_group' retrieved from /home/airflow/.local/lib/python3.12/site-packages/airflow/example_dags/example_task_group.py
[2025-02-14T23:48:57.881+0000] {logging_mixin.py:190} INFO - [2025-02-14T23:48:57.880+0000] {dag.py:3239} INFO - Sync 1 DAGs
[2025-02-14T23:48:57.889+0000] {logging_mixin.py:190} INFO - [2025-02-14T23:48:57.889+0000] {dag.py:4180} INFO - Setting next_dagrun for example_task_group to None, run_after=None
[2025-02-14T23:48:57.906+0000] {processor.py:208} INFO - Processing /home/airflow/.local/lib/python3.12/site-packages/airflow/example_dags/example_task_group.py took 0.059 seconds
[2025-02-14T23:49:28.159+0000] {processor.py:186} INFO - Started process (PID=1644) to work on /home/airflow/.local/lib/python3.12/site-packages/airflow/example_dags/example_task_group.py
[2025-02-14T23:49:28.159+0000] {processor.py:914} INFO - Processing file /home/airflow/.local/lib/python3.12/site-packages/airflow/example_dags/example_task_group.py for tasks to queue
[2025-02-14T23:49:28.161+0000] {logging_mixin.py:190} INFO - [2025-02-14T23:49:28.161+0000] {dagbag.py:588} INFO - Filling up the DagBag from /home/airflow/.local/lib/python3.12/site-packages/airflow/example_dags/example_task_group.py
[2025-02-14T23:49:28.168+0000] {processor.py:925} INFO - DAG(s) 'example_task_group' retrieved from /home/airflow/.local/lib/python3.12/site-packages/airflow/example_dags/example_task_group.py
[2025-02-14T23:49:28.181+0000] {logging_mixin.py:190} INFO - [2025-02-14T23:49:28.181+0000] {dag.py:3239} INFO - Sync 1 DAGs
[2025-02-14T23:49:28.189+0000] {logging_mixin.py:190} INFO - [2025-02-14T23:49:28.189+0000] {dag.py:4180} INFO - Setting next_dagrun for example_task_group to None, run_after=None
[2025-02-14T23:49:28.202+0000] {processor.py:208} INFO - Processing /home/airflow/.local/lib/python3.12/site-packages/airflow/example_dags/example_task_group.py took 0.047 seconds
[2025-02-14T23:49:58.530+0000] {processor.py:186} INFO - Started process (PID=1707) to work on /home/airflow/.local/lib/python3.12/site-packages/airflow/example_dags/example_task_group.py
[2025-02-14T23:49:58.532+0000] {processor.py:914} INFO - Processing file /home/airflow/.local/lib/python3.12/site-packages/airflow/example_dags/example_task_group.py for tasks to queue
[2025-02-14T23:49:58.534+0000] {logging_mixin.py:190} INFO - [2025-02-14T23:49:58.534+0000] {dagbag.py:588} INFO - Filling up the DagBag from /home/airflow/.local/lib/python3.12/site-packages/airflow/example_dags/example_task_group.py
[2025-02-14T23:49:58.539+0000] {processor.py:925} INFO - DAG(s) 'example_task_group' retrieved from /home/airflow/.local/lib/python3.12/site-packages/airflow/example_dags/example_task_group.py
[2025-02-14T23:49:58.553+0000] {logging_mixin.py:190} INFO - [2025-02-14T23:49:58.553+0000] {dag.py:3239} INFO - Sync 1 DAGs
[2025-02-14T23:49:58.563+0000] {logging_mixin.py:190} INFO - [2025-02-14T23:49:58.563+0000] {dag.py:4180} INFO - Setting next_dagrun for example_task_group to None, run_after=None
[2025-02-14T23:49:58.573+0000] {processor.py:208} INFO - Processing /home/airflow/.local/lib/python3.12/site-packages/airflow/example_dags/example_task_group.py took 0.047 seconds
[2025-02-14T23:50:29.379+0000] {processor.py:186} INFO - Started process (PID=1770) to work on /home/airflow/.local/lib/python3.12/site-packages/airflow/example_dags/example_task_group.py
[2025-02-14T23:50:29.381+0000] {processor.py:914} INFO - Processing file /home/airflow/.local/lib/python3.12/site-packages/airflow/example_dags/example_task_group.py for tasks to queue
[2025-02-14T23:50:29.384+0000] {logging_mixin.py:190} INFO - [2025-02-14T23:50:29.383+0000] {dagbag.py:588} INFO - Filling up the DagBag from /home/airflow/.local/lib/python3.12/site-packages/airflow/example_dags/example_task_group.py
[2025-02-14T23:50:29.390+0000] {processor.py:925} INFO - DAG(s) 'example_task_group' retrieved from /home/airflow/.local/lib/python3.12/site-packages/airflow/example_dags/example_task_group.py
[2025-02-14T23:50:29.408+0000] {logging_mixin.py:190} INFO - [2025-02-14T23:50:29.408+0000] {dag.py:3239} INFO - Sync 1 DAGs
[2025-02-14T23:50:29.419+0000] {logging_mixin.py:190} INFO - [2025-02-14T23:50:29.419+0000] {dag.py:4180} INFO - Setting next_dagrun for example_task_group to None, run_after=None
[2025-02-14T23:50:29.432+0000] {processor.py:208} INFO - Processing /home/airflow/.local/lib/python3.12/site-packages/airflow/example_dags/example_task_group.py took 0.058 seconds
[2025-02-14T23:50:59.918+0000] {processor.py:186} INFO - Started process (PID=1833) to work on /home/airflow/.local/lib/python3.12/site-packages/airflow/example_dags/example_task_group.py
[2025-02-14T23:50:59.919+0000] {processor.py:914} INFO - Processing file /home/airflow/.local/lib/python3.12/site-packages/airflow/example_dags/example_task_group.py for tasks to queue
[2025-02-14T23:50:59.921+0000] {logging_mixin.py:190} INFO - [2025-02-14T23:50:59.920+0000] {dagbag.py:588} INFO - Filling up the DagBag from /home/airflow/.local/lib/python3.12/site-packages/airflow/example_dags/example_task_group.py
[2025-02-14T23:50:59.927+0000] {processor.py:925} INFO - DAG(s) 'example_task_group' retrieved from /home/airflow/.local/lib/python3.12/site-packages/airflow/example_dags/example_task_group.py
[2025-02-14T23:50:59.942+0000] {logging_mixin.py:190} INFO - [2025-02-14T23:50:59.942+0000] {dag.py:3239} INFO - Sync 1 DAGs
[2025-02-14T23:50:59.951+0000] {logging_mixin.py:190} INFO - [2025-02-14T23:50:59.951+0000] {dag.py:4180} INFO - Setting next_dagrun for example_task_group to None, run_after=None
[2025-02-14T23:50:59.969+0000] {processor.py:208} INFO - Processing /home/airflow/.local/lib/python3.12/site-packages/airflow/example_dags/example_task_group.py took 0.055 seconds
[2025-02-14T23:51:30.249+0000] {processor.py:186} INFO - Started process (PID=1896) to work on /home/airflow/.local/lib/python3.12/site-packages/airflow/example_dags/example_task_group.py
[2025-02-14T23:51:30.250+0000] {processor.py:914} INFO - Processing file /home/airflow/.local/lib/python3.12/site-packages/airflow/example_dags/example_task_group.py for tasks to queue
[2025-02-14T23:51:30.252+0000] {logging_mixin.py:190} INFO - [2025-02-14T23:51:30.251+0000] {dagbag.py:588} INFO - Filling up the DagBag from /home/airflow/.local/lib/python3.12/site-packages/airflow/example_dags/example_task_group.py
[2025-02-14T23:51:30.257+0000] {processor.py:925} INFO - DAG(s) 'example_task_group' retrieved from /home/airflow/.local/lib/python3.12/site-packages/airflow/example_dags/example_task_group.py
[2025-02-14T23:51:30.273+0000] {logging_mixin.py:190} INFO - [2025-02-14T23:51:30.273+0000] {dag.py:3239} INFO - Sync 1 DAGs
[2025-02-14T23:51:30.281+0000] {logging_mixin.py:190} INFO - [2025-02-14T23:51:30.281+0000] {dag.py:4180} INFO - Setting next_dagrun for example_task_group to None, run_after=None
[2025-02-14T23:51:30.291+0000] {processor.py:208} INFO - Processing /home/airflow/.local/lib/python3.12/site-packages/airflow/example_dags/example_task_group.py took 0.046 seconds
[2025-02-14T23:52:00.536+0000] {processor.py:186} INFO - Started process (PID=1959) to work on /home/airflow/.local/lib/python3.12/site-packages/airflow/example_dags/example_task_group.py
[2025-02-14T23:52:00.537+0000] {processor.py:914} INFO - Processing file /home/airflow/.local/lib/python3.12/site-packages/airflow/example_dags/example_task_group.py for tasks to queue
[2025-02-14T23:52:00.539+0000] {logging_mixin.py:190} INFO - [2025-02-14T23:52:00.538+0000] {dagbag.py:588} INFO - Filling up the DagBag from /home/airflow/.local/lib/python3.12/site-packages/airflow/example_dags/example_task_group.py
[2025-02-14T23:52:00.545+0000] {processor.py:925} INFO - DAG(s) 'example_task_group' retrieved from /home/airflow/.local/lib/python3.12/site-packages/airflow/example_dags/example_task_group.py
[2025-02-14T23:52:00.559+0000] {logging_mixin.py:190} INFO - [2025-02-14T23:52:00.559+0000] {dag.py:3239} INFO - Sync 1 DAGs
[2025-02-14T23:52:00.568+0000] {logging_mixin.py:190} INFO - [2025-02-14T23:52:00.568+0000] {dag.py:4180} INFO - Setting next_dagrun for example_task_group to None, run_after=None
[2025-02-14T23:52:00.578+0000] {processor.py:208} INFO - Processing /home/airflow/.local/lib/python3.12/site-packages/airflow/example_dags/example_task_group.py took 0.046 seconds
[2025-02-14T23:52:31.434+0000] {processor.py:186} INFO - Started process (PID=2022) to work on /home/airflow/.local/lib/python3.12/site-packages/airflow/example_dags/example_task_group.py
[2025-02-14T23:52:31.436+0000] {processor.py:914} INFO - Processing file /home/airflow/.local/lib/python3.12/site-packages/airflow/example_dags/example_task_group.py for tasks to queue
[2025-02-14T23:52:31.437+0000] {logging_mixin.py:190} INFO - [2025-02-14T23:52:31.437+0000] {dagbag.py:588} INFO - Filling up the DagBag from /home/airflow/.local/lib/python3.12/site-packages/airflow/example_dags/example_task_group.py
[2025-02-14T23:52:31.444+0000] {processor.py:925} INFO - DAG(s) 'example_task_group' retrieved from /home/airflow/.local/lib/python3.12/site-packages/airflow/example_dags/example_task_group.py
[2025-02-14T23:52:31.458+0000] {logging_mixin.py:190} INFO - [2025-02-14T23:52:31.458+0000] {dag.py:3239} INFO - Sync 1 DAGs
[2025-02-14T23:52:31.467+0000] {logging_mixin.py:190} INFO - [2025-02-14T23:52:31.467+0000] {dag.py:4180} INFO - Setting next_dagrun for example_task_group to None, run_after=None
[2025-02-14T23:52:31.481+0000] {processor.py:208} INFO - Processing /home/airflow/.local/lib/python3.12/site-packages/airflow/example_dags/example_task_group.py took 0.051 seconds
[2025-02-14T23:53:01.547+0000] {processor.py:186} INFO - Started process (PID=2085) to work on /home/airflow/.local/lib/python3.12/site-packages/airflow/example_dags/example_task_group.py
[2025-02-14T23:53:01.551+0000] {processor.py:914} INFO - Processing file /home/airflow/.local/lib/python3.12/site-packages/airflow/example_dags/example_task_group.py for tasks to queue
[2025-02-14T23:53:01.552+0000] {logging_mixin.py:190} INFO - [2025-02-14T23:53:01.552+0000] {dagbag.py:588} INFO - Filling up the DagBag from /home/airflow/.local/lib/python3.12/site-packages/airflow/example_dags/example_task_group.py
[2025-02-14T23:53:01.558+0000] {processor.py:925} INFO - DAG(s) 'example_task_group' retrieved from /home/airflow/.local/lib/python3.12/site-packages/airflow/example_dags/example_task_group.py
[2025-02-14T23:53:01.571+0000] {logging_mixin.py:190} INFO - [2025-02-14T23:53:01.571+0000] {dag.py:3239} INFO - Sync 1 DAGs
[2025-02-14T23:53:01.581+0000] {logging_mixin.py:190} INFO - [2025-02-14T23:53:01.581+0000] {dag.py:4180} INFO - Setting next_dagrun for example_task_group to None, run_after=None
[2025-02-14T23:53:01.595+0000] {processor.py:208} INFO - Processing /home/airflow/.local/lib/python3.12/site-packages/airflow/example_dags/example_task_group.py took 0.051 seconds
[2025-02-14T23:53:32.011+0000] {processor.py:186} INFO - Started process (PID=2148) to work on /home/airflow/.local/lib/python3.12/site-packages/airflow/example_dags/example_task_group.py
[2025-02-14T23:53:32.011+0000] {processor.py:914} INFO - Processing file /home/airflow/.local/lib/python3.12/site-packages/airflow/example_dags/example_task_group.py for tasks to queue
[2025-02-14T23:53:32.013+0000] {logging_mixin.py:190} INFO - [2025-02-14T23:53:32.013+0000] {dagbag.py:588} INFO - Filling up the DagBag from /home/airflow/.local/lib/python3.12/site-packages/airflow/example_dags/example_task_group.py
[2025-02-14T23:53:32.018+0000] {processor.py:925} INFO - DAG(s) 'example_task_group' retrieved from /home/airflow/.local/lib/python3.12/site-packages/airflow/example_dags/example_task_group.py
[2025-02-14T23:53:32.033+0000] {logging_mixin.py:190} INFO - [2025-02-14T23:53:32.033+0000] {dag.py:3239} INFO - Sync 1 DAGs
[2025-02-14T23:53:32.041+0000] {logging_mixin.py:190} INFO - [2025-02-14T23:53:32.041+0000] {dag.py:4180} INFO - Setting next_dagrun for example_task_group to None, run_after=None
[2025-02-14T23:53:32.051+0000] {processor.py:208} INFO - Processing /home/airflow/.local/lib/python3.12/site-packages/airflow/example_dags/example_task_group.py took 0.044 seconds
[2025-02-14T23:54:02.712+0000] {processor.py:186} INFO - Started process (PID=2211) to work on /home/airflow/.local/lib/python3.12/site-packages/airflow/example_dags/example_task_group.py
[2025-02-14T23:54:02.713+0000] {processor.py:914} INFO - Processing file /home/airflow/.local/lib/python3.12/site-packages/airflow/example_dags/example_task_group.py for tasks to queue
[2025-02-14T23:54:02.714+0000] {logging_mixin.py:190} INFO - [2025-02-14T23:54:02.714+0000] {dagbag.py:588} INFO - Filling up the DagBag from /home/airflow/.local/lib/python3.12/site-packages/airflow/example_dags/example_task_group.py
[2025-02-14T23:54:02.720+0000] {processor.py:925} INFO - DAG(s) 'example_task_group' retrieved from /home/airflow/.local/lib/python3.12/site-packages/airflow/example_dags/example_task_group.py
[2025-02-14T23:54:02.733+0000] {logging_mixin.py:190} INFO - [2025-02-14T23:54:02.733+0000] {dag.py:3239} INFO - Sync 1 DAGs
[2025-02-14T23:54:02.742+0000] {logging_mixin.py:190} INFO - [2025-02-14T23:54:02.742+0000] {dag.py:4180} INFO - Setting next_dagrun for example_task_group to None, run_after=None
[2025-02-14T23:54:02.754+0000] {processor.py:208} INFO - Processing /home/airflow/.local/lib/python3.12/site-packages/airflow/example_dags/example_task_group.py took 0.045 seconds
[2025-02-14T23:54:32.831+0000] {processor.py:186} INFO - Started process (PID=2274) to work on /home/airflow/.local/lib/python3.12/site-packages/airflow/example_dags/example_task_group.py
[2025-02-14T23:54:32.832+0000] {processor.py:914} INFO - Processing file /home/airflow/.local/lib/python3.12/site-packages/airflow/example_dags/example_task_group.py for tasks to queue
[2025-02-14T23:54:32.833+0000] {logging_mixin.py:190} INFO - [2025-02-14T23:54:32.833+0000] {dagbag.py:588} INFO - Filling up the DagBag from /home/airflow/.local/lib/python3.12/site-packages/airflow/example_dags/example_task_group.py
[2025-02-14T23:54:32.842+0000] {processor.py:925} INFO - DAG(s) 'example_task_group' retrieved from /home/airflow/.local/lib/python3.12/site-packages/airflow/example_dags/example_task_group.py
[2025-02-14T23:54:32.856+0000] {logging_mixin.py:190} INFO - [2025-02-14T23:54:32.856+0000] {dag.py:3239} INFO - Sync 1 DAGs
[2025-02-14T23:54:32.868+0000] {logging_mixin.py:190} INFO - [2025-02-14T23:54:32.868+0000] {dag.py:4180} INFO - Setting next_dagrun for example_task_group to None, run_after=None
[2025-02-14T23:54:32.881+0000] {processor.py:208} INFO - Processing /home/airflow/.local/lib/python3.12/site-packages/airflow/example_dags/example_task_group.py took 0.053 seconds
[2025-02-14T23:55:03.180+0000] {processor.py:186} INFO - Started process (PID=2337) to work on /home/airflow/.local/lib/python3.12/site-packages/airflow/example_dags/example_task_group.py
[2025-02-14T23:55:03.182+0000] {processor.py:914} INFO - Processing file /home/airflow/.local/lib/python3.12/site-packages/airflow/example_dags/example_task_group.py for tasks to queue
[2025-02-14T23:55:03.184+0000] {logging_mixin.py:190} INFO - [2025-02-14T23:55:03.184+0000] {dagbag.py:588} INFO - Filling up the DagBag from /home/airflow/.local/lib/python3.12/site-packages/airflow/example_dags/example_task_group.py
[2025-02-14T23:55:03.193+0000] {processor.py:925} INFO - DAG(s) 'example_task_group' retrieved from /home/airflow/.local/lib/python3.12/site-packages/airflow/example_dags/example_task_group.py
[2025-02-14T23:55:03.213+0000] {logging_mixin.py:190} INFO - [2025-02-14T23:55:03.213+0000] {dag.py:3239} INFO - Sync 1 DAGs
[2025-02-14T23:55:03.225+0000] {logging_mixin.py:190} INFO - [2025-02-14T23:55:03.224+0000] {dag.py:4180} INFO - Setting next_dagrun for example_task_group to None, run_after=None
[2025-02-14T23:55:03.239+0000] {processor.py:208} INFO - Processing /home/airflow/.local/lib/python3.12/site-packages/airflow/example_dags/example_task_group.py took 0.063 seconds
