[2025-02-14T23:36:43.709+0000] {processor.py:186} INFO - Started process (PID=61) to work on /home/airflow/.local/lib/python3.12/site-packages/airflow/example_dags/example_latest_only_with_trigger.py
[2025-02-14T23:36:43.710+0000] {processor.py:914} INFO - Processing file /home/airflow/.local/lib/python3.12/site-packages/airflow/example_dags/example_latest_only_with_trigger.py for tasks to queue
[2025-02-14T23:36:43.718+0000] {logging_mixin.py:190} INFO - [2025-02-14T23:36:43.717+0000] {dagbag.py:588} INFO - Filling up the DagBag from /home/airflow/.local/lib/python3.12/site-packages/airflow/example_dags/example_latest_only_with_trigger.py
[2025-02-14T23:36:43.729+0000] {processor.py:925} INFO - DAG(s) 'latest_only_with_trigger' retrieved from /home/airflow/.local/lib/python3.12/site-packages/airflow/example_dags/example_latest_only_with_trigger.py
[2025-02-14T23:36:43.783+0000] {logging_mixin.py:190} INFO - [2025-02-14T23:36:43.783+0000] {dag.py:3239} INFO - Sync 1 DAGs
[2025-02-14T23:36:43.816+0000] {logging_mixin.py:190} INFO - [2025-02-14T23:36:43.816+0000] {dag.py:4180} INFO - Setting next_dagrun for latest_only_with_trigger to 2025-02-14 16:00:00+00:00, run_after=2025-02-14 20:00:00+00:00
[2025-02-14T23:36:43.843+0000] {processor.py:208} INFO - Processing /home/airflow/.local/lib/python3.12/site-packages/airflow/example_dags/example_latest_only_with_trigger.py took 0.141 seconds
[2025-02-14T23:37:14.565+0000] {processor.py:186} INFO - Started process (PID=123) to work on /home/airflow/.local/lib/python3.12/site-packages/airflow/example_dags/example_latest_only_with_trigger.py
[2025-02-14T23:37:14.566+0000] {processor.py:914} INFO - Processing file /home/airflow/.local/lib/python3.12/site-packages/airflow/example_dags/example_latest_only_with_trigger.py for tasks to queue
[2025-02-14T23:37:14.568+0000] {logging_mixin.py:190} INFO - [2025-02-14T23:37:14.567+0000] {dagbag.py:588} INFO - Filling up the DagBag from /home/airflow/.local/lib/python3.12/site-packages/airflow/example_dags/example_latest_only_with_trigger.py
[2025-02-14T23:37:14.573+0000] {processor.py:925} INFO - DAG(s) 'latest_only_with_trigger' retrieved from /home/airflow/.local/lib/python3.12/site-packages/airflow/example_dags/example_latest_only_with_trigger.py
[2025-02-14T23:37:14.585+0000] {logging_mixin.py:190} INFO - [2025-02-14T23:37:14.585+0000] {dag.py:3239} INFO - Sync 1 DAGs
[2025-02-14T23:37:14.598+0000] {logging_mixin.py:190} INFO - [2025-02-14T23:37:14.597+0000] {dag.py:4180} INFO - Setting next_dagrun for latest_only_with_trigger to 2025-02-14 16:00:00+00:00, run_after=2025-02-14 20:00:00+00:00
[2025-02-14T23:37:14.607+0000] {processor.py:208} INFO - Processing /home/airflow/.local/lib/python3.12/site-packages/airflow/example_dags/example_latest_only_with_trigger.py took 0.045 seconds
[2025-02-14T23:37:45.304+0000] {processor.py:186} INFO - Started process (PID=186) to work on /home/airflow/.local/lib/python3.12/site-packages/airflow/example_dags/example_latest_only_with_trigger.py
[2025-02-14T23:37:45.305+0000] {processor.py:914} INFO - Processing file /home/airflow/.local/lib/python3.12/site-packages/airflow/example_dags/example_latest_only_with_trigger.py for tasks to queue
[2025-02-14T23:37:45.306+0000] {logging_mixin.py:190} INFO - [2025-02-14T23:37:45.306+0000] {dagbag.py:588} INFO - Filling up the DagBag from /home/airflow/.local/lib/python3.12/site-packages/airflow/example_dags/example_latest_only_with_trigger.py
[2025-02-14T23:37:45.312+0000] {processor.py:925} INFO - DAG(s) 'latest_only_with_trigger' retrieved from /home/airflow/.local/lib/python3.12/site-packages/airflow/example_dags/example_latest_only_with_trigger.py
[2025-02-14T23:37:45.330+0000] {logging_mixin.py:190} INFO - [2025-02-14T23:37:45.330+0000] {dag.py:3239} INFO - Sync 1 DAGs
[2025-02-14T23:37:45.348+0000] {logging_mixin.py:190} INFO - [2025-02-14T23:37:45.348+0000] {dag.py:4180} INFO - Setting next_dagrun for latest_only_with_trigger to 2025-02-14 16:00:00+00:00, run_after=2025-02-14 20:00:00+00:00
[2025-02-14T23:37:45.362+0000] {processor.py:208} INFO - Processing /home/airflow/.local/lib/python3.12/site-packages/airflow/example_dags/example_latest_only_with_trigger.py took 0.065 seconds
[2025-02-14T23:38:15.914+0000] {processor.py:186} INFO - Started process (PID=249) to work on /home/airflow/.local/lib/python3.12/site-packages/airflow/example_dags/example_latest_only_with_trigger.py
[2025-02-14T23:38:15.915+0000] {processor.py:914} INFO - Processing file /home/airflow/.local/lib/python3.12/site-packages/airflow/example_dags/example_latest_only_with_trigger.py for tasks to queue
[2025-02-14T23:38:15.916+0000] {logging_mixin.py:190} INFO - [2025-02-14T23:38:15.916+0000] {dagbag.py:588} INFO - Filling up the DagBag from /home/airflow/.local/lib/python3.12/site-packages/airflow/example_dags/example_latest_only_with_trigger.py
[2025-02-14T23:38:15.922+0000] {processor.py:925} INFO - DAG(s) 'latest_only_with_trigger' retrieved from /home/airflow/.local/lib/python3.12/site-packages/airflow/example_dags/example_latest_only_with_trigger.py
[2025-02-14T23:38:15.940+0000] {logging_mixin.py:190} INFO - [2025-02-14T23:38:15.940+0000] {dag.py:3239} INFO - Sync 1 DAGs
[2025-02-14T23:38:15.957+0000] {logging_mixin.py:190} INFO - [2025-02-14T23:38:15.957+0000] {dag.py:4180} INFO - Setting next_dagrun for latest_only_with_trigger to 2025-02-14 16:00:00+00:00, run_after=2025-02-14 20:00:00+00:00
[2025-02-14T23:38:15.968+0000] {processor.py:208} INFO - Processing /home/airflow/.local/lib/python3.12/site-packages/airflow/example_dags/example_latest_only_with_trigger.py took 0.059 seconds
[2025-02-14T23:38:46.762+0000] {processor.py:186} INFO - Started process (PID=312) to work on /home/airflow/.local/lib/python3.12/site-packages/airflow/example_dags/example_latest_only_with_trigger.py
[2025-02-14T23:38:46.763+0000] {processor.py:914} INFO - Processing file /home/airflow/.local/lib/python3.12/site-packages/airflow/example_dags/example_latest_only_with_trigger.py for tasks to queue
[2025-02-14T23:38:46.764+0000] {logging_mixin.py:190} INFO - [2025-02-14T23:38:46.764+0000] {dagbag.py:588} INFO - Filling up the DagBag from /home/airflow/.local/lib/python3.12/site-packages/airflow/example_dags/example_latest_only_with_trigger.py
[2025-02-14T23:38:46.770+0000] {processor.py:925} INFO - DAG(s) 'latest_only_with_trigger' retrieved from /home/airflow/.local/lib/python3.12/site-packages/airflow/example_dags/example_latest_only_with_trigger.py
[2025-02-14T23:38:46.788+0000] {logging_mixin.py:190} INFO - [2025-02-14T23:38:46.788+0000] {dag.py:3239} INFO - Sync 1 DAGs
[2025-02-14T23:38:46.810+0000] {logging_mixin.py:190} INFO - [2025-02-14T23:38:46.810+0000] {dag.py:4180} INFO - Setting next_dagrun for latest_only_with_trigger to 2025-02-14 16:00:00+00:00, run_after=2025-02-14 20:00:00+00:00
[2025-02-14T23:38:46.823+0000] {processor.py:208} INFO - Processing /home/airflow/.local/lib/python3.12/site-packages/airflow/example_dags/example_latest_only_with_trigger.py took 0.065 seconds
[2025-02-14T23:39:17.071+0000] {processor.py:186} INFO - Started process (PID=375) to work on /home/airflow/.local/lib/python3.12/site-packages/airflow/example_dags/example_latest_only_with_trigger.py
[2025-02-14T23:39:17.071+0000] {processor.py:914} INFO - Processing file /home/airflow/.local/lib/python3.12/site-packages/airflow/example_dags/example_latest_only_with_trigger.py for tasks to queue
[2025-02-14T23:39:17.073+0000] {logging_mixin.py:190} INFO - [2025-02-14T23:39:17.073+0000] {dagbag.py:588} INFO - Filling up the DagBag from /home/airflow/.local/lib/python3.12/site-packages/airflow/example_dags/example_latest_only_with_trigger.py
[2025-02-14T23:39:17.078+0000] {processor.py:925} INFO - DAG(s) 'latest_only_with_trigger' retrieved from /home/airflow/.local/lib/python3.12/site-packages/airflow/example_dags/example_latest_only_with_trigger.py
[2025-02-14T23:39:17.097+0000] {logging_mixin.py:190} INFO - [2025-02-14T23:39:17.096+0000] {dag.py:3239} INFO - Sync 1 DAGs
[2025-02-14T23:39:17.115+0000] {logging_mixin.py:190} INFO - [2025-02-14T23:39:17.115+0000] {dag.py:4180} INFO - Setting next_dagrun for latest_only_with_trigger to 2025-02-14 16:00:00+00:00, run_after=2025-02-14 20:00:00+00:00
[2025-02-14T23:39:17.128+0000] {processor.py:208} INFO - Processing /home/airflow/.local/lib/python3.12/site-packages/airflow/example_dags/example_latest_only_with_trigger.py took 0.062 seconds
[2025-02-14T23:39:47.314+0000] {processor.py:186} INFO - Started process (PID=438) to work on /home/airflow/.local/lib/python3.12/site-packages/airflow/example_dags/example_latest_only_with_trigger.py
[2025-02-14T23:39:47.315+0000] {processor.py:914} INFO - Processing file /home/airflow/.local/lib/python3.12/site-packages/airflow/example_dags/example_latest_only_with_trigger.py for tasks to queue
[2025-02-14T23:39:47.316+0000] {logging_mixin.py:190} INFO - [2025-02-14T23:39:47.316+0000] {dagbag.py:588} INFO - Filling up the DagBag from /home/airflow/.local/lib/python3.12/site-packages/airflow/example_dags/example_latest_only_with_trigger.py
[2025-02-14T23:39:47.321+0000] {processor.py:925} INFO - DAG(s) 'latest_only_with_trigger' retrieved from /home/airflow/.local/lib/python3.12/site-packages/airflow/example_dags/example_latest_only_with_trigger.py
[2025-02-14T23:39:47.336+0000] {logging_mixin.py:190} INFO - [2025-02-14T23:39:47.336+0000] {dag.py:3239} INFO - Sync 1 DAGs
[2025-02-14T23:39:47.352+0000] {logging_mixin.py:190} INFO - [2025-02-14T23:39:47.352+0000] {dag.py:4180} INFO - Setting next_dagrun for latest_only_with_trigger to 2025-02-14 16:00:00+00:00, run_after=2025-02-14 20:00:00+00:00
[2025-02-14T23:39:47.367+0000] {processor.py:208} INFO - Processing /home/airflow/.local/lib/python3.12/site-packages/airflow/example_dags/example_latest_only_with_trigger.py took 0.057 seconds
[2025-02-14T23:40:17.838+0000] {processor.py:186} INFO - Started process (PID=501) to work on /home/airflow/.local/lib/python3.12/site-packages/airflow/example_dags/example_latest_only_with_trigger.py
[2025-02-14T23:40:17.838+0000] {processor.py:914} INFO - Processing file /home/airflow/.local/lib/python3.12/site-packages/airflow/example_dags/example_latest_only_with_trigger.py for tasks to queue
[2025-02-14T23:40:17.841+0000] {logging_mixin.py:190} INFO - [2025-02-14T23:40:17.840+0000] {dagbag.py:588} INFO - Filling up the DagBag from /home/airflow/.local/lib/python3.12/site-packages/airflow/example_dags/example_latest_only_with_trigger.py
[2025-02-14T23:40:17.847+0000] {processor.py:925} INFO - DAG(s) 'latest_only_with_trigger' retrieved from /home/airflow/.local/lib/python3.12/site-packages/airflow/example_dags/example_latest_only_with_trigger.py
[2025-02-14T23:40:17.882+0000] {logging_mixin.py:190} INFO - [2025-02-14T23:40:17.882+0000] {dag.py:3239} INFO - Sync 1 DAGs
[2025-02-14T23:40:17.896+0000] {logging_mixin.py:190} INFO - [2025-02-14T23:40:17.896+0000] {dag.py:4180} INFO - Setting next_dagrun for latest_only_with_trigger to 2025-02-14 16:00:00+00:00, run_after=2025-02-14 20:00:00+00:00
[2025-02-14T23:40:17.911+0000] {processor.py:208} INFO - Processing /home/airflow/.local/lib/python3.12/site-packages/airflow/example_dags/example_latest_only_with_trigger.py took 0.078 seconds
[2025-02-14T23:40:48.752+0000] {processor.py:186} INFO - Started process (PID=570) to work on /home/airflow/.local/lib/python3.12/site-packages/airflow/example_dags/example_latest_only_with_trigger.py
[2025-02-14T23:40:48.753+0000] {processor.py:914} INFO - Processing file /home/airflow/.local/lib/python3.12/site-packages/airflow/example_dags/example_latest_only_with_trigger.py for tasks to queue
[2025-02-14T23:40:48.754+0000] {logging_mixin.py:190} INFO - [2025-02-14T23:40:48.754+0000] {dagbag.py:588} INFO - Filling up the DagBag from /home/airflow/.local/lib/python3.12/site-packages/airflow/example_dags/example_latest_only_with_trigger.py
[2025-02-14T23:40:48.759+0000] {processor.py:925} INFO - DAG(s) 'latest_only_with_trigger' retrieved from /home/airflow/.local/lib/python3.12/site-packages/airflow/example_dags/example_latest_only_with_trigger.py
[2025-02-14T23:40:48.772+0000] {logging_mixin.py:190} INFO - [2025-02-14T23:40:48.771+0000] {dag.py:3239} INFO - Sync 1 DAGs
[2025-02-14T23:40:48.785+0000] {logging_mixin.py:190} INFO - [2025-02-14T23:40:48.785+0000] {dag.py:4180} INFO - Setting next_dagrun for latest_only_with_trigger to 2025-02-14 16:00:00+00:00, run_after=2025-02-14 20:00:00+00:00
[2025-02-14T23:40:48.794+0000] {processor.py:208} INFO - Processing /home/airflow/.local/lib/python3.12/site-packages/airflow/example_dags/example_latest_only_with_trigger.py took 0.046 seconds
[2025-02-14T23:41:19.714+0000] {processor.py:186} INFO - Started process (PID=633) to work on /home/airflow/.local/lib/python3.12/site-packages/airflow/example_dags/example_latest_only_with_trigger.py
[2025-02-14T23:41:19.714+0000] {processor.py:914} INFO - Processing file /home/airflow/.local/lib/python3.12/site-packages/airflow/example_dags/example_latest_only_with_trigger.py for tasks to queue
[2025-02-14T23:41:19.716+0000] {logging_mixin.py:190} INFO - [2025-02-14T23:41:19.715+0000] {dagbag.py:588} INFO - Filling up the DagBag from /home/airflow/.local/lib/python3.12/site-packages/airflow/example_dags/example_latest_only_with_trigger.py
[2025-02-14T23:41:19.721+0000] {processor.py:925} INFO - DAG(s) 'latest_only_with_trigger' retrieved from /home/airflow/.local/lib/python3.12/site-packages/airflow/example_dags/example_latest_only_with_trigger.py
[2025-02-14T23:41:19.733+0000] {logging_mixin.py:190} INFO - [2025-02-14T23:41:19.733+0000] {dag.py:3239} INFO - Sync 1 DAGs
[2025-02-14T23:41:19.746+0000] {logging_mixin.py:190} INFO - [2025-02-14T23:41:19.746+0000] {dag.py:4180} INFO - Setting next_dagrun for latest_only_with_trigger to 2025-02-14 16:00:00+00:00, run_after=2025-02-14 20:00:00+00:00
[2025-02-14T23:41:19.755+0000] {processor.py:208} INFO - Processing /home/airflow/.local/lib/python3.12/site-packages/airflow/example_dags/example_latest_only_with_trigger.py took 0.045 seconds
[2025-02-14T23:41:50.575+0000] {processor.py:186} INFO - Started process (PID=696) to work on /home/airflow/.local/lib/python3.12/site-packages/airflow/example_dags/example_latest_only_with_trigger.py
[2025-02-14T23:41:50.576+0000] {processor.py:914} INFO - Processing file /home/airflow/.local/lib/python3.12/site-packages/airflow/example_dags/example_latest_only_with_trigger.py for tasks to queue
[2025-02-14T23:41:50.577+0000] {logging_mixin.py:190} INFO - [2025-02-14T23:41:50.577+0000] {dagbag.py:588} INFO - Filling up the DagBag from /home/airflow/.local/lib/python3.12/site-packages/airflow/example_dags/example_latest_only_with_trigger.py
[2025-02-14T23:41:50.582+0000] {processor.py:925} INFO - DAG(s) 'latest_only_with_trigger' retrieved from /home/airflow/.local/lib/python3.12/site-packages/airflow/example_dags/example_latest_only_with_trigger.py
[2025-02-14T23:41:50.595+0000] {logging_mixin.py:190} INFO - [2025-02-14T23:41:50.595+0000] {dag.py:3239} INFO - Sync 1 DAGs
[2025-02-14T23:41:50.608+0000] {logging_mixin.py:190} INFO - [2025-02-14T23:41:50.608+0000] {dag.py:4180} INFO - Setting next_dagrun for latest_only_with_trigger to 2025-02-14 16:00:00+00:00, run_after=2025-02-14 20:00:00+00:00
[2025-02-14T23:41:50.617+0000] {processor.py:208} INFO - Processing /home/airflow/.local/lib/python3.12/site-packages/airflow/example_dags/example_latest_only_with_trigger.py took 0.045 seconds
[2025-02-14T23:42:20.680+0000] {processor.py:186} INFO - Started process (PID=759) to work on /home/airflow/.local/lib/python3.12/site-packages/airflow/example_dags/example_latest_only_with_trigger.py
[2025-02-14T23:42:20.681+0000] {processor.py:914} INFO - Processing file /home/airflow/.local/lib/python3.12/site-packages/airflow/example_dags/example_latest_only_with_trigger.py for tasks to queue
[2025-02-14T23:42:20.684+0000] {logging_mixin.py:190} INFO - [2025-02-14T23:42:20.683+0000] {dagbag.py:588} INFO - Filling up the DagBag from /home/airflow/.local/lib/python3.12/site-packages/airflow/example_dags/example_latest_only_with_trigger.py
[2025-02-14T23:42:20.689+0000] {processor.py:925} INFO - DAG(s) 'latest_only_with_trigger' retrieved from /home/airflow/.local/lib/python3.12/site-packages/airflow/example_dags/example_latest_only_with_trigger.py
[2025-02-14T23:42:20.708+0000] {logging_mixin.py:190} INFO - [2025-02-14T23:42:20.708+0000] {dag.py:3239} INFO - Sync 1 DAGs
[2025-02-14T23:42:20.726+0000] {logging_mixin.py:190} INFO - [2025-02-14T23:42:20.726+0000] {dag.py:4180} INFO - Setting next_dagrun for latest_only_with_trigger to 2025-02-14 16:00:00+00:00, run_after=2025-02-14 20:00:00+00:00
[2025-02-14T23:42:20.739+0000] {processor.py:208} INFO - Processing /home/airflow/.local/lib/python3.12/site-packages/airflow/example_dags/example_latest_only_with_trigger.py took 0.068 seconds
[2025-02-14T23:42:51.693+0000] {processor.py:186} INFO - Started process (PID=822) to work on /home/airflow/.local/lib/python3.12/site-packages/airflow/example_dags/example_latest_only_with_trigger.py
[2025-02-14T23:42:51.694+0000] {processor.py:914} INFO - Processing file /home/airflow/.local/lib/python3.12/site-packages/airflow/example_dags/example_latest_only_with_trigger.py for tasks to queue
[2025-02-14T23:42:51.695+0000] {logging_mixin.py:190} INFO - [2025-02-14T23:42:51.695+0000] {dagbag.py:588} INFO - Filling up the DagBag from /home/airflow/.local/lib/python3.12/site-packages/airflow/example_dags/example_latest_only_with_trigger.py
[2025-02-14T23:42:51.700+0000] {processor.py:925} INFO - DAG(s) 'latest_only_with_trigger' retrieved from /home/airflow/.local/lib/python3.12/site-packages/airflow/example_dags/example_latest_only_with_trigger.py
[2025-02-14T23:42:51.712+0000] {logging_mixin.py:190} INFO - [2025-02-14T23:42:51.712+0000] {dag.py:3239} INFO - Sync 1 DAGs
[2025-02-14T23:42:51.725+0000] {logging_mixin.py:190} INFO - [2025-02-14T23:42:51.725+0000] {dag.py:4180} INFO - Setting next_dagrun for latest_only_with_trigger to 2025-02-14 16:00:00+00:00, run_after=2025-02-14 20:00:00+00:00
[2025-02-14T23:42:51.734+0000] {processor.py:208} INFO - Processing /home/airflow/.local/lib/python3.12/site-packages/airflow/example_dags/example_latest_only_with_trigger.py took 0.045 seconds
[2025-02-14T23:43:22.075+0000] {processor.py:186} INFO - Started process (PID=885) to work on /home/airflow/.local/lib/python3.12/site-packages/airflow/example_dags/example_latest_only_with_trigger.py
[2025-02-14T23:43:22.077+0000] {processor.py:914} INFO - Processing file /home/airflow/.local/lib/python3.12/site-packages/airflow/example_dags/example_latest_only_with_trigger.py for tasks to queue
[2025-02-14T23:43:22.082+0000] {logging_mixin.py:190} INFO - [2025-02-14T23:43:22.081+0000] {dagbag.py:588} INFO - Filling up the DagBag from /home/airflow/.local/lib/python3.12/site-packages/airflow/example_dags/example_latest_only_with_trigger.py
[2025-02-14T23:43:22.095+0000] {processor.py:925} INFO - DAG(s) 'latest_only_with_trigger' retrieved from /home/airflow/.local/lib/python3.12/site-packages/airflow/example_dags/example_latest_only_with_trigger.py
[2025-02-14T23:43:22.138+0000] {logging_mixin.py:190} INFO - [2025-02-14T23:43:22.138+0000] {dag.py:3239} INFO - Sync 1 DAGs
[2025-02-14T23:43:22.204+0000] {logging_mixin.py:190} INFO - [2025-02-14T23:43:22.203+0000] {dag.py:4180} INFO - Setting next_dagrun for latest_only_with_trigger to 2025-02-14 16:00:00+00:00, run_after=2025-02-14 20:00:00+00:00
[2025-02-14T23:43:22.251+0000] {processor.py:208} INFO - Processing /home/airflow/.local/lib/python3.12/site-packages/airflow/example_dags/example_latest_only_with_trigger.py took 0.185 seconds
[2025-02-14T23:43:53.147+0000] {processor.py:186} INFO - Started process (PID=948) to work on /home/airflow/.local/lib/python3.12/site-packages/airflow/example_dags/example_latest_only_with_trigger.py
[2025-02-14T23:43:53.147+0000] {processor.py:914} INFO - Processing file /home/airflow/.local/lib/python3.12/site-packages/airflow/example_dags/example_latest_only_with_trigger.py for tasks to queue
[2025-02-14T23:43:53.149+0000] {logging_mixin.py:190} INFO - [2025-02-14T23:43:53.149+0000] {dagbag.py:588} INFO - Filling up the DagBag from /home/airflow/.local/lib/python3.12/site-packages/airflow/example_dags/example_latest_only_with_trigger.py
[2025-02-14T23:43:53.154+0000] {processor.py:925} INFO - DAG(s) 'latest_only_with_trigger' retrieved from /home/airflow/.local/lib/python3.12/site-packages/airflow/example_dags/example_latest_only_with_trigger.py
[2025-02-14T23:43:53.169+0000] {logging_mixin.py:190} INFO - [2025-02-14T23:43:53.169+0000] {dag.py:3239} INFO - Sync 1 DAGs
[2025-02-14T23:43:53.184+0000] {logging_mixin.py:190} INFO - [2025-02-14T23:43:53.184+0000] {dag.py:4180} INFO - Setting next_dagrun for latest_only_with_trigger to 2025-02-14 16:00:00+00:00, run_after=2025-02-14 20:00:00+00:00
[2025-02-14T23:43:53.194+0000] {processor.py:208} INFO - Processing /home/airflow/.local/lib/python3.12/site-packages/airflow/example_dags/example_latest_only_with_trigger.py took 0.052 seconds
[2025-02-14T23:44:23.855+0000] {processor.py:186} INFO - Started process (PID=1010) to work on /home/airflow/.local/lib/python3.12/site-packages/airflow/example_dags/example_latest_only_with_trigger.py
[2025-02-14T23:44:23.855+0000] {processor.py:914} INFO - Processing file /home/airflow/.local/lib/python3.12/site-packages/airflow/example_dags/example_latest_only_with_trigger.py for tasks to queue
[2025-02-14T23:44:23.857+0000] {logging_mixin.py:190} INFO - [2025-02-14T23:44:23.857+0000] {dagbag.py:588} INFO - Filling up the DagBag from /home/airflow/.local/lib/python3.12/site-packages/airflow/example_dags/example_latest_only_with_trigger.py
[2025-02-14T23:44:23.862+0000] {processor.py:925} INFO - DAG(s) 'latest_only_with_trigger' retrieved from /home/airflow/.local/lib/python3.12/site-packages/airflow/example_dags/example_latest_only_with_trigger.py
[2025-02-14T23:44:23.875+0000] {logging_mixin.py:190} INFO - [2025-02-14T23:44:23.875+0000] {dag.py:3239} INFO - Sync 1 DAGs
[2025-02-14T23:44:23.889+0000] {logging_mixin.py:190} INFO - [2025-02-14T23:44:23.889+0000] {dag.py:4180} INFO - Setting next_dagrun for latest_only_with_trigger to 2025-02-14 16:00:00+00:00, run_after=2025-02-14 20:00:00+00:00
[2025-02-14T23:44:23.899+0000] {processor.py:208} INFO - Processing /home/airflow/.local/lib/python3.12/site-packages/airflow/example_dags/example_latest_only_with_trigger.py took 0.049 seconds
[2025-02-14T23:44:54.798+0000] {processor.py:186} INFO - Started process (PID=1073) to work on /home/airflow/.local/lib/python3.12/site-packages/airflow/example_dags/example_latest_only_with_trigger.py
[2025-02-14T23:44:54.799+0000] {processor.py:914} INFO - Processing file /home/airflow/.local/lib/python3.12/site-packages/airflow/example_dags/example_latest_only_with_trigger.py for tasks to queue
[2025-02-14T23:44:54.800+0000] {logging_mixin.py:190} INFO - [2025-02-14T23:44:54.800+0000] {dagbag.py:588} INFO - Filling up the DagBag from /home/airflow/.local/lib/python3.12/site-packages/airflow/example_dags/example_latest_only_with_trigger.py
[2025-02-14T23:44:54.807+0000] {processor.py:925} INFO - DAG(s) 'latest_only_with_trigger' retrieved from /home/airflow/.local/lib/python3.12/site-packages/airflow/example_dags/example_latest_only_with_trigger.py
[2025-02-14T23:44:54.823+0000] {logging_mixin.py:190} INFO - [2025-02-14T23:44:54.823+0000] {dag.py:3239} INFO - Sync 1 DAGs
[2025-02-14T23:44:54.838+0000] {logging_mixin.py:190} INFO - [2025-02-14T23:44:54.837+0000] {dag.py:4180} INFO - Setting next_dagrun for latest_only_with_trigger to 2025-02-14 16:00:00+00:00, run_after=2025-02-14 20:00:00+00:00
[2025-02-14T23:44:54.848+0000] {processor.py:208} INFO - Processing /home/airflow/.local/lib/python3.12/site-packages/airflow/example_dags/example_latest_only_with_trigger.py took 0.056 seconds
[2025-02-14T23:45:24.945+0000] {processor.py:186} INFO - Started process (PID=1136) to work on /home/airflow/.local/lib/python3.12/site-packages/airflow/example_dags/example_latest_only_with_trigger.py
[2025-02-14T23:45:24.946+0000] {processor.py:914} INFO - Processing file /home/airflow/.local/lib/python3.12/site-packages/airflow/example_dags/example_latest_only_with_trigger.py for tasks to queue
[2025-02-14T23:45:24.948+0000] {logging_mixin.py:190} INFO - [2025-02-14T23:45:24.948+0000] {dagbag.py:588} INFO - Filling up the DagBag from /home/airflow/.local/lib/python3.12/site-packages/airflow/example_dags/example_latest_only_with_trigger.py
[2025-02-14T23:45:24.955+0000] {processor.py:925} INFO - DAG(s) 'latest_only_with_trigger' retrieved from /home/airflow/.local/lib/python3.12/site-packages/airflow/example_dags/example_latest_only_with_trigger.py
[2025-02-14T23:45:24.970+0000] {logging_mixin.py:190} INFO - [2025-02-14T23:45:24.970+0000] {dag.py:3239} INFO - Sync 1 DAGs
[2025-02-14T23:45:24.983+0000] {logging_mixin.py:190} INFO - [2025-02-14T23:45:24.983+0000] {dag.py:4180} INFO - Setting next_dagrun for latest_only_with_trigger to 2025-02-14 16:00:00+00:00, run_after=2025-02-14 20:00:00+00:00
[2025-02-14T23:45:24.994+0000] {processor.py:208} INFO - Processing /home/airflow/.local/lib/python3.12/site-packages/airflow/example_dags/example_latest_only_with_trigger.py took 0.055 seconds
[2025-02-14T23:45:55.241+0000] {processor.py:186} INFO - Started process (PID=1199) to work on /home/airflow/.local/lib/python3.12/site-packages/airflow/example_dags/example_latest_only_with_trigger.py
[2025-02-14T23:45:55.241+0000] {processor.py:914} INFO - Processing file /home/airflow/.local/lib/python3.12/site-packages/airflow/example_dags/example_latest_only_with_trigger.py for tasks to queue
[2025-02-14T23:45:55.243+0000] {logging_mixin.py:190} INFO - [2025-02-14T23:45:55.242+0000] {dagbag.py:588} INFO - Filling up the DagBag from /home/airflow/.local/lib/python3.12/site-packages/airflow/example_dags/example_latest_only_with_trigger.py
[2025-02-14T23:45:55.250+0000] {processor.py:925} INFO - DAG(s) 'latest_only_with_trigger' retrieved from /home/airflow/.local/lib/python3.12/site-packages/airflow/example_dags/example_latest_only_with_trigger.py
[2025-02-14T23:45:55.266+0000] {logging_mixin.py:190} INFO - [2025-02-14T23:45:55.266+0000] {dag.py:3239} INFO - Sync 1 DAGs
[2025-02-14T23:45:55.283+0000] {logging_mixin.py:190} INFO - [2025-02-14T23:45:55.283+0000] {dag.py:4180} INFO - Setting next_dagrun for latest_only_with_trigger to 2025-02-14 16:00:00+00:00, run_after=2025-02-14 20:00:00+00:00
[2025-02-14T23:45:55.295+0000] {processor.py:208} INFO - Processing /home/airflow/.local/lib/python3.12/site-packages/airflow/example_dags/example_latest_only_with_trigger.py took 0.059 seconds
[2025-02-14T23:46:25.499+0000] {processor.py:186} INFO - Started process (PID=1262) to work on /home/airflow/.local/lib/python3.12/site-packages/airflow/example_dags/example_latest_only_with_trigger.py
[2025-02-14T23:46:25.499+0000] {processor.py:914} INFO - Processing file /home/airflow/.local/lib/python3.12/site-packages/airflow/example_dags/example_latest_only_with_trigger.py for tasks to queue
[2025-02-14T23:46:25.501+0000] {logging_mixin.py:190} INFO - [2025-02-14T23:46:25.501+0000] {dagbag.py:588} INFO - Filling up the DagBag from /home/airflow/.local/lib/python3.12/site-packages/airflow/example_dags/example_latest_only_with_trigger.py
[2025-02-14T23:46:25.506+0000] {processor.py:925} INFO - DAG(s) 'latest_only_with_trigger' retrieved from /home/airflow/.local/lib/python3.12/site-packages/airflow/example_dags/example_latest_only_with_trigger.py
[2025-02-14T23:46:25.520+0000] {logging_mixin.py:190} INFO - [2025-02-14T23:46:25.520+0000] {dag.py:3239} INFO - Sync 1 DAGs
[2025-02-14T23:46:25.534+0000] {logging_mixin.py:190} INFO - [2025-02-14T23:46:25.534+0000] {dag.py:4180} INFO - Setting next_dagrun for latest_only_with_trigger to 2025-02-14 16:00:00+00:00, run_after=2025-02-14 20:00:00+00:00
[2025-02-14T23:46:25.543+0000] {processor.py:208} INFO - Processing /home/airflow/.local/lib/python3.12/site-packages/airflow/example_dags/example_latest_only_with_trigger.py took 0.049 seconds
[2025-02-14T23:46:56.028+0000] {processor.py:186} INFO - Started process (PID=1325) to work on /home/airflow/.local/lib/python3.12/site-packages/airflow/example_dags/example_latest_only_with_trigger.py
[2025-02-14T23:46:56.028+0000] {processor.py:914} INFO - Processing file /home/airflow/.local/lib/python3.12/site-packages/airflow/example_dags/example_latest_only_with_trigger.py for tasks to queue
[2025-02-14T23:46:56.030+0000] {logging_mixin.py:190} INFO - [2025-02-14T23:46:56.030+0000] {dagbag.py:588} INFO - Filling up the DagBag from /home/airflow/.local/lib/python3.12/site-packages/airflow/example_dags/example_latest_only_with_trigger.py
[2025-02-14T23:46:56.036+0000] {processor.py:925} INFO - DAG(s) 'latest_only_with_trigger' retrieved from /home/airflow/.local/lib/python3.12/site-packages/airflow/example_dags/example_latest_only_with_trigger.py
[2025-02-14T23:46:56.049+0000] {logging_mixin.py:190} INFO - [2025-02-14T23:46:56.049+0000] {dag.py:3239} INFO - Sync 1 DAGs
[2025-02-14T23:46:56.065+0000] {logging_mixin.py:190} INFO - [2025-02-14T23:46:56.064+0000] {dag.py:4180} INFO - Setting next_dagrun for latest_only_with_trigger to 2025-02-14 16:00:00+00:00, run_after=2025-02-14 20:00:00+00:00
[2025-02-14T23:46:56.074+0000] {processor.py:208} INFO - Processing /home/airflow/.local/lib/python3.12/site-packages/airflow/example_dags/example_latest_only_with_trigger.py took 0.052 seconds
[2025-02-14T23:47:26.466+0000] {processor.py:186} INFO - Started process (PID=1387) to work on /home/airflow/.local/lib/python3.12/site-packages/airflow/example_dags/example_latest_only_with_trigger.py
[2025-02-14T23:47:26.469+0000] {processor.py:914} INFO - Processing file /home/airflow/.local/lib/python3.12/site-packages/airflow/example_dags/example_latest_only_with_trigger.py for tasks to queue
[2025-02-14T23:47:26.471+0000] {logging_mixin.py:190} INFO - [2025-02-14T23:47:26.470+0000] {dagbag.py:588} INFO - Filling up the DagBag from /home/airflow/.local/lib/python3.12/site-packages/airflow/example_dags/example_latest_only_with_trigger.py
[2025-02-14T23:47:26.476+0000] {processor.py:925} INFO - DAG(s) 'latest_only_with_trigger' retrieved from /home/airflow/.local/lib/python3.12/site-packages/airflow/example_dags/example_latest_only_with_trigger.py
[2025-02-14T23:47:26.494+0000] {logging_mixin.py:190} INFO - [2025-02-14T23:47:26.494+0000] {dag.py:3239} INFO - Sync 1 DAGs
[2025-02-14T23:47:26.509+0000] {logging_mixin.py:190} INFO - [2025-02-14T23:47:26.509+0000] {dag.py:4180} INFO - Setting next_dagrun for latest_only_with_trigger to 2025-02-14 16:00:00+00:00, run_after=2025-02-14 20:00:00+00:00
[2025-02-14T23:47:26.522+0000] {processor.py:208} INFO - Processing /home/airflow/.local/lib/python3.12/site-packages/airflow/example_dags/example_latest_only_with_trigger.py took 0.060 seconds
[2025-02-14T23:47:57.106+0000] {processor.py:186} INFO - Started process (PID=1450) to work on /home/airflow/.local/lib/python3.12/site-packages/airflow/example_dags/example_latest_only_with_trigger.py
[2025-02-14T23:47:57.107+0000] {processor.py:914} INFO - Processing file /home/airflow/.local/lib/python3.12/site-packages/airflow/example_dags/example_latest_only_with_trigger.py for tasks to queue
[2025-02-14T23:47:57.109+0000] {logging_mixin.py:190} INFO - [2025-02-14T23:47:57.108+0000] {dagbag.py:588} INFO - Filling up the DagBag from /home/airflow/.local/lib/python3.12/site-packages/airflow/example_dags/example_latest_only_with_trigger.py
[2025-02-14T23:47:57.114+0000] {processor.py:925} INFO - DAG(s) 'latest_only_with_trigger' retrieved from /home/airflow/.local/lib/python3.12/site-packages/airflow/example_dags/example_latest_only_with_trigger.py
[2025-02-14T23:47:57.134+0000] {logging_mixin.py:190} INFO - [2025-02-14T23:47:57.134+0000] {dag.py:3239} INFO - Sync 1 DAGs
[2025-02-14T23:47:57.149+0000] {logging_mixin.py:190} INFO - [2025-02-14T23:47:57.149+0000] {dag.py:4180} INFO - Setting next_dagrun for latest_only_with_trigger to 2025-02-14 16:00:00+00:00, run_after=2025-02-14 20:00:00+00:00
[2025-02-14T23:47:57.162+0000] {processor.py:208} INFO - Processing /home/airflow/.local/lib/python3.12/site-packages/airflow/example_dags/example_latest_only_with_trigger.py took 0.063 seconds
[2025-02-14T23:48:27.398+0000] {processor.py:186} INFO - Started process (PID=1513) to work on /home/airflow/.local/lib/python3.12/site-packages/airflow/example_dags/example_latest_only_with_trigger.py
[2025-02-14T23:48:27.399+0000] {processor.py:914} INFO - Processing file /home/airflow/.local/lib/python3.12/site-packages/airflow/example_dags/example_latest_only_with_trigger.py for tasks to queue
[2025-02-14T23:48:27.401+0000] {logging_mixin.py:190} INFO - [2025-02-14T23:48:27.401+0000] {dagbag.py:588} INFO - Filling up the DagBag from /home/airflow/.local/lib/python3.12/site-packages/airflow/example_dags/example_latest_only_with_trigger.py
[2025-02-14T23:48:27.406+0000] {processor.py:925} INFO - DAG(s) 'latest_only_with_trigger' retrieved from /home/airflow/.local/lib/python3.12/site-packages/airflow/example_dags/example_latest_only_with_trigger.py
[2025-02-14T23:48:27.427+0000] {logging_mixin.py:190} INFO - [2025-02-14T23:48:27.427+0000] {dag.py:3239} INFO - Sync 1 DAGs
[2025-02-14T23:48:27.441+0000] {logging_mixin.py:190} INFO - [2025-02-14T23:48:27.441+0000] {dag.py:4180} INFO - Setting next_dagrun for latest_only_with_trigger to 2025-02-14 16:00:00+00:00, run_after=2025-02-14 20:00:00+00:00
[2025-02-14T23:48:27.454+0000] {processor.py:208} INFO - Processing /home/airflow/.local/lib/python3.12/site-packages/airflow/example_dags/example_latest_only_with_trigger.py took 0.062 seconds
[2025-02-14T23:48:57.645+0000] {processor.py:186} INFO - Started process (PID=1576) to work on /home/airflow/.local/lib/python3.12/site-packages/airflow/example_dags/example_latest_only_with_trigger.py
[2025-02-14T23:48:57.649+0000] {processor.py:914} INFO - Processing file /home/airflow/.local/lib/python3.12/site-packages/airflow/example_dags/example_latest_only_with_trigger.py for tasks to queue
[2025-02-14T23:48:57.651+0000] {logging_mixin.py:190} INFO - [2025-02-14T23:48:57.651+0000] {dagbag.py:588} INFO - Filling up the DagBag from /home/airflow/.local/lib/python3.12/site-packages/airflow/example_dags/example_latest_only_with_trigger.py
[2025-02-14T23:48:57.658+0000] {processor.py:925} INFO - DAG(s) 'latest_only_with_trigger' retrieved from /home/airflow/.local/lib/python3.12/site-packages/airflow/example_dags/example_latest_only_with_trigger.py
[2025-02-14T23:48:57.674+0000] {logging_mixin.py:190} INFO - [2025-02-14T23:48:57.674+0000] {dag.py:3239} INFO - Sync 1 DAGs
[2025-02-14T23:48:57.690+0000] {logging_mixin.py:190} INFO - [2025-02-14T23:48:57.690+0000] {dag.py:4180} INFO - Setting next_dagrun for latest_only_with_trigger to 2025-02-14 16:00:00+00:00, run_after=2025-02-14 20:00:00+00:00
[2025-02-14T23:48:57.703+0000] {processor.py:208} INFO - Processing /home/airflow/.local/lib/python3.12/site-packages/airflow/example_dags/example_latest_only_with_trigger.py took 0.063 seconds
[2025-02-14T23:49:27.953+0000] {processor.py:186} INFO - Started process (PID=1639) to work on /home/airflow/.local/lib/python3.12/site-packages/airflow/example_dags/example_latest_only_with_trigger.py
[2025-02-14T23:49:27.955+0000] {processor.py:914} INFO - Processing file /home/airflow/.local/lib/python3.12/site-packages/airflow/example_dags/example_latest_only_with_trigger.py for tasks to queue
[2025-02-14T23:49:27.957+0000] {logging_mixin.py:190} INFO - [2025-02-14T23:49:27.957+0000] {dagbag.py:588} INFO - Filling up the DagBag from /home/airflow/.local/lib/python3.12/site-packages/airflow/example_dags/example_latest_only_with_trigger.py
[2025-02-14T23:49:27.966+0000] {processor.py:925} INFO - DAG(s) 'latest_only_with_trigger' retrieved from /home/airflow/.local/lib/python3.12/site-packages/airflow/example_dags/example_latest_only_with_trigger.py
[2025-02-14T23:49:27.985+0000] {logging_mixin.py:190} INFO - [2025-02-14T23:49:27.985+0000] {dag.py:3239} INFO - Sync 1 DAGs
[2025-02-14T23:49:27.998+0000] {logging_mixin.py:190} INFO - [2025-02-14T23:49:27.998+0000] {dag.py:4180} INFO - Setting next_dagrun for latest_only_with_trigger to 2025-02-14 16:00:00+00:00, run_after=2025-02-14 20:00:00+00:00
[2025-02-14T23:49:28.014+0000] {processor.py:208} INFO - Processing /home/airflow/.local/lib/python3.12/site-packages/airflow/example_dags/example_latest_only_with_trigger.py took 0.066 seconds
[2025-02-14T23:49:58.344+0000] {processor.py:186} INFO - Started process (PID=1702) to work on /home/airflow/.local/lib/python3.12/site-packages/airflow/example_dags/example_latest_only_with_trigger.py
[2025-02-14T23:49:58.345+0000] {processor.py:914} INFO - Processing file /home/airflow/.local/lib/python3.12/site-packages/airflow/example_dags/example_latest_only_with_trigger.py for tasks to queue
[2025-02-14T23:49:58.347+0000] {logging_mixin.py:190} INFO - [2025-02-14T23:49:58.347+0000] {dagbag.py:588} INFO - Filling up the DagBag from /home/airflow/.local/lib/python3.12/site-packages/airflow/example_dags/example_latest_only_with_trigger.py
[2025-02-14T23:49:58.353+0000] {processor.py:925} INFO - DAG(s) 'latest_only_with_trigger' retrieved from /home/airflow/.local/lib/python3.12/site-packages/airflow/example_dags/example_latest_only_with_trigger.py
[2025-02-14T23:49:58.372+0000] {logging_mixin.py:190} INFO - [2025-02-14T23:49:58.372+0000] {dag.py:3239} INFO - Sync 1 DAGs
[2025-02-14T23:49:58.386+0000] {logging_mixin.py:190} INFO - [2025-02-14T23:49:58.386+0000] {dag.py:4180} INFO - Setting next_dagrun for latest_only_with_trigger to 2025-02-14 16:00:00+00:00, run_after=2025-02-14 20:00:00+00:00
[2025-02-14T23:49:58.397+0000] {processor.py:208} INFO - Processing /home/airflow/.local/lib/python3.12/site-packages/airflow/example_dags/example_latest_only_with_trigger.py took 0.060 seconds
[2025-02-14T23:50:29.156+0000] {processor.py:186} INFO - Started process (PID=1765) to work on /home/airflow/.local/lib/python3.12/site-packages/airflow/example_dags/example_latest_only_with_trigger.py
[2025-02-14T23:50:29.157+0000] {processor.py:914} INFO - Processing file /home/airflow/.local/lib/python3.12/site-packages/airflow/example_dags/example_latest_only_with_trigger.py for tasks to queue
[2025-02-14T23:50:29.159+0000] {logging_mixin.py:190} INFO - [2025-02-14T23:50:29.159+0000] {dagbag.py:588} INFO - Filling up the DagBag from /home/airflow/.local/lib/python3.12/site-packages/airflow/example_dags/example_latest_only_with_trigger.py
[2025-02-14T23:50:29.166+0000] {processor.py:925} INFO - DAG(s) 'latest_only_with_trigger' retrieved from /home/airflow/.local/lib/python3.12/site-packages/airflow/example_dags/example_latest_only_with_trigger.py
[2025-02-14T23:50:29.189+0000] {logging_mixin.py:190} INFO - [2025-02-14T23:50:29.189+0000] {dag.py:3239} INFO - Sync 1 DAGs
[2025-02-14T23:50:29.210+0000] {logging_mixin.py:190} INFO - [2025-02-14T23:50:29.210+0000] {dag.py:4180} INFO - Setting next_dagrun for latest_only_with_trigger to 2025-02-14 16:00:00+00:00, run_after=2025-02-14 20:00:00+00:00
[2025-02-14T23:50:29.228+0000] {processor.py:208} INFO - Processing /home/airflow/.local/lib/python3.12/site-packages/airflow/example_dags/example_latest_only_with_trigger.py took 0.079 seconds
[2025-02-14T23:50:59.725+0000] {processor.py:186} INFO - Started process (PID=1828) to work on /home/airflow/.local/lib/python3.12/site-packages/airflow/example_dags/example_latest_only_with_trigger.py
[2025-02-14T23:50:59.725+0000] {processor.py:914} INFO - Processing file /home/airflow/.local/lib/python3.12/site-packages/airflow/example_dags/example_latest_only_with_trigger.py for tasks to queue
[2025-02-14T23:50:59.727+0000] {logging_mixin.py:190} INFO - [2025-02-14T23:50:59.727+0000] {dagbag.py:588} INFO - Filling up the DagBag from /home/airflow/.local/lib/python3.12/site-packages/airflow/example_dags/example_latest_only_with_trigger.py
[2025-02-14T23:50:59.732+0000] {processor.py:925} INFO - DAG(s) 'latest_only_with_trigger' retrieved from /home/airflow/.local/lib/python3.12/site-packages/airflow/example_dags/example_latest_only_with_trigger.py
[2025-02-14T23:50:59.751+0000] {logging_mixin.py:190} INFO - [2025-02-14T23:50:59.751+0000] {dag.py:3239} INFO - Sync 1 DAGs
[2025-02-14T23:50:59.765+0000] {logging_mixin.py:190} INFO - [2025-02-14T23:50:59.765+0000] {dag.py:4180} INFO - Setting next_dagrun for latest_only_with_trigger to 2025-02-14 16:00:00+00:00, run_after=2025-02-14 20:00:00+00:00
[2025-02-14T23:50:59.777+0000] {processor.py:208} INFO - Processing /home/airflow/.local/lib/python3.12/site-packages/airflow/example_dags/example_latest_only_with_trigger.py took 0.057 seconds
[2025-02-14T23:51:30.061+0000] {processor.py:186} INFO - Started process (PID=1891) to work on /home/airflow/.local/lib/python3.12/site-packages/airflow/example_dags/example_latest_only_with_trigger.py
[2025-02-14T23:51:30.062+0000] {processor.py:914} INFO - Processing file /home/airflow/.local/lib/python3.12/site-packages/airflow/example_dags/example_latest_only_with_trigger.py for tasks to queue
[2025-02-14T23:51:30.065+0000] {logging_mixin.py:190} INFO - [2025-02-14T23:51:30.064+0000] {dagbag.py:588} INFO - Filling up the DagBag from /home/airflow/.local/lib/python3.12/site-packages/airflow/example_dags/example_latest_only_with_trigger.py
[2025-02-14T23:51:30.075+0000] {processor.py:925} INFO - DAG(s) 'latest_only_with_trigger' retrieved from /home/airflow/.local/lib/python3.12/site-packages/airflow/example_dags/example_latest_only_with_trigger.py
[2025-02-14T23:51:30.089+0000] {logging_mixin.py:190} INFO - [2025-02-14T23:51:30.089+0000] {dag.py:3239} INFO - Sync 1 DAGs
[2025-02-14T23:51:30.104+0000] {logging_mixin.py:190} INFO - [2025-02-14T23:51:30.104+0000] {dag.py:4180} INFO - Setting next_dagrun for latest_only_with_trigger to 2025-02-14 16:00:00+00:00, run_after=2025-02-14 20:00:00+00:00
[2025-02-14T23:51:30.116+0000] {processor.py:208} INFO - Processing /home/airflow/.local/lib/python3.12/site-packages/airflow/example_dags/example_latest_only_with_trigger.py took 0.078 seconds
[2025-02-14T23:52:00.271+0000] {processor.py:186} INFO - Started process (PID=1954) to work on /home/airflow/.local/lib/python3.12/site-packages/airflow/example_dags/example_latest_only_with_trigger.py
[2025-02-14T23:52:00.271+0000] {processor.py:914} INFO - Processing file /home/airflow/.local/lib/python3.12/site-packages/airflow/example_dags/example_latest_only_with_trigger.py for tasks to queue
[2025-02-14T23:52:00.273+0000] {logging_mixin.py:190} INFO - [2025-02-14T23:52:00.273+0000] {dagbag.py:588} INFO - Filling up the DagBag from /home/airflow/.local/lib/python3.12/site-packages/airflow/example_dags/example_latest_only_with_trigger.py
[2025-02-14T23:52:00.279+0000] {processor.py:925} INFO - DAG(s) 'latest_only_with_trigger' retrieved from /home/airflow/.local/lib/python3.12/site-packages/airflow/example_dags/example_latest_only_with_trigger.py
[2025-02-14T23:52:00.301+0000] {logging_mixin.py:190} INFO - [2025-02-14T23:52:00.301+0000] {dag.py:3239} INFO - Sync 1 DAGs
[2025-02-14T23:52:00.325+0000] {logging_mixin.py:190} INFO - [2025-02-14T23:52:00.325+0000] {dag.py:4180} INFO - Setting next_dagrun for latest_only_with_trigger to 2025-02-14 16:00:00+00:00, run_after=2025-02-14 20:00:00+00:00
[2025-02-14T23:52:00.343+0000] {processor.py:208} INFO - Processing /home/airflow/.local/lib/python3.12/site-packages/airflow/example_dags/example_latest_only_with_trigger.py took 0.076 seconds
[2025-02-14T23:52:31.252+0000] {processor.py:186} INFO - Started process (PID=2017) to work on /home/airflow/.local/lib/python3.12/site-packages/airflow/example_dags/example_latest_only_with_trigger.py
[2025-02-14T23:52:31.253+0000] {processor.py:914} INFO - Processing file /home/airflow/.local/lib/python3.12/site-packages/airflow/example_dags/example_latest_only_with_trigger.py for tasks to queue
[2025-02-14T23:52:31.255+0000] {logging_mixin.py:190} INFO - [2025-02-14T23:52:31.255+0000] {dagbag.py:588} INFO - Filling up the DagBag from /home/airflow/.local/lib/python3.12/site-packages/airflow/example_dags/example_latest_only_with_trigger.py
[2025-02-14T23:52:31.260+0000] {processor.py:925} INFO - DAG(s) 'latest_only_with_trigger' retrieved from /home/airflow/.local/lib/python3.12/site-packages/airflow/example_dags/example_latest_only_with_trigger.py
[2025-02-14T23:52:31.273+0000] {logging_mixin.py:190} INFO - [2025-02-14T23:52:31.273+0000] {dag.py:3239} INFO - Sync 1 DAGs
[2025-02-14T23:52:31.286+0000] {logging_mixin.py:190} INFO - [2025-02-14T23:52:31.286+0000] {dag.py:4180} INFO - Setting next_dagrun for latest_only_with_trigger to 2025-02-14 16:00:00+00:00, run_after=2025-02-14 20:00:00+00:00
[2025-02-14T23:52:31.298+0000] {processor.py:208} INFO - Processing /home/airflow/.local/lib/python3.12/site-packages/airflow/example_dags/example_latest_only_with_trigger.py took 0.052 seconds
[2025-02-14T23:53:01.375+0000] {processor.py:186} INFO - Started process (PID=2080) to work on /home/airflow/.local/lib/python3.12/site-packages/airflow/example_dags/example_latest_only_with_trigger.py
[2025-02-14T23:53:01.375+0000] {processor.py:914} INFO - Processing file /home/airflow/.local/lib/python3.12/site-packages/airflow/example_dags/example_latest_only_with_trigger.py for tasks to queue
[2025-02-14T23:53:01.377+0000] {logging_mixin.py:190} INFO - [2025-02-14T23:53:01.377+0000] {dagbag.py:588} INFO - Filling up the DagBag from /home/airflow/.local/lib/python3.12/site-packages/airflow/example_dags/example_latest_only_with_trigger.py
[2025-02-14T23:53:01.382+0000] {processor.py:925} INFO - DAG(s) 'latest_only_with_trigger' retrieved from /home/airflow/.local/lib/python3.12/site-packages/airflow/example_dags/example_latest_only_with_trigger.py
[2025-02-14T23:53:01.399+0000] {logging_mixin.py:190} INFO - [2025-02-14T23:53:01.399+0000] {dag.py:3239} INFO - Sync 1 DAGs
[2025-02-14T23:53:01.413+0000] {logging_mixin.py:190} INFO - [2025-02-14T23:53:01.413+0000] {dag.py:4180} INFO - Setting next_dagrun for latest_only_with_trigger to 2025-02-14 16:00:00+00:00, run_after=2025-02-14 20:00:00+00:00
[2025-02-14T23:53:01.423+0000] {processor.py:208} INFO - Processing /home/airflow/.local/lib/python3.12/site-packages/airflow/example_dags/example_latest_only_with_trigger.py took 0.055 seconds
[2025-02-14T23:53:31.832+0000] {processor.py:186} INFO - Started process (PID=2143) to work on /home/airflow/.local/lib/python3.12/site-packages/airflow/example_dags/example_latest_only_with_trigger.py
[2025-02-14T23:53:31.832+0000] {processor.py:914} INFO - Processing file /home/airflow/.local/lib/python3.12/site-packages/airflow/example_dags/example_latest_only_with_trigger.py for tasks to queue
[2025-02-14T23:53:31.834+0000] {logging_mixin.py:190} INFO - [2025-02-14T23:53:31.834+0000] {dagbag.py:588} INFO - Filling up the DagBag from /home/airflow/.local/lib/python3.12/site-packages/airflow/example_dags/example_latest_only_with_trigger.py
[2025-02-14T23:53:31.840+0000] {processor.py:925} INFO - DAG(s) 'latest_only_with_trigger' retrieved from /home/airflow/.local/lib/python3.12/site-packages/airflow/example_dags/example_latest_only_with_trigger.py
[2025-02-14T23:53:31.861+0000] {logging_mixin.py:190} INFO - [2025-02-14T23:53:31.861+0000] {dag.py:3239} INFO - Sync 1 DAGs
[2025-02-14T23:53:31.876+0000] {logging_mixin.py:190} INFO - [2025-02-14T23:53:31.876+0000] {dag.py:4180} INFO - Setting next_dagrun for latest_only_with_trigger to 2025-02-14 16:00:00+00:00, run_after=2025-02-14 20:00:00+00:00
[2025-02-14T23:53:31.887+0000] {processor.py:208} INFO - Processing /home/airflow/.local/lib/python3.12/site-packages/airflow/example_dags/example_latest_only_with_trigger.py took 0.061 seconds
[2025-02-14T23:54:02.535+0000] {processor.py:186} INFO - Started process (PID=2206) to work on /home/airflow/.local/lib/python3.12/site-packages/airflow/example_dags/example_latest_only_with_trigger.py
[2025-02-14T23:54:02.536+0000] {processor.py:914} INFO - Processing file /home/airflow/.local/lib/python3.12/site-packages/airflow/example_dags/example_latest_only_with_trigger.py for tasks to queue
[2025-02-14T23:54:02.537+0000] {logging_mixin.py:190} INFO - [2025-02-14T23:54:02.537+0000] {dagbag.py:588} INFO - Filling up the DagBag from /home/airflow/.local/lib/python3.12/site-packages/airflow/example_dags/example_latest_only_with_trigger.py
[2025-02-14T23:54:02.542+0000] {processor.py:925} INFO - DAG(s) 'latest_only_with_trigger' retrieved from /home/airflow/.local/lib/python3.12/site-packages/airflow/example_dags/example_latest_only_with_trigger.py
[2025-02-14T23:54:02.559+0000] {logging_mixin.py:190} INFO - [2025-02-14T23:54:02.559+0000] {dag.py:3239} INFO - Sync 1 DAGs
[2025-02-14T23:54:02.572+0000] {logging_mixin.py:190} INFO - [2025-02-14T23:54:02.572+0000] {dag.py:4180} INFO - Setting next_dagrun for latest_only_with_trigger to 2025-02-14 16:00:00+00:00, run_after=2025-02-14 20:00:00+00:00
[2025-02-14T23:54:02.584+0000] {processor.py:208} INFO - Processing /home/airflow/.local/lib/python3.12/site-packages/airflow/example_dags/example_latest_only_with_trigger.py took 0.054 seconds
[2025-02-14T23:54:32.653+0000] {processor.py:186} INFO - Started process (PID=2269) to work on /home/airflow/.local/lib/python3.12/site-packages/airflow/example_dags/example_latest_only_with_trigger.py
[2025-02-14T23:54:32.654+0000] {processor.py:914} INFO - Processing file /home/airflow/.local/lib/python3.12/site-packages/airflow/example_dags/example_latest_only_with_trigger.py for tasks to queue
[2025-02-14T23:54:32.655+0000] {logging_mixin.py:190} INFO - [2025-02-14T23:54:32.655+0000] {dagbag.py:588} INFO - Filling up the DagBag from /home/airflow/.local/lib/python3.12/site-packages/airflow/example_dags/example_latest_only_with_trigger.py
[2025-02-14T23:54:32.660+0000] {processor.py:925} INFO - DAG(s) 'latest_only_with_trigger' retrieved from /home/airflow/.local/lib/python3.12/site-packages/airflow/example_dags/example_latest_only_with_trigger.py
[2025-02-14T23:54:32.675+0000] {logging_mixin.py:190} INFO - [2025-02-14T23:54:32.675+0000] {dag.py:3239} INFO - Sync 1 DAGs
[2025-02-14T23:54:32.689+0000] {logging_mixin.py:190} INFO - [2025-02-14T23:54:32.689+0000] {dag.py:4180} INFO - Setting next_dagrun for latest_only_with_trigger to 2025-02-14 16:00:00+00:00, run_after=2025-02-14 20:00:00+00:00
[2025-02-14T23:54:32.702+0000] {processor.py:208} INFO - Processing /home/airflow/.local/lib/python3.12/site-packages/airflow/example_dags/example_latest_only_with_trigger.py took 0.054 seconds
[2025-02-14T23:55:02.981+0000] {processor.py:186} INFO - Started process (PID=2332) to work on /home/airflow/.local/lib/python3.12/site-packages/airflow/example_dags/example_latest_only_with_trigger.py
[2025-02-14T23:55:02.982+0000] {processor.py:914} INFO - Processing file /home/airflow/.local/lib/python3.12/site-packages/airflow/example_dags/example_latest_only_with_trigger.py for tasks to queue
[2025-02-14T23:55:02.983+0000] {logging_mixin.py:190} INFO - [2025-02-14T23:55:02.983+0000] {dagbag.py:588} INFO - Filling up the DagBag from /home/airflow/.local/lib/python3.12/site-packages/airflow/example_dags/example_latest_only_with_trigger.py
[2025-02-14T23:55:02.989+0000] {processor.py:925} INFO - DAG(s) 'latest_only_with_trigger' retrieved from /home/airflow/.local/lib/python3.12/site-packages/airflow/example_dags/example_latest_only_with_trigger.py
[2025-02-14T23:55:03.009+0000] {logging_mixin.py:190} INFO - [2025-02-14T23:55:03.009+0000] {dag.py:3239} INFO - Sync 1 DAGs
[2025-02-14T23:55:03.023+0000] {logging_mixin.py:190} INFO - [2025-02-14T23:55:03.023+0000] {dag.py:4180} INFO - Setting next_dagrun for latest_only_with_trigger to 2025-02-14 16:00:00+00:00, run_after=2025-02-14 20:00:00+00:00
[2025-02-14T23:55:03.035+0000] {processor.py:208} INFO - Processing /home/airflow/.local/lib/python3.12/site-packages/airflow/example_dags/example_latest_only_with_trigger.py took 0.061 seconds
