[2025-02-14T23:36:44.534+0000] {processor.py:186} INFO - Started process (PID=65) to work on /home/airflow/.local/lib/python3.12/site-packages/airflow/example_dags/example_branch_python_dop_operator_3.py
[2025-02-14T23:36:44.535+0000] {processor.py:914} INFO - Processing file /home/airflow/.local/lib/python3.12/site-packages/airflow/example_dags/example_branch_python_dop_operator_3.py for tasks to queue
[2025-02-14T23:36:44.537+0000] {logging_mixin.py:190} INFO - [2025-02-14T23:36:44.537+0000] {dagbag.py:588} INFO - Filling up the DagBag from /home/airflow/.local/lib/python3.12/site-packages/airflow/example_dags/example_branch_python_dop_operator_3.py
[2025-02-14T23:36:44.548+0000] {processor.py:925} INFO - DAG(s) 'example_branch_dop_operator_v3' retrieved from /home/airflow/.local/lib/python3.12/site-packages/airflow/example_dags/example_branch_python_dop_operator_3.py
[2025-02-14T23:36:44.567+0000] {logging_mixin.py:190} INFO - [2025-02-14T23:36:44.566+0000] {dag.py:3239} INFO - Sync 1 DAGs
[2025-02-14T23:36:44.590+0000] {logging_mixin.py:190} INFO - [2025-02-14T23:36:44.589+0000] {dag.py:4180} INFO - Setting next_dagrun for example_branch_dop_operator_v3 to 2025-02-14 23:35:00+00:00, run_after=2025-02-14 23:36:00+00:00
[2025-02-14T23:36:44.608+0000] {processor.py:208} INFO - Processing /home/airflow/.local/lib/python3.12/site-packages/airflow/example_dags/example_branch_python_dop_operator_3.py took 0.079 seconds
[2025-02-14T23:37:14.736+0000] {processor.py:186} INFO - Started process (PID=127) to work on /home/airflow/.local/lib/python3.12/site-packages/airflow/example_dags/example_branch_python_dop_operator_3.py
[2025-02-14T23:37:14.736+0000] {processor.py:914} INFO - Processing file /home/airflow/.local/lib/python3.12/site-packages/airflow/example_dags/example_branch_python_dop_operator_3.py for tasks to queue
[2025-02-14T23:37:14.738+0000] {logging_mixin.py:190} INFO - [2025-02-14T23:37:14.737+0000] {dagbag.py:588} INFO - Filling up the DagBag from /home/airflow/.local/lib/python3.12/site-packages/airflow/example_dags/example_branch_python_dop_operator_3.py
[2025-02-14T23:37:14.745+0000] {processor.py:925} INFO - DAG(s) 'example_branch_dop_operator_v3' retrieved from /home/airflow/.local/lib/python3.12/site-packages/airflow/example_dags/example_branch_python_dop_operator_3.py
[2025-02-14T23:37:14.756+0000] {logging_mixin.py:190} INFO - [2025-02-14T23:37:14.756+0000] {dag.py:3239} INFO - Sync 1 DAGs
[2025-02-14T23:37:14.770+0000] {logging_mixin.py:190} INFO - [2025-02-14T23:37:14.770+0000] {dag.py:4180} INFO - Setting next_dagrun for example_branch_dop_operator_v3 to 2025-02-14 23:36:00+00:00, run_after=2025-02-14 23:37:00+00:00
[2025-02-14T23:37:14.778+0000] {processor.py:208} INFO - Processing /home/airflow/.local/lib/python3.12/site-packages/airflow/example_dags/example_branch_python_dop_operator_3.py took 0.046 seconds
[2025-02-14T23:37:45.451+0000] {processor.py:186} INFO - Started process (PID=190) to work on /home/airflow/.local/lib/python3.12/site-packages/airflow/example_dags/example_branch_python_dop_operator_3.py
[2025-02-14T23:37:45.451+0000] {processor.py:914} INFO - Processing file /home/airflow/.local/lib/python3.12/site-packages/airflow/example_dags/example_branch_python_dop_operator_3.py for tasks to queue
[2025-02-14T23:37:45.453+0000] {logging_mixin.py:190} INFO - [2025-02-14T23:37:45.452+0000] {dagbag.py:588} INFO - Filling up the DagBag from /home/airflow/.local/lib/python3.12/site-packages/airflow/example_dags/example_branch_python_dop_operator_3.py
[2025-02-14T23:37:45.459+0000] {processor.py:925} INFO - DAG(s) 'example_branch_dop_operator_v3' retrieved from /home/airflow/.local/lib/python3.12/site-packages/airflow/example_dags/example_branch_python_dop_operator_3.py
[2025-02-14T23:37:45.471+0000] {logging_mixin.py:190} INFO - [2025-02-14T23:37:45.471+0000] {dag.py:3239} INFO - Sync 1 DAGs
[2025-02-14T23:37:45.486+0000] {logging_mixin.py:190} INFO - [2025-02-14T23:37:45.486+0000] {dag.py:4180} INFO - Setting next_dagrun for example_branch_dop_operator_v3 to 2025-02-14 23:36:00+00:00, run_after=2025-02-14 23:37:00+00:00
[2025-02-14T23:37:45.496+0000] {processor.py:208} INFO - Processing /home/airflow/.local/lib/python3.12/site-packages/airflow/example_dags/example_branch_python_dop_operator_3.py took 0.049 seconds
[2025-02-14T23:38:16.056+0000] {processor.py:186} INFO - Started process (PID=253) to work on /home/airflow/.local/lib/python3.12/site-packages/airflow/example_dags/example_branch_python_dop_operator_3.py
[2025-02-14T23:38:16.057+0000] {processor.py:914} INFO - Processing file /home/airflow/.local/lib/python3.12/site-packages/airflow/example_dags/example_branch_python_dop_operator_3.py for tasks to queue
[2025-02-14T23:38:16.059+0000] {logging_mixin.py:190} INFO - [2025-02-14T23:38:16.058+0000] {dagbag.py:588} INFO - Filling up the DagBag from /home/airflow/.local/lib/python3.12/site-packages/airflow/example_dags/example_branch_python_dop_operator_3.py
[2025-02-14T23:38:16.065+0000] {processor.py:925} INFO - DAG(s) 'example_branch_dop_operator_v3' retrieved from /home/airflow/.local/lib/python3.12/site-packages/airflow/example_dags/example_branch_python_dop_operator_3.py
[2025-02-14T23:38:16.077+0000] {logging_mixin.py:190} INFO - [2025-02-14T23:38:16.077+0000] {dag.py:3239} INFO - Sync 1 DAGs
[2025-02-14T23:38:16.092+0000] {logging_mixin.py:190} INFO - [2025-02-14T23:38:16.092+0000] {dag.py:4180} INFO - Setting next_dagrun for example_branch_dop_operator_v3 to 2025-02-14 23:37:00+00:00, run_after=2025-02-14 23:38:00+00:00
[2025-02-14T23:38:16.101+0000] {processor.py:208} INFO - Processing /home/airflow/.local/lib/python3.12/site-packages/airflow/example_dags/example_branch_python_dop_operator_3.py took 0.049 seconds
[2025-02-14T23:38:46.897+0000] {processor.py:186} INFO - Started process (PID=316) to work on /home/airflow/.local/lib/python3.12/site-packages/airflow/example_dags/example_branch_python_dop_operator_3.py
[2025-02-14T23:38:46.900+0000] {processor.py:914} INFO - Processing file /home/airflow/.local/lib/python3.12/site-packages/airflow/example_dags/example_branch_python_dop_operator_3.py for tasks to queue
[2025-02-14T23:38:46.902+0000] {logging_mixin.py:190} INFO - [2025-02-14T23:38:46.902+0000] {dagbag.py:588} INFO - Filling up the DagBag from /home/airflow/.local/lib/python3.12/site-packages/airflow/example_dags/example_branch_python_dop_operator_3.py
[2025-02-14T23:38:46.910+0000] {processor.py:925} INFO - DAG(s) 'example_branch_dop_operator_v3' retrieved from /home/airflow/.local/lib/python3.12/site-packages/airflow/example_dags/example_branch_python_dop_operator_3.py
[2025-02-14T23:38:46.924+0000] {logging_mixin.py:190} INFO - [2025-02-14T23:38:46.924+0000] {dag.py:3239} INFO - Sync 1 DAGs
[2025-02-14T23:38:46.942+0000] {logging_mixin.py:190} INFO - [2025-02-14T23:38:46.941+0000] {dag.py:4180} INFO - Setting next_dagrun for example_branch_dop_operator_v3 to 2025-02-14 23:37:00+00:00, run_after=2025-02-14 23:38:00+00:00
[2025-02-14T23:38:46.955+0000] {processor.py:208} INFO - Processing /home/airflow/.local/lib/python3.12/site-packages/airflow/example_dags/example_branch_python_dop_operator_3.py took 0.063 seconds
[2025-02-14T23:39:17.203+0000] {processor.py:186} INFO - Started process (PID=379) to work on /home/airflow/.local/lib/python3.12/site-packages/airflow/example_dags/example_branch_python_dop_operator_3.py
[2025-02-14T23:39:17.206+0000] {processor.py:914} INFO - Processing file /home/airflow/.local/lib/python3.12/site-packages/airflow/example_dags/example_branch_python_dop_operator_3.py for tasks to queue
[2025-02-14T23:39:17.209+0000] {logging_mixin.py:190} INFO - [2025-02-14T23:39:17.209+0000] {dagbag.py:588} INFO - Filling up the DagBag from /home/airflow/.local/lib/python3.12/site-packages/airflow/example_dags/example_branch_python_dop_operator_3.py
[2025-02-14T23:39:17.217+0000] {processor.py:925} INFO - DAG(s) 'example_branch_dop_operator_v3' retrieved from /home/airflow/.local/lib/python3.12/site-packages/airflow/example_dags/example_branch_python_dop_operator_3.py
[2025-02-14T23:39:17.239+0000] {logging_mixin.py:190} INFO - [2025-02-14T23:39:17.239+0000] {dag.py:3239} INFO - Sync 1 DAGs
[2025-02-14T23:39:17.255+0000] {logging_mixin.py:190} INFO - [2025-02-14T23:39:17.255+0000] {dag.py:4180} INFO - Setting next_dagrun for example_branch_dop_operator_v3 to 2025-02-14 23:38:00+00:00, run_after=2025-02-14 23:39:00+00:00
[2025-02-14T23:39:17.264+0000] {processor.py:208} INFO - Processing /home/airflow/.local/lib/python3.12/site-packages/airflow/example_dags/example_branch_python_dop_operator_3.py took 0.066 seconds
[2025-02-14T23:39:47.441+0000] {processor.py:186} INFO - Started process (PID=442) to work on /home/airflow/.local/lib/python3.12/site-packages/airflow/example_dags/example_branch_python_dop_operator_3.py
[2025-02-14T23:39:47.443+0000] {processor.py:914} INFO - Processing file /home/airflow/.local/lib/python3.12/site-packages/airflow/example_dags/example_branch_python_dop_operator_3.py for tasks to queue
[2025-02-14T23:39:47.444+0000] {logging_mixin.py:190} INFO - [2025-02-14T23:39:47.444+0000] {dagbag.py:588} INFO - Filling up the DagBag from /home/airflow/.local/lib/python3.12/site-packages/airflow/example_dags/example_branch_python_dop_operator_3.py
[2025-02-14T23:39:47.453+0000] {processor.py:925} INFO - DAG(s) 'example_branch_dop_operator_v3' retrieved from /home/airflow/.local/lib/python3.12/site-packages/airflow/example_dags/example_branch_python_dop_operator_3.py
[2025-02-14T23:39:47.465+0000] {logging_mixin.py:190} INFO - [2025-02-14T23:39:47.464+0000] {dag.py:3239} INFO - Sync 1 DAGs
[2025-02-14T23:39:47.483+0000] {logging_mixin.py:190} INFO - [2025-02-14T23:39:47.482+0000] {dag.py:4180} INFO - Setting next_dagrun for example_branch_dop_operator_v3 to 2025-02-14 23:38:00+00:00, run_after=2025-02-14 23:39:00+00:00
[2025-02-14T23:39:47.496+0000] {processor.py:208} INFO - Processing /home/airflow/.local/lib/python3.12/site-packages/airflow/example_dags/example_branch_python_dop_operator_3.py took 0.058 seconds
[2025-02-14T23:40:17.991+0000] {processor.py:186} INFO - Started process (PID=511) to work on /home/airflow/.local/lib/python3.12/site-packages/airflow/example_dags/example_branch_python_dop_operator_3.py
[2025-02-14T23:40:17.994+0000] {processor.py:914} INFO - Processing file /home/airflow/.local/lib/python3.12/site-packages/airflow/example_dags/example_branch_python_dop_operator_3.py for tasks to queue
[2025-02-14T23:40:17.995+0000] {logging_mixin.py:190} INFO - [2025-02-14T23:40:17.995+0000] {dagbag.py:588} INFO - Filling up the DagBag from /home/airflow/.local/lib/python3.12/site-packages/airflow/example_dags/example_branch_python_dop_operator_3.py
[2025-02-14T23:40:18.006+0000] {processor.py:925} INFO - DAG(s) 'example_branch_dop_operator_v3' retrieved from /home/airflow/.local/lib/python3.12/site-packages/airflow/example_dags/example_branch_python_dop_operator_3.py
[2025-02-14T23:40:18.028+0000] {logging_mixin.py:190} INFO - [2025-02-14T23:40:18.027+0000] {dag.py:3239} INFO - Sync 1 DAGs
[2025-02-14T23:40:18.046+0000] {logging_mixin.py:190} INFO - [2025-02-14T23:40:18.046+0000] {dag.py:4180} INFO - Setting next_dagrun for example_branch_dop_operator_v3 to 2025-02-14 23:39:00+00:00, run_after=2025-02-14 23:40:00+00:00
[2025-02-14T23:40:18.064+0000] {processor.py:208} INFO - Processing /home/airflow/.local/lib/python3.12/site-packages/airflow/example_dags/example_branch_python_dop_operator_3.py took 0.077 seconds
[2025-02-14T23:40:48.891+0000] {processor.py:186} INFO - Started process (PID=574) to work on /home/airflow/.local/lib/python3.12/site-packages/airflow/example_dags/example_branch_python_dop_operator_3.py
[2025-02-14T23:40:48.891+0000] {processor.py:914} INFO - Processing file /home/airflow/.local/lib/python3.12/site-packages/airflow/example_dags/example_branch_python_dop_operator_3.py for tasks to queue
[2025-02-14T23:40:48.893+0000] {logging_mixin.py:190} INFO - [2025-02-14T23:40:48.893+0000] {dagbag.py:588} INFO - Filling up the DagBag from /home/airflow/.local/lib/python3.12/site-packages/airflow/example_dags/example_branch_python_dop_operator_3.py
[2025-02-14T23:40:48.901+0000] {processor.py:925} INFO - DAG(s) 'example_branch_dop_operator_v3' retrieved from /home/airflow/.local/lib/python3.12/site-packages/airflow/example_dags/example_branch_python_dop_operator_3.py
[2025-02-14T23:40:48.914+0000] {logging_mixin.py:190} INFO - [2025-02-14T23:40:48.914+0000] {dag.py:3239} INFO - Sync 1 DAGs
[2025-02-14T23:40:48.932+0000] {logging_mixin.py:190} INFO - [2025-02-14T23:40:48.931+0000] {dag.py:4180} INFO - Setting next_dagrun for example_branch_dop_operator_v3 to 2025-02-14 23:39:00+00:00, run_after=2025-02-14 23:40:00+00:00
[2025-02-14T23:40:48.941+0000] {processor.py:208} INFO - Processing /home/airflow/.local/lib/python3.12/site-packages/airflow/example_dags/example_branch_python_dop_operator_3.py took 0.055 seconds
[2025-02-14T23:41:19.898+0000] {processor.py:186} INFO - Started process (PID=637) to work on /home/airflow/.local/lib/python3.12/site-packages/airflow/example_dags/example_branch_python_dop_operator_3.py
[2025-02-14T23:41:19.899+0000] {processor.py:914} INFO - Processing file /home/airflow/.local/lib/python3.12/site-packages/airflow/example_dags/example_branch_python_dop_operator_3.py for tasks to queue
[2025-02-14T23:41:19.900+0000] {logging_mixin.py:190} INFO - [2025-02-14T23:41:19.900+0000] {dagbag.py:588} INFO - Filling up the DagBag from /home/airflow/.local/lib/python3.12/site-packages/airflow/example_dags/example_branch_python_dop_operator_3.py
[2025-02-14T23:41:19.908+0000] {processor.py:925} INFO - DAG(s) 'example_branch_dop_operator_v3' retrieved from /home/airflow/.local/lib/python3.12/site-packages/airflow/example_dags/example_branch_python_dop_operator_3.py
[2025-02-14T23:41:19.927+0000] {logging_mixin.py:190} INFO - [2025-02-14T23:41:19.927+0000] {dag.py:3239} INFO - Sync 1 DAGs
[2025-02-14T23:41:19.944+0000] {logging_mixin.py:190} INFO - [2025-02-14T23:41:19.944+0000] {dag.py:4180} INFO - Setting next_dagrun for example_branch_dop_operator_v3 to 2025-02-14 23:40:00+00:00, run_after=2025-02-14 23:41:00+00:00
[2025-02-14T23:41:19.958+0000] {processor.py:208} INFO - Processing /home/airflow/.local/lib/python3.12/site-packages/airflow/example_dags/example_branch_python_dop_operator_3.py took 0.065 seconds
[2025-02-14T23:41:50.687+0000] {processor.py:186} INFO - Started process (PID=700) to work on /home/airflow/.local/lib/python3.12/site-packages/airflow/example_dags/example_branch_python_dop_operator_3.py
[2025-02-14T23:41:50.688+0000] {processor.py:914} INFO - Processing file /home/airflow/.local/lib/python3.12/site-packages/airflow/example_dags/example_branch_python_dop_operator_3.py for tasks to queue
[2025-02-14T23:41:50.689+0000] {logging_mixin.py:190} INFO - [2025-02-14T23:41:50.689+0000] {dagbag.py:588} INFO - Filling up the DagBag from /home/airflow/.local/lib/python3.12/site-packages/airflow/example_dags/example_branch_python_dop_operator_3.py
[2025-02-14T23:41:50.696+0000] {processor.py:925} INFO - DAG(s) 'example_branch_dop_operator_v3' retrieved from /home/airflow/.local/lib/python3.12/site-packages/airflow/example_dags/example_branch_python_dop_operator_3.py
[2025-02-14T23:41:50.708+0000] {logging_mixin.py:190} INFO - [2025-02-14T23:41:50.708+0000] {dag.py:3239} INFO - Sync 1 DAGs
[2025-02-14T23:41:50.723+0000] {logging_mixin.py:190} INFO - [2025-02-14T23:41:50.723+0000] {dag.py:4180} INFO - Setting next_dagrun for example_branch_dop_operator_v3 to 2025-02-14 23:40:00+00:00, run_after=2025-02-14 23:41:00+00:00
[2025-02-14T23:41:50.731+0000] {processor.py:208} INFO - Processing /home/airflow/.local/lib/python3.12/site-packages/airflow/example_dags/example_branch_python_dop_operator_3.py took 0.049 seconds
[2025-02-14T23:42:20.899+0000] {processor.py:186} INFO - Started process (PID=763) to work on /home/airflow/.local/lib/python3.12/site-packages/airflow/example_dags/example_branch_python_dop_operator_3.py
[2025-02-14T23:42:20.900+0000] {processor.py:914} INFO - Processing file /home/airflow/.local/lib/python3.12/site-packages/airflow/example_dags/example_branch_python_dop_operator_3.py for tasks to queue
[2025-02-14T23:42:20.901+0000] {logging_mixin.py:190} INFO - [2025-02-14T23:42:20.901+0000] {dagbag.py:588} INFO - Filling up the DagBag from /home/airflow/.local/lib/python3.12/site-packages/airflow/example_dags/example_branch_python_dop_operator_3.py
[2025-02-14T23:42:20.921+0000] {processor.py:925} INFO - DAG(s) 'example_branch_dop_operator_v3' retrieved from /home/airflow/.local/lib/python3.12/site-packages/airflow/example_dags/example_branch_python_dop_operator_3.py
[2025-02-14T23:42:20.938+0000] {logging_mixin.py:190} INFO - [2025-02-14T23:42:20.938+0000] {dag.py:3239} INFO - Sync 1 DAGs
[2025-02-14T23:42:20.959+0000] {logging_mixin.py:190} INFO - [2025-02-14T23:42:20.959+0000] {dag.py:4180} INFO - Setting next_dagrun for example_branch_dop_operator_v3 to 2025-02-14 23:41:00+00:00, run_after=2025-02-14 23:42:00+00:00
[2025-02-14T23:42:20.972+0000] {processor.py:208} INFO - Processing /home/airflow/.local/lib/python3.12/site-packages/airflow/example_dags/example_branch_python_dop_operator_3.py took 0.076 seconds
[2025-02-14T23:42:51.859+0000] {processor.py:186} INFO - Started process (PID=826) to work on /home/airflow/.local/lib/python3.12/site-packages/airflow/example_dags/example_branch_python_dop_operator_3.py
[2025-02-14T23:42:51.860+0000] {processor.py:914} INFO - Processing file /home/airflow/.local/lib/python3.12/site-packages/airflow/example_dags/example_branch_python_dop_operator_3.py for tasks to queue
[2025-02-14T23:42:51.862+0000] {logging_mixin.py:190} INFO - [2025-02-14T23:42:51.861+0000] {dagbag.py:588} INFO - Filling up the DagBag from /home/airflow/.local/lib/python3.12/site-packages/airflow/example_dags/example_branch_python_dop_operator_3.py
[2025-02-14T23:42:51.869+0000] {processor.py:925} INFO - DAG(s) 'example_branch_dop_operator_v3' retrieved from /home/airflow/.local/lib/python3.12/site-packages/airflow/example_dags/example_branch_python_dop_operator_3.py
[2025-02-14T23:42:51.883+0000] {logging_mixin.py:190} INFO - [2025-02-14T23:42:51.883+0000] {dag.py:3239} INFO - Sync 1 DAGs
[2025-02-14T23:42:51.899+0000] {logging_mixin.py:190} INFO - [2025-02-14T23:42:51.898+0000] {dag.py:4180} INFO - Setting next_dagrun for example_branch_dop_operator_v3 to 2025-02-14 23:41:00+00:00, run_after=2025-02-14 23:42:00+00:00
[2025-02-14T23:42:51.908+0000] {processor.py:208} INFO - Processing /home/airflow/.local/lib/python3.12/site-packages/airflow/example_dags/example_branch_python_dop_operator_3.py took 0.053 seconds
[2025-02-14T23:43:22.497+0000] {processor.py:186} INFO - Started process (PID=889) to work on /home/airflow/.local/lib/python3.12/site-packages/airflow/example_dags/example_branch_python_dop_operator_3.py
[2025-02-14T23:43:22.499+0000] {processor.py:914} INFO - Processing file /home/airflow/.local/lib/python3.12/site-packages/airflow/example_dags/example_branch_python_dop_operator_3.py for tasks to queue
[2025-02-14T23:43:22.504+0000] {logging_mixin.py:190} INFO - [2025-02-14T23:43:22.503+0000] {dagbag.py:588} INFO - Filling up the DagBag from /home/airflow/.local/lib/python3.12/site-packages/airflow/example_dags/example_branch_python_dop_operator_3.py
[2025-02-14T23:43:22.520+0000] {processor.py:925} INFO - DAG(s) 'example_branch_dop_operator_v3' retrieved from /home/airflow/.local/lib/python3.12/site-packages/airflow/example_dags/example_branch_python_dop_operator_3.py
[2025-02-14T23:43:22.556+0000] {logging_mixin.py:190} INFO - [2025-02-14T23:43:22.555+0000] {dag.py:3239} INFO - Sync 1 DAGs
[2025-02-14T23:43:22.596+0000] {logging_mixin.py:190} INFO - [2025-02-14T23:43:22.595+0000] {dag.py:4180} INFO - Setting next_dagrun for example_branch_dop_operator_v3 to 2025-02-14 23:42:00+00:00, run_after=2025-02-14 23:43:00+00:00
[2025-02-14T23:43:22.623+0000] {processor.py:208} INFO - Processing /home/airflow/.local/lib/python3.12/site-packages/airflow/example_dags/example_branch_python_dop_operator_3.py took 0.136 seconds
[2025-02-14T23:43:53.267+0000] {processor.py:186} INFO - Started process (PID=952) to work on /home/airflow/.local/lib/python3.12/site-packages/airflow/example_dags/example_branch_python_dop_operator_3.py
[2025-02-14T23:43:53.271+0000] {processor.py:914} INFO - Processing file /home/airflow/.local/lib/python3.12/site-packages/airflow/example_dags/example_branch_python_dop_operator_3.py for tasks to queue
[2025-02-14T23:43:53.272+0000] {logging_mixin.py:190} INFO - [2025-02-14T23:43:53.272+0000] {dagbag.py:588} INFO - Filling up the DagBag from /home/airflow/.local/lib/python3.12/site-packages/airflow/example_dags/example_branch_python_dop_operator_3.py
[2025-02-14T23:43:53.280+0000] {processor.py:925} INFO - DAG(s) 'example_branch_dop_operator_v3' retrieved from /home/airflow/.local/lib/python3.12/site-packages/airflow/example_dags/example_branch_python_dop_operator_3.py
[2025-02-14T23:43:53.292+0000] {logging_mixin.py:190} INFO - [2025-02-14T23:43:53.292+0000] {dag.py:3239} INFO - Sync 1 DAGs
[2025-02-14T23:43:53.308+0000] {logging_mixin.py:190} INFO - [2025-02-14T23:43:53.307+0000] {dag.py:4180} INFO - Setting next_dagrun for example_branch_dop_operator_v3 to 2025-02-14 23:42:00+00:00, run_after=2025-02-14 23:43:00+00:00
[2025-02-14T23:43:53.320+0000] {processor.py:208} INFO - Processing /home/airflow/.local/lib/python3.12/site-packages/airflow/example_dags/example_branch_python_dop_operator_3.py took 0.057 seconds
[2025-02-14T23:44:23.970+0000] {processor.py:186} INFO - Started process (PID=1014) to work on /home/airflow/.local/lib/python3.12/site-packages/airflow/example_dags/example_branch_python_dop_operator_3.py
[2025-02-14T23:44:23.970+0000] {processor.py:914} INFO - Processing file /home/airflow/.local/lib/python3.12/site-packages/airflow/example_dags/example_branch_python_dop_operator_3.py for tasks to queue
[2025-02-14T23:44:23.972+0000] {logging_mixin.py:190} INFO - [2025-02-14T23:44:23.972+0000] {dagbag.py:588} INFO - Filling up the DagBag from /home/airflow/.local/lib/python3.12/site-packages/airflow/example_dags/example_branch_python_dop_operator_3.py
[2025-02-14T23:44:23.979+0000] {processor.py:925} INFO - DAG(s) 'example_branch_dop_operator_v3' retrieved from /home/airflow/.local/lib/python3.12/site-packages/airflow/example_dags/example_branch_python_dop_operator_3.py
[2025-02-14T23:44:23.989+0000] {logging_mixin.py:190} INFO - [2025-02-14T23:44:23.989+0000] {dag.py:3239} INFO - Sync 1 DAGs
[2025-02-14T23:44:24.006+0000] {logging_mixin.py:190} INFO - [2025-02-14T23:44:24.006+0000] {dag.py:4180} INFO - Setting next_dagrun for example_branch_dop_operator_v3 to 2025-02-14 23:43:00+00:00, run_after=2025-02-14 23:44:00+00:00
[2025-02-14T23:44:24.016+0000] {processor.py:208} INFO - Processing /home/airflow/.local/lib/python3.12/site-packages/airflow/example_dags/example_branch_python_dop_operator_3.py took 0.050 seconds
[2025-02-14T23:44:54.924+0000] {processor.py:186} INFO - Started process (PID=1077) to work on /home/airflow/.local/lib/python3.12/site-packages/airflow/example_dags/example_branch_python_dop_operator_3.py
[2025-02-14T23:44:54.927+0000] {processor.py:914} INFO - Processing file /home/airflow/.local/lib/python3.12/site-packages/airflow/example_dags/example_branch_python_dop_operator_3.py for tasks to queue
[2025-02-14T23:44:54.928+0000] {logging_mixin.py:190} INFO - [2025-02-14T23:44:54.928+0000] {dagbag.py:588} INFO - Filling up the DagBag from /home/airflow/.local/lib/python3.12/site-packages/airflow/example_dags/example_branch_python_dop_operator_3.py
[2025-02-14T23:44:54.937+0000] {processor.py:925} INFO - DAG(s) 'example_branch_dop_operator_v3' retrieved from /home/airflow/.local/lib/python3.12/site-packages/airflow/example_dags/example_branch_python_dop_operator_3.py
[2025-02-14T23:44:54.950+0000] {logging_mixin.py:190} INFO - [2025-02-14T23:44:54.950+0000] {dag.py:3239} INFO - Sync 1 DAGs
[2025-02-14T23:44:54.966+0000] {logging_mixin.py:190} INFO - [2025-02-14T23:44:54.966+0000] {dag.py:4180} INFO - Setting next_dagrun for example_branch_dop_operator_v3 to 2025-02-14 23:43:00+00:00, run_after=2025-02-14 23:44:00+00:00
[2025-02-14T23:44:54.979+0000] {processor.py:208} INFO - Processing /home/airflow/.local/lib/python3.12/site-packages/airflow/example_dags/example_branch_python_dop_operator_3.py took 0.059 seconds
[2025-02-14T23:45:25.070+0000] {processor.py:186} INFO - Started process (PID=1140) to work on /home/airflow/.local/lib/python3.12/site-packages/airflow/example_dags/example_branch_python_dop_operator_3.py
[2025-02-14T23:45:25.071+0000] {processor.py:914} INFO - Processing file /home/airflow/.local/lib/python3.12/site-packages/airflow/example_dags/example_branch_python_dop_operator_3.py for tasks to queue
[2025-02-14T23:45:25.073+0000] {logging_mixin.py:190} INFO - [2025-02-14T23:45:25.072+0000] {dagbag.py:588} INFO - Filling up the DagBag from /home/airflow/.local/lib/python3.12/site-packages/airflow/example_dags/example_branch_python_dop_operator_3.py
[2025-02-14T23:45:25.079+0000] {processor.py:925} INFO - DAG(s) 'example_branch_dop_operator_v3' retrieved from /home/airflow/.local/lib/python3.12/site-packages/airflow/example_dags/example_branch_python_dop_operator_3.py
[2025-02-14T23:45:25.090+0000] {logging_mixin.py:190} INFO - [2025-02-14T23:45:25.090+0000] {dag.py:3239} INFO - Sync 1 DAGs
[2025-02-14T23:45:25.107+0000] {logging_mixin.py:190} INFO - [2025-02-14T23:45:25.107+0000] {dag.py:4180} INFO - Setting next_dagrun for example_branch_dop_operator_v3 to 2025-02-14 23:44:00+00:00, run_after=2025-02-14 23:45:00+00:00
[2025-02-14T23:45:25.117+0000] {processor.py:208} INFO - Processing /home/airflow/.local/lib/python3.12/site-packages/airflow/example_dags/example_branch_python_dop_operator_3.py took 0.051 seconds
[2025-02-14T23:45:55.383+0000] {processor.py:186} INFO - Started process (PID=1203) to work on /home/airflow/.local/lib/python3.12/site-packages/airflow/example_dags/example_branch_python_dop_operator_3.py
[2025-02-14T23:45:55.387+0000] {processor.py:914} INFO - Processing file /home/airflow/.local/lib/python3.12/site-packages/airflow/example_dags/example_branch_python_dop_operator_3.py for tasks to queue
[2025-02-14T23:45:55.388+0000] {logging_mixin.py:190} INFO - [2025-02-14T23:45:55.388+0000] {dagbag.py:588} INFO - Filling up the DagBag from /home/airflow/.local/lib/python3.12/site-packages/airflow/example_dags/example_branch_python_dop_operator_3.py
[2025-02-14T23:45:55.398+0000] {processor.py:925} INFO - DAG(s) 'example_branch_dop_operator_v3' retrieved from /home/airflow/.local/lib/python3.12/site-packages/airflow/example_dags/example_branch_python_dop_operator_3.py
[2025-02-14T23:45:55.410+0000] {logging_mixin.py:190} INFO - [2025-02-14T23:45:55.410+0000] {dag.py:3239} INFO - Sync 1 DAGs
[2025-02-14T23:45:55.426+0000] {logging_mixin.py:190} INFO - [2025-02-14T23:45:55.425+0000] {dag.py:4180} INFO - Setting next_dagrun for example_branch_dop_operator_v3 to 2025-02-14 23:44:00+00:00, run_after=2025-02-14 23:45:00+00:00
[2025-02-14T23:45:55.435+0000] {processor.py:208} INFO - Processing /home/airflow/.local/lib/python3.12/site-packages/airflow/example_dags/example_branch_python_dop_operator_3.py took 0.056 seconds
[2025-02-14T23:46:25.612+0000] {processor.py:186} INFO - Started process (PID=1266) to work on /home/airflow/.local/lib/python3.12/site-packages/airflow/example_dags/example_branch_python_dop_operator_3.py
[2025-02-14T23:46:25.613+0000] {processor.py:914} INFO - Processing file /home/airflow/.local/lib/python3.12/site-packages/airflow/example_dags/example_branch_python_dop_operator_3.py for tasks to queue
[2025-02-14T23:46:25.615+0000] {logging_mixin.py:190} INFO - [2025-02-14T23:46:25.614+0000] {dagbag.py:588} INFO - Filling up the DagBag from /home/airflow/.local/lib/python3.12/site-packages/airflow/example_dags/example_branch_python_dop_operator_3.py
[2025-02-14T23:46:25.621+0000] {processor.py:925} INFO - DAG(s) 'example_branch_dop_operator_v3' retrieved from /home/airflow/.local/lib/python3.12/site-packages/airflow/example_dags/example_branch_python_dop_operator_3.py
[2025-02-14T23:46:25.633+0000] {logging_mixin.py:190} INFO - [2025-02-14T23:46:25.633+0000] {dag.py:3239} INFO - Sync 1 DAGs
[2025-02-14T23:46:25.647+0000] {logging_mixin.py:190} INFO - [2025-02-14T23:46:25.647+0000] {dag.py:4180} INFO - Setting next_dagrun for example_branch_dop_operator_v3 to 2025-02-14 23:45:00+00:00, run_after=2025-02-14 23:46:00+00:00
[2025-02-14T23:46:25.656+0000] {processor.py:208} INFO - Processing /home/airflow/.local/lib/python3.12/site-packages/airflow/example_dags/example_branch_python_dop_operator_3.py took 0.048 seconds
[2025-02-14T23:46:56.146+0000] {processor.py:186} INFO - Started process (PID=1329) to work on /home/airflow/.local/lib/python3.12/site-packages/airflow/example_dags/example_branch_python_dop_operator_3.py
[2025-02-14T23:46:56.150+0000] {processor.py:914} INFO - Processing file /home/airflow/.local/lib/python3.12/site-packages/airflow/example_dags/example_branch_python_dop_operator_3.py for tasks to queue
[2025-02-14T23:46:56.151+0000] {logging_mixin.py:190} INFO - [2025-02-14T23:46:56.151+0000] {dagbag.py:588} INFO - Filling up the DagBag from /home/airflow/.local/lib/python3.12/site-packages/airflow/example_dags/example_branch_python_dop_operator_3.py
[2025-02-14T23:46:56.159+0000] {processor.py:925} INFO - DAG(s) 'example_branch_dop_operator_v3' retrieved from /home/airflow/.local/lib/python3.12/site-packages/airflow/example_dags/example_branch_python_dop_operator_3.py
[2025-02-14T23:46:56.173+0000] {logging_mixin.py:190} INFO - [2025-02-14T23:46:56.173+0000] {dag.py:3239} INFO - Sync 1 DAGs
[2025-02-14T23:46:56.189+0000] {logging_mixin.py:190} INFO - [2025-02-14T23:46:56.189+0000] {dag.py:4180} INFO - Setting next_dagrun for example_branch_dop_operator_v3 to 2025-02-14 23:45:00+00:00, run_after=2025-02-14 23:46:00+00:00
[2025-02-14T23:46:56.200+0000] {processor.py:208} INFO - Processing /home/airflow/.local/lib/python3.12/site-packages/airflow/example_dags/example_branch_python_dop_operator_3.py took 0.057 seconds
[2025-02-14T23:47:26.601+0000] {processor.py:186} INFO - Started process (PID=1391) to work on /home/airflow/.local/lib/python3.12/site-packages/airflow/example_dags/example_branch_python_dop_operator_3.py
[2025-02-14T23:47:26.602+0000] {processor.py:914} INFO - Processing file /home/airflow/.local/lib/python3.12/site-packages/airflow/example_dags/example_branch_python_dop_operator_3.py for tasks to queue
[2025-02-14T23:47:26.604+0000] {logging_mixin.py:190} INFO - [2025-02-14T23:47:26.604+0000] {dagbag.py:588} INFO - Filling up the DagBag from /home/airflow/.local/lib/python3.12/site-packages/airflow/example_dags/example_branch_python_dop_operator_3.py
[2025-02-14T23:47:26.610+0000] {processor.py:925} INFO - DAG(s) 'example_branch_dop_operator_v3' retrieved from /home/airflow/.local/lib/python3.12/site-packages/airflow/example_dags/example_branch_python_dop_operator_3.py
[2025-02-14T23:47:26.623+0000] {logging_mixin.py:190} INFO - [2025-02-14T23:47:26.623+0000] {dag.py:3239} INFO - Sync 1 DAGs
[2025-02-14T23:47:26.638+0000] {logging_mixin.py:190} INFO - [2025-02-14T23:47:26.638+0000] {dag.py:4180} INFO - Setting next_dagrun for example_branch_dop_operator_v3 to 2025-02-14 23:46:00+00:00, run_after=2025-02-14 23:47:00+00:00
[2025-02-14T23:47:26.647+0000] {processor.py:208} INFO - Processing /home/airflow/.local/lib/python3.12/site-packages/airflow/example_dags/example_branch_python_dop_operator_3.py took 0.049 seconds
[2025-02-14T23:47:57.232+0000] {processor.py:186} INFO - Started process (PID=1454) to work on /home/airflow/.local/lib/python3.12/site-packages/airflow/example_dags/example_branch_python_dop_operator_3.py
[2025-02-14T23:47:57.234+0000] {processor.py:914} INFO - Processing file /home/airflow/.local/lib/python3.12/site-packages/airflow/example_dags/example_branch_python_dop_operator_3.py for tasks to queue
[2025-02-14T23:47:57.237+0000] {logging_mixin.py:190} INFO - [2025-02-14T23:47:57.237+0000] {dagbag.py:588} INFO - Filling up the DagBag from /home/airflow/.local/lib/python3.12/site-packages/airflow/example_dags/example_branch_python_dop_operator_3.py
[2025-02-14T23:47:57.245+0000] {processor.py:925} INFO - DAG(s) 'example_branch_dop_operator_v3' retrieved from /home/airflow/.local/lib/python3.12/site-packages/airflow/example_dags/example_branch_python_dop_operator_3.py
[2025-02-14T23:47:57.259+0000] {logging_mixin.py:190} INFO - [2025-02-14T23:47:57.259+0000] {dag.py:3239} INFO - Sync 1 DAGs
[2025-02-14T23:47:57.273+0000] {logging_mixin.py:190} INFO - [2025-02-14T23:47:57.273+0000] {dag.py:4180} INFO - Setting next_dagrun for example_branch_dop_operator_v3 to 2025-02-14 23:46:00+00:00, run_after=2025-02-14 23:47:00+00:00
[2025-02-14T23:47:57.282+0000] {processor.py:208} INFO - Processing /home/airflow/.local/lib/python3.12/site-packages/airflow/example_dags/example_branch_python_dop_operator_3.py took 0.054 seconds
[2025-02-14T23:48:27.524+0000] {processor.py:186} INFO - Started process (PID=1517) to work on /home/airflow/.local/lib/python3.12/site-packages/airflow/example_dags/example_branch_python_dop_operator_3.py
[2025-02-14T23:48:27.525+0000] {processor.py:914} INFO - Processing file /home/airflow/.local/lib/python3.12/site-packages/airflow/example_dags/example_branch_python_dop_operator_3.py for tasks to queue
[2025-02-14T23:48:27.529+0000] {logging_mixin.py:190} INFO - [2025-02-14T23:48:27.529+0000] {dagbag.py:588} INFO - Filling up the DagBag from /home/airflow/.local/lib/python3.12/site-packages/airflow/example_dags/example_branch_python_dop_operator_3.py
[2025-02-14T23:48:27.537+0000] {processor.py:925} INFO - DAG(s) 'example_branch_dop_operator_v3' retrieved from /home/airflow/.local/lib/python3.12/site-packages/airflow/example_dags/example_branch_python_dop_operator_3.py
[2025-02-14T23:48:27.550+0000] {logging_mixin.py:190} INFO - [2025-02-14T23:48:27.550+0000] {dag.py:3239} INFO - Sync 1 DAGs
[2025-02-14T23:48:27.564+0000] {logging_mixin.py:190} INFO - [2025-02-14T23:48:27.564+0000] {dag.py:4180} INFO - Setting next_dagrun for example_branch_dop_operator_v3 to 2025-02-14 23:47:00+00:00, run_after=2025-02-14 23:48:00+00:00
[2025-02-14T23:48:27.574+0000] {processor.py:208} INFO - Processing /home/airflow/.local/lib/python3.12/site-packages/airflow/example_dags/example_branch_python_dop_operator_3.py took 0.053 seconds
[2025-02-14T23:48:57.785+0000] {processor.py:186} INFO - Started process (PID=1580) to work on /home/airflow/.local/lib/python3.12/site-packages/airflow/example_dags/example_branch_python_dop_operator_3.py
[2025-02-14T23:48:57.786+0000] {processor.py:914} INFO - Processing file /home/airflow/.local/lib/python3.12/site-packages/airflow/example_dags/example_branch_python_dop_operator_3.py for tasks to queue
[2025-02-14T23:48:57.788+0000] {logging_mixin.py:190} INFO - [2025-02-14T23:48:57.788+0000] {dagbag.py:588} INFO - Filling up the DagBag from /home/airflow/.local/lib/python3.12/site-packages/airflow/example_dags/example_branch_python_dop_operator_3.py
[2025-02-14T23:48:57.796+0000] {processor.py:925} INFO - DAG(s) 'example_branch_dop_operator_v3' retrieved from /home/airflow/.local/lib/python3.12/site-packages/airflow/example_dags/example_branch_python_dop_operator_3.py
[2025-02-14T23:48:57.810+0000] {logging_mixin.py:190} INFO - [2025-02-14T23:48:57.810+0000] {dag.py:3239} INFO - Sync 1 DAGs
[2025-02-14T23:48:57.827+0000] {logging_mixin.py:190} INFO - [2025-02-14T23:48:57.827+0000] {dag.py:4180} INFO - Setting next_dagrun for example_branch_dop_operator_v3 to 2025-02-14 23:47:00+00:00, run_after=2025-02-14 23:48:00+00:00
[2025-02-14T23:48:57.841+0000] {processor.py:208} INFO - Processing /home/airflow/.local/lib/python3.12/site-packages/airflow/example_dags/example_branch_python_dop_operator_3.py took 0.060 seconds
[2025-02-14T23:49:28.105+0000] {processor.py:186} INFO - Started process (PID=1643) to work on /home/airflow/.local/lib/python3.12/site-packages/airflow/example_dags/example_branch_python_dop_operator_3.py
[2025-02-14T23:49:28.109+0000] {processor.py:914} INFO - Processing file /home/airflow/.local/lib/python3.12/site-packages/airflow/example_dags/example_branch_python_dop_operator_3.py for tasks to queue
[2025-02-14T23:49:28.112+0000] {logging_mixin.py:190} INFO - [2025-02-14T23:49:28.111+0000] {dagbag.py:588} INFO - Filling up the DagBag from /home/airflow/.local/lib/python3.12/site-packages/airflow/example_dags/example_branch_python_dop_operator_3.py
[2025-02-14T23:49:28.118+0000] {processor.py:925} INFO - DAG(s) 'example_branch_dop_operator_v3' retrieved from /home/airflow/.local/lib/python3.12/site-packages/airflow/example_dags/example_branch_python_dop_operator_3.py
[2025-02-14T23:49:28.135+0000] {logging_mixin.py:190} INFO - [2025-02-14T23:49:28.135+0000] {dag.py:3239} INFO - Sync 1 DAGs
[2025-02-14T23:49:28.151+0000] {logging_mixin.py:190} INFO - [2025-02-14T23:49:28.151+0000] {dag.py:4180} INFO - Setting next_dagrun for example_branch_dop_operator_v3 to 2025-02-14 23:48:00+00:00, run_after=2025-02-14 23:49:00+00:00
[2025-02-14T23:49:28.161+0000] {processor.py:208} INFO - Processing /home/airflow/.local/lib/python3.12/site-packages/airflow/example_dags/example_branch_python_dop_operator_3.py took 0.060 seconds
[2025-02-14T23:49:58.466+0000] {processor.py:186} INFO - Started process (PID=1706) to work on /home/airflow/.local/lib/python3.12/site-packages/airflow/example_dags/example_branch_python_dop_operator_3.py
[2025-02-14T23:49:58.467+0000] {processor.py:914} INFO - Processing file /home/airflow/.local/lib/python3.12/site-packages/airflow/example_dags/example_branch_python_dop_operator_3.py for tasks to queue
[2025-02-14T23:49:58.469+0000] {logging_mixin.py:190} INFO - [2025-02-14T23:49:58.469+0000] {dagbag.py:588} INFO - Filling up the DagBag from /home/airflow/.local/lib/python3.12/site-packages/airflow/example_dags/example_branch_python_dop_operator_3.py
[2025-02-14T23:49:58.477+0000] {processor.py:925} INFO - DAG(s) 'example_branch_dop_operator_v3' retrieved from /home/airflow/.local/lib/python3.12/site-packages/airflow/example_dags/example_branch_python_dop_operator_3.py
[2025-02-14T23:49:58.492+0000] {logging_mixin.py:190} INFO - [2025-02-14T23:49:58.491+0000] {dag.py:3239} INFO - Sync 1 DAGs
[2025-02-14T23:49:58.506+0000] {logging_mixin.py:190} INFO - [2025-02-14T23:49:58.506+0000] {dag.py:4180} INFO - Setting next_dagrun for example_branch_dop_operator_v3 to 2025-02-14 23:48:00+00:00, run_after=2025-02-14 23:49:00+00:00
[2025-02-14T23:49:58.520+0000] {processor.py:208} INFO - Processing /home/airflow/.local/lib/python3.12/site-packages/airflow/example_dags/example_branch_python_dop_operator_3.py took 0.058 seconds
[2025-02-14T23:50:29.310+0000] {processor.py:186} INFO - Started process (PID=1769) to work on /home/airflow/.local/lib/python3.12/site-packages/airflow/example_dags/example_branch_python_dop_operator_3.py
[2025-02-14T23:50:29.311+0000] {processor.py:914} INFO - Processing file /home/airflow/.local/lib/python3.12/site-packages/airflow/example_dags/example_branch_python_dop_operator_3.py for tasks to queue
[2025-02-14T23:50:29.313+0000] {logging_mixin.py:190} INFO - [2025-02-14T23:50:29.313+0000] {dagbag.py:588} INFO - Filling up the DagBag from /home/airflow/.local/lib/python3.12/site-packages/airflow/example_dags/example_branch_python_dop_operator_3.py
[2025-02-14T23:50:29.320+0000] {processor.py:925} INFO - DAG(s) 'example_branch_dop_operator_v3' retrieved from /home/airflow/.local/lib/python3.12/site-packages/airflow/example_dags/example_branch_python_dop_operator_3.py
[2025-02-14T23:50:29.336+0000] {logging_mixin.py:190} INFO - [2025-02-14T23:50:29.336+0000] {dag.py:3239} INFO - Sync 1 DAGs
[2025-02-14T23:50:29.354+0000] {logging_mixin.py:190} INFO - [2025-02-14T23:50:29.354+0000] {dag.py:4180} INFO - Setting next_dagrun for example_branch_dop_operator_v3 to 2025-02-14 23:49:00+00:00, run_after=2025-02-14 23:50:00+00:00
[2025-02-14T23:50:29.367+0000] {processor.py:208} INFO - Processing /home/airflow/.local/lib/python3.12/site-packages/airflow/example_dags/example_branch_python_dop_operator_3.py took 0.060 seconds
[2025-02-14T23:50:59.854+0000] {processor.py:186} INFO - Started process (PID=1832) to work on /home/airflow/.local/lib/python3.12/site-packages/airflow/example_dags/example_branch_python_dop_operator_3.py
[2025-02-14T23:50:59.857+0000] {processor.py:914} INFO - Processing file /home/airflow/.local/lib/python3.12/site-packages/airflow/example_dags/example_branch_python_dop_operator_3.py for tasks to queue
[2025-02-14T23:50:59.858+0000] {logging_mixin.py:190} INFO - [2025-02-14T23:50:59.858+0000] {dagbag.py:588} INFO - Filling up the DagBag from /home/airflow/.local/lib/python3.12/site-packages/airflow/example_dags/example_branch_python_dop_operator_3.py
[2025-02-14T23:50:59.866+0000] {processor.py:925} INFO - DAG(s) 'example_branch_dop_operator_v3' retrieved from /home/airflow/.local/lib/python3.12/site-packages/airflow/example_dags/example_branch_python_dop_operator_3.py
[2025-02-14T23:50:59.879+0000] {logging_mixin.py:190} INFO - [2025-02-14T23:50:59.879+0000] {dag.py:3239} INFO - Sync 1 DAGs
[2025-02-14T23:50:59.895+0000] {logging_mixin.py:190} INFO - [2025-02-14T23:50:59.895+0000] {dag.py:4180} INFO - Setting next_dagrun for example_branch_dop_operator_v3 to 2025-02-14 23:49:00+00:00, run_after=2025-02-14 23:50:00+00:00
[2025-02-14T23:50:59.908+0000] {processor.py:208} INFO - Processing /home/airflow/.local/lib/python3.12/site-packages/airflow/example_dags/example_branch_python_dop_operator_3.py took 0.058 seconds
[2025-02-14T23:51:30.192+0000] {processor.py:186} INFO - Started process (PID=1895) to work on /home/airflow/.local/lib/python3.12/site-packages/airflow/example_dags/example_branch_python_dop_operator_3.py
[2025-02-14T23:51:30.192+0000] {processor.py:914} INFO - Processing file /home/airflow/.local/lib/python3.12/site-packages/airflow/example_dags/example_branch_python_dop_operator_3.py for tasks to queue
[2025-02-14T23:51:30.195+0000] {logging_mixin.py:190} INFO - [2025-02-14T23:51:30.194+0000] {dagbag.py:588} INFO - Filling up the DagBag from /home/airflow/.local/lib/python3.12/site-packages/airflow/example_dags/example_branch_python_dop_operator_3.py
[2025-02-14T23:51:30.202+0000] {processor.py:925} INFO - DAG(s) 'example_branch_dop_operator_v3' retrieved from /home/airflow/.local/lib/python3.12/site-packages/airflow/example_dags/example_branch_python_dop_operator_3.py
[2025-02-14T23:51:30.215+0000] {logging_mixin.py:190} INFO - [2025-02-14T23:51:30.215+0000] {dag.py:3239} INFO - Sync 1 DAGs
[2025-02-14T23:51:30.230+0000] {logging_mixin.py:190} INFO - [2025-02-14T23:51:30.230+0000] {dag.py:4180} INFO - Setting next_dagrun for example_branch_dop_operator_v3 to 2025-02-14 23:50:00+00:00, run_after=2025-02-14 23:51:00+00:00
[2025-02-14T23:51:30.240+0000] {processor.py:208} INFO - Processing /home/airflow/.local/lib/python3.12/site-packages/airflow/example_dags/example_branch_python_dop_operator_3.py took 0.052 seconds
[2025-02-14T23:52:00.464+0000] {processor.py:186} INFO - Started process (PID=1958) to work on /home/airflow/.local/lib/python3.12/site-packages/airflow/example_dags/example_branch_python_dop_operator_3.py
[2025-02-14T23:52:00.465+0000] {processor.py:914} INFO - Processing file /home/airflow/.local/lib/python3.12/site-packages/airflow/example_dags/example_branch_python_dop_operator_3.py for tasks to queue
[2025-02-14T23:52:00.467+0000] {logging_mixin.py:190} INFO - [2025-02-14T23:52:00.467+0000] {dagbag.py:588} INFO - Filling up the DagBag from /home/airflow/.local/lib/python3.12/site-packages/airflow/example_dags/example_branch_python_dop_operator_3.py
[2025-02-14T23:52:00.477+0000] {processor.py:925} INFO - DAG(s) 'example_branch_dop_operator_v3' retrieved from /home/airflow/.local/lib/python3.12/site-packages/airflow/example_dags/example_branch_python_dop_operator_3.py
[2025-02-14T23:52:00.494+0000] {logging_mixin.py:190} INFO - [2025-02-14T23:52:00.494+0000] {dag.py:3239} INFO - Sync 1 DAGs
[2025-02-14T23:52:00.510+0000] {logging_mixin.py:190} INFO - [2025-02-14T23:52:00.510+0000] {dag.py:4180} INFO - Setting next_dagrun for example_branch_dop_operator_v3 to 2025-02-14 23:51:00+00:00, run_after=2025-02-14 23:52:00+00:00
[2025-02-14T23:52:00.519+0000] {processor.py:208} INFO - Processing /home/airflow/.local/lib/python3.12/site-packages/airflow/example_dags/example_branch_python_dop_operator_3.py took 0.061 seconds
[2025-02-14T23:52:31.375+0000] {processor.py:186} INFO - Started process (PID=2021) to work on /home/airflow/.local/lib/python3.12/site-packages/airflow/example_dags/example_branch_python_dop_operator_3.py
[2025-02-14T23:52:31.376+0000] {processor.py:914} INFO - Processing file /home/airflow/.local/lib/python3.12/site-packages/airflow/example_dags/example_branch_python_dop_operator_3.py for tasks to queue
[2025-02-14T23:52:31.377+0000] {logging_mixin.py:190} INFO - [2025-02-14T23:52:31.377+0000] {dagbag.py:588} INFO - Filling up the DagBag from /home/airflow/.local/lib/python3.12/site-packages/airflow/example_dags/example_branch_python_dop_operator_3.py
[2025-02-14T23:52:31.384+0000] {processor.py:925} INFO - DAG(s) 'example_branch_dop_operator_v3' retrieved from /home/airflow/.local/lib/python3.12/site-packages/airflow/example_dags/example_branch_python_dop_operator_3.py
[2025-02-14T23:52:31.396+0000] {logging_mixin.py:190} INFO - [2025-02-14T23:52:31.396+0000] {dag.py:3239} INFO - Sync 1 DAGs
[2025-02-14T23:52:31.410+0000] {logging_mixin.py:190} INFO - [2025-02-14T23:52:31.410+0000] {dag.py:4180} INFO - Setting next_dagrun for example_branch_dop_operator_v3 to 2025-02-14 23:51:00+00:00, run_after=2025-02-14 23:52:00+00:00
[2025-02-14T23:52:31.419+0000] {processor.py:208} INFO - Processing /home/airflow/.local/lib/python3.12/site-packages/airflow/example_dags/example_branch_python_dop_operator_3.py took 0.047 seconds
[2025-02-14T23:53:01.545+0000] {processor.py:186} INFO - Started process (PID=2084) to work on /home/airflow/.local/lib/python3.12/site-packages/airflow/example_dags/example_branch_python_dop_operator_3.py
[2025-02-14T23:53:01.546+0000] {processor.py:914} INFO - Processing file /home/airflow/.local/lib/python3.12/site-packages/airflow/example_dags/example_branch_python_dop_operator_3.py for tasks to queue
[2025-02-14T23:53:01.547+0000] {logging_mixin.py:190} INFO - [2025-02-14T23:53:01.547+0000] {dagbag.py:588} INFO - Filling up the DagBag from /home/airflow/.local/lib/python3.12/site-packages/airflow/example_dags/example_branch_python_dop_operator_3.py
[2025-02-14T23:53:01.554+0000] {processor.py:925} INFO - DAG(s) 'example_branch_dop_operator_v3' retrieved from /home/airflow/.local/lib/python3.12/site-packages/airflow/example_dags/example_branch_python_dop_operator_3.py
[2025-02-14T23:53:01.568+0000] {logging_mixin.py:190} INFO - [2025-02-14T23:53:01.568+0000] {dag.py:3239} INFO - Sync 1 DAGs
[2025-02-14T23:53:01.583+0000] {logging_mixin.py:190} INFO - [2025-02-14T23:53:01.583+0000] {dag.py:4180} INFO - Setting next_dagrun for example_branch_dop_operator_v3 to 2025-02-14 23:52:00+00:00, run_after=2025-02-14 23:53:00+00:00
[2025-02-14T23:53:01.596+0000] {processor.py:208} INFO - Processing /home/airflow/.local/lib/python3.12/site-packages/airflow/example_dags/example_branch_python_dop_operator_3.py took 0.055 seconds
[2025-02-14T23:53:31.957+0000] {processor.py:186} INFO - Started process (PID=2147) to work on /home/airflow/.local/lib/python3.12/site-packages/airflow/example_dags/example_branch_python_dop_operator_3.py
[2025-02-14T23:53:31.959+0000] {processor.py:914} INFO - Processing file /home/airflow/.local/lib/python3.12/site-packages/airflow/example_dags/example_branch_python_dop_operator_3.py for tasks to queue
[2025-02-14T23:53:31.961+0000] {logging_mixin.py:190} INFO - [2025-02-14T23:53:31.961+0000] {dagbag.py:588} INFO - Filling up the DagBag from /home/airflow/.local/lib/python3.12/site-packages/airflow/example_dags/example_branch_python_dop_operator_3.py
[2025-02-14T23:53:31.968+0000] {processor.py:925} INFO - DAG(s) 'example_branch_dop_operator_v3' retrieved from /home/airflow/.local/lib/python3.12/site-packages/airflow/example_dags/example_branch_python_dop_operator_3.py
[2025-02-14T23:53:31.980+0000] {logging_mixin.py:190} INFO - [2025-02-14T23:53:31.980+0000] {dag.py:3239} INFO - Sync 1 DAGs
[2025-02-14T23:53:31.995+0000] {logging_mixin.py:190} INFO - [2025-02-14T23:53:31.995+0000] {dag.py:4180} INFO - Setting next_dagrun for example_branch_dop_operator_v3 to 2025-02-14 23:52:00+00:00, run_after=2025-02-14 23:53:00+00:00
[2025-02-14T23:53:32.006+0000] {processor.py:208} INFO - Processing /home/airflow/.local/lib/python3.12/site-packages/airflow/example_dags/example_branch_python_dop_operator_3.py took 0.052 seconds
[2025-02-14T23:54:02.659+0000] {processor.py:186} INFO - Started process (PID=2210) to work on /home/airflow/.local/lib/python3.12/site-packages/airflow/example_dags/example_branch_python_dop_operator_3.py
[2025-02-14T23:54:02.662+0000] {processor.py:914} INFO - Processing file /home/airflow/.local/lib/python3.12/site-packages/airflow/example_dags/example_branch_python_dop_operator_3.py for tasks to queue
[2025-02-14T23:54:02.664+0000] {logging_mixin.py:190} INFO - [2025-02-14T23:54:02.663+0000] {dagbag.py:588} INFO - Filling up the DagBag from /home/airflow/.local/lib/python3.12/site-packages/airflow/example_dags/example_branch_python_dop_operator_3.py
[2025-02-14T23:54:02.670+0000] {processor.py:925} INFO - DAG(s) 'example_branch_dop_operator_v3' retrieved from /home/airflow/.local/lib/python3.12/site-packages/airflow/example_dags/example_branch_python_dop_operator_3.py
[2025-02-14T23:54:02.684+0000] {logging_mixin.py:190} INFO - [2025-02-14T23:54:02.684+0000] {dag.py:3239} INFO - Sync 1 DAGs
[2025-02-14T23:54:02.699+0000] {logging_mixin.py:190} INFO - [2025-02-14T23:54:02.699+0000] {dag.py:4180} INFO - Setting next_dagrun for example_branch_dop_operator_v3 to 2025-02-14 23:53:00+00:00, run_after=2025-02-14 23:54:00+00:00
[2025-02-14T23:54:02.708+0000] {processor.py:208} INFO - Processing /home/airflow/.local/lib/python3.12/site-packages/airflow/example_dags/example_branch_python_dop_operator_3.py took 0.053 seconds
[2025-02-14T23:54:32.775+0000] {processor.py:186} INFO - Started process (PID=2273) to work on /home/airflow/.local/lib/python3.12/site-packages/airflow/example_dags/example_branch_python_dop_operator_3.py
[2025-02-14T23:54:32.775+0000] {processor.py:914} INFO - Processing file /home/airflow/.local/lib/python3.12/site-packages/airflow/example_dags/example_branch_python_dop_operator_3.py for tasks to queue
[2025-02-14T23:54:32.778+0000] {logging_mixin.py:190} INFO - [2025-02-14T23:54:32.777+0000] {dagbag.py:588} INFO - Filling up the DagBag from /home/airflow/.local/lib/python3.12/site-packages/airflow/example_dags/example_branch_python_dop_operator_3.py
[2025-02-14T23:54:32.785+0000] {processor.py:925} INFO - DAG(s) 'example_branch_dop_operator_v3' retrieved from /home/airflow/.local/lib/python3.12/site-packages/airflow/example_dags/example_branch_python_dop_operator_3.py
[2025-02-14T23:54:32.798+0000] {logging_mixin.py:190} INFO - [2025-02-14T23:54:32.798+0000] {dag.py:3239} INFO - Sync 1 DAGs
[2025-02-14T23:54:32.813+0000] {logging_mixin.py:190} INFO - [2025-02-14T23:54:32.813+0000] {dag.py:4180} INFO - Setting next_dagrun for example_branch_dop_operator_v3 to 2025-02-14 23:53:00+00:00, run_after=2025-02-14 23:54:00+00:00
[2025-02-14T23:54:32.823+0000] {processor.py:208} INFO - Processing /home/airflow/.local/lib/python3.12/site-packages/airflow/example_dags/example_branch_python_dop_operator_3.py took 0.051 seconds
[2025-02-14T23:55:03.121+0000] {processor.py:186} INFO - Started process (PID=2336) to work on /home/airflow/.local/lib/python3.12/site-packages/airflow/example_dags/example_branch_python_dop_operator_3.py
[2025-02-14T23:55:03.122+0000] {processor.py:914} INFO - Processing file /home/airflow/.local/lib/python3.12/site-packages/airflow/example_dags/example_branch_python_dop_operator_3.py for tasks to queue
[2025-02-14T23:55:03.123+0000] {logging_mixin.py:190} INFO - [2025-02-14T23:55:03.123+0000] {dagbag.py:588} INFO - Filling up the DagBag from /home/airflow/.local/lib/python3.12/site-packages/airflow/example_dags/example_branch_python_dop_operator_3.py
[2025-02-14T23:55:03.130+0000] {processor.py:925} INFO - DAG(s) 'example_branch_dop_operator_v3' retrieved from /home/airflow/.local/lib/python3.12/site-packages/airflow/example_dags/example_branch_python_dop_operator_3.py
[2025-02-14T23:55:03.141+0000] {logging_mixin.py:190} INFO - [2025-02-14T23:55:03.141+0000] {dag.py:3239} INFO - Sync 1 DAGs
[2025-02-14T23:55:03.156+0000] {logging_mixin.py:190} INFO - [2025-02-14T23:55:03.156+0000] {dag.py:4180} INFO - Setting next_dagrun for example_branch_dop_operator_v3 to 2025-02-14 23:54:00+00:00, run_after=2025-02-14 23:55:00+00:00
[2025-02-14T23:55:03.164+0000] {processor.py:208} INFO - Processing /home/airflow/.local/lib/python3.12/site-packages/airflow/example_dags/example_branch_python_dop_operator_3.py took 0.047 seconds
