[2025-02-14T23:36:44.745+0000] {processor.py:186} INFO - Started process (PID=67) to work on /home/airflow/.local/lib/python3.12/site-packages/airflow/example_dags/example_latest_only.py
[2025-02-14T23:36:44.747+0000] {processor.py:914} INFO - Processing file /home/airflow/.local/lib/python3.12/site-packages/airflow/example_dags/example_latest_only.py for tasks to queue
[2025-02-14T23:36:44.751+0000] {logging_mixin.py:190} INFO - [2025-02-14T23:36:44.750+0000] {dagbag.py:588} INFO - Filling up the DagBag from /home/airflow/.local/lib/python3.12/site-packages/airflow/example_dags/example_latest_only.py
[2025-02-14T23:36:44.761+0000] {processor.py:925} INFO - DAG(s) 'latest_only' retrieved from /home/airflow/.local/lib/python3.12/site-packages/airflow/example_dags/example_latest_only.py
[2025-02-14T23:36:44.784+0000] {logging_mixin.py:190} INFO - [2025-02-14T23:36:44.784+0000] {dag.py:3239} INFO - Sync 1 DAGs
[2025-02-14T23:36:44.805+0000] {logging_mixin.py:190} INFO - [2025-02-14T23:36:44.805+0000] {dag.py:4180} INFO - Setting next_dagrun for latest_only to 2025-02-14 16:00:00+00:00, run_after=2025-02-14 20:00:00+00:00
[2025-02-14T23:36:44.821+0000] {processor.py:208} INFO - Processing /home/airflow/.local/lib/python3.12/site-packages/airflow/example_dags/example_latest_only.py took 0.083 seconds
[2025-02-14T23:37:14.845+0000] {processor.py:186} INFO - Started process (PID=129) to work on /home/airflow/.local/lib/python3.12/site-packages/airflow/example_dags/example_latest_only.py
[2025-02-14T23:37:14.846+0000] {processor.py:914} INFO - Processing file /home/airflow/.local/lib/python3.12/site-packages/airflow/example_dags/example_latest_only.py for tasks to queue
[2025-02-14T23:37:14.848+0000] {logging_mixin.py:190} INFO - [2025-02-14T23:37:14.848+0000] {dagbag.py:588} INFO - Filling up the DagBag from /home/airflow/.local/lib/python3.12/site-packages/airflow/example_dags/example_latest_only.py
[2025-02-14T23:37:14.852+0000] {processor.py:925} INFO - DAG(s) 'latest_only' retrieved from /home/airflow/.local/lib/python3.12/site-packages/airflow/example_dags/example_latest_only.py
[2025-02-14T23:37:14.864+0000] {logging_mixin.py:190} INFO - [2025-02-14T23:37:14.864+0000] {dag.py:3239} INFO - Sync 1 DAGs
[2025-02-14T23:37:14.877+0000] {logging_mixin.py:190} INFO - [2025-02-14T23:37:14.877+0000] {dag.py:4180} INFO - Setting next_dagrun for latest_only to 2025-02-14 16:00:00+00:00, run_after=2025-02-14 20:00:00+00:00
[2025-02-14T23:37:14.888+0000] {processor.py:208} INFO - Processing /home/airflow/.local/lib/python3.12/site-packages/airflow/example_dags/example_latest_only.py took 0.046 seconds
[2025-02-14T23:37:45.516+0000] {processor.py:186} INFO - Started process (PID=192) to work on /home/airflow/.local/lib/python3.12/site-packages/airflow/example_dags/example_latest_only.py
[2025-02-14T23:37:45.518+0000] {processor.py:914} INFO - Processing file /home/airflow/.local/lib/python3.12/site-packages/airflow/example_dags/example_latest_only.py for tasks to queue
[2025-02-14T23:37:45.521+0000] {logging_mixin.py:190} INFO - [2025-02-14T23:37:45.520+0000] {dagbag.py:588} INFO - Filling up the DagBag from /home/airflow/.local/lib/python3.12/site-packages/airflow/example_dags/example_latest_only.py
[2025-02-14T23:37:45.527+0000] {processor.py:925} INFO - DAG(s) 'latest_only' retrieved from /home/airflow/.local/lib/python3.12/site-packages/airflow/example_dags/example_latest_only.py
[2025-02-14T23:37:45.548+0000] {logging_mixin.py:190} INFO - [2025-02-14T23:37:45.547+0000] {dag.py:3239} INFO - Sync 1 DAGs
[2025-02-14T23:37:45.561+0000] {logging_mixin.py:190} INFO - [2025-02-14T23:37:45.561+0000] {dag.py:4180} INFO - Setting next_dagrun for latest_only to 2025-02-14 16:00:00+00:00, run_after=2025-02-14 20:00:00+00:00
[2025-02-14T23:37:45.576+0000] {processor.py:208} INFO - Processing /home/airflow/.local/lib/python3.12/site-packages/airflow/example_dags/example_latest_only.py took 0.064 seconds
[2025-02-14T23:38:16.120+0000] {processor.py:186} INFO - Started process (PID=255) to work on /home/airflow/.local/lib/python3.12/site-packages/airflow/example_dags/example_latest_only.py
[2025-02-14T23:38:16.125+0000] {processor.py:914} INFO - Processing file /home/airflow/.local/lib/python3.12/site-packages/airflow/example_dags/example_latest_only.py for tasks to queue
[2025-02-14T23:38:16.127+0000] {logging_mixin.py:190} INFO - [2025-02-14T23:38:16.127+0000] {dagbag.py:588} INFO - Filling up the DagBag from /home/airflow/.local/lib/python3.12/site-packages/airflow/example_dags/example_latest_only.py
[2025-02-14T23:38:16.132+0000] {processor.py:925} INFO - DAG(s) 'latest_only' retrieved from /home/airflow/.local/lib/python3.12/site-packages/airflow/example_dags/example_latest_only.py
[2025-02-14T23:38:16.147+0000] {logging_mixin.py:190} INFO - [2025-02-14T23:38:16.147+0000] {dag.py:3239} INFO - Sync 1 DAGs
[2025-02-14T23:38:16.161+0000] {logging_mixin.py:190} INFO - [2025-02-14T23:38:16.161+0000] {dag.py:4180} INFO - Setting next_dagrun for latest_only to 2025-02-14 16:00:00+00:00, run_after=2025-02-14 20:00:00+00:00
[2025-02-14T23:38:16.172+0000] {processor.py:208} INFO - Processing /home/airflow/.local/lib/python3.12/site-packages/airflow/example_dags/example_latest_only.py took 0.055 seconds
[2025-02-14T23:38:46.976+0000] {processor.py:186} INFO - Started process (PID=318) to work on /home/airflow/.local/lib/python3.12/site-packages/airflow/example_dags/example_latest_only.py
[2025-02-14T23:38:46.977+0000] {processor.py:914} INFO - Processing file /home/airflow/.local/lib/python3.12/site-packages/airflow/example_dags/example_latest_only.py for tasks to queue
[2025-02-14T23:38:46.978+0000] {logging_mixin.py:190} INFO - [2025-02-14T23:38:46.978+0000] {dagbag.py:588} INFO - Filling up the DagBag from /home/airflow/.local/lib/python3.12/site-packages/airflow/example_dags/example_latest_only.py
[2025-02-14T23:38:46.986+0000] {processor.py:925} INFO - DAG(s) 'latest_only' retrieved from /home/airflow/.local/lib/python3.12/site-packages/airflow/example_dags/example_latest_only.py
[2025-02-14T23:38:47.005+0000] {logging_mixin.py:190} INFO - [2025-02-14T23:38:47.005+0000] {dag.py:3239} INFO - Sync 1 DAGs
[2025-02-14T23:38:47.019+0000] {logging_mixin.py:190} INFO - [2025-02-14T23:38:47.019+0000] {dag.py:4180} INFO - Setting next_dagrun for latest_only to 2025-02-14 16:00:00+00:00, run_after=2025-02-14 20:00:00+00:00
[2025-02-14T23:38:47.028+0000] {processor.py:208} INFO - Processing /home/airflow/.local/lib/python3.12/site-packages/airflow/example_dags/example_latest_only.py took 0.056 seconds
[2025-02-14T23:39:17.284+0000] {processor.py:186} INFO - Started process (PID=381) to work on /home/airflow/.local/lib/python3.12/site-packages/airflow/example_dags/example_latest_only.py
[2025-02-14T23:39:17.285+0000] {processor.py:914} INFO - Processing file /home/airflow/.local/lib/python3.12/site-packages/airflow/example_dags/example_latest_only.py for tasks to queue
[2025-02-14T23:39:17.286+0000] {logging_mixin.py:190} INFO - [2025-02-14T23:39:17.286+0000] {dagbag.py:588} INFO - Filling up the DagBag from /home/airflow/.local/lib/python3.12/site-packages/airflow/example_dags/example_latest_only.py
[2025-02-14T23:39:17.292+0000] {processor.py:925} INFO - DAG(s) 'latest_only' retrieved from /home/airflow/.local/lib/python3.12/site-packages/airflow/example_dags/example_latest_only.py
[2025-02-14T23:39:17.309+0000] {logging_mixin.py:190} INFO - [2025-02-14T23:39:17.309+0000] {dag.py:3239} INFO - Sync 1 DAGs
[2025-02-14T23:39:17.324+0000] {logging_mixin.py:190} INFO - [2025-02-14T23:39:17.324+0000] {dag.py:4180} INFO - Setting next_dagrun for latest_only to 2025-02-14 16:00:00+00:00, run_after=2025-02-14 20:00:00+00:00
[2025-02-14T23:39:17.333+0000] {processor.py:208} INFO - Processing /home/airflow/.local/lib/python3.12/site-packages/airflow/example_dags/example_latest_only.py took 0.052 seconds
[2025-02-14T23:39:47.512+0000] {processor.py:186} INFO - Started process (PID=444) to work on /home/airflow/.local/lib/python3.12/site-packages/airflow/example_dags/example_latest_only.py
[2025-02-14T23:39:47.515+0000] {processor.py:914} INFO - Processing file /home/airflow/.local/lib/python3.12/site-packages/airflow/example_dags/example_latest_only.py for tasks to queue
[2025-02-14T23:39:47.518+0000] {logging_mixin.py:190} INFO - [2025-02-14T23:39:47.518+0000] {dagbag.py:588} INFO - Filling up the DagBag from /home/airflow/.local/lib/python3.12/site-packages/airflow/example_dags/example_latest_only.py
[2025-02-14T23:39:47.522+0000] {processor.py:925} INFO - DAG(s) 'latest_only' retrieved from /home/airflow/.local/lib/python3.12/site-packages/airflow/example_dags/example_latest_only.py
[2025-02-14T23:39:47.535+0000] {logging_mixin.py:190} INFO - [2025-02-14T23:39:47.535+0000] {dag.py:3239} INFO - Sync 1 DAGs
[2025-02-14T23:39:47.551+0000] {logging_mixin.py:190} INFO - [2025-02-14T23:39:47.551+0000] {dag.py:4180} INFO - Setting next_dagrun for latest_only to 2025-02-14 16:00:00+00:00, run_after=2025-02-14 20:00:00+00:00
[2025-02-14T23:39:47.562+0000] {processor.py:208} INFO - Processing /home/airflow/.local/lib/python3.12/site-packages/airflow/example_dags/example_latest_only.py took 0.054 seconds
[2025-02-14T23:40:18.094+0000] {processor.py:186} INFO - Started process (PID=513) to work on /home/airflow/.local/lib/python3.12/site-packages/airflow/example_dags/example_latest_only.py
[2025-02-14T23:40:18.096+0000] {processor.py:914} INFO - Processing file /home/airflow/.local/lib/python3.12/site-packages/airflow/example_dags/example_latest_only.py for tasks to queue
[2025-02-14T23:40:18.098+0000] {logging_mixin.py:190} INFO - [2025-02-14T23:40:18.098+0000] {dagbag.py:588} INFO - Filling up the DagBag from /home/airflow/.local/lib/python3.12/site-packages/airflow/example_dags/example_latest_only.py
[2025-02-14T23:40:18.104+0000] {processor.py:925} INFO - DAG(s) 'latest_only' retrieved from /home/airflow/.local/lib/python3.12/site-packages/airflow/example_dags/example_latest_only.py
[2025-02-14T23:40:18.125+0000] {logging_mixin.py:190} INFO - [2025-02-14T23:40:18.125+0000] {dag.py:3239} INFO - Sync 1 DAGs
[2025-02-14T23:40:18.139+0000] {logging_mixin.py:190} INFO - [2025-02-14T23:40:18.139+0000] {dag.py:4180} INFO - Setting next_dagrun for latest_only to 2025-02-14 16:00:00+00:00, run_after=2025-02-14 20:00:00+00:00
[2025-02-14T23:40:18.148+0000] {processor.py:208} INFO - Processing /home/airflow/.local/lib/python3.12/site-packages/airflow/example_dags/example_latest_only.py took 0.059 seconds
[2025-02-14T23:40:48.962+0000] {processor.py:186} INFO - Started process (PID=576) to work on /home/airflow/.local/lib/python3.12/site-packages/airflow/example_dags/example_latest_only.py
[2025-02-14T23:40:48.962+0000] {processor.py:914} INFO - Processing file /home/airflow/.local/lib/python3.12/site-packages/airflow/example_dags/example_latest_only.py for tasks to queue
[2025-02-14T23:40:48.964+0000] {logging_mixin.py:190} INFO - [2025-02-14T23:40:48.964+0000] {dagbag.py:588} INFO - Filling up the DagBag from /home/airflow/.local/lib/python3.12/site-packages/airflow/example_dags/example_latest_only.py
[2025-02-14T23:40:48.968+0000] {processor.py:925} INFO - DAG(s) 'latest_only' retrieved from /home/airflow/.local/lib/python3.12/site-packages/airflow/example_dags/example_latest_only.py
[2025-02-14T23:40:48.984+0000] {logging_mixin.py:190} INFO - [2025-02-14T23:40:48.984+0000] {dag.py:3239} INFO - Sync 1 DAGs
[2025-02-14T23:40:49.002+0000] {logging_mixin.py:190} INFO - [2025-02-14T23:40:49.001+0000] {dag.py:4180} INFO - Setting next_dagrun for latest_only to 2025-02-14 16:00:00+00:00, run_after=2025-02-14 20:00:00+00:00
[2025-02-14T23:40:49.010+0000] {processor.py:208} INFO - Processing /home/airflow/.local/lib/python3.12/site-packages/airflow/example_dags/example_latest_only.py took 0.052 seconds
[2025-02-14T23:41:19.974+0000] {processor.py:186} INFO - Started process (PID=639) to work on /home/airflow/.local/lib/python3.12/site-packages/airflow/example_dags/example_latest_only.py
[2025-02-14T23:41:19.974+0000] {processor.py:914} INFO - Processing file /home/airflow/.local/lib/python3.12/site-packages/airflow/example_dags/example_latest_only.py for tasks to queue
[2025-02-14T23:41:19.976+0000] {logging_mixin.py:190} INFO - [2025-02-14T23:41:19.976+0000] {dagbag.py:588} INFO - Filling up the DagBag from /home/airflow/.local/lib/python3.12/site-packages/airflow/example_dags/example_latest_only.py
[2025-02-14T23:41:19.981+0000] {processor.py:925} INFO - DAG(s) 'latest_only' retrieved from /home/airflow/.local/lib/python3.12/site-packages/airflow/example_dags/example_latest_only.py
[2025-02-14T23:41:19.994+0000] {logging_mixin.py:190} INFO - [2025-02-14T23:41:19.994+0000] {dag.py:3239} INFO - Sync 1 DAGs
[2025-02-14T23:41:20.008+0000] {logging_mixin.py:190} INFO - [2025-02-14T23:41:20.008+0000] {dag.py:4180} INFO - Setting next_dagrun for latest_only to 2025-02-14 16:00:00+00:00, run_after=2025-02-14 20:00:00+00:00
[2025-02-14T23:41:20.018+0000] {processor.py:208} INFO - Processing /home/airflow/.local/lib/python3.12/site-packages/airflow/example_dags/example_latest_only.py took 0.048 seconds
[2025-02-14T23:41:50.746+0000] {processor.py:186} INFO - Started process (PID=702) to work on /home/airflow/.local/lib/python3.12/site-packages/airflow/example_dags/example_latest_only.py
[2025-02-14T23:41:50.747+0000] {processor.py:914} INFO - Processing file /home/airflow/.local/lib/python3.12/site-packages/airflow/example_dags/example_latest_only.py for tasks to queue
[2025-02-14T23:41:50.748+0000] {logging_mixin.py:190} INFO - [2025-02-14T23:41:50.748+0000] {dagbag.py:588} INFO - Filling up the DagBag from /home/airflow/.local/lib/python3.12/site-packages/airflow/example_dags/example_latest_only.py
[2025-02-14T23:41:50.753+0000] {processor.py:925} INFO - DAG(s) 'latest_only' retrieved from /home/airflow/.local/lib/python3.12/site-packages/airflow/example_dags/example_latest_only.py
[2025-02-14T23:41:50.764+0000] {logging_mixin.py:190} INFO - [2025-02-14T23:41:50.764+0000] {dag.py:3239} INFO - Sync 1 DAGs
[2025-02-14T23:41:50.776+0000] {logging_mixin.py:190} INFO - [2025-02-14T23:41:50.776+0000] {dag.py:4180} INFO - Setting next_dagrun for latest_only to 2025-02-14 16:00:00+00:00, run_after=2025-02-14 20:00:00+00:00
[2025-02-14T23:41:50.785+0000] {processor.py:208} INFO - Processing /home/airflow/.local/lib/python3.12/site-packages/airflow/example_dags/example_latest_only.py took 0.043 seconds
[2025-02-14T23:42:20.995+0000] {processor.py:186} INFO - Started process (PID=765) to work on /home/airflow/.local/lib/python3.12/site-packages/airflow/example_dags/example_latest_only.py
[2025-02-14T23:42:20.998+0000] {processor.py:914} INFO - Processing file /home/airflow/.local/lib/python3.12/site-packages/airflow/example_dags/example_latest_only.py for tasks to queue
[2025-02-14T23:42:21.000+0000] {logging_mixin.py:190} INFO - [2025-02-14T23:42:20.999+0000] {dagbag.py:588} INFO - Filling up the DagBag from /home/airflow/.local/lib/python3.12/site-packages/airflow/example_dags/example_latest_only.py
[2025-02-14T23:42:21.005+0000] {processor.py:925} INFO - DAG(s) 'latest_only' retrieved from /home/airflow/.local/lib/python3.12/site-packages/airflow/example_dags/example_latest_only.py
[2025-02-14T23:42:21.018+0000] {logging_mixin.py:190} INFO - [2025-02-14T23:42:21.018+0000] {dag.py:3239} INFO - Sync 1 DAGs
[2025-02-14T23:42:21.036+0000] {logging_mixin.py:190} INFO - [2025-02-14T23:42:21.036+0000] {dag.py:4180} INFO - Setting next_dagrun for latest_only to 2025-02-14 16:00:00+00:00, run_after=2025-02-14 20:00:00+00:00
[2025-02-14T23:42:21.047+0000] {processor.py:208} INFO - Processing /home/airflow/.local/lib/python3.12/site-packages/airflow/example_dags/example_latest_only.py took 0.055 seconds
[2025-02-14T23:42:51.925+0000] {processor.py:186} INFO - Started process (PID=828) to work on /home/airflow/.local/lib/python3.12/site-packages/airflow/example_dags/example_latest_only.py
[2025-02-14T23:42:51.926+0000] {processor.py:914} INFO - Processing file /home/airflow/.local/lib/python3.12/site-packages/airflow/example_dags/example_latest_only.py for tasks to queue
[2025-02-14T23:42:51.927+0000] {logging_mixin.py:190} INFO - [2025-02-14T23:42:51.927+0000] {dagbag.py:588} INFO - Filling up the DagBag from /home/airflow/.local/lib/python3.12/site-packages/airflow/example_dags/example_latest_only.py
[2025-02-14T23:42:51.932+0000] {processor.py:925} INFO - DAG(s) 'latest_only' retrieved from /home/airflow/.local/lib/python3.12/site-packages/airflow/example_dags/example_latest_only.py
[2025-02-14T23:42:51.944+0000] {logging_mixin.py:190} INFO - [2025-02-14T23:42:51.943+0000] {dag.py:3239} INFO - Sync 1 DAGs
[2025-02-14T23:42:51.957+0000] {logging_mixin.py:190} INFO - [2025-02-14T23:42:51.956+0000] {dag.py:4180} INFO - Setting next_dagrun for latest_only to 2025-02-14 16:00:00+00:00, run_after=2025-02-14 20:00:00+00:00
[2025-02-14T23:42:51.965+0000] {processor.py:208} INFO - Processing /home/airflow/.local/lib/python3.12/site-packages/airflow/example_dags/example_latest_only.py took 0.044 seconds
[2025-02-14T23:43:22.673+0000] {processor.py:186} INFO - Started process (PID=891) to work on /home/airflow/.local/lib/python3.12/site-packages/airflow/example_dags/example_latest_only.py
[2025-02-14T23:43:22.678+0000] {processor.py:914} INFO - Processing file /home/airflow/.local/lib/python3.12/site-packages/airflow/example_dags/example_latest_only.py for tasks to queue
[2025-02-14T23:43:22.682+0000] {logging_mixin.py:190} INFO - [2025-02-14T23:43:22.681+0000] {dagbag.py:588} INFO - Filling up the DagBag from /home/airflow/.local/lib/python3.12/site-packages/airflow/example_dags/example_latest_only.py
[2025-02-14T23:43:22.693+0000] {processor.py:925} INFO - DAG(s) 'latest_only' retrieved from /home/airflow/.local/lib/python3.12/site-packages/airflow/example_dags/example_latest_only.py
[2025-02-14T23:43:22.721+0000] {logging_mixin.py:190} INFO - [2025-02-14T23:43:22.720+0000] {dag.py:3239} INFO - Sync 1 DAGs
[2025-02-14T23:43:22.753+0000] {logging_mixin.py:190} INFO - [2025-02-14T23:43:22.753+0000] {dag.py:4180} INFO - Setting next_dagrun for latest_only to 2025-02-14 16:00:00+00:00, run_after=2025-02-14 20:00:00+00:00
[2025-02-14T23:43:22.776+0000] {processor.py:208} INFO - Processing /home/airflow/.local/lib/python3.12/site-packages/airflow/example_dags/example_latest_only.py took 0.110 seconds
[2025-02-14T23:43:53.344+0000] {processor.py:186} INFO - Started process (PID=954) to work on /home/airflow/.local/lib/python3.12/site-packages/airflow/example_dags/example_latest_only.py
[2025-02-14T23:43:53.348+0000] {processor.py:914} INFO - Processing file /home/airflow/.local/lib/python3.12/site-packages/airflow/example_dags/example_latest_only.py for tasks to queue
[2025-02-14T23:43:53.350+0000] {logging_mixin.py:190} INFO - [2025-02-14T23:43:53.349+0000] {dagbag.py:588} INFO - Filling up the DagBag from /home/airflow/.local/lib/python3.12/site-packages/airflow/example_dags/example_latest_only.py
[2025-02-14T23:43:53.356+0000] {processor.py:925} INFO - DAG(s) 'latest_only' retrieved from /home/airflow/.local/lib/python3.12/site-packages/airflow/example_dags/example_latest_only.py
[2025-02-14T23:43:53.372+0000] {logging_mixin.py:190} INFO - [2025-02-14T23:43:53.372+0000] {dag.py:3239} INFO - Sync 1 DAGs
[2025-02-14T23:43:53.386+0000] {logging_mixin.py:190} INFO - [2025-02-14T23:43:53.386+0000] {dag.py:4180} INFO - Setting next_dagrun for latest_only to 2025-02-14 16:00:00+00:00, run_after=2025-02-14 20:00:00+00:00
[2025-02-14T23:43:53.395+0000] {processor.py:208} INFO - Processing /home/airflow/.local/lib/python3.12/site-packages/airflow/example_dags/example_latest_only.py took 0.056 seconds
[2025-02-14T23:44:24.038+0000] {processor.py:186} INFO - Started process (PID=1016) to work on /home/airflow/.local/lib/python3.12/site-packages/airflow/example_dags/example_latest_only.py
[2025-02-14T23:44:24.038+0000] {processor.py:914} INFO - Processing file /home/airflow/.local/lib/python3.12/site-packages/airflow/example_dags/example_latest_only.py for tasks to queue
[2025-02-14T23:44:24.040+0000] {logging_mixin.py:190} INFO - [2025-02-14T23:44:24.040+0000] {dagbag.py:588} INFO - Filling up the DagBag from /home/airflow/.local/lib/python3.12/site-packages/airflow/example_dags/example_latest_only.py
[2025-02-14T23:44:24.048+0000] {processor.py:925} INFO - DAG(s) 'latest_only' retrieved from /home/airflow/.local/lib/python3.12/site-packages/airflow/example_dags/example_latest_only.py
[2025-02-14T23:44:24.061+0000] {logging_mixin.py:190} INFO - [2025-02-14T23:44:24.061+0000] {dag.py:3239} INFO - Sync 1 DAGs
[2025-02-14T23:44:24.075+0000] {logging_mixin.py:190} INFO - [2025-02-14T23:44:24.075+0000] {dag.py:4180} INFO - Setting next_dagrun for latest_only to 2025-02-14 16:00:00+00:00, run_after=2025-02-14 20:00:00+00:00
[2025-02-14T23:44:24.083+0000] {processor.py:208} INFO - Processing /home/airflow/.local/lib/python3.12/site-packages/airflow/example_dags/example_latest_only.py took 0.050 seconds
[2025-02-14T23:44:54.998+0000] {processor.py:186} INFO - Started process (PID=1079) to work on /home/airflow/.local/lib/python3.12/site-packages/airflow/example_dags/example_latest_only.py
[2025-02-14T23:44:54.998+0000] {processor.py:914} INFO - Processing file /home/airflow/.local/lib/python3.12/site-packages/airflow/example_dags/example_latest_only.py for tasks to queue
[2025-02-14T23:44:55.000+0000] {logging_mixin.py:190} INFO - [2025-02-14T23:44:55.000+0000] {dagbag.py:588} INFO - Filling up the DagBag from /home/airflow/.local/lib/python3.12/site-packages/airflow/example_dags/example_latest_only.py
[2025-02-14T23:44:55.005+0000] {processor.py:925} INFO - DAG(s) 'latest_only' retrieved from /home/airflow/.local/lib/python3.12/site-packages/airflow/example_dags/example_latest_only.py
[2025-02-14T23:44:55.021+0000] {logging_mixin.py:190} INFO - [2025-02-14T23:44:55.021+0000] {dag.py:3239} INFO - Sync 1 DAGs
[2025-02-14T23:44:55.035+0000] {logging_mixin.py:190} INFO - [2025-02-14T23:44:55.035+0000] {dag.py:4180} INFO - Setting next_dagrun for latest_only to 2025-02-14 16:00:00+00:00, run_after=2025-02-14 20:00:00+00:00
[2025-02-14T23:44:55.044+0000] {processor.py:208} INFO - Processing /home/airflow/.local/lib/python3.12/site-packages/airflow/example_dags/example_latest_only.py took 0.051 seconds
[2025-02-14T23:45:25.137+0000] {processor.py:186} INFO - Started process (PID=1142) to work on /home/airflow/.local/lib/python3.12/site-packages/airflow/example_dags/example_latest_only.py
[2025-02-14T23:45:25.137+0000] {processor.py:914} INFO - Processing file /home/airflow/.local/lib/python3.12/site-packages/airflow/example_dags/example_latest_only.py for tasks to queue
[2025-02-14T23:45:25.139+0000] {logging_mixin.py:190} INFO - [2025-02-14T23:45:25.139+0000] {dagbag.py:588} INFO - Filling up the DagBag from /home/airflow/.local/lib/python3.12/site-packages/airflow/example_dags/example_latest_only.py
[2025-02-14T23:45:25.144+0000] {processor.py:925} INFO - DAG(s) 'latest_only' retrieved from /home/airflow/.local/lib/python3.12/site-packages/airflow/example_dags/example_latest_only.py
[2025-02-14T23:45:25.156+0000] {logging_mixin.py:190} INFO - [2025-02-14T23:45:25.156+0000] {dag.py:3239} INFO - Sync 1 DAGs
[2025-02-14T23:45:25.170+0000] {logging_mixin.py:190} INFO - [2025-02-14T23:45:25.170+0000] {dag.py:4180} INFO - Setting next_dagrun for latest_only to 2025-02-14 16:00:00+00:00, run_after=2025-02-14 20:00:00+00:00
[2025-02-14T23:45:25.180+0000] {processor.py:208} INFO - Processing /home/airflow/.local/lib/python3.12/site-packages/airflow/example_dags/example_latest_only.py took 0.048 seconds
[2025-02-14T23:45:55.457+0000] {processor.py:186} INFO - Started process (PID=1205) to work on /home/airflow/.local/lib/python3.12/site-packages/airflow/example_dags/example_latest_only.py
[2025-02-14T23:45:55.458+0000] {processor.py:914} INFO - Processing file /home/airflow/.local/lib/python3.12/site-packages/airflow/example_dags/example_latest_only.py for tasks to queue
[2025-02-14T23:45:55.463+0000] {logging_mixin.py:190} INFO - [2025-02-14T23:45:55.462+0000] {dagbag.py:588} INFO - Filling up the DagBag from /home/airflow/.local/lib/python3.12/site-packages/airflow/example_dags/example_latest_only.py
[2025-02-14T23:45:55.467+0000] {processor.py:925} INFO - DAG(s) 'latest_only' retrieved from /home/airflow/.local/lib/python3.12/site-packages/airflow/example_dags/example_latest_only.py
[2025-02-14T23:45:55.482+0000] {logging_mixin.py:190} INFO - [2025-02-14T23:45:55.482+0000] {dag.py:3239} INFO - Sync 1 DAGs
[2025-02-14T23:45:55.496+0000] {logging_mixin.py:190} INFO - [2025-02-14T23:45:55.496+0000] {dag.py:4180} INFO - Setting next_dagrun for latest_only to 2025-02-14 16:00:00+00:00, run_after=2025-02-14 20:00:00+00:00
[2025-02-14T23:45:55.505+0000] {processor.py:208} INFO - Processing /home/airflow/.local/lib/python3.12/site-packages/airflow/example_dags/example_latest_only.py took 0.051 seconds
[2025-02-14T23:46:25.674+0000] {processor.py:186} INFO - Started process (PID=1268) to work on /home/airflow/.local/lib/python3.12/site-packages/airflow/example_dags/example_latest_only.py
[2025-02-14T23:46:25.676+0000] {processor.py:914} INFO - Processing file /home/airflow/.local/lib/python3.12/site-packages/airflow/example_dags/example_latest_only.py for tasks to queue
[2025-02-14T23:46:25.680+0000] {logging_mixin.py:190} INFO - [2025-02-14T23:46:25.680+0000] {dagbag.py:588} INFO - Filling up the DagBag from /home/airflow/.local/lib/python3.12/site-packages/airflow/example_dags/example_latest_only.py
[2025-02-14T23:46:25.684+0000] {processor.py:925} INFO - DAG(s) 'latest_only' retrieved from /home/airflow/.local/lib/python3.12/site-packages/airflow/example_dags/example_latest_only.py
[2025-02-14T23:46:25.695+0000] {logging_mixin.py:190} INFO - [2025-02-14T23:46:25.695+0000] {dag.py:3239} INFO - Sync 1 DAGs
[2025-02-14T23:46:25.708+0000] {logging_mixin.py:190} INFO - [2025-02-14T23:46:25.708+0000] {dag.py:4180} INFO - Setting next_dagrun for latest_only to 2025-02-14 16:00:00+00:00, run_after=2025-02-14 20:00:00+00:00
[2025-02-14T23:46:25.716+0000] {processor.py:208} INFO - Processing /home/airflow/.local/lib/python3.12/site-packages/airflow/example_dags/example_latest_only.py took 0.046 seconds
[2025-02-14T23:46:56.217+0000] {processor.py:186} INFO - Started process (PID=1331) to work on /home/airflow/.local/lib/python3.12/site-packages/airflow/example_dags/example_latest_only.py
[2025-02-14T23:46:56.218+0000] {processor.py:914} INFO - Processing file /home/airflow/.local/lib/python3.12/site-packages/airflow/example_dags/example_latest_only.py for tasks to queue
[2025-02-14T23:46:56.219+0000] {logging_mixin.py:190} INFO - [2025-02-14T23:46:56.219+0000] {dagbag.py:588} INFO - Filling up the DagBag from /home/airflow/.local/lib/python3.12/site-packages/airflow/example_dags/example_latest_only.py
[2025-02-14T23:46:56.224+0000] {processor.py:925} INFO - DAG(s) 'latest_only' retrieved from /home/airflow/.local/lib/python3.12/site-packages/airflow/example_dags/example_latest_only.py
[2025-02-14T23:46:56.238+0000] {logging_mixin.py:190} INFO - [2025-02-14T23:46:56.238+0000] {dag.py:3239} INFO - Sync 1 DAGs
[2025-02-14T23:46:56.252+0000] {logging_mixin.py:190} INFO - [2025-02-14T23:46:56.252+0000] {dag.py:4180} INFO - Setting next_dagrun for latest_only to 2025-02-14 16:00:00+00:00, run_after=2025-02-14 20:00:00+00:00
[2025-02-14T23:46:56.260+0000] {processor.py:208} INFO - Processing /home/airflow/.local/lib/python3.12/site-packages/airflow/example_dags/example_latest_only.py took 0.047 seconds
[2025-02-14T23:47:26.669+0000] {processor.py:186} INFO - Started process (PID=1393) to work on /home/airflow/.local/lib/python3.12/site-packages/airflow/example_dags/example_latest_only.py
[2025-02-14T23:47:26.672+0000] {processor.py:914} INFO - Processing file /home/airflow/.local/lib/python3.12/site-packages/airflow/example_dags/example_latest_only.py for tasks to queue
[2025-02-14T23:47:26.674+0000] {logging_mixin.py:190} INFO - [2025-02-14T23:47:26.674+0000] {dagbag.py:588} INFO - Filling up the DagBag from /home/airflow/.local/lib/python3.12/site-packages/airflow/example_dags/example_latest_only.py
[2025-02-14T23:47:26.679+0000] {processor.py:925} INFO - DAG(s) 'latest_only' retrieved from /home/airflow/.local/lib/python3.12/site-packages/airflow/example_dags/example_latest_only.py
[2025-02-14T23:47:26.695+0000] {logging_mixin.py:190} INFO - [2025-02-14T23:47:26.695+0000] {dag.py:3239} INFO - Sync 1 DAGs
[2025-02-14T23:47:26.710+0000] {logging_mixin.py:190} INFO - [2025-02-14T23:47:26.710+0000] {dag.py:4180} INFO - Setting next_dagrun for latest_only to 2025-02-14 16:00:00+00:00, run_after=2025-02-14 20:00:00+00:00
[2025-02-14T23:47:26.723+0000] {processor.py:208} INFO - Processing /home/airflow/.local/lib/python3.12/site-packages/airflow/example_dags/example_latest_only.py took 0.058 seconds
[2025-02-14T23:47:57.302+0000] {processor.py:186} INFO - Started process (PID=1456) to work on /home/airflow/.local/lib/python3.12/site-packages/airflow/example_dags/example_latest_only.py
[2025-02-14T23:47:57.302+0000] {processor.py:914} INFO - Processing file /home/airflow/.local/lib/python3.12/site-packages/airflow/example_dags/example_latest_only.py for tasks to queue
[2025-02-14T23:47:57.305+0000] {logging_mixin.py:190} INFO - [2025-02-14T23:47:57.305+0000] {dagbag.py:588} INFO - Filling up the DagBag from /home/airflow/.local/lib/python3.12/site-packages/airflow/example_dags/example_latest_only.py
[2025-02-14T23:47:57.310+0000] {processor.py:925} INFO - DAG(s) 'latest_only' retrieved from /home/airflow/.local/lib/python3.12/site-packages/airflow/example_dags/example_latest_only.py
[2025-02-14T23:47:57.325+0000] {logging_mixin.py:190} INFO - [2025-02-14T23:47:57.325+0000] {dag.py:3239} INFO - Sync 1 DAGs
[2025-02-14T23:47:57.338+0000] {logging_mixin.py:190} INFO - [2025-02-14T23:47:57.337+0000] {dag.py:4180} INFO - Setting next_dagrun for latest_only to 2025-02-14 16:00:00+00:00, run_after=2025-02-14 20:00:00+00:00
[2025-02-14T23:47:57.348+0000] {processor.py:208} INFO - Processing /home/airflow/.local/lib/python3.12/site-packages/airflow/example_dags/example_latest_only.py took 0.050 seconds
[2025-02-14T23:48:27.591+0000] {processor.py:186} INFO - Started process (PID=1519) to work on /home/airflow/.local/lib/python3.12/site-packages/airflow/example_dags/example_latest_only.py
[2025-02-14T23:48:27.592+0000] {processor.py:914} INFO - Processing file /home/airflow/.local/lib/python3.12/site-packages/airflow/example_dags/example_latest_only.py for tasks to queue
[2025-02-14T23:48:27.593+0000] {logging_mixin.py:190} INFO - [2025-02-14T23:48:27.593+0000] {dagbag.py:588} INFO - Filling up the DagBag from /home/airflow/.local/lib/python3.12/site-packages/airflow/example_dags/example_latest_only.py
[2025-02-14T23:48:27.598+0000] {processor.py:925} INFO - DAG(s) 'latest_only' retrieved from /home/airflow/.local/lib/python3.12/site-packages/airflow/example_dags/example_latest_only.py
[2025-02-14T23:48:27.614+0000] {logging_mixin.py:190} INFO - [2025-02-14T23:48:27.614+0000] {dag.py:3239} INFO - Sync 1 DAGs
[2025-02-14T23:48:27.626+0000] {logging_mixin.py:190} INFO - [2025-02-14T23:48:27.626+0000] {dag.py:4180} INFO - Setting next_dagrun for latest_only to 2025-02-14 16:00:00+00:00, run_after=2025-02-14 20:00:00+00:00
[2025-02-14T23:48:27.638+0000] {processor.py:208} INFO - Processing /home/airflow/.local/lib/python3.12/site-packages/airflow/example_dags/example_latest_only.py took 0.051 seconds
[2025-02-14T23:48:57.862+0000] {processor.py:186} INFO - Started process (PID=1582) to work on /home/airflow/.local/lib/python3.12/site-packages/airflow/example_dags/example_latest_only.py
[2025-02-14T23:48:57.863+0000] {processor.py:914} INFO - Processing file /home/airflow/.local/lib/python3.12/site-packages/airflow/example_dags/example_latest_only.py for tasks to queue
[2025-02-14T23:48:57.865+0000] {logging_mixin.py:190} INFO - [2025-02-14T23:48:57.865+0000] {dagbag.py:588} INFO - Filling up the DagBag from /home/airflow/.local/lib/python3.12/site-packages/airflow/example_dags/example_latest_only.py
[2025-02-14T23:48:57.870+0000] {processor.py:925} INFO - DAG(s) 'latest_only' retrieved from /home/airflow/.local/lib/python3.12/site-packages/airflow/example_dags/example_latest_only.py
[2025-02-14T23:48:57.884+0000] {logging_mixin.py:190} INFO - [2025-02-14T23:48:57.884+0000] {dag.py:3239} INFO - Sync 1 DAGs
[2025-02-14T23:48:57.903+0000] {logging_mixin.py:190} INFO - [2025-02-14T23:48:57.903+0000] {dag.py:4180} INFO - Setting next_dagrun for latest_only to 2025-02-14 16:00:00+00:00, run_after=2025-02-14 20:00:00+00:00
[2025-02-14T23:48:57.917+0000] {processor.py:208} INFO - Processing /home/airflow/.local/lib/python3.12/site-packages/airflow/example_dags/example_latest_only.py took 0.059 seconds
[2025-02-14T23:49:28.182+0000] {processor.py:186} INFO - Started process (PID=1645) to work on /home/airflow/.local/lib/python3.12/site-packages/airflow/example_dags/example_latest_only.py
[2025-02-14T23:49:28.185+0000] {processor.py:914} INFO - Processing file /home/airflow/.local/lib/python3.12/site-packages/airflow/example_dags/example_latest_only.py for tasks to queue
[2025-02-14T23:49:28.187+0000] {logging_mixin.py:190} INFO - [2025-02-14T23:49:28.186+0000] {dagbag.py:588} INFO - Filling up the DagBag from /home/airflow/.local/lib/python3.12/site-packages/airflow/example_dags/example_latest_only.py
[2025-02-14T23:49:28.191+0000] {processor.py:925} INFO - DAG(s) 'latest_only' retrieved from /home/airflow/.local/lib/python3.12/site-packages/airflow/example_dags/example_latest_only.py
[2025-02-14T23:49:28.206+0000] {logging_mixin.py:190} INFO - [2025-02-14T23:49:28.205+0000] {dag.py:3239} INFO - Sync 1 DAGs
[2025-02-14T23:49:28.219+0000] {logging_mixin.py:190} INFO - [2025-02-14T23:49:28.219+0000] {dag.py:4180} INFO - Setting next_dagrun for latest_only to 2025-02-14 16:00:00+00:00, run_after=2025-02-14 20:00:00+00:00
[2025-02-14T23:49:28.228+0000] {processor.py:208} INFO - Processing /home/airflow/.local/lib/python3.12/site-packages/airflow/example_dags/example_latest_only.py took 0.050 seconds
[2025-02-14T23:49:58.537+0000] {processor.py:186} INFO - Started process (PID=1708) to work on /home/airflow/.local/lib/python3.12/site-packages/airflow/example_dags/example_latest_only.py
[2025-02-14T23:49:58.540+0000] {processor.py:914} INFO - Processing file /home/airflow/.local/lib/python3.12/site-packages/airflow/example_dags/example_latest_only.py for tasks to queue
[2025-02-14T23:49:58.541+0000] {logging_mixin.py:190} INFO - [2025-02-14T23:49:58.541+0000] {dagbag.py:588} INFO - Filling up the DagBag from /home/airflow/.local/lib/python3.12/site-packages/airflow/example_dags/example_latest_only.py
[2025-02-14T23:49:58.545+0000] {processor.py:925} INFO - DAG(s) 'latest_only' retrieved from /home/airflow/.local/lib/python3.12/site-packages/airflow/example_dags/example_latest_only.py
[2025-02-14T23:49:58.556+0000] {logging_mixin.py:190} INFO - [2025-02-14T23:49:58.556+0000] {dag.py:3239} INFO - Sync 1 DAGs
[2025-02-14T23:49:58.569+0000] {logging_mixin.py:190} INFO - [2025-02-14T23:49:58.568+0000] {dag.py:4180} INFO - Setting next_dagrun for latest_only to 2025-02-14 16:00:00+00:00, run_after=2025-02-14 20:00:00+00:00
[2025-02-14T23:49:58.579+0000] {processor.py:208} INFO - Processing /home/airflow/.local/lib/python3.12/site-packages/airflow/example_dags/example_latest_only.py took 0.046 seconds
[2025-02-14T23:50:29.387+0000] {processor.py:186} INFO - Started process (PID=1771) to work on /home/airflow/.local/lib/python3.12/site-packages/airflow/example_dags/example_latest_only.py
[2025-02-14T23:50:29.388+0000] {processor.py:914} INFO - Processing file /home/airflow/.local/lib/python3.12/site-packages/airflow/example_dags/example_latest_only.py for tasks to queue
[2025-02-14T23:50:29.389+0000] {logging_mixin.py:190} INFO - [2025-02-14T23:50:29.389+0000] {dagbag.py:588} INFO - Filling up the DagBag from /home/airflow/.local/lib/python3.12/site-packages/airflow/example_dags/example_latest_only.py
[2025-02-14T23:50:29.393+0000] {processor.py:925} INFO - DAG(s) 'latest_only' retrieved from /home/airflow/.local/lib/python3.12/site-packages/airflow/example_dags/example_latest_only.py
[2025-02-14T23:50:29.408+0000] {logging_mixin.py:190} INFO - [2025-02-14T23:50:29.408+0000] {dag.py:3239} INFO - Sync 1 DAGs
[2025-02-14T23:50:29.424+0000] {logging_mixin.py:190} INFO - [2025-02-14T23:50:29.423+0000] {dag.py:4180} INFO - Setting next_dagrun for latest_only to 2025-02-14 16:00:00+00:00, run_after=2025-02-14 20:00:00+00:00
[2025-02-14T23:50:29.439+0000] {processor.py:208} INFO - Processing /home/airflow/.local/lib/python3.12/site-packages/airflow/example_dags/example_latest_only.py took 0.056 seconds
[2025-02-14T23:50:59.935+0000] {processor.py:186} INFO - Started process (PID=1834) to work on /home/airflow/.local/lib/python3.12/site-packages/airflow/example_dags/example_latest_only.py
[2025-02-14T23:50:59.936+0000] {processor.py:914} INFO - Processing file /home/airflow/.local/lib/python3.12/site-packages/airflow/example_dags/example_latest_only.py for tasks to queue
[2025-02-14T23:50:59.938+0000] {logging_mixin.py:190} INFO - [2025-02-14T23:50:59.938+0000] {dagbag.py:588} INFO - Filling up the DagBag from /home/airflow/.local/lib/python3.12/site-packages/airflow/example_dags/example_latest_only.py
[2025-02-14T23:50:59.943+0000] {processor.py:925} INFO - DAG(s) 'latest_only' retrieved from /home/airflow/.local/lib/python3.12/site-packages/airflow/example_dags/example_latest_only.py
[2025-02-14T23:50:59.961+0000] {logging_mixin.py:190} INFO - [2025-02-14T23:50:59.961+0000] {dag.py:3239} INFO - Sync 1 DAGs
[2025-02-14T23:50:59.978+0000] {logging_mixin.py:190} INFO - [2025-02-14T23:50:59.978+0000] {dag.py:4180} INFO - Setting next_dagrun for latest_only to 2025-02-14 16:00:00+00:00, run_after=2025-02-14 20:00:00+00:00
[2025-02-14T23:50:59.988+0000] {processor.py:208} INFO - Processing /home/airflow/.local/lib/python3.12/site-packages/airflow/example_dags/example_latest_only.py took 0.057 seconds
[2025-02-14T23:51:30.256+0000] {processor.py:186} INFO - Started process (PID=1897) to work on /home/airflow/.local/lib/python3.12/site-packages/airflow/example_dags/example_latest_only.py
[2025-02-14T23:51:30.257+0000] {processor.py:914} INFO - Processing file /home/airflow/.local/lib/python3.12/site-packages/airflow/example_dags/example_latest_only.py for tasks to queue
[2025-02-14T23:51:30.260+0000] {logging_mixin.py:190} INFO - [2025-02-14T23:51:30.259+0000] {dagbag.py:588} INFO - Filling up the DagBag from /home/airflow/.local/lib/python3.12/site-packages/airflow/example_dags/example_latest_only.py
[2025-02-14T23:51:30.265+0000] {processor.py:925} INFO - DAG(s) 'latest_only' retrieved from /home/airflow/.local/lib/python3.12/site-packages/airflow/example_dags/example_latest_only.py
[2025-02-14T23:51:30.277+0000] {logging_mixin.py:190} INFO - [2025-02-14T23:51:30.277+0000] {dag.py:3239} INFO - Sync 1 DAGs
[2025-02-14T23:51:30.292+0000] {logging_mixin.py:190} INFO - [2025-02-14T23:51:30.292+0000] {dag.py:4180} INFO - Setting next_dagrun for latest_only to 2025-02-14 16:00:00+00:00, run_after=2025-02-14 20:00:00+00:00
[2025-02-14T23:51:30.302+0000] {processor.py:208} INFO - Processing /home/airflow/.local/lib/python3.12/site-packages/airflow/example_dags/example_latest_only.py took 0.049 seconds
[2025-02-14T23:52:00.541+0000] {processor.py:186} INFO - Started process (PID=1960) to work on /home/airflow/.local/lib/python3.12/site-packages/airflow/example_dags/example_latest_only.py
[2025-02-14T23:52:00.542+0000] {processor.py:914} INFO - Processing file /home/airflow/.local/lib/python3.12/site-packages/airflow/example_dags/example_latest_only.py for tasks to queue
[2025-02-14T23:52:00.544+0000] {logging_mixin.py:190} INFO - [2025-02-14T23:52:00.543+0000] {dagbag.py:588} INFO - Filling up the DagBag from /home/airflow/.local/lib/python3.12/site-packages/airflow/example_dags/example_latest_only.py
[2025-02-14T23:52:00.549+0000] {processor.py:925} INFO - DAG(s) 'latest_only' retrieved from /home/airflow/.local/lib/python3.12/site-packages/airflow/example_dags/example_latest_only.py
[2025-02-14T23:52:00.561+0000] {logging_mixin.py:190} INFO - [2025-02-14T23:52:00.561+0000] {dag.py:3239} INFO - Sync 1 DAGs
[2025-02-14T23:52:00.578+0000] {logging_mixin.py:190} INFO - [2025-02-14T23:52:00.578+0000] {dag.py:4180} INFO - Setting next_dagrun for latest_only to 2025-02-14 16:00:00+00:00, run_after=2025-02-14 20:00:00+00:00
[2025-02-14T23:52:00.592+0000] {processor.py:208} INFO - Processing /home/airflow/.local/lib/python3.12/site-packages/airflow/example_dags/example_latest_only.py took 0.054 seconds
[2025-02-14T23:52:31.436+0000] {processor.py:186} INFO - Started process (PID=2023) to work on /home/airflow/.local/lib/python3.12/site-packages/airflow/example_dags/example_latest_only.py
[2025-02-14T23:52:31.436+0000] {processor.py:914} INFO - Processing file /home/airflow/.local/lib/python3.12/site-packages/airflow/example_dags/example_latest_only.py for tasks to queue
[2025-02-14T23:52:31.438+0000] {logging_mixin.py:190} INFO - [2025-02-14T23:52:31.438+0000] {dagbag.py:588} INFO - Filling up the DagBag from /home/airflow/.local/lib/python3.12/site-packages/airflow/example_dags/example_latest_only.py
[2025-02-14T23:52:31.443+0000] {processor.py:925} INFO - DAG(s) 'latest_only' retrieved from /home/airflow/.local/lib/python3.12/site-packages/airflow/example_dags/example_latest_only.py
[2025-02-14T23:52:31.456+0000] {logging_mixin.py:190} INFO - [2025-02-14T23:52:31.456+0000] {dag.py:3239} INFO - Sync 1 DAGs
[2025-02-14T23:52:31.471+0000] {logging_mixin.py:190} INFO - [2025-02-14T23:52:31.471+0000] {dag.py:4180} INFO - Setting next_dagrun for latest_only to 2025-02-14 16:00:00+00:00, run_after=2025-02-14 20:00:00+00:00
[2025-02-14T23:52:31.483+0000] {processor.py:208} INFO - Processing /home/airflow/.local/lib/python3.12/site-packages/airflow/example_dags/example_latest_only.py took 0.051 seconds
[2025-02-14T23:53:01.612+0000] {processor.py:186} INFO - Started process (PID=2086) to work on /home/airflow/.local/lib/python3.12/site-packages/airflow/example_dags/example_latest_only.py
[2025-02-14T23:53:01.613+0000] {processor.py:914} INFO - Processing file /home/airflow/.local/lib/python3.12/site-packages/airflow/example_dags/example_latest_only.py for tasks to queue
[2025-02-14T23:53:01.614+0000] {logging_mixin.py:190} INFO - [2025-02-14T23:53:01.614+0000] {dagbag.py:588} INFO - Filling up the DagBag from /home/airflow/.local/lib/python3.12/site-packages/airflow/example_dags/example_latest_only.py
[2025-02-14T23:53:01.619+0000] {processor.py:925} INFO - DAG(s) 'latest_only' retrieved from /home/airflow/.local/lib/python3.12/site-packages/airflow/example_dags/example_latest_only.py
[2025-02-14T23:53:01.630+0000] {logging_mixin.py:190} INFO - [2025-02-14T23:53:01.630+0000] {dag.py:3239} INFO - Sync 1 DAGs
[2025-02-14T23:53:01.643+0000] {logging_mixin.py:190} INFO - [2025-02-14T23:53:01.643+0000] {dag.py:4180} INFO - Setting next_dagrun for latest_only to 2025-02-14 16:00:00+00:00, run_after=2025-02-14 20:00:00+00:00
[2025-02-14T23:53:01.651+0000] {processor.py:208} INFO - Processing /home/airflow/.local/lib/python3.12/site-packages/airflow/example_dags/example_latest_only.py took 0.043 seconds
[2025-02-14T23:53:32.024+0000] {processor.py:186} INFO - Started process (PID=2149) to work on /home/airflow/.local/lib/python3.12/site-packages/airflow/example_dags/example_latest_only.py
[2025-02-14T23:53:32.024+0000] {processor.py:914} INFO - Processing file /home/airflow/.local/lib/python3.12/site-packages/airflow/example_dags/example_latest_only.py for tasks to queue
[2025-02-14T23:53:32.026+0000] {logging_mixin.py:190} INFO - [2025-02-14T23:53:32.025+0000] {dagbag.py:588} INFO - Filling up the DagBag from /home/airflow/.local/lib/python3.12/site-packages/airflow/example_dags/example_latest_only.py
[2025-02-14T23:53:32.030+0000] {processor.py:925} INFO - DAG(s) 'latest_only' retrieved from /home/airflow/.local/lib/python3.12/site-packages/airflow/example_dags/example_latest_only.py
[2025-02-14T23:53:32.042+0000] {logging_mixin.py:190} INFO - [2025-02-14T23:53:32.042+0000] {dag.py:3239} INFO - Sync 1 DAGs
[2025-02-14T23:53:32.055+0000] {logging_mixin.py:190} INFO - [2025-02-14T23:53:32.055+0000] {dag.py:4180} INFO - Setting next_dagrun for latest_only to 2025-02-14 16:00:00+00:00, run_after=2025-02-14 20:00:00+00:00
[2025-02-14T23:53:32.064+0000] {processor.py:208} INFO - Processing /home/airflow/.local/lib/python3.12/site-packages/airflow/example_dags/example_latest_only.py took 0.045 seconds
[2025-02-14T23:54:02.728+0000] {processor.py:186} INFO - Started process (PID=2212) to work on /home/airflow/.local/lib/python3.12/site-packages/airflow/example_dags/example_latest_only.py
[2025-02-14T23:54:02.731+0000] {processor.py:914} INFO - Processing file /home/airflow/.local/lib/python3.12/site-packages/airflow/example_dags/example_latest_only.py for tasks to queue
[2025-02-14T23:54:02.733+0000] {logging_mixin.py:190} INFO - [2025-02-14T23:54:02.733+0000] {dagbag.py:588} INFO - Filling up the DagBag from /home/airflow/.local/lib/python3.12/site-packages/airflow/example_dags/example_latest_only.py
[2025-02-14T23:54:02.739+0000] {processor.py:925} INFO - DAG(s) 'latest_only' retrieved from /home/airflow/.local/lib/python3.12/site-packages/airflow/example_dags/example_latest_only.py
[2025-02-14T23:54:02.751+0000] {logging_mixin.py:190} INFO - [2025-02-14T23:54:02.751+0000] {dag.py:3239} INFO - Sync 1 DAGs
[2025-02-14T23:54:02.764+0000] {logging_mixin.py:190} INFO - [2025-02-14T23:54:02.764+0000] {dag.py:4180} INFO - Setting next_dagrun for latest_only to 2025-02-14 16:00:00+00:00, run_after=2025-02-14 20:00:00+00:00
[2025-02-14T23:54:02.773+0000] {processor.py:208} INFO - Processing /home/airflow/.local/lib/python3.12/site-packages/airflow/example_dags/example_latest_only.py took 0.050 seconds
[2025-02-14T23:54:32.843+0000] {processor.py:186} INFO - Started process (PID=2275) to work on /home/airflow/.local/lib/python3.12/site-packages/airflow/example_dags/example_latest_only.py
[2025-02-14T23:54:32.843+0000] {processor.py:914} INFO - Processing file /home/airflow/.local/lib/python3.12/site-packages/airflow/example_dags/example_latest_only.py for tasks to queue
[2025-02-14T23:54:32.845+0000] {logging_mixin.py:190} INFO - [2025-02-14T23:54:32.844+0000] {dagbag.py:588} INFO - Filling up the DagBag from /home/airflow/.local/lib/python3.12/site-packages/airflow/example_dags/example_latest_only.py
[2025-02-14T23:54:32.849+0000] {processor.py:925} INFO - DAG(s) 'latest_only' retrieved from /home/airflow/.local/lib/python3.12/site-packages/airflow/example_dags/example_latest_only.py
[2025-02-14T23:54:32.861+0000] {logging_mixin.py:190} INFO - [2025-02-14T23:54:32.861+0000] {dag.py:3239} INFO - Sync 1 DAGs
[2025-02-14T23:54:32.876+0000] {logging_mixin.py:190} INFO - [2025-02-14T23:54:32.875+0000] {dag.py:4180} INFO - Setting next_dagrun for latest_only to 2025-02-14 16:00:00+00:00, run_after=2025-02-14 20:00:00+00:00
[2025-02-14T23:54:32.886+0000] {processor.py:208} INFO - Processing /home/airflow/.local/lib/python3.12/site-packages/airflow/example_dags/example_latest_only.py took 0.047 seconds
[2025-02-14T23:55:03.182+0000] {processor.py:186} INFO - Started process (PID=2338) to work on /home/airflow/.local/lib/python3.12/site-packages/airflow/example_dags/example_latest_only.py
[2025-02-14T23:55:03.182+0000] {processor.py:914} INFO - Processing file /home/airflow/.local/lib/python3.12/site-packages/airflow/example_dags/example_latest_only.py for tasks to queue
[2025-02-14T23:55:03.184+0000] {logging_mixin.py:190} INFO - [2025-02-14T23:55:03.184+0000] {dagbag.py:588} INFO - Filling up the DagBag from /home/airflow/.local/lib/python3.12/site-packages/airflow/example_dags/example_latest_only.py
[2025-02-14T23:55:03.189+0000] {processor.py:925} INFO - DAG(s) 'latest_only' retrieved from /home/airflow/.local/lib/python3.12/site-packages/airflow/example_dags/example_latest_only.py
[2025-02-14T23:55:03.204+0000] {logging_mixin.py:190} INFO - [2025-02-14T23:55:03.204+0000] {dag.py:3239} INFO - Sync 1 DAGs
[2025-02-14T23:55:03.222+0000] {logging_mixin.py:190} INFO - [2025-02-14T23:55:03.222+0000] {dag.py:4180} INFO - Setting next_dagrun for latest_only to 2025-02-14 16:00:00+00:00, run_after=2025-02-14 20:00:00+00:00
[2025-02-14T23:55:03.235+0000] {processor.py:208} INFO - Processing /home/airflow/.local/lib/python3.12/site-packages/airflow/example_dags/example_latest_only.py took 0.057 seconds
